<?xml version="1.0" encoding="utf-8"?>
<TestRun id="aecc999d-d211-4cf0-9509-e0d744f09053" name="ViDao@DESKTOP-FSB0OBD 2024-06-21 13:50:42" runUser="DESKTOP-FSB0OBD\ViDao" xmlns="http://microsoft.com/schemas/VisualStudio/TeamTest/2010">
  <Times creation="2024-06-21T13:50:42.2663183+07:00" queuing="2024-06-21T13:50:42.2663187+07:00" start="2024-06-21T13:50:41.0484161+07:00" finish="2024-06-21T13:50:42.5571970+07:00" />
  <TestSettings name="default" id="a1172637-b2e9-4b12-a018-e62f084fe915">
    <Deployment runDeploymentRoot="ViDao_DESKTOP-FSB0OBD_2024-06-21_13_50_42" />
  </TestSettings>
  <Results>
    <UnitTestResult executionId="bbf60c20-b18b-4f77-9e72-56f2fe1b59b1" testId="598acd0e-fd59-92c9-717e-1755905f768e" testName="UnitTest.RecordUnitTest.AddReport_Success" computerName="DESKTOP-FSB0OBD" duration="00:00:00.0018514" startTime="2024-06-21T13:50:42.2284410+07:00" endTime="2024-06-21T13:50:42.2284411+07:00" testType="13cdc9d9-ddb5-4fa4-a97d-d965ccfc6d4b" outcome="Passed" testListId="8c84fa94-04c1-424b-9868-57a2d4851a1d" relativeResultsDirectory="bbf60c20-b18b-4f77-9e72-56f2fe1b59b1" />
    <UnitTestResult executionId="90196353-a38a-4aee-8d48-97bf270b3464" testId="696dd1cf-9993-aeb3-86b7-d34305da9ec7" testName="UnitTest.RecordUnitTest.AddReport_Failure" computerName="DESKTOP-FSB0OBD" duration="00:00:00.0029892" startTime="2024-06-21T13:50:42.2281091+07:00" endTime="2024-06-21T13:50:42.2281092+07:00" testType="13cdc9d9-ddb5-4fa4-a97d-d965ccfc6d4b" outcome="Passed" testListId="8c84fa94-04c1-424b-9868-57a2d4851a1d" relativeResultsDirectory="90196353-a38a-4aee-8d48-97bf270b3464" />
    <UnitTestResult executionId="ad15f7f2-aa4f-4828-8e3b-7c488632df01" testId="0c4feb14-c872-49c5-6c0e-e75bdd68c694" testName="UnitTest.QuestionUnitTest.GetAllQuestionByProfessor_Success" computerName="DESKTOP-FSB0OBD" duration="00:00:00.0022526" startTime="2024-06-21T13:50:42.2262468+07:00" endTime="2024-06-21T13:50:42.2262469+07:00" testType="13cdc9d9-ddb5-4fa4-a97d-d965ccfc6d4b" outcome="Passed" testListId="8c84fa94-04c1-424b-9868-57a2d4851a1d" relativeResultsDirectory="ad15f7f2-aa4f-4828-8e3b-7c488632df01" />
    <UnitTestResult executionId="cfa04e6c-43c2-4ffa-9553-b4fa53964125" testId="5d8d5e52-822e-9f81-9224-fee3d1b172d8" testName="UnitTest.LessonUnitTest.GetAll_Lessons_Success" computerName="DESKTOP-FSB0OBD" duration="00:00:00.2436821" startTime="2024-06-21T13:50:42.4387085+07:00" endTime="2024-06-21T13:50:42.4387088+07:00" testType="13cdc9d9-ddb5-4fa4-a97d-d965ccfc6d4b" outcome="Passed" testListId="8c84fa94-04c1-424b-9868-57a2d4851a1d" relativeResultsDirectory="cfa04e6c-43c2-4ffa-9553-b4fa53964125" />
    <UnitTestResult executionId="c1d3a6e2-3a5c-4871-a711-ab7b9ece3cd9" testId="4b1c78f2-d537-cfcc-2f00-046023f2c8e8" testName="UnitTest.TestQuestionUnitUnitTest.GetTestQuestionUnitById_ReturnsNotFound_WhenUnitNotFound" computerName="DESKTOP-FSB0OBD" duration="00:00:00.0019205" startTime="2024-06-21T13:50:42.2249840+07:00" endTime="2024-06-21T13:50:42.2249841+07:00" testType="13cdc9d9-ddb5-4fa4-a97d-d965ccfc6d4b" outcome="Passed" testListId="8c84fa94-04c1-424b-9868-57a2d4851a1d" relativeResultsDirectory="c1d3a6e2-3a5c-4871-a711-ab7b9ece3cd9" />
    <UnitTestResult executionId="d2c8c641-4659-46a5-b7a9-30a9c76f4ab8" testId="3803fbce-c684-1cb7-127b-185f2799d806" testName="UnitTest.LessonUnitTest.GetByCourse_Lesson_NotFound" computerName="DESKTOP-FSB0OBD" duration="00:00:00.0046622" startTime="2024-06-21T13:50:42.4730112+07:00" endTime="2024-06-21T13:50:42.4730115+07:00" testType="13cdc9d9-ddb5-4fa4-a97d-d965ccfc6d4b" outcome="Passed" testListId="8c84fa94-04c1-424b-9868-57a2d4851a1d" relativeResultsDirectory="d2c8c641-4659-46a5-b7a9-30a9c76f4ab8" />
    <UnitTestResult executionId="fdfe7229-d13e-4e14-86be-754acd48f453" testId="2a56740d-a5e8-c3d2-0689-21179d437ea6" testName="UnitTest.TestQuestionUnitUnitTest.AddTestQuestionUnit_ReturnsInternalServerError_WhenAddFails" computerName="DESKTOP-FSB0OBD" duration="00:00:00.1204772" startTime="2024-06-21T13:50:42.1661883+07:00" endTime="2024-06-21T13:50:42.1661883+07:00" testType="13cdc9d9-ddb5-4fa4-a97d-d965ccfc6d4b" outcome="Passed" testListId="8c84fa94-04c1-424b-9868-57a2d4851a1d" relativeResultsDirectory="fdfe7229-d13e-4e14-86be-754acd48f453" />
    <UnitTestResult executionId="51b3c873-7c53-4e35-835f-dc1db99b554b" testId="cacaf7dc-6e3e-9138-39d3-a52e0ca73746" testName="UnitTest.TestUnitTest.GetAllTests_ReturnsNotFound" computerName="DESKTOP-FSB0OBD" duration="00:00:00.0011616" startTime="2024-06-21T13:50:42.2270779+07:00" endTime="2024-06-21T13:50:42.2270779+07:00" testType="13cdc9d9-ddb5-4fa4-a97d-d965ccfc6d4b" outcome="Passed" testListId="8c84fa94-04c1-424b-9868-57a2d4851a1d" relativeResultsDirectory="51b3c873-7c53-4e35-835f-dc1db99b554b" />
    <UnitTestResult executionId="e89a445a-90ab-4880-8407-2c16cdd559cb" testId="c4b0a66a-9550-6a6d-b7db-54b55c253494" testName="UnitTest.CourseUnitTest.Add_Courses_Success" computerName="DESKTOP-FSB0OBD" duration="00:00:00.0034224" startTime="2024-06-21T13:50:42.2231056+07:00" endTime="2024-06-21T13:50:42.2231056+07:00" testType="13cdc9d9-ddb5-4fa4-a97d-d965ccfc6d4b" outcome="Passed" testListId="8c84fa94-04c1-424b-9868-57a2d4851a1d" relativeResultsDirectory="e89a445a-90ab-4880-8407-2c16cdd559cb" />
    <UnitTestResult executionId="a113327d-269a-4e8c-9a6b-0a02b45e609a" testId="e9cc7271-1312-f6e3-dd59-d9974801435c" testName="UnitTest.QuizUnitTest.AddQuiz_Success" computerName="DESKTOP-FSB0OBD" duration="00:00:00.1203161" startTime="2024-06-21T13:50:42.1662280+07:00" endTime="2024-06-21T13:50:42.1662281+07:00" testType="13cdc9d9-ddb5-4fa4-a97d-d965ccfc6d4b" outcome="Passed" testListId="8c84fa94-04c1-424b-9868-57a2d4851a1d" relativeResultsDirectory="a113327d-269a-4e8c-9a6b-0a02b45e609a" />
    <UnitTestResult executionId="5efab830-678c-422f-8a33-1d653331df4c" testId="0c8d7cf3-df8c-0cf2-983f-8bd75be01d18" testName="UnitTest.LessonUnitTest.Delete_Lesson_Success" computerName="DESKTOP-FSB0OBD" duration="00:00:00.0026684" startTime="2024-06-21T13:50:42.4758238+07:00" endTime="2024-06-21T13:50:42.4758242+07:00" testType="13cdc9d9-ddb5-4fa4-a97d-d965ccfc6d4b" outcome="Passed" testListId="8c84fa94-04c1-424b-9868-57a2d4851a1d" relativeResultsDirectory="5efab830-678c-422f-8a33-1d653331df4c" />
    <UnitTestResult executionId="6aed3cdd-e2d8-4ac7-b3ba-f730865e21ae" testId="8ea2eb8e-88a4-12b3-72f2-59ffe28fdafc" testName="UnitTest.QuizUnitTest.GetQuizById_Success" computerName="DESKTOP-FSB0OBD" duration="00:00:00.0022321" startTime="2024-06-21T13:50:42.2265039+07:00" endTime="2024-06-21T13:50:42.2265040+07:00" testType="13cdc9d9-ddb5-4fa4-a97d-d965ccfc6d4b" outcome="Passed" testListId="8c84fa94-04c1-424b-9868-57a2d4851a1d" relativeResultsDirectory="6aed3cdd-e2d8-4ac7-b3ba-f730865e21ae" />
    <UnitTestResult executionId="1a41ef4c-1cab-4483-a671-920f1c7fdc6b" testId="3aa4c10e-6ed3-e6bf-7617-897db35487f7" testName="UnitTest.RecordUnitTest.GetAllFalseReports_Success" computerName="DESKTOP-FSB0OBD" duration="00:00:00.0182327" startTime="2024-06-21T13:50:42.2266302+07:00" endTime="2024-06-21T13:50:42.2266303+07:00" testType="13cdc9d9-ddb5-4fa4-a97d-d965ccfc6d4b" outcome="Passed" testListId="8c84fa94-04c1-424b-9868-57a2d4851a1d" relativeResultsDirectory="1a41ef4c-1cab-4483-a671-920f1c7fdc6b" />
    <UnitTestResult executionId="b1fba438-6fdc-4c77-a666-f52db57ca0e8" testId="8a4150ce-a4b9-871d-127b-28170e7f612e" testName="UnitTest.QuizUnitTest.GetAllQuizzes_NotFound" computerName="DESKTOP-FSB0OBD" duration="00:00:00.0012090" startTime="2024-06-21T13:50:42.2269692+07:00" endTime="2024-06-21T13:50:42.2269692+07:00" testType="13cdc9d9-ddb5-4fa4-a97d-d965ccfc6d4b" outcome="Passed" testListId="8c84fa94-04c1-424b-9868-57a2d4851a1d" relativeResultsDirectory="b1fba438-6fdc-4c77-a666-f52db57ca0e8" />
    <UnitTestResult executionId="165f3bdf-77de-4370-82c3-672e096979f8" testId="b6111566-d7ba-0dbd-70e2-629ef9ddb6c6" testName="UnitTest.LessonUnitTest.Add_Lesson_Success" computerName="DESKTOP-FSB0OBD" duration="00:00:00.0043876" startTime="2024-06-21T13:50:42.4562922+07:00" endTime="2024-06-21T13:50:42.4562927+07:00" testType="13cdc9d9-ddb5-4fa4-a97d-d965ccfc6d4b" outcome="Passed" testListId="8c84fa94-04c1-424b-9868-57a2d4851a1d" relativeResultsDirectory="165f3bdf-77de-4370-82c3-672e096979f8" />
    <UnitTestResult executionId="b4d8d3e4-c85b-484d-9c36-f900d462f1ba" testId="60882d0b-67eb-48f8-fe14-ef020251209f" testName="UnitTest.QuestionUnitTest.Delete_Question_Success" computerName="DESKTOP-FSB0OBD" duration="00:00:00.0030101" startTime="2024-06-21T13:50:42.2270067+07:00" endTime="2024-06-21T13:50:42.2270067+07:00" testType="13cdc9d9-ddb5-4fa4-a97d-d965ccfc6d4b" outcome="Passed" testListId="8c84fa94-04c1-424b-9868-57a2d4851a1d" relativeResultsDirectory="b4d8d3e4-c85b-484d-9c36-f900d462f1ba" />
    <UnitTestResult executionId="d8d1ec61-f725-4931-bad4-23649acf6bc0" testId="95cf026c-d7c0-ce4e-5604-75b9ee6bb00e" testName="UnitTest.TestQuestionUnitUnitTest.GetAllTestQuestionUnitByPart_ReturnsOkResult_WithListOfTestQuestionUnits" computerName="DESKTOP-FSB0OBD" duration="00:00:00.0041924" startTime="2024-06-21T13:50:42.2227649+07:00" endTime="2024-06-21T13:50:42.2227649+07:00" testType="13cdc9d9-ddb5-4fa4-a97d-d965ccfc6d4b" outcome="Passed" testListId="8c84fa94-04c1-424b-9868-57a2d4851a1d" relativeResultsDirectory="d8d1ec61-f725-4931-bad4-23649acf6bc0" />
    <UnitTestResult executionId="a157fcd5-4c77-4caa-a5a4-55b9eb6c3f29" testId="92d33082-0b7b-aae1-0f16-d4507b2896da" testName="UnitTest.TestQuestionUnitUnitTest.GetAllTestQuestionUnits_ReturnsOkResult_WithListOfTestQuestionUnits" computerName="DESKTOP-FSB0OBD" duration="00:00:00.0021961" startTime="2024-06-21T13:50:42.2245273+07:00" endTime="2024-06-21T13:50:42.2245274+07:00" testType="13cdc9d9-ddb5-4fa4-a97d-d965ccfc6d4b" outcome="Passed" testListId="8c84fa94-04c1-424b-9868-57a2d4851a1d" relativeResultsDirectory="a157fcd5-4c77-4caa-a5a4-55b9eb6c3f29" />
    <UnitTestResult executionId="8bac86fe-ce7e-4ed8-b170-81915c3511bd" testId="e3d233ac-78b6-99a9-e9d6-0fec3bf024a1" testName="UnitTest.QuestionUnitTest.Add_Question_Failed" computerName="DESKTOP-FSB0OBD" duration="00:00:00.0021852" startTime="2024-06-21T13:50:42.2280742+07:00" endTime="2024-06-21T13:50:42.2280743+07:00" testType="13cdc9d9-ddb5-4fa4-a97d-d965ccfc6d4b" outcome="Passed" testListId="8c84fa94-04c1-424b-9868-57a2d4851a1d" relativeResultsDirectory="8bac86fe-ce7e-4ed8-b170-81915c3511bd" />
    <UnitTestResult executionId="e0838b19-84d5-4c81-a52c-5baf5036e887" testId="7d2d1c5a-da2f-9802-2701-7bd96d7e34c0" testName="UnitTest.LessonUnitTest.Update_Lesson_Success" computerName="DESKTOP-FSB0OBD" duration="00:00:00.0023391" startTime="2024-06-21T13:50:42.4810790+07:00" endTime="2024-06-21T13:50:42.4810793+07:00" testType="13cdc9d9-ddb5-4fa4-a97d-d965ccfc6d4b" outcome="Passed" testListId="8c84fa94-04c1-424b-9868-57a2d4851a1d" relativeResultsDirectory="e0838b19-84d5-4c81-a52c-5baf5036e887" />
    <UnitTestResult executionId="8fa04526-56ab-462b-ab21-d785291dd7c7" testId="7f56a069-a01c-5690-80f2-9bd8c23840cb" testName="UnitTest.TestQuestionUnitUnitTest.GetAllTestQuestionUnitByTest_ReturnsNotFound_WhenUnitsNotFound" computerName="DESKTOP-FSB0OBD" duration="00:00:00.0043697" startTime="2024-06-21T13:50:42.2207736+07:00" endTime="2024-06-21T13:50:42.2207736+07:00" testType="13cdc9d9-ddb5-4fa4-a97d-d965ccfc6d4b" outcome="Passed" testListId="8c84fa94-04c1-424b-9868-57a2d4851a1d" relativeResultsDirectory="8fa04526-56ab-462b-ab21-d785291dd7c7" />
    <UnitTestResult executionId="f0c3f99c-55f5-4431-a4cb-03cae54dab04" testId="faed0550-ed58-2904-da86-32d5f82d8637" testName="UnitTest.TestUnitTest.UpdateTest_ReturnsOkResult" computerName="DESKTOP-FSB0OBD" duration="00:00:00.0031645" startTime="2024-06-21T13:50:42.2275645+07:00" endTime="2024-06-21T13:50:42.2275646+07:00" testType="13cdc9d9-ddb5-4fa4-a97d-d965ccfc6d4b" outcome="Passed" testListId="8c84fa94-04c1-424b-9868-57a2d4851a1d" relativeResultsDirectory="f0c3f99c-55f5-4431-a4cb-03cae54dab04" />
    <UnitTestResult executionId="92e06cf2-c7c5-49bc-94c6-a957164d6888" testId="aaa7b708-3546-4383-347f-4aa8ed7e3f27" testName="UnitTest.RecordUnitTest.GetAllReports_Success" computerName="DESKTOP-FSB0OBD" duration="00:00:00.0023072" startTime="2024-06-21T13:50:42.2269208+07:00" endTime="2024-06-21T13:50:42.2269208+07:00" testType="13cdc9d9-ddb5-4fa4-a97d-d965ccfc6d4b" outcome="Passed" testListId="8c84fa94-04c1-424b-9868-57a2d4851a1d" relativeResultsDirectory="92e06cf2-c7c5-49bc-94c6-a957164d6888" />
    <UnitTestResult executionId="787c3d01-44f7-4576-9526-0108592a59da" testId="5eae56cf-57d3-7112-90ef-26224638d159" testName="UnitTest.TestTypeUnitTest.GetAllTestTypes_ReturnsOkResult_WithListOfTestTypes" computerName="DESKTOP-FSB0OBD" duration="00:00:00.0014597" startTime="2024-06-21T13:50:42.2262835+07:00" endTime="2024-06-21T13:50:42.2262835+07:00" testType="13cdc9d9-ddb5-4fa4-a97d-d965ccfc6d4b" outcome="Passed" testListId="8c84fa94-04c1-424b-9868-57a2d4851a1d" relativeResultsDirectory="787c3d01-44f7-4576-9526-0108592a59da" />
    <UnitTestResult executionId="c3fc2ccf-1841-4ea0-9802-2e3f311eaf7e" testId="e4d539aa-953b-7b08-21a0-b7abdfce4091" testName="UnitTest.QuestionUnitTest.DeleteQuestion_Failed" computerName="DESKTOP-FSB0OBD" duration="00:00:00.0018071" startTime="2024-06-21T13:50:42.2280385+07:00" endTime="2024-06-21T13:50:42.2280386+07:00" testType="13cdc9d9-ddb5-4fa4-a97d-d965ccfc6d4b" outcome="Passed" testListId="8c84fa94-04c1-424b-9868-57a2d4851a1d" relativeResultsDirectory="c3fc2ccf-1841-4ea0-9802-2e3f311eaf7e" />
    <UnitTestResult executionId="7c8b3078-bf95-4b2c-9b5e-5f053cc15946" testId="ee7d3197-6b3d-6a14-5487-614fafda04d6" testName="UnitTest.QuestionUnitTest.GetAll_Questions_NotFound" computerName="DESKTOP-FSB0OBD" duration="00:00:00.0007705" startTime="2024-06-21T13:50:42.2283687+07:00" endTime="2024-06-21T13:50:42.2283688+07:00" testType="13cdc9d9-ddb5-4fa4-a97d-d965ccfc6d4b" outcome="Passed" testListId="8c84fa94-04c1-424b-9868-57a2d4851a1d" relativeResultsDirectory="7c8b3078-bf95-4b2c-9b5e-5f053cc15946" />
    <UnitTestResult executionId="ebc9ec6a-88b9-4ead-98cb-c2840b9e9cb5" testId="b7d326d1-b0c4-6b27-9175-0922ad719a07" testName="UnitTest.RecordUnitTest.DeleteReport_Success" computerName="DESKTOP-FSB0OBD" duration="00:00:00.0038586" startTime="2024-06-21T13:50:42.2273948+07:00" endTime="2024-06-21T13:50:42.2273949+07:00" testType="13cdc9d9-ddb5-4fa4-a97d-d965ccfc6d4b" outcome="Passed" testListId="8c84fa94-04c1-424b-9868-57a2d4851a1d" relativeResultsDirectory="ebc9ec6a-88b9-4ead-98cb-c2840b9e9cb5" />
    <UnitTestResult executionId="e8c64b48-e44b-404c-8579-4c0f8bc1c6cb" testId="2d764e76-ad26-266e-8149-a5ad8bceaf21" testName="UnitTest.CommentUnitTest.Delete_Comments_Success" computerName="DESKTOP-FSB0OBD" duration="00:00:00.0036388" startTime="2024-06-21T13:50:42.2238001+07:00" endTime="2024-06-21T13:50:42.2238001+07:00" testType="13cdc9d9-ddb5-4fa4-a97d-d965ccfc6d4b" outcome="Passed" testListId="8c84fa94-04c1-424b-9868-57a2d4851a1d" relativeResultsDirectory="e8c64b48-e44b-404c-8579-4c0f8bc1c6cb" />
    <UnitTestResult executionId="2af00bf1-0448-4610-9fee-ee5afc2701ca" testId="d915455a-6bfb-c113-6276-c22da17bd526" testName="UnitTest.QuestionUnitTest.GetById_Question_NotFound" computerName="DESKTOP-FSB0OBD" duration="00:00:00.0013303" startTime="2024-06-21T13:50:42.2284104+07:00" endTime="2024-06-21T13:50:42.2284104+07:00" testType="13cdc9d9-ddb5-4fa4-a97d-d965ccfc6d4b" outcome="Passed" testListId="8c84fa94-04c1-424b-9868-57a2d4851a1d" relativeResultsDirectory="2af00bf1-0448-4610-9fee-ee5afc2701ca" />
    <UnitTestResult executionId="2b0a1873-6a8f-4eaa-9d84-bb1be82f6309" testId="52f3bb53-584e-f539-a34a-f8b620082c84" testName="UnitTest.QuestionUnitTest.GetAll_Questions_Success" computerName="DESKTOP-FSB0OBD" duration="00:00:00.0022443" startTime="2024-06-21T13:50:42.2265945+07:00" endTime="2024-06-21T13:50:42.2265945+07:00" testType="13cdc9d9-ddb5-4fa4-a97d-d965ccfc6d4b" outcome="Passed" testListId="8c84fa94-04c1-424b-9868-57a2d4851a1d" relativeResultsDirectory="2b0a1873-6a8f-4eaa-9d84-bb1be82f6309" />
    <UnitTestResult executionId="0166f352-58f5-4ed7-8783-9a4758f74e17" testId="14b13b4c-a2b8-ad3a-2c9d-d76dd1137089" testName="UnitTest.TestUnitTest.GetTestById_ReturnsOkResult" computerName="DESKTOP-FSB0OBD" duration="00:00:00.0019893" startTime="2024-06-21T13:50:42.2279127+07:00" endTime="2024-06-21T13:50:42.2279128+07:00" testType="13cdc9d9-ddb5-4fa4-a97d-d965ccfc6d4b" outcome="Passed" testListId="8c84fa94-04c1-424b-9868-57a2d4851a1d" relativeResultsDirectory="0166f352-58f5-4ed7-8783-9a4758f74e17" />
    <UnitTestResult executionId="73310014-0562-4a2f-b82d-d114a9600a24" testId="bcf87596-7cda-546e-4e21-3a0a2da8d51c" testName="UnitTest.QuizUnitTest.GetAllQuizzes_Success" computerName="DESKTOP-FSB0OBD" duration="00:00:00.0280148" startTime="2024-06-21T13:50:42.2237535+07:00" endTime="2024-06-21T13:50:42.2237535+07:00" testType="13cdc9d9-ddb5-4fa4-a97d-d965ccfc6d4b" outcome="Passed" testListId="8c84fa94-04c1-424b-9868-57a2d4851a1d" relativeResultsDirectory="73310014-0562-4a2f-b82d-d114a9600a24" />
    <UnitTestResult executionId="90cf9be2-ef36-44c3-87e1-6e4897e2bf3c" testId="acc636f7-1379-d335-8d87-736903123764" testName="UnitTest.TestUnitTest.AddTest_ReturnsOkResult" computerName="DESKTOP-FSB0OBD" duration="00:00:00.0039502" startTime="2024-06-21T13:50:42.2243050+07:00" endTime="2024-06-21T13:50:42.2243050+07:00" testType="13cdc9d9-ddb5-4fa4-a97d-d965ccfc6d4b" outcome="Passed" testListId="8c84fa94-04c1-424b-9868-57a2d4851a1d" relativeResultsDirectory="90cf9be2-ef36-44c3-87e1-6e4897e2bf3c" />
    <UnitTestResult executionId="c1e26fc6-c13a-4a67-b376-208bae6eb808" testId="e0ac479f-c66d-f996-e8e6-2768689eb883" testName="UnitTest.TestQuestionUnitUnitTest.DeleteTestQuestionUnit_ReturnsOkResult_WhenSuccessfullyDeleted" computerName="DESKTOP-FSB0OBD" duration="00:00:00.0104143" startTime="2024-06-21T13:50:42.2233271+07:00" endTime="2024-06-21T13:50:42.2233272+07:00" testType="13cdc9d9-ddb5-4fa4-a97d-d965ccfc6d4b" outcome="Passed" testListId="8c84fa94-04c1-424b-9868-57a2d4851a1d" relativeResultsDirectory="c1e26fc6-c13a-4a67-b376-208bae6eb808" />
    <UnitTestResult executionId="7ace8eaf-ba0d-4136-89c7-ac282e1698bf" testId="fb0b934a-ecfa-69b2-6b5e-1312365abd30" testName="UnitTest.QuizUnitTest.UpdateQuiz_Success" computerName="DESKTOP-FSB0OBD" duration="00:00:00.0025829" startTime="2024-06-21T13:50:42.2273429+07:00" endTime="2024-06-21T13:50:42.2273429+07:00" testType="13cdc9d9-ddb5-4fa4-a97d-d965ccfc6d4b" outcome="Passed" testListId="8c84fa94-04c1-424b-9868-57a2d4851a1d" relativeResultsDirectory="7ace8eaf-ba0d-4136-89c7-ac282e1698bf" />
    <UnitTestResult executionId="472d8ce7-ee84-461c-9242-2cbbc3e299a8" testId="c4b78c64-1e38-fae4-a964-5f1a9d093411" testName="UnitTest.TestQuestionUnitUnitTest.AddTestQuestionUnit_ReturnsOkResult_WhenSuccessfullyAdded" computerName="DESKTOP-FSB0OBD" duration="00:00:00.0014336" startTime="2024-06-21T13:50:42.2208384+07:00" endTime="2024-06-21T13:50:42.2208384+07:00" testType="13cdc9d9-ddb5-4fa4-a97d-d965ccfc6d4b" outcome="Passed" testListId="8c84fa94-04c1-424b-9868-57a2d4851a1d" relativeResultsDirectory="472d8ce7-ee84-461c-9242-2cbbc3e299a8" />
    <UnitTestResult executionId="e59f4ea7-b2cf-4a8b-bed2-a78e7ae45ac6" testId="4a76f1c0-d1c6-8618-e6e8-ad2a03baf8c7" testName="UnitTest.QuestionUnitTest.GetByQuiz_Question_Success" computerName="DESKTOP-FSB0OBD" duration="00:00:00.0187080" startTime="2024-06-21T13:50:42.2236581+07:00" endTime="2024-06-21T13:50:42.2236582+07:00" testType="13cdc9d9-ddb5-4fa4-a97d-d965ccfc6d4b" outcome="Passed" testListId="8c84fa94-04c1-424b-9868-57a2d4851a1d" relativeResultsDirectory="e59f4ea7-b2cf-4a8b-bed2-a78e7ae45ac6" />
    <UnitTestResult executionId="df4c6253-0e82-48ae-9b2b-27b56d38ae82" testId="ebbeb6cd-448e-c527-b4e9-2a57d2c1da5b" testName="UnitTest.CommentUnitTest.Update_Comments_Success" computerName="DESKTOP-FSB0OBD" duration="00:00:00.0025684" startTime="2024-06-21T13:50:42.2257413+07:00" endTime="2024-06-21T13:50:42.2257414+07:00" testType="13cdc9d9-ddb5-4fa4-a97d-d965ccfc6d4b" outcome="Passed" testListId="8c84fa94-04c1-424b-9868-57a2d4851a1d" relativeResultsDirectory="df4c6253-0e82-48ae-9b2b-27b56d38ae82" />
    <UnitTestResult executionId="e4d877b5-43ea-4aa0-8ad9-f1f0e0b635bc" testId="d966d3d7-cd86-2ec6-1cab-810d8b2cf19e" testName="UnitTest.TestTypeUnitTest.GetTypeNameByTest_ReturnsNotFoundResult_WhenTypeNameNotFound" computerName="DESKTOP-FSB0OBD" duration="00:00:00.0122981" startTime="2024-06-21T13:50:42.2258427+07:00" endTime="2024-06-21T13:50:42.2258427+07:00" testType="13cdc9d9-ddb5-4fa4-a97d-d965ccfc6d4b" outcome="Passed" testListId="8c84fa94-04c1-424b-9868-57a2d4851a1d" relativeResultsDirectory="e4d877b5-43ea-4aa0-8ad9-f1f0e0b635bc" />
    <UnitTestResult executionId="000b02cf-713a-4879-8b9f-bd0ca7c0cd34" testId="01d4ace8-2486-92b1-64cc-2260d5b5c8ca" testName="UnitTest.RecordUnitTest.DeleteReport_Failure" computerName="DESKTOP-FSB0OBD" duration="00:00:00.0019920" startTime="2024-06-21T13:50:42.2279061+07:00" endTime="2024-06-21T13:50:42.2279062+07:00" testType="13cdc9d9-ddb5-4fa4-a97d-d965ccfc6d4b" outcome="Passed" testListId="8c84fa94-04c1-424b-9868-57a2d4851a1d" relativeResultsDirectory="000b02cf-713a-4879-8b9f-bd0ca7c0cd34" />
    <UnitTestResult executionId="29dccf29-c1c1-4262-a666-94c52fa93ebb" testId="5d66dd18-434f-4e53-bf2b-2aad7fd8f216" testName="UnitTest.QuestionUnitTest.GetAllQuestionByQuiz_NotFound" computerName="DESKTOP-FSB0OBD" duration="00:00:00.0018285" startTime="2024-06-21T13:50:42.2274678+07:00" endTime="2024-06-21T13:50:42.2274678+07:00" testType="13cdc9d9-ddb5-4fa4-a97d-d965ccfc6d4b" outcome="Passed" testListId="8c84fa94-04c1-424b-9868-57a2d4851a1d" relativeResultsDirectory="29dccf29-c1c1-4262-a666-94c52fa93ebb" />
    <UnitTestResult executionId="35b842bb-9e15-4927-ba78-634edb26684d" testId="9a20be72-f145-05ca-7779-62c7f33e7f3a" testName="UnitTest.TestUnitTest.GetAllTests_ReturnsOkResult" computerName="DESKTOP-FSB0OBD" duration="00:00:00.0022222" startTime="2024-06-21T13:50:42.2253602+07:00" endTime="2024-06-21T13:50:42.2253603+07:00" testType="13cdc9d9-ddb5-4fa4-a97d-d965ccfc6d4b" outcome="Passed" testListId="8c84fa94-04c1-424b-9868-57a2d4851a1d" relativeResultsDirectory="35b842bb-9e15-4927-ba78-634edb26684d" />
    <UnitTestResult executionId="0dc9a782-525d-4be2-b92a-624cb9d2a976" testId="dbc7e35a-9cce-dcaa-b472-3d4a37c59def" testName="UnitTest.CommentUnitTest.Update_Comments_Failed" computerName="DESKTOP-FSB0OBD" duration="00:00:00.0038561" startTime="2024-06-21T13:50:42.2251349+07:00" endTime="2024-06-21T13:50:42.2251349+07:00" testType="13cdc9d9-ddb5-4fa4-a97d-d965ccfc6d4b" outcome="Passed" testListId="8c84fa94-04c1-424b-9868-57a2d4851a1d" relativeResultsDirectory="0dc9a782-525d-4be2-b92a-624cb9d2a976" />
    <UnitTestResult executionId="8b7c6e80-2c82-4572-a8c0-fe0bc6d90284" testId="64bdeb8b-614f-d653-39a7-398590e81e71" testName="UnitTest.TestUnitTest.GetAllTestByType_ReturnsNotFound" computerName="DESKTOP-FSB0OBD" duration="00:00:00.0043149" startTime="2024-06-21T13:50:42.2206015+07:00" endTime="2024-06-21T13:50:42.2206016+07:00" testType="13cdc9d9-ddb5-4fa4-a97d-d965ccfc6d4b" outcome="Passed" testListId="8c84fa94-04c1-424b-9868-57a2d4851a1d" relativeResultsDirectory="8b7c6e80-2c82-4572-a8c0-fe0bc6d90284" />
    <UnitTestResult executionId="11345ba8-4aa5-4117-9e58-0e6e653a69d4" testId="73b645e6-0a3b-7d86-625a-e4b1aebcf7e1" testName="UnitTest.CourseUnitTest.Delete_Courses_Success" computerName="DESKTOP-FSB0OBD" duration="00:00:00.0033105" startTime="2024-06-21T13:50:42.2226892+07:00" endTime="2024-06-21T13:50:42.2226893+07:00" testType="13cdc9d9-ddb5-4fa4-a97d-d965ccfc6d4b" outcome="Passed" testListId="8c84fa94-04c1-424b-9868-57a2d4851a1d" relativeResultsDirectory="11345ba8-4aa5-4117-9e58-0e6e653a69d4" />
    <UnitTestResult executionId="172c82f5-985f-4327-9aae-7ee8c44a1d9c" testId="f99daf59-1831-9f8d-ffdd-e80cde415387" testName="UnitTest.QuizUnitTest.DeleteQuiz_Failed" computerName="DESKTOP-FSB0OBD" duration="00:00:00.0053622" startTime="2024-06-21T13:50:42.2261383+07:00" endTime="2024-06-21T13:50:42.2261383+07:00" testType="13cdc9d9-ddb5-4fa4-a97d-d965ccfc6d4b" outcome="Passed" testListId="8c84fa94-04c1-424b-9868-57a2d4851a1d" relativeResultsDirectory="172c82f5-985f-4327-9aae-7ee8c44a1d9c" />
    <UnitTestResult executionId="e2d43cba-e92e-471b-adb7-22c5b74f3232" testId="7b0203af-9ee4-0515-8ada-ea2887c5b90a" testName="UnitTest.CommentUnitTest.GetByLesson_Comments_Failed" computerName="DESKTOP-FSB0OBD" duration="00:00:00.0097875" startTime="2024-06-21T13:50:42.2227265+07:00" endTime="2024-06-21T13:50:42.2227265+07:00" testType="13cdc9d9-ddb5-4fa4-a97d-d965ccfc6d4b" outcome="Passed" testListId="8c84fa94-04c1-424b-9868-57a2d4851a1d" relativeResultsDirectory="e2d43cba-e92e-471b-adb7-22c5b74f3232" />
    <UnitTestResult executionId="ee212ef7-660c-4f7d-94a3-045bb5c44024" testId="4cea5854-131d-bf5d-d76e-b6a6fe273450" testName="UnitTest.RecordUnitTest.GetAllReports_NotFound" computerName="DESKTOP-FSB0OBD" duration="00:00:00.0011865" startTime="2024-06-21T13:50:42.2275288+07:00" endTime="2024-06-21T13:50:42.2275288+07:00" testType="13cdc9d9-ddb5-4fa4-a97d-d965ccfc6d4b" outcome="Passed" testListId="8c84fa94-04c1-424b-9868-57a2d4851a1d" relativeResultsDirectory="ee212ef7-660c-4f7d-94a3-045bb5c44024" />
    <UnitTestResult executionId="1d4b19a0-e9ed-46cf-8769-e2165715f3ee" testId="e16d370d-9fd6-13a6-0ecd-f274d691ea6e" testName="UnitTest.CommentUnitTest.Add_Comments_Failed" computerName="DESKTOP-FSB0OBD" duration="00:00:00.0018741" startTime="2024-06-21T13:50:42.2242674+07:00" endTime="2024-06-21T13:50:42.2242675+07:00" testType="13cdc9d9-ddb5-4fa4-a97d-d965ccfc6d4b" outcome="Passed" testListId="8c84fa94-04c1-424b-9868-57a2d4851a1d" relativeResultsDirectory="1d4b19a0-e9ed-46cf-8769-e2165715f3ee" />
    <UnitTestResult executionId="5da7cb0d-c7a0-489c-b452-ddeaef18e80e" testId="65379a46-f205-793d-1ff5-436af43790d7" testName="UnitTest.QuestionUnitTest.UpdateQuestion_Failed" computerName="DESKTOP-FSB0OBD" duration="00:00:00.0051899" startTime="2024-06-21T13:50:42.2245692+07:00" endTime="2024-06-21T13:50:42.2245693+07:00" testType="13cdc9d9-ddb5-4fa4-a97d-d965ccfc6d4b" outcome="Passed" testListId="8c84fa94-04c1-424b-9868-57a2d4851a1d" relativeResultsDirectory="5da7cb0d-c7a0-489c-b452-ddeaef18e80e" />
    <UnitTestResult executionId="d329256b-c4e7-4fdd-837b-5d6da0eec096" testId="b19ba2bf-e230-e1f8-12a6-89e3f367e7b8" testName="UnitTest.TestQuestionUnitUnitTest.GetAllTestQuestionUnitByTest_ReturnsOkResult_WithListOfTestQuestionUnits" computerName="DESKTOP-FSB0OBD" duration="00:00:00.0023354" startTime="2024-06-21T13:50:42.2261084+07:00" endTime="2024-06-21T13:50:42.2261084+07:00" testType="13cdc9d9-ddb5-4fa4-a97d-d965ccfc6d4b" outcome="Passed" testListId="8c84fa94-04c1-424b-9868-57a2d4851a1d" relativeResultsDirectory="d329256b-c4e7-4fdd-837b-5d6da0eec096" />
    <UnitTestResult executionId="e4cd745e-8735-4740-be18-0ecbf1d12ead" testId="4087e5cb-4f26-c584-ba9f-9ec22e38d03d" testName="UnitTest.RecordUnitTest.UpdateReport_Failure" computerName="DESKTOP-FSB0OBD" duration="00:00:00.0028630" startTime="2024-06-21T13:50:42.2280025+07:00" endTime="2024-06-21T13:50:42.2280026+07:00" testType="13cdc9d9-ddb5-4fa4-a97d-d965ccfc6d4b" outcome="Passed" testListId="8c84fa94-04c1-424b-9868-57a2d4851a1d" relativeResultsDirectory="e4cd745e-8735-4740-be18-0ecbf1d12ead" />
    <UnitTestResult executionId="a42cdb76-09e6-4115-a06f-020a759d6510" testId="9d66add9-aacc-f69a-3f33-de5f73818d9f" testName="UnitTest.TestTypeUnitTest.GetTypeNameByTest_ReturnsOkResult_WithTypeName" computerName="DESKTOP-FSB0OBD" duration="00:00:00.0022570" startTime="2024-06-21T13:50:42.2266919+07:00" endTime="2024-06-21T13:50:42.2266920+07:00" testType="13cdc9d9-ddb5-4fa4-a97d-d965ccfc6d4b" outcome="Passed" testListId="8c84fa94-04c1-424b-9868-57a2d4851a1d" relativeResultsDirectory="a42cdb76-09e6-4115-a06f-020a759d6510" />
    <UnitTestResult executionId="5b2605f6-4bd7-46fb-b71e-b12a6a95b02d" testId="185297d2-d068-2245-db73-5fa9b015dd43" testName="UnitTest.TestUnitTest.DeleteTest_ReturnsNotFound" computerName="DESKTOP-FSB0OBD" duration="00:00:00.0028306" startTime="2024-06-21T13:50:42.2265574+07:00" endTime="2024-06-21T13:50:42.2265575+07:00" testType="13cdc9d9-ddb5-4fa4-a97d-d965ccfc6d4b" outcome="Passed" testListId="8c84fa94-04c1-424b-9868-57a2d4851a1d" relativeResultsDirectory="5b2605f6-4bd7-46fb-b71e-b12a6a95b02d" />
    <UnitTestResult executionId="ea1e123d-e2be-456e-88a3-ff9dcc890e76" testId="265ef14a-1574-9041-7cd2-b7d87bacc4ce" testName="UnitTest.CourseUnitTest.GetById_Courses_Success" computerName="DESKTOP-FSB0OBD" duration="00:00:00.1258206" startTime="2024-06-21T13:50:42.1677917+07:00" endTime="2024-06-21T13:50:42.1677919+07:00" testType="13cdc9d9-ddb5-4fa4-a97d-d965ccfc6d4b" outcome="Passed" testListId="8c84fa94-04c1-424b-9868-57a2d4851a1d" relativeResultsDirectory="ea1e123d-e2be-456e-88a3-ff9dcc890e76" />
    <UnitTestResult executionId="cbfa980b-aed1-4f59-9d09-92e71102492b" testId="8e492d2b-8902-5bd6-ab18-f7cfa1feb6b9" testName="UnitTest.TestUnitTest.GetAllTestByType_ReturnsOkResult" computerName="DESKTOP-FSB0OBD" duration="00:00:00.0020013" startTime="2024-06-21T13:50:42.2257668+07:00" endTime="2024-06-21T13:50:42.2257669+07:00" testType="13cdc9d9-ddb5-4fa4-a97d-d965ccfc6d4b" outcome="Passed" testListId="8c84fa94-04c1-424b-9868-57a2d4851a1d" relativeResultsDirectory="cbfa980b-aed1-4f59-9d09-92e71102492b" />
    <UnitTestResult executionId="8766582f-09d1-4edd-96b6-d66a555521ef" testId="f610fffe-a6d4-005d-8fb7-9f29c3794c0c" testName="UnitTest.UserAnswerUnitTest.AddListUserAnswers_ReturnsInternalServerError_WhenResponseIsNull" computerName="DESKTOP-FSB0OBD" duration="00:00:00.0064561" startTime="2024-06-21T13:50:42.2226104+07:00" endTime="2024-06-21T13:50:42.2226105+07:00" testType="13cdc9d9-ddb5-4fa4-a97d-d965ccfc6d4b" outcome="Passed" testListId="8c84fa94-04c1-424b-9868-57a2d4851a1d" relativeResultsDirectory="8766582f-09d1-4edd-96b6-d66a555521ef" />
    <UnitTestResult executionId="7a26aae0-4876-4a91-b143-290b376473cb" testId="bddf7689-06c5-a518-4ffc-d9f44438c48b" testName="UnitTest.QuizUnitTest.AddQuiz_Failed" computerName="DESKTOP-FSB0OBD" duration="00:00:00.0017744" startTime="2024-06-21T13:50:42.2250953+07:00" endTime="2024-06-21T13:50:42.2250954+07:00" testType="13cdc9d9-ddb5-4fa4-a97d-d965ccfc6d4b" outcome="Passed" testListId="8c84fa94-04c1-424b-9868-57a2d4851a1d" relativeResultsDirectory="7a26aae0-4876-4a91-b143-290b376473cb" />
    <UnitTestResult executionId="d91bcd49-051a-41ae-8995-a830ee1f453e" testId="3d64daf1-0f63-30eb-a797-0fe64cead45f" testName="UnitTest.QuestionUnitTest.Update_Question_Success" computerName="DESKTOP-FSB0OBD" duration="00:00:00.0031822" startTime="2024-06-21T13:50:42.2254828+07:00" endTime="2024-06-21T13:50:42.2254829+07:00" testType="13cdc9d9-ddb5-4fa4-a97d-d965ccfc6d4b" outcome="Passed" testListId="8c84fa94-04c1-424b-9868-57a2d4851a1d" relativeResultsDirectory="d91bcd49-051a-41ae-8995-a830ee1f453e" />
    <UnitTestResult executionId="8fd2b0f8-5165-41d6-b9f5-0519bd2f3498" testId="86e4d756-386d-06ab-63cc-edbbc4623125" testName="UnitTest.QuestionUnitTest.GetDoTest_NotFound" computerName="DESKTOP-FSB0OBD" duration="00:00:00.0042024" startTime="2024-06-21T13:50:42.2278649+07:00" endTime="2024-06-21T13:50:42.2278649+07:00" testType="13cdc9d9-ddb5-4fa4-a97d-d965ccfc6d4b" outcome="Passed" testListId="8c84fa94-04c1-424b-9868-57a2d4851a1d" relativeResultsDirectory="8fd2b0f8-5165-41d6-b9f5-0519bd2f3498" />
    <UnitTestResult executionId="7737ce55-ccbe-4ed1-8044-43f48690e4fd" testId="b510f914-3ed3-1d0c-931b-9136a97f9d1b" testName="UnitTest.TestUnitTest.GetAllTestByProfessor_ReturnsNotFound" computerName="DESKTOP-FSB0OBD" duration="00:00:00.1154702" startTime="2024-06-21T13:50:42.1661119+07:00" endTime="2024-06-21T13:50:42.1661121+07:00" testType="13cdc9d9-ddb5-4fa4-a97d-d965ccfc6d4b" outcome="Passed" testListId="8c84fa94-04c1-424b-9868-57a2d4851a1d" relativeResultsDirectory="7737ce55-ccbe-4ed1-8044-43f48690e4fd" />
    <UnitTestResult executionId="9de0eb92-ffbb-4a8e-9a6a-0264a189add5" testId="47ddc28f-6d7f-dcba-998b-1fcdc067eedd" testName="UnitTest.CourseUnitTest.Update_Courses_Success" computerName="DESKTOP-FSB0OBD" duration="00:00:00.0059103" startTime="2024-06-21T13:50:42.2225389+07:00" endTime="2024-06-21T13:50:42.2225389+07:00" testType="13cdc9d9-ddb5-4fa4-a97d-d965ccfc6d4b" outcome="Passed" testListId="8c84fa94-04c1-424b-9868-57a2d4851a1d" relativeResultsDirectory="9de0eb92-ffbb-4a8e-9a6a-0264a189add5" />
    <UnitTestResult executionId="079a8907-5b4a-4275-8d4d-1ebbd32707cf" testId="f2f2b981-c8cc-af37-05af-ac8174d8f85c" testName="UnitTest.LessonUnitTest.Update_Lesson_Failed" computerName="DESKTOP-FSB0OBD" duration="00:00:00.0128946" startTime="2024-06-21T13:50:42.4517738+07:00" endTime="2024-06-21T13:50:42.4517744+07:00" testType="13cdc9d9-ddb5-4fa4-a97d-d965ccfc6d4b" outcome="Passed" testListId="8c84fa94-04c1-424b-9868-57a2d4851a1d" relativeResultsDirectory="079a8907-5b4a-4275-8d4d-1ebbd32707cf" />
    <UnitTestResult executionId="7788e234-6dd3-4614-b8ee-19fed854e3df" testId="6d718b62-edfb-a214-2975-88bc8dcff2e5" testName="UnitTest.TestUnitTest.DeleteTest_ReturnsOkResult" computerName="DESKTOP-FSB0OBD" duration="00:00:00.0019181" startTime="2024-06-21T13:50:42.2274319+07:00" endTime="2024-06-21T13:50:42.2274320+07:00" testType="13cdc9d9-ddb5-4fa4-a97d-d965ccfc6d4b" outcome="Passed" testListId="8c84fa94-04c1-424b-9868-57a2d4851a1d" relativeResultsDirectory="7788e234-6dd3-4614-b8ee-19fed854e3df" />
    <UnitTestResult executionId="7ab4d287-9077-40ae-84f5-38d59301c70f" testId="cf168dff-b183-f82e-7ebd-cccb9a12af8b" testName="UnitTest.QuestionUnitTest.GetAllQuestionByProfessor_NotFound" computerName="DESKTOP-FSB0OBD" duration="00:00:00.1205513" startTime="2024-06-21T13:50:42.1661982+07:00" endTime="2024-06-21T13:50:42.1661983+07:00" testType="13cdc9d9-ddb5-4fa4-a97d-d965ccfc6d4b" outcome="Passed" testListId="8c84fa94-04c1-424b-9868-57a2d4851a1d" relativeResultsDirectory="7ab4d287-9077-40ae-84f5-38d59301c70f" />
    <UnitTestResult executionId="6d83768a-0e81-4088-8022-a776d6281e06" testId="fe913582-2fa8-9272-8143-729de2544086" testName="UnitTest.LessonUnitTest.Add_Lesson_Failed" computerName="DESKTOP-FSB0OBD" duration="00:00:00.0013006" startTime="2024-06-21T13:50:42.4824482+07:00" endTime="2024-06-21T13:50:42.4824485+07:00" testType="13cdc9d9-ddb5-4fa4-a97d-d965ccfc6d4b" outcome="Passed" testListId="8c84fa94-04c1-424b-9868-57a2d4851a1d" relativeResultsDirectory="6d83768a-0e81-4088-8022-a776d6281e06" />
    <UnitTestResult executionId="34ec03f1-9711-4af2-bc39-ce4b268c4752" testId="67ab1dac-7d76-a376-8ddc-925bb5b904de" testName="UnitTest.UserAnswerUnitTest.GetUserAnswerByRecord_ReturnsOkResult_WithAnswer" computerName="DESKTOP-FSB0OBD" duration="00:00:00.0045061" startTime="2024-06-21T13:50:42.2230649+07:00" endTime="2024-06-21T13:50:42.2230650+07:00" testType="13cdc9d9-ddb5-4fa4-a97d-d965ccfc6d4b" outcome="Passed" testListId="8c84fa94-04c1-424b-9868-57a2d4851a1d" relativeResultsDirectory="34ec03f1-9711-4af2-bc39-ce4b268c4752" />
    <UnitTestResult executionId="795e861d-0e1f-473b-91d7-eef2de03cab6" testId="c8986e31-a077-73b0-6d27-e4a9f88ca1c3" testName="UnitTest.TestTypeUnitTest.GetAllTestTypes_ReturnsNotFoundResult_WhenNoTestTypesFound" computerName="DESKTOP-FSB0OBD" duration="00:00:00.0027898" startTime="2024-06-21T13:50:42.2262112+07:00" endTime="2024-06-21T13:50:42.2262113+07:00" testType="13cdc9d9-ddb5-4fa4-a97d-d965ccfc6d4b" outcome="Passed" testListId="8c84fa94-04c1-424b-9868-57a2d4851a1d" relativeResultsDirectory="795e861d-0e1f-473b-91d7-eef2de03cab6" />
    <UnitTestResult executionId="dd18bacf-1779-42e5-9ae8-177c54587c6f" testId="1e60cf71-ef36-ed70-2bcd-a4a0acd001de" testName="UnitTest.RecordUnitTest.GetAllFalseReports_NotFound" computerName="DESKTOP-FSB0OBD" duration="00:00:00.0021871" startTime="2024-06-21T13:50:42.2275704+07:00" endTime="2024-06-21T13:50:42.2275704+07:00" testType="13cdc9d9-ddb5-4fa4-a97d-d965ccfc6d4b" outcome="Passed" testListId="8c84fa94-04c1-424b-9868-57a2d4851a1d" relativeResultsDirectory="dd18bacf-1779-42e5-9ae8-177c54587c6f" />
    <UnitTestResult executionId="4e25842f-b8d1-438c-a613-1c8465abb363" testId="4a214040-096c-c561-b4fe-0bdbe26a33de" testName="UnitTest.TestQuestionUnitUnitTest.GetTestQuestionUnitById_ReturnsOkResult_WithTestQuestionUnit" computerName="DESKTOP-FSB0OBD" duration="00:00:00.0032705" startTime="2024-06-21T13:50:42.2238948+07:00" endTime="2024-06-21T13:50:42.2238949+07:00" testType="13cdc9d9-ddb5-4fa4-a97d-d965ccfc6d4b" outcome="Passed" testListId="8c84fa94-04c1-424b-9868-57a2d4851a1d" relativeResultsDirectory="4e25842f-b8d1-438c-a613-1c8465abb363" />
    <UnitTestResult executionId="b3f07f1f-5335-4489-87da-efd219c759ef" testId="d4db0384-4ac5-4996-fa32-52ca49f39ef6" testName="UnitTest.TestQuestionUnitUnitTest.DeleteTestQuestionUnit_ReturnsNotFound_WhenDeleteFails" computerName="DESKTOP-FSB0OBD" duration="00:00:00.0019107" startTime="2024-06-21T13:50:42.2246478+07:00" endTime="2024-06-21T13:50:42.2246479+07:00" testType="13cdc9d9-ddb5-4fa4-a97d-d965ccfc6d4b" outcome="Passed" testListId="8c84fa94-04c1-424b-9868-57a2d4851a1d" relativeResultsDirectory="b3f07f1f-5335-4489-87da-efd219c759ef" />
    <UnitTestResult executionId="83632231-a843-4352-ba8f-ab4ffb8fa8d2" testId="b4ea235a-0d4c-ba3c-0acc-5639225b8c33" testName="UnitTest.TestUnitTest.UpdateTest_ReturnsInternalServerError" computerName="DESKTOP-FSB0OBD" duration="00:00:00.0046898" startTime="2024-06-21T13:50:42.2261707+07:00" endTime="2024-06-21T13:50:42.2261707+07:00" testType="13cdc9d9-ddb5-4fa4-a97d-d965ccfc6d4b" outcome="Passed" testListId="8c84fa94-04c1-424b-9868-57a2d4851a1d" relativeResultsDirectory="83632231-a843-4352-ba8f-ab4ffb8fa8d2" />
    <UnitTestResult executionId="81be7aa9-5580-4d37-a027-2e0d5d4444d0" testId="eac753ae-668f-dbe8-4a65-e96ef0a90439" testName="UnitTest.TestUnitTest.GetAllTestByProfessor_ReturnsOkResult" computerName="DESKTOP-FSB0OBD" duration="00:00:00.0235355" startTime="2024-06-21T13:50:42.2236693+07:00" endTime="2024-06-21T13:50:42.2236694+07:00" testType="13cdc9d9-ddb5-4fa4-a97d-d965ccfc6d4b" outcome="Passed" testListId="8c84fa94-04c1-424b-9868-57a2d4851a1d" relativeResultsDirectory="81be7aa9-5580-4d37-a027-2e0d5d4444d0" />
    <UnitTestResult executionId="b3213337-95d7-4b33-9293-aa6511b7b49f" testId="2b05ddfe-79ff-4d22-ab9b-ff05b2ebdc10" testName="UnitTest.LessonUnitTest.Delete_Lesson_Failed" computerName="DESKTOP-FSB0OBD" duration="00:00:00.0051322" startTime="2024-06-21T13:50:42.4682071+07:00" endTime="2024-06-21T13:50:42.4682077+07:00" testType="13cdc9d9-ddb5-4fa4-a97d-d965ccfc6d4b" outcome="Passed" testListId="8c84fa94-04c1-424b-9868-57a2d4851a1d" relativeResultsDirectory="b3213337-95d7-4b33-9293-aa6511b7b49f" />
    <UnitTestResult executionId="d13d3797-acd0-4a65-9bce-07de973cb633" testId="7d2c6b1c-5d6a-a748-0576-8db5c31d541d" testName="UnitTest.RecordUnitTest.UpdateReport_Success" computerName="DESKTOP-FSB0OBD" duration="00:00:00.0025578" startTime="2024-06-21T13:50:42.2285912+07:00" endTime="2024-06-21T13:50:42.2285913+07:00" testType="13cdc9d9-ddb5-4fa4-a97d-d965ccfc6d4b" outcome="Passed" testListId="8c84fa94-04c1-424b-9868-57a2d4851a1d" relativeResultsDirectory="d13d3797-acd0-4a65-9bce-07de973cb633" />
    <UnitTestResult executionId="78b16e1b-4862-43e3-9d56-f7d1a904ea0a" testId="cbb6c916-fc36-c782-cee0-b70f18c23c55" testName="UnitTest.QuestionUnitTest.GetById_Question_Success" computerName="DESKTOP-FSB0OBD" duration="00:00:00.0039056" startTime="2024-06-21T13:50:42.2258788+07:00" endTime="2024-06-21T13:50:42.2258789+07:00" testType="13cdc9d9-ddb5-4fa4-a97d-d965ccfc6d4b" outcome="Passed" testListId="8c84fa94-04c1-424b-9868-57a2d4851a1d" relativeResultsDirectory="78b16e1b-4862-43e3-9d56-f7d1a904ea0a" />
    <UnitTestResult executionId="b03edf0f-c19e-4a15-9d13-8b416b60f326" testId="12668257-7984-a89a-7997-3ed9692cd943" testName="UnitTest.QuizUnitTest.GetAllQuizByLesson_Success" computerName="DESKTOP-FSB0OBD" duration="00:00:00.0028811" startTime="2024-06-21T13:50:42.2255006+07:00" endTime="2024-06-21T13:50:42.2255006+07:00" testType="13cdc9d9-ddb5-4fa4-a97d-d965ccfc6d4b" outcome="Passed" testListId="8c84fa94-04c1-424b-9868-57a2d4851a1d" relativeResultsDirectory="b03edf0f-c19e-4a15-9d13-8b416b60f326" />
    <UnitTestResult executionId="cd1294c6-5c22-465b-86de-54dbf4238b61" testId="b93f0022-3d85-d0ad-376d-cc059ec28496" testName="UnitTest.QuestionUnitTest.GetByUnit_Question_NotFound" computerName="DESKTOP-FSB0OBD" duration="00:00:00.0017975" startTime="2024-06-21T13:50:42.2271134+07:00" endTime="2024-06-21T13:50:42.2271134+07:00" testType="13cdc9d9-ddb5-4fa4-a97d-d965ccfc6d4b" outcome="Passed" testListId="8c84fa94-04c1-424b-9868-57a2d4851a1d" relativeResultsDirectory="cd1294c6-5c22-465b-86de-54dbf4238b61" />
    <UnitTestResult executionId="945886a1-de48-47b6-b10d-33e27bf0320d" testId="1ffb53d8-5525-0651-a2af-9387b01c4be8" testName="UnitTest.UserAnswerUnitTest.AddListUserAnswers_ReturnsOkResult_WithResponse" computerName="DESKTOP-FSB0OBD" duration="00:00:00.0039768" startTime="2024-06-21T13:50:42.2231793+07:00" endTime="2024-06-21T13:50:42.2231793+07:00" testType="13cdc9d9-ddb5-4fa4-a97d-d965ccfc6d4b" outcome="Passed" testListId="8c84fa94-04c1-424b-9868-57a2d4851a1d" relativeResultsDirectory="945886a1-de48-47b6-b10d-33e27bf0320d" />
    <UnitTestResult executionId="05d16fdd-6c88-4d47-8bc1-1a236c173e7c" testId="fd8b6d3f-37f0-3240-00e0-3c1fd4bf17c6" testName="UnitTest.CommentUnitTest.Add_Comments_Success" computerName="DESKTOP-FSB0OBD" duration="00:00:00.1235430" startTime="2024-06-21T13:50:42.1561892+07:00" endTime="2024-06-21T13:50:42.1562253+07:00" testType="13cdc9d9-ddb5-4fa4-a97d-d965ccfc6d4b" outcome="Passed" testListId="8c84fa94-04c1-424b-9868-57a2d4851a1d" relativeResultsDirectory="05d16fdd-6c88-4d47-8bc1-1a236c173e7c" />
    <UnitTestResult executionId="b965568f-a0e7-424e-9e4d-700b27070b28" testId="90a4fa5d-efce-713e-9322-3736c6e9bad9" testName="UnitTest.TestPartUnitTest.GetAllTestParts_ReturnsOkResult_WithListOfTestParts" computerName="DESKTOP-FSB0OBD" duration="00:00:00.0279261" startTime="2024-06-21T13:50:42.2236757+07:00" endTime="2024-06-21T13:50:42.2236757+07:00" testType="13cdc9d9-ddb5-4fa4-a97d-d965ccfc6d4b" outcome="Passed" testListId="8c84fa94-04c1-424b-9868-57a2d4851a1d" relativeResultsDirectory="b965568f-a0e7-424e-9e4d-700b27070b28" />
    <UnitTestResult executionId="f217b0b3-627a-41bf-ae10-206cf100d68d" testId="49e25ceb-49cf-97f4-2656-417a2efddf4e" testName="UnitTest.StudentUnitTest.CheckFreeTest_InvalidUserId_ReturnsOkResultWithFalse" computerName="DESKTOP-FSB0OBD" duration="00:00:00.0021896" startTime="2024-06-21T13:50:42.2254252+07:00" endTime="2024-06-21T13:50:42.2254252+07:00" testType="13cdc9d9-ddb5-4fa4-a97d-d965ccfc6d4b" outcome="Passed" testListId="8c84fa94-04c1-424b-9868-57a2d4851a1d" relativeResultsDirectory="f217b0b3-627a-41bf-ae10-206cf100d68d" />
    <UnitTestResult executionId="b81026ca-f8fc-4450-9f6e-da9bfbf54fef" testId="9eb8ca5b-561b-4839-16de-254d64ccc9c0" testName="UnitTest.CommentUnitTest.GetByLesson_Comments_Success" computerName="DESKTOP-FSB0OBD" duration="00:00:00.0050388" startTime="2024-06-21T13:50:42.2232521+07:00" endTime="2024-06-21T13:50:42.2232522+07:00" testType="13cdc9d9-ddb5-4fa4-a97d-d965ccfc6d4b" outcome="Passed" testListId="8c84fa94-04c1-424b-9868-57a2d4851a1d" relativeResultsDirectory="b81026ca-f8fc-4450-9f6e-da9bfbf54fef" />
    <UnitTestResult executionId="c7d80e2b-9060-4705-85d5-52365bc17ccb" testId="5cd404f5-7831-cfe3-3177-fc060c6aeb72" testName="UnitTest.LessonUnitTest.GetByCourse_Lesson_Success" computerName="DESKTOP-FSB0OBD" duration="00:00:00.0026836" startTime="2024-06-21T13:50:42.4786100+07:00" endTime="2024-06-21T13:50:42.4786102+07:00" testType="13cdc9d9-ddb5-4fa4-a97d-d965ccfc6d4b" outcome="Passed" testListId="8c84fa94-04c1-424b-9868-57a2d4851a1d" relativeResultsDirectory="c7d80e2b-9060-4705-85d5-52365bc17ccb" />
    <UnitTestResult executionId="3b400ac5-cbff-417c-a634-6d4f1f9ade3b" testId="6bddcb6c-5b28-8a1c-b7bb-ee7e8b390dbd" testName="UnitTest.QuizUnitTest.DeleteQuiz_Success" computerName="DESKTOP-FSB0OBD" duration="00:00:00.0019865" startTime="2024-06-21T13:50:42.2275035+07:00" endTime="2024-06-21T13:50:42.2275036+07:00" testType="13cdc9d9-ddb5-4fa4-a97d-d965ccfc6d4b" outcome="Passed" testListId="8c84fa94-04c1-424b-9868-57a2d4851a1d" relativeResultsDirectory="3b400ac5-cbff-417c-a634-6d4f1f9ade3b" />
    <UnitTestResult executionId="7d24d49c-0449-4472-9aae-b9f84f829325" testId="3d43da51-c128-49da-8512-ee0462bf2cdd" testName="UnitTest.QuestionUnitTest.Add_Question_Success" computerName="DESKTOP-FSB0OBD" duration="00:00:00.0091360" startTime="2024-06-21T13:50:42.2226510+07:00" endTime="2024-06-21T13:50:42.2226510+07:00" testType="13cdc9d9-ddb5-4fa4-a97d-d965ccfc6d4b" outcome="Passed" testListId="8c84fa94-04c1-424b-9868-57a2d4851a1d" relativeResultsDirectory="7d24d49c-0449-4472-9aae-b9f84f829325" />
    <UnitTestResult executionId="966919e7-dbfa-47ea-b5bc-0522c6502eb1" testId="f1c5ca59-6331-2b6e-da8e-e9776befaaed" testName="UnitTest.LessonUnitTest.GetById_Lesson_NotFound" computerName="DESKTOP-FSB0OBD" duration="00:00:00.0044750" startTime="2024-06-21T13:50:42.4629279+07:00" endTime="2024-06-21T13:50:42.4629285+07:00" testType="13cdc9d9-ddb5-4fa4-a97d-d965ccfc6d4b" outcome="Passed" testListId="8c84fa94-04c1-424b-9868-57a2d4851a1d" relativeResultsDirectory="966919e7-dbfa-47ea-b5bc-0522c6502eb1" />
    <UnitTestResult executionId="6a97584f-0329-4e2c-a2cd-9fe57e1d2d63" testId="bce6502d-23dd-969c-c7c7-c85a27c6a35f" testName="UnitTest.TestUnitTest.GetTestById_ReturnsNotFound" computerName="DESKTOP-FSB0OBD" duration="00:00:00.0035029" startTime="2024-06-21T13:50:42.2270427+07:00" endTime="2024-06-21T13:50:42.2270428+07:00" testType="13cdc9d9-ddb5-4fa4-a97d-d965ccfc6d4b" outcome="Passed" testListId="8c84fa94-04c1-424b-9868-57a2d4851a1d" relativeResultsDirectory="6a97584f-0329-4e2c-a2cd-9fe57e1d2d63" />
    <UnitTestResult executionId="eacfd222-a33b-4f06-be9e-aac636f04885" testId="d7585462-878f-0acd-cce0-99a40cc2e78e" testName="UnitTest.TestUnitTest.AddTest_ReturnsInternalServerError" computerName="DESKTOP-FSB0OBD" duration="00:00:00.0043421" startTime="2024-06-21T13:50:42.2247223+07:00" endTime="2024-06-21T13:50:42.2247224+07:00" testType="13cdc9d9-ddb5-4fa4-a97d-d965ccfc6d4b" outcome="Passed" testListId="8c84fa94-04c1-424b-9868-57a2d4851a1d" relativeResultsDirectory="eacfd222-a33b-4f06-be9e-aac636f04885" />
    <UnitTestResult executionId="3d539f78-9744-44a9-953a-3017a6b44f03" testId="25cedd1e-b3b4-44d5-d6c8-54673664a2e5" testName="UnitTest.CourseUnitTest.GetAll_Courses_Success" computerName="DESKTOP-FSB0OBD" duration="00:00:00.0032287" startTime="2024-06-21T13:50:42.2231976+07:00" endTime="2024-06-21T13:50:42.2231976+07:00" testType="13cdc9d9-ddb5-4fa4-a97d-d965ccfc6d4b" outcome="Passed" testListId="8c84fa94-04c1-424b-9868-57a2d4851a1d" relativeResultsDirectory="3d539f78-9744-44a9-953a-3017a6b44f03" />
    <UnitTestResult executionId="8d21b76c-4d9c-4839-9cc3-c4833f303f17" testId="5510b881-d000-1442-5ca9-1ecc5340a12c" testName="UnitTest.QuizUnitTest.UpdateQuiz_Failed" computerName="DESKTOP-FSB0OBD" duration="00:00:00.0038214" startTime="2024-06-21T13:50:42.2246857+07:00" endTime="2024-06-21T13:50:42.2246857+07:00" testType="13cdc9d9-ddb5-4fa4-a97d-d965ccfc6d4b" outcome="Passed" testListId="8c84fa94-04c1-424b-9868-57a2d4851a1d" relativeResultsDirectory="8d21b76c-4d9c-4839-9cc3-c4833f303f17" />
    <UnitTestResult executionId="5aa17366-8a87-4ba2-b32d-c2bfa7468302" testId="8497a0c1-6128-c052-aae9-d69e9abd45b6" testName="UnitTest.QuizUnitTest.GetAllQuizByLesson_NotFound" computerName="DESKTOP-FSB0OBD" duration="00:00:00.0021573" startTime="2024-06-21T13:50:42.2266661+07:00" endTime="2024-06-21T13:50:42.2266662+07:00" testType="13cdc9d9-ddb5-4fa4-a97d-d965ccfc6d4b" outcome="Passed" testListId="8c84fa94-04c1-424b-9868-57a2d4851a1d" relativeResultsDirectory="5aa17366-8a87-4ba2-b32d-c2bfa7468302" />
    <UnitTestResult executionId="a3227ec6-1335-47c0-9d38-8c2b6915acf8" testId="921c6b28-a4ec-9d42-aad2-9715c01c6594" testName="UnitTest.QuizUnitTest.GetQuizById_NotFound" computerName="DESKTOP-FSB0OBD" duration="00:00:00.0032114" startTime="2024-06-21T13:50:42.2242242+07:00" endTime="2024-06-21T13:50:42.2242243+07:00" testType="13cdc9d9-ddb5-4fa4-a97d-d965ccfc6d4b" outcome="Passed" testListId="8c84fa94-04c1-424b-9868-57a2d4851a1d" relativeResultsDirectory="a3227ec6-1335-47c0-9d38-8c2b6915acf8" />
    <UnitTestResult executionId="66db8c05-6f3c-4fd4-8df4-401e4eabb325" testId="1c4832d9-120e-c56f-ed35-33e9429a6cbe" testName="UnitTest.LessonUnitTest.GetById_Lesson_Success" computerName="DESKTOP-FSB0OBD" duration="00:00:00.0014180" startTime="2024-06-21T13:50:42.4839300+07:00" endTime="2024-06-21T13:50:42.4839303+07:00" testType="13cdc9d9-ddb5-4fa4-a97d-d965ccfc6d4b" outcome="Passed" testListId="8c84fa94-04c1-424b-9868-57a2d4851a1d" relativeResultsDirectory="66db8c05-6f3c-4fd4-8df4-401e4eabb325" />
    <UnitTestResult executionId="e2257f97-0257-41e0-846c-9335037e27f6" testId="81a5e282-03d3-a5aa-5ab0-58569da0358f" testName="UnitTest.UserAnswerUnitTest.GetUserAnswerByRecord_ReturnsNotFound_WhenAnswerIsNull" computerName="DESKTOP-FSB0OBD" duration="00:00:00.1167778" startTime="2024-06-21T13:50:42.1661748+07:00" endTime="2024-06-21T13:50:42.1661748+07:00" testType="13cdc9d9-ddb5-4fa4-a97d-d965ccfc6d4b" outcome="Passed" testListId="8c84fa94-04c1-424b-9868-57a2d4851a1d" relativeResultsDirectory="e2257f97-0257-41e0-846c-9335037e27f6" />
    <UnitTestResult executionId="949ecfcc-1bd6-48d2-98b4-d4d1e8a67f8f" testId="aada1de5-af42-a726-cd60-eb4d345d6b44" testName="UnitTest.CommentUnitTest.Delete_Comments_Failed" computerName="DESKTOP-FSB0OBD" duration="00:00:00.0025174" startTime="2024-06-21T13:50:42.2246109+07:00" endTime="2024-06-21T13:50:42.2246110+07:00" testType="13cdc9d9-ddb5-4fa4-a97d-d965ccfc6d4b" outcome="Passed" testListId="8c84fa94-04c1-424b-9868-57a2d4851a1d" relativeResultsDirectory="949ecfcc-1bd6-48d2-98b4-d4d1e8a67f8f" />
    <UnitTestResult executionId="7ce151f5-c4e2-4197-8c50-413130e7d8cc" testId="c880452d-8feb-af0c-f9c1-20f8084b53c5" testName="UnitTest.TestPartUnitTest.GetAllTestParts_ReturnsNotFound" computerName="DESKTOP-FSB0OBD" duration="00:00:00.1181047" startTime="2024-06-21T13:50:42.1662173+07:00" endTime="2024-06-21T13:50:42.1662174+07:00" testType="13cdc9d9-ddb5-4fa4-a97d-d965ccfc6d4b" outcome="Passed" testListId="8c84fa94-04c1-424b-9868-57a2d4851a1d" relativeResultsDirectory="7ce151f5-c4e2-4197-8c50-413130e7d8cc" />
    <UnitTestResult executionId="cb3ff722-25e3-4525-bcb6-959fd07a3f6c" testId="c496b7fa-fff3-b6bf-5140-52a27da15d3c" testName="UnitTest.LessonUnitTest.GetAll_Lessons_NotFound" computerName="DESKTOP-FSB0OBD" duration="00:00:00.0018686" startTime="2024-06-21T13:50:42.4583089+07:00" endTime="2024-06-21T13:50:42.4583093+07:00" testType="13cdc9d9-ddb5-4fa4-a97d-d965ccfc6d4b" outcome="Passed" testListId="8c84fa94-04c1-424b-9868-57a2d4851a1d" relativeResultsDirectory="cb3ff722-25e3-4525-bcb6-959fd07a3f6c" />
    <UnitTestResult executionId="a511aa35-68a7-4082-86df-413ea1e70542" testId="3a12d930-df43-2eb9-ed8c-005834112eb3" testName="UnitTest.QuestionUnitTest.GetDoTest_Success" computerName="DESKTOP-FSB0OBD" duration="00:00:00.0021922" startTime="2024-06-21T13:50:42.2279661+07:00" endTime="2024-06-21T13:50:42.2279661+07:00" testType="13cdc9d9-ddb5-4fa4-a97d-d965ccfc6d4b" outcome="Passed" testListId="8c84fa94-04c1-424b-9868-57a2d4851a1d" relativeResultsDirectory="a511aa35-68a7-4082-86df-413ea1e70542" />
    <UnitTestResult executionId="5b7d517d-e23f-4b05-9104-b582950d46fe" testId="50a0c1b4-c210-c492-73a4-709b1ef19d3b" testName="UnitTest.StudentUnitTest.CheckFreeTest_ValidUserId_ReturnsOkResult" computerName="DESKTOP-FSB0OBD" duration="00:00:00.0064220" startTime="2024-06-21T13:50:42.2250590+07:00" endTime="2024-06-21T13:50:42.2250591+07:00" testType="13cdc9d9-ddb5-4fa4-a97d-d965ccfc6d4b" outcome="Passed" testListId="8c84fa94-04c1-424b-9868-57a2d4851a1d" relativeResultsDirectory="5b7d517d-e23f-4b05-9104-b582950d46fe" />
    <UnitTestResult executionId="e87155a8-937e-41ea-a943-44b9053fc0aa" testId="dbaa6a56-bb0e-ac39-ae0c-39373a7da8bb" testName="UnitTest.CommentUnitTest.GetAllFalse_Comments_Success" computerName="DESKTOP-FSB0OBD" duration="00:00:00.0036698" startTime="2024-06-21T13:50:42.2231426+07:00" endTime="2024-06-21T13:50:42.2231427+07:00" testType="13cdc9d9-ddb5-4fa4-a97d-d965ccfc6d4b" outcome="Passed" testListId="8c84fa94-04c1-424b-9868-57a2d4851a1d" relativeResultsDirectory="e87155a8-937e-41ea-a943-44b9053fc0aa" />
    <UnitTestResult executionId="7671df17-c204-4ddc-bcd9-30bcbe19808b" testId="1bed9ef5-66b3-f539-b445-5f05f9aa87e0" testName="UnitTest.TestQuestionUnitUnitTest.GetAllTestQuestionUnitByPart_ReturnsNotFound_WhenUnitsNotFound" computerName="DESKTOP-FSB0OBD" duration="00:00:00.0025221" startTime="2024-06-21T13:50:42.2253992+07:00" endTime="2024-06-21T13:50:42.2253992+07:00" testType="13cdc9d9-ddb5-4fa4-a97d-d965ccfc6d4b" outcome="Passed" testListId="8c84fa94-04c1-424b-9868-57a2d4851a1d" relativeResultsDirectory="7671df17-c204-4ddc-bcd9-30bcbe19808b" />
    <UnitTestResult executionId="8e26583a-632f-4200-b4e5-e4ada7b6b974" testId="7d38ba59-b353-4cca-28fb-f779651103a7" testName="UnitTest.TestQuestionUnitUnitTest.UpdateTestQuestionUnit_ReturnsInternalServerError_WhenUpdateFails" computerName="DESKTOP-FSB0OBD" duration="00:00:00.0060776" startTime="2024-06-21T13:50:42.2232150+07:00" endTime="2024-06-21T13:50:42.2232150+07:00" testType="13cdc9d9-ddb5-4fa4-a97d-d965ccfc6d4b" outcome="Passed" testListId="8c84fa94-04c1-424b-9868-57a2d4851a1d" relativeResultsDirectory="8e26583a-632f-4200-b4e5-e4ada7b6b974" />
    <UnitTestResult executionId="2e2daf83-24ca-4aab-bf24-98e27d21202e" testId="0e3d9331-ed77-4d44-0397-b2a24095482f" testName="UnitTest.QuestionUnitTest.GetByUnit_Question_Success" computerName="DESKTOP-FSB0OBD" duration="00:00:00.0033949" startTime="2024-06-21T13:50:42.2250238+07:00" endTime="2024-06-21T13:50:42.2250239+07:00" testType="13cdc9d9-ddb5-4fa4-a97d-d965ccfc6d4b" outcome="Passed" testListId="8c84fa94-04c1-424b-9868-57a2d4851a1d" relativeResultsDirectory="2e2daf83-24ca-4aab-bf24-98e27d21202e" />
    <UnitTestResult executionId="010f64f5-9f4f-4a21-b63b-db28ea0e63f3" testId="12b7dc3a-266a-52db-d22a-8a248baba0c8" testName="UnitTest.TestQuestionUnitUnitTest.UpdateTestQuestionUnit_ReturnsOkResult_WhenSuccessfullyUpdated" computerName="DESKTOP-FSB0OBD" duration="00:00:00.0034766" startTime="2024-06-21T13:50:42.2258065+07:00" endTime="2024-06-21T13:50:42.2258065+07:00" testType="13cdc9d9-ddb5-4fa4-a97d-d965ccfc6d4b" outcome="Passed" testListId="8c84fa94-04c1-424b-9868-57a2d4851a1d" relativeResultsDirectory="010f64f5-9f4f-4a21-b63b-db28ea0e63f3" />
  </Results>
  <TestDefinitions>
    <UnitTest name="UnitTest.CourseUnitTest.Update_Courses_Success" storage="d:\nam4hk1\doantotnghiep\documents\source\learning-toeic\be\unittest\bin\debug\net6.0\unittest.dll" id="47ddc28f-6d7f-dcba-998b-1fcdc067eedd">
      <Execution id="9de0eb92-ffbb-4a8e-9a6a-0264a189add5" />
      <TestMethod codeBase="D:\Nam4HK1\DoAnTotNghiep\Documents\Source\learning-toeic\be\UnitTest\bin\Debug\net6.0\UnitTest.dll" adapterTypeName="executor://xunit/VsTestRunner2/netcoreapp" className="UnitTest.CourseUnitTest" name="Update_Courses_Success" />
    </UnitTest>
    <UnitTest name="UnitTest.CommentUnitTest.Delete_Comments_Success" storage="d:\nam4hk1\doantotnghiep\documents\source\learning-toeic\be\unittest\bin\debug\net6.0\unittest.dll" id="2d764e76-ad26-266e-8149-a5ad8bceaf21">
      <Execution id="e8c64b48-e44b-404c-8579-4c0f8bc1c6cb" />
      <TestMethod codeBase="D:\Nam4HK1\DoAnTotNghiep\Documents\Source\learning-toeic\be\UnitTest\bin\Debug\net6.0\UnitTest.dll" adapterTypeName="executor://xunit/VsTestRunner2/netcoreapp" className="UnitTest.CommentUnitTest" name="Delete_Comments_Success" />
    </UnitTest>
    <UnitTest name="UnitTest.CommentUnitTest.Delete_Comments_Failed" storage="d:\nam4hk1\doantotnghiep\documents\source\learning-toeic\be\unittest\bin\debug\net6.0\unittest.dll" id="aada1de5-af42-a726-cd60-eb4d345d6b44">
      <Execution id="949ecfcc-1bd6-48d2-98b4-d4d1e8a67f8f" />
      <TestMethod codeBase="D:\Nam4HK1\DoAnTotNghiep\Documents\Source\learning-toeic\be\UnitTest\bin\Debug\net6.0\UnitTest.dll" adapterTypeName="executor://xunit/VsTestRunner2/netcoreapp" className="UnitTest.CommentUnitTest" name="Delete_Comments_Failed" />
    </UnitTest>
    <UnitTest name="UnitTest.LessonUnitTest.Add_Lesson_Success" storage="d:\nam4hk1\doantotnghiep\documents\source\learning-toeic\be\unittest\bin\debug\net6.0\unittest.dll" id="b6111566-d7ba-0dbd-70e2-629ef9ddb6c6">
      <Execution id="165f3bdf-77de-4370-82c3-672e096979f8" />
      <TestMethod codeBase="D:\Nam4HK1\DoAnTotNghiep\Documents\Source\learning-toeic\be\UnitTest\bin\Debug\net6.0\UnitTest.dll" adapterTypeName="executor://xunit/VsTestRunner2/netcoreapp" className="UnitTest.LessonUnitTest" name="Add_Lesson_Success" />
    </UnitTest>
    <UnitTest name="UnitTest.TestUnitTest.GetAllTestByProfessor_ReturnsOkResult" storage="d:\nam4hk1\doantotnghiep\documents\source\learning-toeic\be\unittest\bin\debug\net6.0\unittest.dll" id="eac753ae-668f-dbe8-4a65-e96ef0a90439">
      <Execution id="81be7aa9-5580-4d37-a027-2e0d5d4444d0" />
      <TestMethod codeBase="D:\Nam4HK1\DoAnTotNghiep\Documents\Source\learning-toeic\be\UnitTest\bin\Debug\net6.0\UnitTest.dll" adapterTypeName="executor://xunit/VsTestRunner2/netcoreapp" className="UnitTest.TestUnitTest" name="GetAllTestByProfessor_ReturnsOkResult" />
    </UnitTest>
    <UnitTest name="UnitTest.CommentUnitTest.Update_Comments_Success" storage="d:\nam4hk1\doantotnghiep\documents\source\learning-toeic\be\unittest\bin\debug\net6.0\unittest.dll" id="ebbeb6cd-448e-c527-b4e9-2a57d2c1da5b">
      <Execution id="df4c6253-0e82-48ae-9b2b-27b56d38ae82" />
      <TestMethod codeBase="D:\Nam4HK1\DoAnTotNghiep\Documents\Source\learning-toeic\be\UnitTest\bin\Debug\net6.0\UnitTest.dll" adapterTypeName="executor://xunit/VsTestRunner2/netcoreapp" className="UnitTest.CommentUnitTest" name="Update_Comments_Success" />
    </UnitTest>
    <UnitTest name="UnitTest.RecordUnitTest.DeleteReport_Success" storage="d:\nam4hk1\doantotnghiep\documents\source\learning-toeic\be\unittest\bin\debug\net6.0\unittest.dll" id="b7d326d1-b0c4-6b27-9175-0922ad719a07">
      <Execution id="ebc9ec6a-88b9-4ead-98cb-c2840b9e9cb5" />
      <TestMethod codeBase="D:\Nam4HK1\DoAnTotNghiep\Documents\Source\learning-toeic\be\UnitTest\bin\Debug\net6.0\UnitTest.dll" adapterTypeName="executor://xunit/VsTestRunner2/netcoreapp" className="UnitTest.RecordUnitTest" name="DeleteReport_Success" />
    </UnitTest>
    <UnitTest name="UnitTest.TestTypeUnitTest.GetTypeNameByTest_ReturnsOkResult_WithTypeName" storage="d:\nam4hk1\doantotnghiep\documents\source\learning-toeic\be\unittest\bin\debug\net6.0\unittest.dll" id="9d66add9-aacc-f69a-3f33-de5f73818d9f">
      <Execution id="a42cdb76-09e6-4115-a06f-020a759d6510" />
      <TestMethod codeBase="D:\Nam4HK1\DoAnTotNghiep\Documents\Source\learning-toeic\be\UnitTest\bin\Debug\net6.0\UnitTest.dll" adapterTypeName="executor://xunit/VsTestRunner2/netcoreapp" className="UnitTest.TestTypeUnitTest" name="GetTypeNameByTest_ReturnsOkResult_WithTypeName" />
    </UnitTest>
    <UnitTest name="UnitTest.QuestionUnitTest.GetAllQuestionByProfessor_NotFound" storage="d:\nam4hk1\doantotnghiep\documents\source\learning-toeic\be\unittest\bin\debug\net6.0\unittest.dll" id="cf168dff-b183-f82e-7ebd-cccb9a12af8b">
      <Execution id="7ab4d287-9077-40ae-84f5-38d59301c70f" />
      <TestMethod codeBase="D:\Nam4HK1\DoAnTotNghiep\Documents\Source\learning-toeic\be\UnitTest\bin\Debug\net6.0\UnitTest.dll" adapterTypeName="executor://xunit/VsTestRunner2/netcoreapp" className="UnitTest.QuestionUnitTest" name="GetAllQuestionByProfessor_NotFound" />
    </UnitTest>
    <UnitTest name="UnitTest.LessonUnitTest.GetByCourse_Lesson_NotFound" storage="d:\nam4hk1\doantotnghiep\documents\source\learning-toeic\be\unittest\bin\debug\net6.0\unittest.dll" id="3803fbce-c684-1cb7-127b-185f2799d806">
      <Execution id="d2c8c641-4659-46a5-b7a9-30a9c76f4ab8" />
      <TestMethod codeBase="D:\Nam4HK1\DoAnTotNghiep\Documents\Source\learning-toeic\be\UnitTest\bin\Debug\net6.0\UnitTest.dll" adapterTypeName="executor://xunit/VsTestRunner2/netcoreapp" className="UnitTest.LessonUnitTest" name="GetByCourse_Lesson_NotFound" />
    </UnitTest>
    <UnitTest name="UnitTest.TestQuestionUnitUnitTest.DeleteTestQuestionUnit_ReturnsOkResult_WhenSuccessfullyDeleted" storage="d:\nam4hk1\doantotnghiep\documents\source\learning-toeic\be\unittest\bin\debug\net6.0\unittest.dll" id="e0ac479f-c66d-f996-e8e6-2768689eb883">
      <Execution id="c1e26fc6-c13a-4a67-b376-208bae6eb808" />
      <TestMethod codeBase="D:\Nam4HK1\DoAnTotNghiep\Documents\Source\learning-toeic\be\UnitTest\bin\Debug\net6.0\UnitTest.dll" adapterTypeName="executor://xunit/VsTestRunner2/netcoreapp" className="UnitTest.TestQuestionUnitUnitTest" name="DeleteTestQuestionUnit_ReturnsOkResult_WhenSuccessfullyDeleted" />
    </UnitTest>
    <UnitTest name="UnitTest.CommentUnitTest.Add_Comments_Success" storage="d:\nam4hk1\doantotnghiep\documents\source\learning-toeic\be\unittest\bin\debug\net6.0\unittest.dll" id="fd8b6d3f-37f0-3240-00e0-3c1fd4bf17c6">
      <Execution id="05d16fdd-6c88-4d47-8bc1-1a236c173e7c" />
      <TestMethod codeBase="D:\Nam4HK1\DoAnTotNghiep\Documents\Source\learning-toeic\be\UnitTest\bin\Debug\net6.0\UnitTest.dll" adapterTypeName="executor://xunit/VsTestRunner2/netcoreapp" className="UnitTest.CommentUnitTest" name="Add_Comments_Success" />
    </UnitTest>
    <UnitTest name="UnitTest.QuizUnitTest.GetAllQuizByLesson_Success" storage="d:\nam4hk1\doantotnghiep\documents\source\learning-toeic\be\unittest\bin\debug\net6.0\unittest.dll" id="12668257-7984-a89a-7997-3ed9692cd943">
      <Execution id="b03edf0f-c19e-4a15-9d13-8b416b60f326" />
      <TestMethod codeBase="D:\Nam4HK1\DoAnTotNghiep\Documents\Source\learning-toeic\be\UnitTest\bin\Debug\net6.0\UnitTest.dll" adapterTypeName="executor://xunit/VsTestRunner2/netcoreapp" className="UnitTest.QuizUnitTest" name="GetAllQuizByLesson_Success" />
    </UnitTest>
    <UnitTest name="UnitTest.LessonUnitTest.GetById_Lesson_Success" storage="d:\nam4hk1\doantotnghiep\documents\source\learning-toeic\be\unittest\bin\debug\net6.0\unittest.dll" id="1c4832d9-120e-c56f-ed35-33e9429a6cbe">
      <Execution id="66db8c05-6f3c-4fd4-8df4-401e4eabb325" />
      <TestMethod codeBase="D:\Nam4HK1\DoAnTotNghiep\Documents\Source\learning-toeic\be\UnitTest\bin\Debug\net6.0\UnitTest.dll" adapterTypeName="executor://xunit/VsTestRunner2/netcoreapp" className="UnitTest.LessonUnitTest" name="GetById_Lesson_Success" />
    </UnitTest>
    <UnitTest name="UnitTest.TestQuestionUnitUnitTest.GetAllTestQuestionUnitByPart_ReturnsNotFound_WhenUnitsNotFound" storage="d:\nam4hk1\doantotnghiep\documents\source\learning-toeic\be\unittest\bin\debug\net6.0\unittest.dll" id="1bed9ef5-66b3-f539-b445-5f05f9aa87e0">
      <Execution id="7671df17-c204-4ddc-bcd9-30bcbe19808b" />
      <TestMethod codeBase="D:\Nam4HK1\DoAnTotNghiep\Documents\Source\learning-toeic\be\UnitTest\bin\Debug\net6.0\UnitTest.dll" adapterTypeName="executor://xunit/VsTestRunner2/netcoreapp" className="UnitTest.TestQuestionUnitUnitTest" name="GetAllTestQuestionUnitByPart_ReturnsNotFound_WhenUnitsNotFound" />
    </UnitTest>
    <UnitTest name="UnitTest.QuestionUnitTest.GetAllQuestionByQuiz_NotFound" storage="d:\nam4hk1\doantotnghiep\documents\source\learning-toeic\be\unittest\bin\debug\net6.0\unittest.dll" id="5d66dd18-434f-4e53-bf2b-2aad7fd8f216">
      <Execution id="29dccf29-c1c1-4262-a666-94c52fa93ebb" />
      <TestMethod codeBase="D:\Nam4HK1\DoAnTotNghiep\Documents\Source\learning-toeic\be\UnitTest\bin\Debug\net6.0\UnitTest.dll" adapterTypeName="executor://xunit/VsTestRunner2/netcoreapp" className="UnitTest.QuestionUnitTest" name="GetAllQuestionByQuiz_NotFound" />
    </UnitTest>
    <UnitTest name="UnitTest.RecordUnitTest.DeleteReport_Failure" storage="d:\nam4hk1\doantotnghiep\documents\source\learning-toeic\be\unittest\bin\debug\net6.0\unittest.dll" id="01d4ace8-2486-92b1-64cc-2260d5b5c8ca">
      <Execution id="000b02cf-713a-4879-8b9f-bd0ca7c0cd34" />
      <TestMethod codeBase="D:\Nam4HK1\DoAnTotNghiep\Documents\Source\learning-toeic\be\UnitTest\bin\Debug\net6.0\UnitTest.dll" adapterTypeName="executor://xunit/VsTestRunner2/netcoreapp" className="UnitTest.RecordUnitTest" name="DeleteReport_Failure" />
    </UnitTest>
    <UnitTest name="UnitTest.TestPartUnitTest.GetAllTestParts_ReturnsOkResult_WithListOfTestParts" storage="d:\nam4hk1\doantotnghiep\documents\source\learning-toeic\be\unittest\bin\debug\net6.0\unittest.dll" id="90a4fa5d-efce-713e-9322-3736c6e9bad9">
      <Execution id="b965568f-a0e7-424e-9e4d-700b27070b28" />
      <TestMethod codeBase="D:\Nam4HK1\DoAnTotNghiep\Documents\Source\learning-toeic\be\UnitTest\bin\Debug\net6.0\UnitTest.dll" adapterTypeName="executor://xunit/VsTestRunner2/netcoreapp" className="UnitTest.TestPartUnitTest" name="GetAllTestParts_ReturnsOkResult_WithListOfTestParts" />
    </UnitTest>
    <UnitTest name="UnitTest.LessonUnitTest.GetAll_Lessons_Success" storage="d:\nam4hk1\doantotnghiep\documents\source\learning-toeic\be\unittest\bin\debug\net6.0\unittest.dll" id="5d8d5e52-822e-9f81-9224-fee3d1b172d8">
      <Execution id="cfa04e6c-43c2-4ffa-9553-b4fa53964125" />
      <TestMethod codeBase="D:\Nam4HK1\DoAnTotNghiep\Documents\Source\learning-toeic\be\UnitTest\bin\Debug\net6.0\UnitTest.dll" adapterTypeName="executor://xunit/VsTestRunner2/netcoreapp" className="UnitTest.LessonUnitTest" name="GetAll_Lessons_Success" />
    </UnitTest>
    <UnitTest name="UnitTest.TestTypeUnitTest.GetAllTestTypes_ReturnsOkResult_WithListOfTestTypes" storage="d:\nam4hk1\doantotnghiep\documents\source\learning-toeic\be\unittest\bin\debug\net6.0\unittest.dll" id="5eae56cf-57d3-7112-90ef-26224638d159">
      <Execution id="787c3d01-44f7-4576-9526-0108592a59da" />
      <TestMethod codeBase="D:\Nam4HK1\DoAnTotNghiep\Documents\Source\learning-toeic\be\UnitTest\bin\Debug\net6.0\UnitTest.dll" adapterTypeName="executor://xunit/VsTestRunner2/netcoreapp" className="UnitTest.TestTypeUnitTest" name="GetAllTestTypes_ReturnsOkResult_WithListOfTestTypes" />
    </UnitTest>
    <UnitTest name="UnitTest.QuestionUnitTest.GetAllQuestionByProfessor_Success" storage="d:\nam4hk1\doantotnghiep\documents\source\learning-toeic\be\unittest\bin\debug\net6.0\unittest.dll" id="0c4feb14-c872-49c5-6c0e-e75bdd68c694">
      <Execution id="ad15f7f2-aa4f-4828-8e3b-7c488632df01" />
      <TestMethod codeBase="D:\Nam4HK1\DoAnTotNghiep\Documents\Source\learning-toeic\be\UnitTest\bin\Debug\net6.0\UnitTest.dll" adapterTypeName="executor://xunit/VsTestRunner2/netcoreapp" className="UnitTest.QuestionUnitTest" name="GetAllQuestionByProfessor_Success" />
    </UnitTest>
    <UnitTest name="UnitTest.StudentUnitTest.CheckFreeTest_ValidUserId_ReturnsOkResult" storage="d:\nam4hk1\doantotnghiep\documents\source\learning-toeic\be\unittest\bin\debug\net6.0\unittest.dll" id="50a0c1b4-c210-c492-73a4-709b1ef19d3b">
      <Execution id="5b7d517d-e23f-4b05-9104-b582950d46fe" />
      <TestMethod codeBase="D:\Nam4HK1\DoAnTotNghiep\Documents\Source\learning-toeic\be\UnitTest\bin\Debug\net6.0\UnitTest.dll" adapterTypeName="executor://xunit/VsTestRunner2/netcoreapp" className="UnitTest.StudentUnitTest" name="CheckFreeTest_ValidUserId_ReturnsOkResult" />
    </UnitTest>
    <UnitTest name="UnitTest.QuizUnitTest.UpdateQuiz_Failed" storage="d:\nam4hk1\doantotnghiep\documents\source\learning-toeic\be\unittest\bin\debug\net6.0\unittest.dll" id="5510b881-d000-1442-5ca9-1ecc5340a12c">
      <Execution id="8d21b76c-4d9c-4839-9cc3-c4833f303f17" />
      <TestMethod codeBase="D:\Nam4HK1\DoAnTotNghiep\Documents\Source\learning-toeic\be\UnitTest\bin\Debug\net6.0\UnitTest.dll" adapterTypeName="executor://xunit/VsTestRunner2/netcoreapp" className="UnitTest.QuizUnitTest" name="UpdateQuiz_Failed" />
    </UnitTest>
    <UnitTest name="UnitTest.TestUnitTest.GetAllTestByProfessor_ReturnsNotFound" storage="d:\nam4hk1\doantotnghiep\documents\source\learning-toeic\be\unittest\bin\debug\net6.0\unittest.dll" id="b510f914-3ed3-1d0c-931b-9136a97f9d1b">
      <Execution id="7737ce55-ccbe-4ed1-8044-43f48690e4fd" />
      <TestMethod codeBase="D:\Nam4HK1\DoAnTotNghiep\Documents\Source\learning-toeic\be\UnitTest\bin\Debug\net6.0\UnitTest.dll" adapterTypeName="executor://xunit/VsTestRunner2/netcoreapp" className="UnitTest.TestUnitTest" name="GetAllTestByProfessor_ReturnsNotFound" />
    </UnitTest>
    <UnitTest name="UnitTest.QuizUnitTest.GetAllQuizzes_NotFound" storage="d:\nam4hk1\doantotnghiep\documents\source\learning-toeic\be\unittest\bin\debug\net6.0\unittest.dll" id="8a4150ce-a4b9-871d-127b-28170e7f612e">
      <Execution id="b1fba438-6fdc-4c77-a666-f52db57ca0e8" />
      <TestMethod codeBase="D:\Nam4HK1\DoAnTotNghiep\Documents\Source\learning-toeic\be\UnitTest\bin\Debug\net6.0\UnitTest.dll" adapterTypeName="executor://xunit/VsTestRunner2/netcoreapp" className="UnitTest.QuizUnitTest" name="GetAllQuizzes_NotFound" />
    </UnitTest>
    <UnitTest name="UnitTest.TestUnitTest.GetAllTestByType_ReturnsOkResult" storage="d:\nam4hk1\doantotnghiep\documents\source\learning-toeic\be\unittest\bin\debug\net6.0\unittest.dll" id="8e492d2b-8902-5bd6-ab18-f7cfa1feb6b9">
      <Execution id="cbfa980b-aed1-4f59-9d09-92e71102492b" />
      <TestMethod codeBase="D:\Nam4HK1\DoAnTotNghiep\Documents\Source\learning-toeic\be\UnitTest\bin\Debug\net6.0\UnitTest.dll" adapterTypeName="executor://xunit/VsTestRunner2/netcoreapp" className="UnitTest.TestUnitTest" name="GetAllTestByType_ReturnsOkResult" />
    </UnitTest>
    <UnitTest name="UnitTest.StudentUnitTest.CheckFreeTest_InvalidUserId_ReturnsOkResultWithFalse" storage="d:\nam4hk1\doantotnghiep\documents\source\learning-toeic\be\unittest\bin\debug\net6.0\unittest.dll" id="49e25ceb-49cf-97f4-2656-417a2efddf4e">
      <Execution id="f217b0b3-627a-41bf-ae10-206cf100d68d" />
      <TestMethod codeBase="D:\Nam4HK1\DoAnTotNghiep\Documents\Source\learning-toeic\be\UnitTest\bin\Debug\net6.0\UnitTest.dll" adapterTypeName="executor://xunit/VsTestRunner2/netcoreapp" className="UnitTest.StudentUnitTest" name="CheckFreeTest_InvalidUserId_ReturnsOkResultWithFalse" />
    </UnitTest>
    <UnitTest name="UnitTest.UserAnswerUnitTest.GetUserAnswerByRecord_ReturnsOkResult_WithAnswer" storage="d:\nam4hk1\doantotnghiep\documents\source\learning-toeic\be\unittest\bin\debug\net6.0\unittest.dll" id="67ab1dac-7d76-a376-8ddc-925bb5b904de">
      <Execution id="34ec03f1-9711-4af2-bc39-ce4b268c4752" />
      <TestMethod codeBase="D:\Nam4HK1\DoAnTotNghiep\Documents\Source\learning-toeic\be\UnitTest\bin\Debug\net6.0\UnitTest.dll" adapterTypeName="executor://xunit/VsTestRunner2/netcoreapp" className="UnitTest.UserAnswerUnitTest" name="GetUserAnswerByRecord_ReturnsOkResult_WithAnswer" />
    </UnitTest>
    <UnitTest name="UnitTest.RecordUnitTest.UpdateReport_Success" storage="d:\nam4hk1\doantotnghiep\documents\source\learning-toeic\be\unittest\bin\debug\net6.0\unittest.dll" id="7d2c6b1c-5d6a-a748-0576-8db5c31d541d">
      <Execution id="d13d3797-acd0-4a65-9bce-07de973cb633" />
      <TestMethod codeBase="D:\Nam4HK1\DoAnTotNghiep\Documents\Source\learning-toeic\be\UnitTest\bin\Debug\net6.0\UnitTest.dll" adapterTypeName="executor://xunit/VsTestRunner2/netcoreapp" className="UnitTest.RecordUnitTest" name="UpdateReport_Success" />
    </UnitTest>
    <UnitTest name="UnitTest.CourseUnitTest.Add_Courses_Success" storage="d:\nam4hk1\doantotnghiep\documents\source\learning-toeic\be\unittest\bin\debug\net6.0\unittest.dll" id="c4b0a66a-9550-6a6d-b7db-54b55c253494">
      <Execution id="e89a445a-90ab-4880-8407-2c16cdd559cb" />
      <TestMethod codeBase="D:\Nam4HK1\DoAnTotNghiep\Documents\Source\learning-toeic\be\UnitTest\bin\Debug\net6.0\UnitTest.dll" adapterTypeName="executor://xunit/VsTestRunner2/netcoreapp" className="UnitTest.CourseUnitTest" name="Add_Courses_Success" />
    </UnitTest>
    <UnitTest name="UnitTest.TestPartUnitTest.GetAllTestParts_ReturnsNotFound" storage="d:\nam4hk1\doantotnghiep\documents\source\learning-toeic\be\unittest\bin\debug\net6.0\unittest.dll" id="c880452d-8feb-af0c-f9c1-20f8084b53c5">
      <Execution id="7ce151f5-c4e2-4197-8c50-413130e7d8cc" />
      <TestMethod codeBase="D:\Nam4HK1\DoAnTotNghiep\Documents\Source\learning-toeic\be\UnitTest\bin\Debug\net6.0\UnitTest.dll" adapterTypeName="executor://xunit/VsTestRunner2/netcoreapp" className="UnitTest.TestPartUnitTest" name="GetAllTestParts_ReturnsNotFound" />
    </UnitTest>
    <UnitTest name="UnitTest.TestUnitTest.GetAllTestByType_ReturnsNotFound" storage="d:\nam4hk1\doantotnghiep\documents\source\learning-toeic\be\unittest\bin\debug\net6.0\unittest.dll" id="64bdeb8b-614f-d653-39a7-398590e81e71">
      <Execution id="8b7c6e80-2c82-4572-a8c0-fe0bc6d90284" />
      <TestMethod codeBase="D:\Nam4HK1\DoAnTotNghiep\Documents\Source\learning-toeic\be\UnitTest\bin\Debug\net6.0\UnitTest.dll" adapterTypeName="executor://xunit/VsTestRunner2/netcoreapp" className="UnitTest.TestUnitTest" name="GetAllTestByType_ReturnsNotFound" />
    </UnitTest>
    <UnitTest name="UnitTest.TestQuestionUnitUnitTest.UpdateTestQuestionUnit_ReturnsInternalServerError_WhenUpdateFails" storage="d:\nam4hk1\doantotnghiep\documents\source\learning-toeic\be\unittest\bin\debug\net6.0\unittest.dll" id="7d38ba59-b353-4cca-28fb-f779651103a7">
      <Execution id="8e26583a-632f-4200-b4e5-e4ada7b6b974" />
      <TestMethod codeBase="D:\Nam4HK1\DoAnTotNghiep\Documents\Source\learning-toeic\be\UnitTest\bin\Debug\net6.0\UnitTest.dll" adapterTypeName="executor://xunit/VsTestRunner2/netcoreapp" className="UnitTest.TestQuestionUnitUnitTest" name="UpdateTestQuestionUnit_ReturnsInternalServerError_WhenUpdateFails" />
    </UnitTest>
    <UnitTest name="UnitTest.TestQuestionUnitUnitTest.AddTestQuestionUnit_ReturnsOkResult_WhenSuccessfullyAdded" storage="d:\nam4hk1\doantotnghiep\documents\source\learning-toeic\be\unittest\bin\debug\net6.0\unittest.dll" id="c4b78c64-1e38-fae4-a964-5f1a9d093411">
      <Execution id="472d8ce7-ee84-461c-9242-2cbbc3e299a8" />
      <TestMethod codeBase="D:\Nam4HK1\DoAnTotNghiep\Documents\Source\learning-toeic\be\UnitTest\bin\Debug\net6.0\UnitTest.dll" adapterTypeName="executor://xunit/VsTestRunner2/netcoreapp" className="UnitTest.TestQuestionUnitUnitTest" name="AddTestQuestionUnit_ReturnsOkResult_WhenSuccessfullyAdded" />
    </UnitTest>
    <UnitTest name="UnitTest.RecordUnitTest.GetAllFalseReports_Success" storage="d:\nam4hk1\doantotnghiep\documents\source\learning-toeic\be\unittest\bin\debug\net6.0\unittest.dll" id="3aa4c10e-6ed3-e6bf-7617-897db35487f7">
      <Execution id="1a41ef4c-1cab-4483-a671-920f1c7fdc6b" />
      <TestMethod codeBase="D:\Nam4HK1\DoAnTotNghiep\Documents\Source\learning-toeic\be\UnitTest\bin\Debug\net6.0\UnitTest.dll" adapterTypeName="executor://xunit/VsTestRunner2/netcoreapp" className="UnitTest.RecordUnitTest" name="GetAllFalseReports_Success" />
    </UnitTest>
    <UnitTest name="UnitTest.QuizUnitTest.GetAllQuizByLesson_NotFound" storage="d:\nam4hk1\doantotnghiep\documents\source\learning-toeic\be\unittest\bin\debug\net6.0\unittest.dll" id="8497a0c1-6128-c052-aae9-d69e9abd45b6">
      <Execution id="5aa17366-8a87-4ba2-b32d-c2bfa7468302" />
      <TestMethod codeBase="D:\Nam4HK1\DoAnTotNghiep\Documents\Source\learning-toeic\be\UnitTest\bin\Debug\net6.0\UnitTest.dll" adapterTypeName="executor://xunit/VsTestRunner2/netcoreapp" className="UnitTest.QuizUnitTest" name="GetAllQuizByLesson_NotFound" />
    </UnitTest>
    <UnitTest name="UnitTest.CourseUnitTest.Delete_Courses_Success" storage="d:\nam4hk1\doantotnghiep\documents\source\learning-toeic\be\unittest\bin\debug\net6.0\unittest.dll" id="73b645e6-0a3b-7d86-625a-e4b1aebcf7e1">
      <Execution id="11345ba8-4aa5-4117-9e58-0e6e653a69d4" />
      <TestMethod codeBase="D:\Nam4HK1\DoAnTotNghiep\Documents\Source\learning-toeic\be\UnitTest\bin\Debug\net6.0\UnitTest.dll" adapterTypeName="executor://xunit/VsTestRunner2/netcoreapp" className="UnitTest.CourseUnitTest" name="Delete_Courses_Success" />
    </UnitTest>
    <UnitTest name="UnitTest.TestUnitTest.AddTest_ReturnsInternalServerError" storage="d:\nam4hk1\doantotnghiep\documents\source\learning-toeic\be\unittest\bin\debug\net6.0\unittest.dll" id="d7585462-878f-0acd-cce0-99a40cc2e78e">
      <Execution id="eacfd222-a33b-4f06-be9e-aac636f04885" />
      <TestMethod codeBase="D:\Nam4HK1\DoAnTotNghiep\Documents\Source\learning-toeic\be\UnitTest\bin\Debug\net6.0\UnitTest.dll" adapterTypeName="executor://xunit/VsTestRunner2/netcoreapp" className="UnitTest.TestUnitTest" name="AddTest_ReturnsInternalServerError" />
    </UnitTest>
    <UnitTest name="UnitTest.TestQuestionUnitUnitTest.GetAllTestQuestionUnitByTest_ReturnsOkResult_WithListOfTestQuestionUnits" storage="d:\nam4hk1\doantotnghiep\documents\source\learning-toeic\be\unittest\bin\debug\net6.0\unittest.dll" id="b19ba2bf-e230-e1f8-12a6-89e3f367e7b8">
      <Execution id="d329256b-c4e7-4fdd-837b-5d6da0eec096" />
      <TestMethod codeBase="D:\Nam4HK1\DoAnTotNghiep\Documents\Source\learning-toeic\be\UnitTest\bin\Debug\net6.0\UnitTest.dll" adapterTypeName="executor://xunit/VsTestRunner2/netcoreapp" className="UnitTest.TestQuestionUnitUnitTest" name="GetAllTestQuestionUnitByTest_ReturnsOkResult_WithListOfTestQuestionUnits" />
    </UnitTest>
    <UnitTest name="UnitTest.QuestionUnitTest.GetAll_Questions_NotFound" storage="d:\nam4hk1\doantotnghiep\documents\source\learning-toeic\be\unittest\bin\debug\net6.0\unittest.dll" id="ee7d3197-6b3d-6a14-5487-614fafda04d6">
      <Execution id="7c8b3078-bf95-4b2c-9b5e-5f053cc15946" />
      <TestMethod codeBase="D:\Nam4HK1\DoAnTotNghiep\Documents\Source\learning-toeic\be\UnitTest\bin\Debug\net6.0\UnitTest.dll" adapterTypeName="executor://xunit/VsTestRunner2/netcoreapp" className="UnitTest.QuestionUnitTest" name="GetAll_Questions_NotFound" />
    </UnitTest>
    <UnitTest name="UnitTest.RecordUnitTest.UpdateReport_Failure" storage="d:\nam4hk1\doantotnghiep\documents\source\learning-toeic\be\unittest\bin\debug\net6.0\unittest.dll" id="4087e5cb-4f26-c584-ba9f-9ec22e38d03d">
      <Execution id="e4cd745e-8735-4740-be18-0ecbf1d12ead" />
      <TestMethod codeBase="D:\Nam4HK1\DoAnTotNghiep\Documents\Source\learning-toeic\be\UnitTest\bin\Debug\net6.0\UnitTest.dll" adapterTypeName="executor://xunit/VsTestRunner2/netcoreapp" className="UnitTest.RecordUnitTest" name="UpdateReport_Failure" />
    </UnitTest>
    <UnitTest name="UnitTest.TestTypeUnitTest.GetTypeNameByTest_ReturnsNotFoundResult_WhenTypeNameNotFound" storage="d:\nam4hk1\doantotnghiep\documents\source\learning-toeic\be\unittest\bin\debug\net6.0\unittest.dll" id="d966d3d7-cd86-2ec6-1cab-810d8b2cf19e">
      <Execution id="e4d877b5-43ea-4aa0-8ad9-f1f0e0b635bc" />
      <TestMethod codeBase="D:\Nam4HK1\DoAnTotNghiep\Documents\Source\learning-toeic\be\UnitTest\bin\Debug\net6.0\UnitTest.dll" adapterTypeName="executor://xunit/VsTestRunner2/netcoreapp" className="UnitTest.TestTypeUnitTest" name="GetTypeNameByTest_ReturnsNotFoundResult_WhenTypeNameNotFound" />
    </UnitTest>
    <UnitTest name="UnitTest.LessonUnitTest.Update_Lesson_Failed" storage="d:\nam4hk1\doantotnghiep\documents\source\learning-toeic\be\unittest\bin\debug\net6.0\unittest.dll" id="f2f2b981-c8cc-af37-05af-ac8174d8f85c">
      <Execution id="079a8907-5b4a-4275-8d4d-1ebbd32707cf" />
      <TestMethod codeBase="D:\Nam4HK1\DoAnTotNghiep\Documents\Source\learning-toeic\be\UnitTest\bin\Debug\net6.0\UnitTest.dll" adapterTypeName="executor://xunit/VsTestRunner2/netcoreapp" className="UnitTest.LessonUnitTest" name="Update_Lesson_Failed" />
    </UnitTest>
[...]
      <Execution id="6aed3cdd-e2d8-4ac7-b3ba-f730865e21ae" />
      <TestMethod codeBase="D:\Nam4HK1\DoAnTotNghiep\Documents\Source\learning-toeic\be\UnitTest\bin\Debug\net6.0\UnitTest.dll" adapterTypeName="executor://xunit/VsTestRunner2/netcoreapp" className="UnitTest.QuizUnitTest" name="GetQuizById_Success" />
    </UnitTest>
    <UnitTest name="UnitTest.TestQuestionUnitUnitTest.GetAllTestQuestionUnits_ReturnsOkResult_WithListOfTestQuestionUnits" storage="d:\nam4hk1\doantotnghiep\documents\source\learning-toeic\be\unittest\bin\debug\net6.0\unittest.dll" id="92d33082-0b7b-aae1-0f16-d4507b2896da">
      <Execution id="a157fcd5-4c77-4caa-a5a4-55b9eb6c3f29" />
      <TestMethod codeBase="D:\Nam4HK1\DoAnTotNghiep\Documents\Source\learning-toeic\be\UnitTest\bin\Debug\net6.0\UnitTest.dll" adapterTypeName="executor://xunit/VsTestRunner2/netcoreapp" className="UnitTest.TestQuestionUnitUnitTest" name="GetAllTestQuestionUnits_ReturnsOkResult_WithListOfTestQuestionUnits" />
    </UnitTest>
    <UnitTest name="UnitTest.TestQuestionUnitUnitTest.AddTestQuestionUnit_ReturnsInternalServerError_WhenAddFails" storage="d:\nam4hk1\doantotnghiep\documents\source\learning-toeic\be\unittest\bin\debug\net6.0\unittest.dll" id="2a56740d-a5e8-c3d2-0689-21179d437ea6">
      <Execution id="fdfe7229-d13e-4e14-86be-754acd48f453" />
      <TestMethod codeBase="D:\Nam4HK1\DoAnTotNghiep\Documents\Source\learning-toeic\be\UnitTest\bin\Debug\net6.0\UnitTest.dll" adapterTypeName="executor://xunit/VsTestRunner2/netcoreapp" className="UnitTest.TestQuestionUnitUnitTest" name="AddTestQuestionUnit_ReturnsInternalServerError_WhenAddFails" />
    </UnitTest>
  </TestDefinitions>
  <TestEntries>
    <TestEntry testId="598acd0e-fd59-92c9-717e-1755905f768e" executionId="bbf60c20-b18b-4f77-9e72-56f2fe1b59b1" testListId="8c84fa94-04c1-424b-9868-57a2d4851a1d" />
    <TestEntry testId="696dd1cf-9993-aeb3-86b7-d34305da9ec7" executionId="90196353-a38a-4aee-8d48-97bf270b3464" testListId="8c84fa94-04c1-424b-9868-57a2d4851a1d" />
    <TestEntry testId="0c4feb14-c872-49c5-6c0e-e75bdd68c694" executionId="ad15f7f2-aa4f-4828-8e3b-7c488632df01" testListId="8c84fa94-04c1-424b-9868-57a2d4851a1d" />
    <TestEntry testId="5d8d5e52-822e-9f81-9224-fee3d1b172d8" executionId="cfa04e6c-43c2-4ffa-9553-b4fa53964125" testListId="8c84fa94-04c1-424b-9868-57a2d4851a1d" />
    <TestEntry testId="4b1c78f2-d537-cfcc-2f00-046023f2c8e8" executionId="c1d3a6e2-3a5c-4871-a711-ab7b9ece3cd9" testListId="8c84fa94-04c1-424b-9868-57a2d4851a1d" />
    <TestEntry testId="3803fbce-c684-1cb7-127b-185f2799d806" executionId="d2c8c641-4659-46a5-b7a9-30a9c76f4ab8" testListId="8c84fa94-04c1-424b-9868-57a2d4851a1d" />
    <TestEntry testId="2a56740d-a5e8-c3d2-0689-21179d437ea6" executionId="fdfe7229-d13e-4e14-86be-754acd48f453" testListId="8c84fa94-04c1-424b-9868-57a2d4851a1d" />
    <TestEntry testId="cacaf7dc-6e3e-9138-39d3-a52e0ca73746" executionId="51b3c873-7c53-4e35-835f-dc1db99b554b" testListId="8c84fa94-04c1-424b-9868-57a2d4851a1d" />
    <TestEntry testId="c4b0a66a-9550-6a6d-b7db-54b55c253494" executionId="e89a445a-90ab-4880-8407-2c16cdd559cb" testListId="8c84fa94-04c1-424b-9868-57a2d4851a1d" />
    <TestEntry testId="e9cc7271-1312-f6e3-dd59-d9974801435c" executionId="a113327d-269a-4e8c-9a6b-0a02b45e609a" testListId="8c84fa94-04c1-424b-9868-57a2d4851a1d" />
    <TestEntry testId="0c8d7cf3-df8c-0cf2-983f-8bd75be01d18" executionId="5efab830-678c-422f-8a33-1d653331df4c" testListId="8c84fa94-04c1-424b-9868-57a2d4851a1d" />
    <TestEntry testId="8ea2eb8e-88a4-12b3-72f2-59ffe28fdafc" executionId="6aed3cdd-e2d8-4ac7-b3ba-f730865e21ae" testListId="8c84fa94-04c1-424b-9868-57a2d4851a1d" />
    <TestEntry testId="3aa4c10e-6ed3-e6bf-7617-897db35487f7" executionId="1a41ef4c-1cab-4483-a671-920f1c7fdc6b" testListId="8c84fa94-04c1-424b-9868-57a2d4851a1d" />
    <TestEntry testId="8a4150ce-a4b9-871d-127b-28170e7f612e" executionId="b1fba438-6fdc-4c77-a666-f52db57ca0e8" testListId="8c84fa94-04c1-424b-9868-57a2d4851a1d" />
    <TestEntry testId="b6111566-d7ba-0dbd-70e2-629ef9ddb6c6" executionId="165f3bdf-77de-4370-82c3-672e096979f8" testListId="8c84fa94-04c1-424b-9868-57a2d4851a1d" />
    <TestEntry testId="60882d0b-67eb-48f8-fe14-ef020251209f" executionId="b4d8d3e4-c85b-484d-9c36-f900d462f1ba" testListId="8c84fa94-04c1-424b-9868-57a2d4851a1d" />
    <TestEntry testId="95cf026c-d7c0-ce4e-5604-75b9ee6bb00e" executionId="d8d1ec61-f725-4931-bad4-23649acf6bc0" testListId="8c84fa94-04c1-424b-9868-57a2d4851a1d" />
    <TestEntry testId="92d33082-0b7b-aae1-0f16-d4507b2896da" executionId="a157fcd5-4c77-4caa-a5a4-55b9eb6c3f29" testListId="8c84fa94-04c1-424b-9868-57a2d4851a1d" />
    <TestEntry testId="e3d233ac-78b6-99a9-e9d6-0fec3bf024a1" executionId="8bac86fe-ce7e-4ed8-b170-81915c3511bd" testListId="8c84fa94-04c1-424b-9868-57a2d4851a1d" />
    <TestEntry testId="7d2d1c5a-da2f-9802-2701-7bd96d7e34c0" executionId="e0838b19-84d5-4c81-a52c-5baf5036e887" testListId="8c84fa94-04c1-424b-9868-57a2d4851a1d" />
    <TestEntry testId="7f56a069-a01c-5690-80f2-9bd8c23840cb" executionId="8fa04526-56ab-462b-ab21-d785291dd7c7" testListId="8c84fa94-04c1-424b-9868-57a2d4851a1d" />
    <TestEntry testId="faed0550-ed58-2904-da86-32d5f82d8637" executionId="f0c3f99c-55f5-4431-a4cb-03cae54dab04" testListId="8c84fa94-04c1-424b-9868-57a2d4851a1d" />
    <TestEntry testId="aaa7b708-3546-4383-347f-4aa8ed7e3f27" executionId="92e06cf2-c7c5-49bc-94c6-a957164d6888" testListId="8c84fa94-04c1-424b-9868-57a2d4851a1d" />
    <TestEntry testId="5eae56cf-57d3-7112-90ef-26224638d159" executionId="787c3d01-44f7-4576-9526-0108592a59da" testListId="8c84fa94-04c1-424b-9868-57a2d4851a1d" />
    <TestEntry testId="e4d539aa-953b-7b08-21a0-b7abdfce4091" executionId="c3fc2ccf-1841-4ea0-9802-2e3f311eaf7e" testListId="8c84fa94-04c1-424b-9868-57a2d4851a1d" />
    <TestEntry testId="ee7d3197-6b3d-6a14-5487-614fafda04d6" executionId="7c8b3078-bf95-4b2c-9b5e-5f053cc15946" testListId="8c84fa94-04c1-424b-9868-57a2d4851a1d" />
    <TestEntry testId="b7d326d1-b0c4-6b27-9175-0922ad719a07" executionId="ebc9ec6a-88b9-4ead-98cb-c2840b9e9cb5" testListId="8c84fa94-04c1-424b-9868-57a2d4851a1d" />
    <TestEntry testId="2d764e76-ad26-266e-8149-a5ad8bceaf21" executionId="e8c64b48-e44b-404c-8579-4c0f8bc1c6cb" testListId="8c84fa94-04c1-424b-9868-57a2d4851a1d" />
    <TestEntry testId="d915455a-6bfb-c113-6276-c22da17bd526" executionId="2af00bf1-0448-4610-9fee-ee5afc2701ca" testListId="8c84fa94-04c1-424b-9868-57a2d4851a1d" />
    <TestEntry testId="52f3bb53-584e-f539-a34a-f8b620082c84" executionId="2b0a1873-6a8f-4eaa-9d84-bb1be82f6309" testListId="8c84fa94-04c1-424b-9868-57a2d4851a1d" />
    <TestEntry testId="14b13b4c-a2b8-ad3a-2c9d-d76dd1137089" executionId="0166f352-58f5-4ed7-8783-9a4758f74e17" testListId="8c84fa94-04c1-424b-9868-57a2d4851a1d" />
    <TestEntry testId="bcf87596-7cda-546e-4e21-3a0a2da8d51c" executionId="73310014-0562-4a2f-b82d-d114a9600a24" testListId="8c84fa94-04c1-424b-9868-57a2d4851a1d" />
    <TestEntry testId="acc636f7-1379-d335-8d87-736903123764" executionId="90cf9be2-ef36-44c3-87e1-6e4897e2bf3c" testListId="8c84fa94-04c1-424b-9868-57a2d4851a1d" />
    <TestEntry testId="e0ac479f-c66d-f996-e8e6-2768689eb883" executionId="c1e26fc6-c13a-4a67-b376-208bae6eb808" testListId="8c84fa94-04c1-424b-9868-57a2d4851a1d" />
    <TestEntry testId="fb0b934a-ecfa-69b2-6b5e-1312365abd30" executionId="7ace8eaf-ba0d-4136-89c7-ac282e1698bf" testListId="8c84fa94-04c1-424b-9868-57a2d4851a1d" />
    <TestEntry testId="c4b78c64-1e38-fae4-a964-5f1a9d093411" executionId="472d8ce7-ee84-461c-9242-2cbbc3e299a8" testListId="8c84fa94-04c1-424b-9868-57a2d4851a1d" />
    <TestEntry testId="4a76f1c0-d1c6-8618-e6e8-ad2a03baf8c7" executionId="e59f4ea7-b2cf-4a8b-bed2-a78e7ae45ac6" testListId="8c84fa94-04c1-424b-9868-57a2d4851a1d" />
    <TestEntry testId="ebbeb6cd-448e-c527-b4e9-2a57d2c1da5b" executionId="df4c6253-0e82-48ae-9b2b-27b56d38ae82" testListId="8c84fa94-04c1-424b-9868-57a2d4851a1d" />
    <TestEntry testId="d966d3d7-cd86-2ec6-1cab-810d8b2cf19e" executionId="e4d877b5-43ea-4aa0-8ad9-f1f0e0b635bc" testListId="8c84fa94-04c1-424b-9868-57a2d4851a1d" />
    <TestEntry testId="01d4ace8-2486-92b1-64cc-2260d5b5c8ca" executionId="000b02cf-713a-4879-8b9f-bd0ca7c0cd34" testListId="8c84fa94-04c1-424b-9868-57a2d4851a1d" />
    <TestEntry testId="5d66dd18-434f-4e53-bf2b-2aad7fd8f216" executionId="29dccf29-c1c1-4262-a666-94c52fa93ebb" testListId="8c84fa94-04c1-424b-9868-57a2d4851a1d" />
    <TestEntry testId="9a20be72-f145-05ca-7779-62c7f33e7f3a" executionId="35b842bb-9e15-4927-ba78-634edb26684d" testListId="8c84fa94-04c1-424b-9868-57a2d4851a1d" />
    <TestEntry testId="dbc7e35a-9cce-dcaa-b472-3d4a37c59def" executionId="0dc9a782-525d-4be2-b92a-624cb9d2a976" testListId="8c84fa94-04c1-424b-9868-57a2d4851a1d" />
    <TestEntry testId="64bdeb8b-614f-d653-39a7-398590e81e71" executionId="8b7c6e80-2c82-4572-a8c0-fe0bc6d90284" testListId="8c84fa94-04c1-424b-9868-57a2d4851a1d" />
    <TestEntry testId="73b645e6-0a3b-7d86-625a-e4b1aebcf7e1" executionId="11345ba8-4aa5-4117-9e58-0e6e653a69d4" testListId="8c84fa94-04c1-424b-9868-57a2d4851a1d" />
    <TestEntry testId="f99daf59-1831-9f8d-ffdd-e80cde415387" executionId="172c82f5-985f-4327-9aae-7ee8c44a1d9c" testListId="8c84fa94-04c1-424b-9868-57a2d4851a1d" />
    <TestEntry testId="7b0203af-9ee4-0515-8ada-ea2887c5b90a" executionId="e2d43cba-e92e-471b-adb7-22c5b74f3232" testListId="8c84fa94-04c1-424b-9868-57a2d4851a1d" />
    <TestEntry testId="4cea5854-131d-bf5d-d76e-b6a6fe273450" executionId="ee212ef7-660c-4f7d-94a3-045bb5c44024" testListId="8c84fa94-04c1-424b-9868-57a2d4851a1d" />
    <TestEntry testId="e16d370d-9fd6-13a6-0ecd-f274d691ea6e" executionId="1d4b19a0-e9ed-46cf-8769-e2165715f3ee" testListId="8c84fa94-04c1-424b-9868-57a2d4851a1d" />
    <TestEntry testId="65379a46-f205-793d-1ff5-436af43790d7" executionId="5da7cb0d-c7a0-489c-b452-ddeaef18e80e" testListId="8c84fa94-04c1-424b-9868-57a2d4851a1d" />
    <TestEntry testId="b19ba2bf-e230-e1f8-12a6-89e3f367e7b8" executionId="d329256b-c4e7-4fdd-837b-5d6da0eec096" testListId="8c84fa94-04c1-424b-9868-57a2d4851a1d" />
    <TestEntry testId="4087e5cb-4f26-c584-ba9f-9ec22e38d03d" executionId="e4cd745e-8735-4740-be18-0ecbf1d12ead" testListId="8c84fa94-04c1-424b-9868-57a2d4851a1d" />
    <TestEntry testId="9d66add9-aacc-f69a-3f33-de5f73818d9f" executionId="a42cdb76-09e6-4115-a06f-020a759d6510" testListId="8c84fa94-04c1-424b-9868-57a2d4851a1d" />
    <TestEntry testId="185297d2-d068-2245-db73-5fa9b015dd43" executionId="5b2605f6-4bd7-46fb-b71e-b12a6a95b02d" testListId="8c84fa94-04c1-424b-9868-57a2d4851a1d" />
    <TestEntry testId="265ef14a-1574-9041-7cd2-b7d87bacc4ce" executionId="ea1e123d-e2be-456e-88a3-ff9dcc890e76" testListId="8c84fa94-04c1-424b-9868-57a2d4851a1d" />
    <TestEntry testId="8e492d2b-8902-5bd6-ab18-f7cfa1feb6b9" executionId="cbfa980b-aed1-4f59-9d09-92e71102492b" testListId="8c84fa94-04c1-424b-9868-57a2d4851a1d" />
    <TestEntry testId="f610fffe-a6d4-005d-8fb7-9f29c3794c0c" executionId="8766582f-09d1-4edd-96b6-d66a555521ef" testListId="8c84fa94-04c1-424b-9868-57a2d4851a1d" />
    <TestEntry testId="bddf7689-06c5-a518-4ffc-d9f44438c48b" executionId="7a26aae0-4876-4a91-b143-290b376473cb" testListId="8c84fa94-04c1-424b-9868-57a2d4851a1d" />
    <TestEntry testId="3d64daf1-0f63-30eb-a797-0fe64cead45f" executionId="d91bcd49-051a-41ae-8995-a830ee1f453e" testListId="8c84fa94-04c1-424b-9868-57a2d4851a1d" />
    <TestEntry testId="86e4d756-386d-06ab-63cc-edbbc4623125" executionId="8fd2b0f8-5165-41d6-b9f5-0519bd2f3498" testListId="8c84fa94-04c1-424b-9868-57a2d4851a1d" />
    <TestEntry testId="b510f914-3ed3-1d0c-931b-9136a97f9d1b" executionId="7737ce55-ccbe-4ed1-8044-43f48690e4fd" testListId="8c84fa94-04c1-424b-9868-57a2d4851a1d" />
    <TestEntry testId="47ddc28f-6d7f-dcba-998b-1fcdc067eedd" executionId="9de0eb92-ffbb-4a8e-9a6a-0264a189add5" testListId="8c84fa94-04c1-424b-9868-57a2d4851a1d" />
    <TestEntry testId="f2f2b981-c8cc-af37-05af-ac8174d8f85c" executionId="079a8907-5b4a-4275-8d4d-1ebbd32707cf" testListId="8c84fa94-04c1-424b-9868-57a2d4851a1d" />
    <TestEntry testId="6d718b62-edfb-a214-2975-88bc8dcff2e5" executionId="7788e234-6dd3-4614-b8ee-19fed854e3df" testListId="8c84fa94-04c1-424b-9868-57a2d4851a1d" />
    <TestEntry testId="cf168dff-b183-f82e-7ebd-cccb9a12af8b" executionId="7ab4d287-9077-40ae-84f5-38d59301c70f" testListId="8c84fa94-04c1-424b-9868-57a2d4851a1d" />
    <TestEntry testId="fe913582-2fa8-9272-8143-729de2544086" executionId="6d83768a-0e81-4088-8022-a776d6281e06" testListId="8c84fa94-04c1-424b-9868-57a2d4851a1d" />
    <TestEntry testId="67ab1dac-7d76-a376-8ddc-925bb5b904de" executionId="34ec03f1-9711-4af2-bc39-ce4b268c4752" testListId="8c84fa94-04c1-424b-9868-57a2d4851a1d" />
    <TestEntry testId="c8986e31-a077-73b0-6d27-e4a9f88ca1c3" executionId="795e861d-0e1f-473b-91d7-eef2de03cab6" testListId="8c84fa94-04c1-424b-9868-57a2d4851a1d" />
    <TestEntry testId="1e60cf71-ef36-ed70-2bcd-a4a0acd001de" executionId="dd18bacf-1779-42e5-9ae8-177c54587c6f" testListId="8c84fa94-04c1-424b-9868-57a2d4851a1d" />
    <TestEntry testId="4a214040-096c-c561-b4fe-0bdbe26a33de" executionId="4e25842f-b8d1-438c-a613-1c8465abb363" testListId="8c84fa94-04c1-424b-9868-57a2d4851a1d" />
    <TestEntry testId="d4db0384-4ac5-4996-fa32-52ca49f39ef6" executionId="b3f07f1f-5335-4489-87da-efd219c759ef" testListId="8c84fa94-04c1-424b-9868-57a2d4851a1d" />
    <TestEntry testId="b4ea235a-0d4c-ba3c-0acc-5639225b8c33" executionId="83632231-a843-4352-ba8f-ab4ffb8fa8d2" testListId="8c84fa94-04c1-424b-9868-57a2d4851a1d" />
    <TestEntry testId="eac753ae-668f-dbe8-4a65-e96ef0a90439" executionId="81be7aa9-5580-4d37-a027-2e0d5d4444d0" testListId="8c84fa94-04c1-424b-9868-57a2d4851a1d" />
    <TestEntry testId="2b05ddfe-79ff-4d22-ab9b-ff05b2ebdc10" executionId="b3213337-95d7-4b33-9293-aa6511b7b49f" testListId="8c84fa94-04c1-424b-9868-57a2d4851a1d" />
    <TestEntry testId="7d2c6b1c-5d6a-a748-0576-8db5c31d541d" executionId="d13d3797-acd0-4a65-9bce-07de973cb633" testListId="8c84fa94-04c1-424b-9868-57a2d4851a1d" />
    <TestEntry testId="cbb6c916-fc36-c782-cee0-b70f18c23c55" executionId="78b16e1b-4862-43e3-9d56-f7d1a904ea0a" testListId="8c84fa94-04c1-424b-9868-57a2d4851a1d" />
    <TestEntry testId="12668257-7984-a89a-7997-3ed9692cd943" executionId="b03edf0f-c19e-4a15-9d13-8b416b60f326" testListId="8c84fa94-04c1-424b-9868-57a2d4851a1d" />
    <TestEntry testId="b93f0022-3d85-d0ad-376d-cc059ec28496" executionId="cd1294c6-5c22-465b-86de-54dbf4238b61" testListId="8c84fa94-04c1-424b-9868-57a2d4851a1d" />
    <TestEntry testId="1ffb53d8-5525-0651-a2af-9387b01c4be8" executionId="945886a1-de48-47b6-b10d-33e27bf0320d" testListId="8c84fa94-04c1-424b-9868-57a2d4851a1d" />
    <TestEntry testId="fd8b6d3f-37f0-3240-00e0-3c1fd4bf17c6" executionId="05d16fdd-6c88-4d47-8bc1-1a236c173e7c" testListId="8c84fa94-04c1-424b-9868-57a2d4851a1d" />
    <TestEntry testId="90a4fa5d-efce-713e-9322-3736c6e9bad9" executionId="b965568f-a0e7-424e-9e4d-700b27070b28" testListId="8c84fa94-04c1-424b-9868-57a2d4851a1d" />
    <TestEntry testId="49e25ceb-49cf-97f4-2656-417a2efddf4e" executionId="f217b0b3-627a-41bf-ae10-206cf100d68d" testListId="8c84fa94-04c1-424b-9868-57a2d4851a1d" />
    <TestEntry testId="9eb8ca5b-561b-4839-16de-254d64ccc9c0" executionId="b81026ca-f8fc-4450-9f6e-da9bfbf54fef" testListId="8c84fa94-04c1-424b-9868-57a2d4851a1d" />
    <TestEntry testId="5cd404f5-7831-cfe3-3177-fc060c6aeb72" executionId="c7d80e2b-9060-4705-85d5-52365bc17ccb" testListId="8c84fa94-04c1-424b-9868-57a2d4851a1d" />
    <TestEntry testId="6bddcb6c-5b28-8a1c-b7bb-ee7e8b390dbd" executionId="3b400ac5-cbff-417c-a634-6d4f1f9ade3b" testListId="8c84fa94-04c1-424b-9868-57a2d4851a1d" />
    <TestEntry testId="3d43da51-c128-49da-8512-ee0462bf2cdd" executionId="7d24d49c-0449-4472-9aae-b9f84f829325" testListId="8c84fa94-04c1-424b-9868-57a2d4851a1d" />
    <TestEntry testId="f1c5ca59-6331-2b6e-da8e-e9776befaaed" executionId="966919e7-dbfa-47ea-b5bc-0522c6502eb1" testListId="8c84fa94-04c1-424b-9868-57a2d4851a1d" />
    <TestEntry testId="bce6502d-23dd-969c-c7c7-c85a27c6a35f" executionId="6a97584f-0329-4e2c-a2cd-9fe57e1d2d63" testListId="8c84fa94-04c1-424b-9868-57a2d4851a1d" />
    <TestEntry testId="d7585462-878f-0acd-cce0-99a40cc2e78e" executionId="eacfd222-a33b-4f06-be9e-aac636f04885" testListId="8c84fa94-04c1-424b-9868-57a2d4851a1d" />
    <TestEntry testId="25cedd1e-b3b4-44d5-d6c8-54673664a2e5" executionId="3d539f78-9744-44a9-953a-3017a6b44f03" testListId="8c84fa94-04c1-424b-9868-57a2d4851a1d" />
    <TestEntry testId="5510b881-d000-1442-5ca9-1ecc5340a12c" executionId="8d21b76c-4d9c-4839-9cc3-c4833f303f17" testListId="8c84fa94-04c1-424b-9868-57a2d4851a1d" />
    <TestEntry testId="8497a0c1-6128-c052-aae9-d69e9abd45b6" executionId="5aa17366-8a87-4ba2-b32d-c2bfa7468302" testListId="8c84fa94-04c1-424b-9868-57a2d4851a1d" />
    <TestEntry testId="921c6b28-a4ec-9d42-aad2-9715c01c6594" executionId="a3227ec6-1335-47c0-9d38-8c2b6915acf8" testListId="8c84fa94-04c1-424b-9868-57a2d4851a1d" />
    <TestEntry testId="1c4832d9-120e-c56f-ed35-33e9429a6cbe" executionId="66db8c05-6f3c-4fd4-8df4-401e4eabb325" testListId="8c84fa94-04c1-424b-9868-57a2d4851a1d" />
    <TestEntry testId="81a5e282-03d3-a5aa-5ab0-58569da0358f" executionId="e2257f97-0257-41e0-846c-9335037e27f6" testListId="8c84fa94-04c1-424b-9868-57a2d4851a1d" />
    <TestEntry testId="aada1de5-af42-a726-cd60-eb4d345d6b44" executionId="949ecfcc-1bd6-48d2-98b4-d4d1e8a67f8f" testListId="8c84fa94-04c1-424b-9868-57a2d4851a1d" />
    <TestEntry testId="c880452d-8feb-af0c-f9c1-20f8084b53c5" executionId="7ce151f5-c4e2-4197-8c50-413130e7d8cc" testListId="8c84fa94-04c1-424b-9868-57a2d4851a1d" />
    <TestEntry testId="c496b7fa-fff3-b6bf-5140-52a27da15d3c" executionId="cb3ff722-25e3-4525-bcb6-959fd07a3f6c" testListId="8c84fa94-04c1-424b-9868-57a2d4851a1d" />
    <TestEntry testId="3a12d930-df43-2eb9-ed8c-005834112eb3" executionId="a511aa35-68a7-4082-86df-413ea1e70542" testListId="8c84fa94-04c1-424b-9868-57a2d4851a1d" />
    <TestEntry testId="50a0c1b4-c210-c492-73a4-709b1ef19d3b" executionId="5b7d517d-e23f-4b05-9104-b582950d46fe" testListId="8c84fa94-04c1-424b-9868-57a2d4851a1d" />
    <TestEntry testId="dbaa6a56-bb0e-ac39-ae0c-39373a7da8bb" executionId="e87155a8-937e-41ea-a943-44b9053fc0aa" testListId="8c84fa94-04c1-424b-9868-57a2d4851a1d" />
    <TestEntry testId="1bed9ef5-66b3-f539-b445-5f05f9aa87e0" executionId="7671df17-c204-4ddc-bcd9-30bcbe19808b" testListId="8c84fa94-04c1-424b-9868-57a2d4851a1d" />
    <TestEntry testId="7d38ba59-b353-4cca-28fb-f779651103a7" executionId="8e26583a-632f-4200-b4e5-e4ada7b6b974" testListId="8c84fa94-04c1-424b-9868-57a2d4851a1d" />
    <TestEntry testId="0e3d9331-ed77-4d44-0397-b2a24095482f" executionId="2e2daf83-24ca-4aab-bf24-98e27d21202e" testListId="8c84fa94-04c1-424b-9868-57a2d4851a1d" />
    <TestEntry testId="12b7dc3a-266a-52db-d22a-8a248baba0c8" executionId="010f64f5-9f4f-4a21-b63b-db28ea0e63f3" testListId="8c84fa94-04c1-424b-9868-57a2d4851a1d" />
  </TestEntries>
  <TestLists>
    <TestList name="Results Not in a List" id="8c84fa94-04c1-424b-9868-57a2d4851a1d" />
    <TestList name="All Loaded Results" id="19431567-8539-422a-85d7-44ee4e166bda" />
  </TestLists>
  <ResultSummary outcome="Completed">
    <Counters total="105" executed="105" passed="105" failed="0" error="0" timeout="0" aborted="0" inconclusive="0" passedButRunAborted="0" notRunnable="0" notExecuted="0" disconnected="0" warning="0" completed="0" inProgress="0" pending="0" />
    <Output>
      <StdOut>[xUnit.net 00:00:00.00] xUnit.net VSTest Adapter v2.5.5+28b46ff510 (64-bit .NET 6.0.29)&#xD;
[xUnit.net 00:00:00.11]   Discovering: UnitTest&#xD;
[xUnit.net 00:00:00.17]   Discovered:  UnitTest&#xD;
[xUnit.net 00:00:00.18]   Starting:    UnitTest&#xD;
[xUnit.net 00:00:00.70]   Finished:    UnitTest&#xD;
</StdOut>
    </Output>
  </ResultSummary>
</TestRun>