<?xml version="1.0" encoding="utf-8"?>
<TestRun id="d255fe6a-235a-41da-bd3b-be7293280cd8" name="ViDao@DESKTOP-FSB0OBD 2024-06-21 13:23:37" runUser="DESKTOP-FSB0OBD\ViDao" xmlns="http://microsoft.com/schemas/VisualStudio/TeamTest/2010">
  <Times creation="2024-06-21T13:23:37.1640972+07:00" queuing="2024-06-21T13:23:37.1640975+07:00" start="2024-06-21T13:23:31.5115686+07:00" finish="2024-06-21T13:23:38.1283379+07:00" />
  <TestSettings name="default" id="ae84645f-c60b-4e97-bc43-cc7e721da7d1">
    <Deployment runDeploymentRoot="ViDao_DESKTOP-FSB0OBD_2024-06-21_13_23_37" />
  </TestSettings>
  <Results>
    <UnitTestResult executionId="d9907628-2551-4343-b795-fe864192f040" testId="faed0550-ed58-2904-da86-32d5f82d8637" testName="UnitTest.TestUnitTest.UpdateTest_ReturnsOkResult" computerName="DESKTOP-FSB0OBD" duration="00:00:00.0019804" startTime="2024-06-21T13:23:37.1651498+07:00" endTime="2024-06-21T13:23:37.1651499+07:00" testType="13cdc9d9-ddb5-4fa4-a97d-d965ccfc6d4b" outcome="Passed" testListId="8c84fa94-04c1-424b-9868-57a2d4851a1d" relativeResultsDirectory="d9907628-2551-4343-b795-fe864192f040" />
    <UnitTestResult executionId="690fe999-9207-460c-91e2-64b1790f603f" testId="0c4feb14-c872-49c5-6c0e-e75bdd68c694" testName="UnitTest.QuestionUnitTest.GetAllQuestionByProfessor_Success" computerName="DESKTOP-FSB0OBD" duration="00:00:00.0015586" startTime="2024-06-21T13:23:37.1539343+07:00" endTime="2024-06-21T13:23:37.1539348+07:00" testType="13cdc9d9-ddb5-4fa4-a97d-d965ccfc6d4b" outcome="Passed" testListId="8c84fa94-04c1-424b-9868-57a2d4851a1d" relativeResultsDirectory="690fe999-9207-460c-91e2-64b1790f603f" />
    <UnitTestResult executionId="23ff427a-ddad-4ed1-8b00-d299021d5838" testId="6bddcb6c-5b28-8a1c-b7bb-ee7e8b390dbd" testName="UnitTest.QuizUnitTest.DeleteQuiz_Success" computerName="DESKTOP-FSB0OBD" duration="00:00:00.0014986" startTime="2024-06-21T13:23:37.4099621+07:00" endTime="2024-06-21T13:23:37.4099622+07:00" testType="13cdc9d9-ddb5-4fa4-a97d-d965ccfc6d4b" outcome="Passed" testListId="8c84fa94-04c1-424b-9868-57a2d4851a1d" relativeResultsDirectory="23ff427a-ddad-4ed1-8b00-d299021d5838" />
    <UnitTestResult executionId="ad78228e-529e-47bc-9abe-5154d63d21fc" testId="9eb8ca5b-561b-4839-16de-254d64ccc9c0" testName="UnitTest.CommentUnitTest.GetByLesson_Comments_Success" computerName="DESKTOP-FSB0OBD" duration="00:00:00.0042537" startTime="2024-06-21T13:23:37.1412119+07:00" endTime="2024-06-21T13:23:37.1412120+07:00" testType="13cdc9d9-ddb5-4fa4-a97d-d965ccfc6d4b" outcome="Passed" testListId="8c84fa94-04c1-424b-9868-57a2d4851a1d" relativeResultsDirectory="ad78228e-529e-47bc-9abe-5154d63d21fc" />
    <UnitTestResult executionId="4efca1f7-f9c1-4f7b-8276-292d3f9581ed" testId="1e60cf71-ef36-ed70-2bcd-a4a0acd001de" testName="UnitTest.RecordUnitTest.GetAllFalseReports_NotFound" computerName="DESKTOP-FSB0OBD" duration="00:00:00.0016295" startTime="2024-06-21T13:23:37.3958859+07:00" endTime="2024-06-21T13:23:37.3958860+07:00" testType="13cdc9d9-ddb5-4fa4-a97d-d965ccfc6d4b" outcome="Passed" testListId="8c84fa94-04c1-424b-9868-57a2d4851a1d" relativeResultsDirectory="4efca1f7-f9c1-4f7b-8276-292d3f9581ed" />
    <UnitTestResult executionId="54c5a7a5-3404-44fd-84c3-f40f59ef7871" testId="cf168dff-b183-f82e-7ebd-cccb9a12af8b" testName="UnitTest.QuestionUnitTest.GetAllQuestionByProfessor_NotFound" computerName="DESKTOP-FSB0OBD" duration="00:00:00.9772351" startTime="2024-06-21T13:23:37.1295467+07:00" endTime="2024-06-21T13:23:37.1295468+07:00" testType="13cdc9d9-ddb5-4fa4-a97d-d965ccfc6d4b" outcome="Passed" testListId="8c84fa94-04c1-424b-9868-57a2d4851a1d" relativeResultsDirectory="54c5a7a5-3404-44fd-84c3-f40f59ef7871" />
    <UnitTestResult executionId="21d74620-22af-4784-b91f-ffb05fd0c9f5" testId="cbb6c916-fc36-c782-cee0-b70f18c23c55" testName="UnitTest.QuestionUnitTest.GetById_Question_Success" computerName="DESKTOP-FSB0OBD" duration="00:00:00.0026397" startTime="2024-06-21T13:23:37.1522487+07:00" endTime="2024-06-21T13:23:37.1522493+07:00" testType="13cdc9d9-ddb5-4fa4-a97d-d965ccfc6d4b" outcome="Passed" testListId="8c84fa94-04c1-424b-9868-57a2d4851a1d" relativeResultsDirectory="21d74620-22af-4784-b91f-ffb05fd0c9f5" />
    <UnitTestResult executionId="f6e28480-552f-4c57-a483-454e17c1d502" testId="5eae56cf-57d3-7112-90ef-26224638d159" testName="UnitTest.TestTypeUnitTest.GetAllTestTypes_ReturnsOkResult_WithListOfTestTypes" computerName="DESKTOP-FSB0OBD" duration="00:00:00.0012244" startTime="2024-06-21T13:23:37.1389293+07:00" endTime="2024-06-21T13:23:37.1389294+07:00" testType="13cdc9d9-ddb5-4fa4-a97d-d965ccfc6d4b" outcome="Passed" testListId="8c84fa94-04c1-424b-9868-57a2d4851a1d" relativeResultsDirectory="f6e28480-552f-4c57-a483-454e17c1d502" />
    <UnitTestResult executionId="028e08e0-0f2d-4763-8d93-5f11e2675860" testId="b7d326d1-b0c4-6b27-9175-0922ad719a07" testName="UnitTest.RecordUnitTest.DeleteReport_Success" computerName="DESKTOP-FSB0OBD" duration="00:00:00.0028585" startTime="2024-06-21T13:23:37.3933276+07:00" endTime="2024-06-21T13:23:37.3933285+07:00" testType="13cdc9d9-ddb5-4fa4-a97d-d965ccfc6d4b" outcome="Passed" testListId="8c84fa94-04c1-424b-9868-57a2d4851a1d" relativeResultsDirectory="028e08e0-0f2d-4763-8d93-5f11e2675860" />
    <UnitTestResult executionId="dc59b200-4972-4307-b675-2591ba507b32" testId="b93f0022-3d85-d0ad-376d-cc059ec28496" testName="UnitTest.QuestionUnitTest.GetByUnit_Question_NotFound" computerName="DESKTOP-FSB0OBD" duration="00:00:00.0017025" startTime="2024-06-21T13:23:37.1595222+07:00" endTime="2024-06-21T13:23:37.1595225+07:00" testType="13cdc9d9-ddb5-4fa4-a97d-d965ccfc6d4b" outcome="Passed" testListId="8c84fa94-04c1-424b-9868-57a2d4851a1d" relativeResultsDirectory="dc59b200-4972-4307-b675-2591ba507b32" />
    <UnitTestResult executionId="b3529b52-7949-45d6-bf7d-d2568727e7e4" testId="67ab1dac-7d76-a376-8ddc-925bb5b904de" testName="UnitTest.UserAnswerUnitTest.GetUserAnswerByRecord_ReturnsOkResult_WithAnswer" computerName="DESKTOP-FSB0OBD" duration="00:00:00.0033571" startTime="2024-06-21T13:23:37.1410173+07:00" endTime="2024-06-21T13:23:37.1410174+07:00" testType="13cdc9d9-ddb5-4fa4-a97d-d965ccfc6d4b" outcome="Passed" testListId="8c84fa94-04c1-424b-9868-57a2d4851a1d" relativeResultsDirectory="b3529b52-7949-45d6-bf7d-d2568727e7e4" />
    <UnitTestResult executionId="2d9a1473-3924-4b12-a537-39096403e767" testId="c4b78c64-1e38-fae4-a964-5f1a9d093411" testName="UnitTest.TestQuestionUnitUnitTest.AddTestQuestionUnit_ReturnsOkResult_WhenSuccessfullyAdded" computerName="DESKTOP-FSB0OBD" duration="00:00:00.0010232" startTime="2024-06-21T13:23:37.3889540+07:00" endTime="2024-06-21T13:23:37.3889542+07:00" testType="13cdc9d9-ddb5-4fa4-a97d-d965ccfc6d4b" outcome="Passed" testListId="8c84fa94-04c1-424b-9868-57a2d4851a1d" relativeResultsDirectory="2d9a1473-3924-4b12-a537-39096403e767" />
    <UnitTestResult executionId="3dd36a0c-5a4d-4ec5-be7e-6cd60d62b79c" testId="acc636f7-1379-d335-8d87-736903123764" testName="UnitTest.TestUnitTest.AddTest_ReturnsOkResult" computerName="DESKTOP-FSB0OBD" duration="00:00:00.0039409" startTime="2024-06-21T13:23:37.1446653+07:00" endTime="2024-06-21T13:23:37.1446653+07:00" testType="13cdc9d9-ddb5-4fa4-a97d-d965ccfc6d4b" outcome="Passed" testListId="8c84fa94-04c1-424b-9868-57a2d4851a1d" relativeResultsDirectory="3dd36a0c-5a4d-4ec5-be7e-6cd60d62b79c" />
    <UnitTestResult executionId="574ea756-b870-47b7-81a9-a1d338474156" testId="4a76f1c0-d1c6-8618-e6e8-ad2a03baf8c7" testName="UnitTest.QuestionUnitTest.GetByQuiz_Question_Success" computerName="DESKTOP-FSB0OBD" duration="00:00:00.0125483" startTime="2024-06-21T13:23:37.1420547+07:00" endTime="2024-06-21T13:23:37.1420548+07:00" testType="13cdc9d9-ddb5-4fa4-a97d-d965ccfc6d4b" outcome="Passed" testListId="8c84fa94-04c1-424b-9868-57a2d4851a1d" relativeResultsDirectory="574ea756-b870-47b7-81a9-a1d338474156" />
    <UnitTestResult executionId="2985eb69-dc46-47cd-a6a9-94eedae7e6b2" testId="d4db0384-4ac5-4996-fa32-52ca49f39ef6" testName="UnitTest.TestQuestionUnitUnitTest.DeleteTestQuestionUnit_ReturnsNotFound_WhenDeleteFails" computerName="DESKTOP-FSB0OBD" duration="00:00:00.0017740" startTime="2024-06-21T13:23:37.4036533+07:00" endTime="2024-06-21T13:23:37.4036534+07:00" testType="13cdc9d9-ddb5-4fa4-a97d-d965ccfc6d4b" outcome="Passed" testListId="8c84fa94-04c1-424b-9868-57a2d4851a1d" relativeResultsDirectory="2985eb69-dc46-47cd-a6a9-94eedae7e6b2" />
    <UnitTestResult executionId="32858d73-2977-432e-9f91-1d7636d3b200" testId="90a4fa5d-efce-713e-9322-3736c6e9bad9" testName="UnitTest.TestPartUnitTest.GetAllTestParts_ReturnsOkResult_WithListOfTestParts" computerName="DESKTOP-FSB0OBD" duration="00:00:00.0016659" startTime="2024-06-21T13:23:37.3864652+07:00" endTime="2024-06-21T13:23:37.3864656+07:00" testType="13cdc9d9-ddb5-4fa4-a97d-d965ccfc6d4b" outcome="Passed" testListId="8c84fa94-04c1-424b-9868-57a2d4851a1d" relativeResultsDirectory="32858d73-2977-432e-9f91-1d7636d3b200" />
    <UnitTestResult executionId="257904a6-cabf-424f-b22b-b92b57219ecf" testId="6d718b62-edfb-a214-2975-88bc8dcff2e5" testName="UnitTest.TestUnitTest.DeleteTest_ReturnsOkResult" computerName="DESKTOP-FSB0OBD" duration="00:00:00.0013316" startTime="2024-06-21T13:23:37.1631129+07:00" endTime="2024-06-21T13:23:37.1631131+07:00" testType="13cdc9d9-ddb5-4fa4-a97d-d965ccfc6d4b" outcome="Passed" testListId="8c84fa94-04c1-424b-9868-57a2d4851a1d" relativeResultsDirectory="257904a6-cabf-424f-b22b-b92b57219ecf" />
    <UnitTestResult executionId="cd4c5ce2-8c35-4588-b76a-0370545b84fd" testId="0e3d9331-ed77-4d44-0397-b2a24095482f" testName="UnitTest.QuestionUnitTest.GetByUnit_Question_Success" computerName="DESKTOP-FSB0OBD" duration="00:00:00.0024973" startTime="2024-06-21T13:23:37.1472023+07:00" endTime="2024-06-21T13:23:37.1472025+07:00" testType="13cdc9d9-ddb5-4fa4-a97d-d965ccfc6d4b" outcome="Passed" testListId="8c84fa94-04c1-424b-9868-57a2d4851a1d" relativeResultsDirectory="cd4c5ce2-8c35-4588-b76a-0370545b84fd" />
    <UnitTestResult executionId="cf1f5c90-bcac-4ebf-a38d-de1c74316d0d" testId="2a56740d-a5e8-c3d2-0689-21179d437ea6" testName="UnitTest.TestQuestionUnitUnitTest.AddTestQuestionUnit_ReturnsInternalServerError_WhenAddFails" computerName="DESKTOP-FSB0OBD" duration="00:00:01.2478726" startTime="2024-06-21T13:23:37.3842680+07:00" endTime="2024-06-21T13:23:37.3842682+07:00" testType="13cdc9d9-ddb5-4fa4-a97d-d965ccfc6d4b" outcome="Passed" testListId="8c84fa94-04c1-424b-9868-57a2d4851a1d" relativeResultsDirectory="cf1f5c90-bcac-4ebf-a38d-de1c74316d0d" />
    <UnitTestResult executionId="fd37222a-340f-4342-afe7-3e0c5362342a" testId="8ea2eb8e-88a4-12b3-72f2-59ffe28fdafc" testName="UnitTest.QuizUnitTest.GetQuizById_Success" computerName="DESKTOP-FSB0OBD" duration="00:00:00.0019028" startTime="2024-06-21T13:23:37.4035911+07:00" endTime="2024-06-21T13:23:37.4035915+07:00" testType="13cdc9d9-ddb5-4fa4-a97d-d965ccfc6d4b" outcome="Passed" testListId="8c84fa94-04c1-424b-9868-57a2d4851a1d" relativeResultsDirectory="fd37222a-340f-4342-afe7-3e0c5362342a" />
    <UnitTestResult executionId="e3579503-e041-4a69-a217-eee2314ee32e" testId="b6111566-d7ba-0dbd-70e2-629ef9ddb6c6" testName="UnitTest.LessonUnitTest.Add_Lesson_Success" computerName="DESKTOP-FSB0OBD" duration="00:00:00.0019352" startTime="2024-06-21T13:23:38.0613566+07:00" endTime="2024-06-21T13:23:38.0613569+07:00" testType="13cdc9d9-ddb5-4fa4-a97d-d965ccfc6d4b" outcome="Passed" testListId="8c84fa94-04c1-424b-9868-57a2d4851a1d" relativeResultsDirectory="e3579503-e041-4a69-a217-eee2314ee32e" />
    <UnitTestResult executionId="5f475c6c-d1fe-4055-8a5a-8bdcc26528a1" testId="5d8d5e52-822e-9f81-9224-fee3d1b172d8" testName="UnitTest.LessonUnitTest.GetAll_Lessons_Success" computerName="DESKTOP-FSB0OBD" duration="00:00:01.9155130" startTime="2024-06-21T13:23:38.0518482+07:00" endTime="2024-06-21T13:23:38.0518485+07:00" testType="13cdc9d9-ddb5-4fa4-a97d-d965ccfc6d4b" outcome="Passed" testListId="8c84fa94-04c1-424b-9868-57a2d4851a1d" relativeResultsDirectory="5f475c6c-d1fe-4055-8a5a-8bdcc26528a1" />
    <UnitTestResult executionId="76167302-74eb-4b9d-a91b-4755194bd567" testId="b4ea235a-0d4c-ba3c-0acc-5639225b8c33" testName="UnitTest.TestUnitTest.UpdateTest_ReturnsInternalServerError" computerName="DESKTOP-FSB0OBD" duration="00:00:00.0047522" startTime="2024-06-21T13:23:37.1558796+07:00" endTime="2024-06-21T13:23:37.1558799+07:00" testType="13cdc9d9-ddb5-4fa4-a97d-d965ccfc6d4b" outcome="Passed" testListId="8c84fa94-04c1-424b-9868-57a2d4851a1d" relativeResultsDirectory="76167302-74eb-4b9d-a91b-4755194bd567" />
    <UnitTestResult executionId="47e7521c-1f67-4158-a9f8-cf76e3bd65fa" testId="81a5e282-03d3-a5aa-5ab0-58569da0358f" testName="UnitTest.UserAnswerUnitTest.GetUserAnswerByRecord_ReturnsNotFound_WhenAnswerIsNull" computerName="DESKTOP-FSB0OBD" duration="00:00:00.9798686" startTime="2024-06-21T13:23:37.1295227+07:00" endTime="2024-06-21T13:23:37.1295227+07:00" testType="13cdc9d9-ddb5-4fa4-a97d-d965ccfc6d4b" outcome="Passed" testListId="8c84fa94-04c1-424b-9868-57a2d4851a1d" relativeResultsDirectory="47e7521c-1f67-4158-a9f8-cf76e3bd65fa" />
    <UnitTestResult executionId="f4f5b57d-bba1-4c98-bcfc-2bdef11f2b76" testId="86e4d756-386d-06ab-63cc-edbbc4623125" testName="UnitTest.QuestionUnitTest.GetDoTest_NotFound" computerName="DESKTOP-FSB0OBD" duration="00:00:00.0031075" startTime="2024-06-21T13:23:37.1648805+07:00" endTime="2024-06-21T13:23:37.1648810+07:00" testType="13cdc9d9-ddb5-4fa4-a97d-d965ccfc6d4b" outcome="Passed" testListId="8c84fa94-04c1-424b-9868-57a2d4851a1d" relativeResultsDirectory="f4f5b57d-bba1-4c98-bcfc-2bdef11f2b76" />
    <UnitTestResult executionId="0a7f3113-f879-41b4-8f40-9861f7200e22" testId="7f56a069-a01c-5690-80f2-9bd8c23840cb" testName="UnitTest.TestQuestionUnitUnitTest.GetAllTestQuestionUnitByTest_ReturnsNotFound_WhenUnitsNotFound" computerName="DESKTOP-FSB0OBD" duration="00:00:00.0035049" startTime="2024-06-21T13:23:37.3878746+07:00" endTime="2024-06-21T13:23:37.3878747+07:00" testType="13cdc9d9-ddb5-4fa4-a97d-d965ccfc6d4b" outcome="Passed" testListId="8c84fa94-04c1-424b-9868-57a2d4851a1d" relativeResultsDirectory="0a7f3113-f879-41b4-8f40-9861f7200e22" />
    <UnitTestResult executionId="fc7246c2-9ba0-466b-bbe8-b0f5f01c224a" testId="3a12d930-df43-2eb9-ed8c-005834112eb3" testName="UnitTest.QuestionUnitTest.GetDoTest_Success" computerName="DESKTOP-FSB0OBD" duration="00:00:00.0017644" startTime="2024-06-21T13:23:37.1667403+07:00" endTime="2024-06-21T13:23:37.1667404+07:00" testType="13cdc9d9-ddb5-4fa4-a97d-d965ccfc6d4b" outcome="Passed" testListId="8c84fa94-04c1-424b-9868-57a2d4851a1d" relativeResultsDirectory="fc7246c2-9ba0-466b-bbe8-b0f5f01c224a" />
    <UnitTestResult executionId="88882fb6-899a-4f39-accf-676bf6c828df" testId="2d764e76-ad26-266e-8149-a5ad8bceaf21" testName="UnitTest.CommentUnitTest.Delete_Comments_Success" computerName="DESKTOP-FSB0OBD" duration="00:00:00.0029215" startTime="2024-06-21T13:23:37.1418821+07:00" endTime="2024-06-21T13:23:37.1418822+07:00" testType="13cdc9d9-ddb5-4fa4-a97d-d965ccfc6d4b" outcome="Passed" testListId="8c84fa94-04c1-424b-9868-57a2d4851a1d" relativeResultsDirectory="88882fb6-899a-4f39-accf-676bf6c828df" />
    <UnitTestResult executionId="15f74a76-515d-44b0-8079-a0e2ea968cd1" testId="fd8b6d3f-37f0-3240-00e0-3c1fd4bf17c6" testName="UnitTest.CommentUnitTest.Add_Comments_Success" computerName="DESKTOP-FSB0OBD" duration="00:00:00.9843291" startTime="2024-06-21T13:23:37.1295567+07:00" endTime="2024-06-21T13:23:37.1295567+07:00" testType="13cdc9d9-ddb5-4fa4-a97d-d965ccfc6d4b" outcome="Passed" testListId="8c84fa94-04c1-424b-9868-57a2d4851a1d" relativeResultsDirectory="15f74a76-515d-44b0-8079-a0e2ea968cd1" />
    <UnitTestResult executionId="02681bee-e257-40e9-b181-ca37b8d37e72" testId="12b7dc3a-266a-52db-d22a-8a248baba0c8" testName="UnitTest.TestQuestionUnitUnitTest.UpdateTestQuestionUnit_ReturnsOkResult_WhenSuccessfullyUpdated" computerName="DESKTOP-FSB0OBD" duration="00:00:00.0013110" startTime="2024-06-21T13:23:37.4078052+07:00" endTime="2024-06-21T13:23:37.4078056+07:00" testType="13cdc9d9-ddb5-4fa4-a97d-d965ccfc6d4b" outcome="Passed" testListId="8c84fa94-04c1-424b-9868-57a2d4851a1d" relativeResultsDirectory="02681bee-e257-40e9-b181-ca37b8d37e72" />
    <UnitTestResult executionId="91edf246-8499-4a0d-a11f-39a51ad56f7d" testId="9d66add9-aacc-f69a-3f33-de5f73818d9f" testName="UnitTest.TestTypeUnitTest.GetTypeNameByTest_ReturnsOkResult_WithTypeName" computerName="DESKTOP-FSB0OBD" duration="00:00:00.0037247" startTime="2024-06-21T13:23:37.1409798+07:00" endTime="2024-06-21T13:23:37.1409799+07:00" testType="13cdc9d9-ddb5-4fa4-a97d-d965ccfc6d4b" outcome="Passed" testListId="8c84fa94-04c1-424b-9868-57a2d4851a1d" relativeResultsDirectory="91edf246-8499-4a0d-a11f-39a51ad56f7d" />
    <UnitTestResult executionId="ce26e776-b679-497f-92c1-42df9cc6ed6e" testId="921c6b28-a4ec-9d42-aad2-9715c01c6594" testName="UnitTest.QuizUnitTest.GetQuizById_NotFound" computerName="DESKTOP-FSB0OBD" duration="00:00:00.0032326" startTime="2024-06-21T13:23:37.3907027+07:00" endTime="2024-06-21T13:23:37.3907031+07:00" testType="13cdc9d9-ddb5-4fa4-a97d-d965ccfc6d4b" outcome="Passed" testListId="8c84fa94-04c1-424b-9868-57a2d4851a1d" relativeResultsDirectory="ce26e776-b679-497f-92c1-42df9cc6ed6e" />
    <UnitTestResult executionId="938449c1-ddb4-4332-92de-49de4a03c172" testId="dbaa6a56-bb0e-ac39-ae0c-39373a7da8bb" testName="UnitTest.CommentUnitTest.GetAllFalse_Comments_Success" computerName="DESKTOP-FSB0OBD" duration="00:00:00.0033112" startTime="2024-06-21T13:23:37.1409101+07:00" endTime="2024-06-21T13:23:37.1409102+07:00" testType="13cdc9d9-ddb5-4fa4-a97d-d965ccfc6d4b" outcome="Passed" testListId="8c84fa94-04c1-424b-9868-57a2d4851a1d" relativeResultsDirectory="938449c1-ddb4-4332-92de-49de4a03c172" />
    <UnitTestResult executionId="f77add72-7aec-40ce-b41b-30475038b4f2" testId="aada1de5-af42-a726-cd60-eb4d345d6b44" testName="UnitTest.CommentUnitTest.Delete_Comments_Failed" computerName="DESKTOP-FSB0OBD" duration="00:00:00.0021800" startTime="2024-06-21T13:23:37.1423030+07:00" endTime="2024-06-21T13:23:37.1423031+07:00" testType="13cdc9d9-ddb5-4fa4-a97d-d965ccfc6d4b" outcome="Passed" testListId="8c84fa94-04c1-424b-9868-57a2d4851a1d" relativeResultsDirectory="f77add72-7aec-40ce-b41b-30475038b4f2" />
    <UnitTestResult executionId="b982c35d-13a6-4b42-b997-731227fbcf77" testId="64bdeb8b-614f-d653-39a7-398590e81e71" testName="UnitTest.TestUnitTest.GetAllTestByType_ReturnsNotFound" computerName="DESKTOP-FSB0OBD" duration="00:00:00.0034010" startTime="2024-06-21T13:23:37.1387189+07:00" endTime="2024-06-21T13:23:37.1387190+07:00" testType="13cdc9d9-ddb5-4fa4-a97d-d965ccfc6d4b" outcome="Passed" testListId="8c84fa94-04c1-424b-9868-57a2d4851a1d" relativeResultsDirectory="b982c35d-13a6-4b42-b997-731227fbcf77" />
    <UnitTestResult executionId="fbbd1889-55c3-42ea-a476-411a0342aeb7" testId="1ffb53d8-5525-0651-a2af-9387b01c4be8" testName="UnitTest.UserAnswerUnitTest.AddListUserAnswers_ReturnsOkResult_WithResponse" computerName="DESKTOP-FSB0OBD" duration="00:00:00.0032528" startTime="2024-06-21T13:23:37.1412717+07:00" endTime="2024-06-21T13:23:37.1412717+07:00" testType="13cdc9d9-ddb5-4fa4-a97d-d965ccfc6d4b" outcome="Passed" testListId="8c84fa94-04c1-424b-9868-57a2d4851a1d" relativeResultsDirectory="fbbd1889-55c3-42ea-a476-411a0342aeb7" />
    <UnitTestResult executionId="c73c2b8f-6e7e-4c75-8d79-eacdc087bffd" testId="eac753ae-668f-dbe8-4a65-e96ef0a90439" testName="UnitTest.TestUnitTest.GetAllTestByProfessor_ReturnsOkResult" computerName="DESKTOP-FSB0OBD" duration="00:00:00.0134275" startTime="2024-06-21T13:23:37.1420363+07:00" endTime="2024-06-21T13:23:37.1420364+07:00" testType="13cdc9d9-ddb5-4fa4-a97d-d965ccfc6d4b" outcome="Passed" testListId="8c84fa94-04c1-424b-9868-57a2d4851a1d" relativeResultsDirectory="c73c2b8f-6e7e-4c75-8d79-eacdc087bffd" />
    <UnitTestResult executionId="61ccb5de-5b30-44de-9eba-0fb02922a767" testId="2b05ddfe-79ff-4d22-ab9b-ff05b2ebdc10" testName="UnitTest.LessonUnitTest.Delete_Lesson_Failed" computerName="DESKTOP-FSB0OBD" duration="00:00:00.0017801" startTime="2024-06-21T13:23:38.0665546+07:00" endTime="2024-06-21T13:23:38.0665548+07:00" testType="13cdc9d9-ddb5-4fa4-a97d-d965ccfc6d4b" outcome="Passed" testListId="8c84fa94-04c1-424b-9868-57a2d4851a1d" relativeResultsDirectory="61ccb5de-5b30-44de-9eba-0fb02922a767" />
    <UnitTestResult executionId="cb64154f-6e48-43b8-b30c-c502867c7a3d" testId="c880452d-8feb-af0c-f9c1-20f8084b53c5" testName="UnitTest.TestPartUnitTest.GetAllTestParts_ReturnsNotFound" computerName="DESKTOP-FSB0OBD" duration="00:00:00.2480192" startTime="2024-06-21T13:23:37.3846496+07:00" endTime="2024-06-21T13:23:37.3846502+07:00" testType="13cdc9d9-ddb5-4fa4-a97d-d965ccfc6d4b" outcome="Passed" testListId="8c84fa94-04c1-424b-9868-57a2d4851a1d" relativeResultsDirectory="cb64154f-6e48-43b8-b30c-c502867c7a3d" />
    <UnitTestResult executionId="565807e8-0b2f-4a32-a703-30211cd396a3" testId="c8986e31-a077-73b0-6d27-e4a9f88ca1c3" testName="UnitTest.TestTypeUnitTest.GetAllTestTypes_ReturnsNotFoundResult_WhenNoTestTypesFound" computerName="DESKTOP-FSB0OBD" duration="00:00:00.0035794" startTime="2024-06-21T13:23:37.1387731+07:00" endTime="2024-06-21T13:23:37.1387732+07:00" testType="13cdc9d9-ddb5-4fa4-a97d-d965ccfc6d4b" outcome="Passed" testListId="8c84fa94-04c1-424b-9868-57a2d4851a1d" relativeResultsDirectory="565807e8-0b2f-4a32-a703-30211cd396a3" />
    <UnitTestResult executionId="06945fc4-f509-492a-afeb-810f0d3b4109" testId="0c8d7cf3-df8c-0cf2-983f-8bd75be01d18" testName="UnitTest.LessonUnitTest.Delete_Lesson_Success" computerName="DESKTOP-FSB0OBD" duration="00:00:00.0010977" startTime="2024-06-21T13:23:38.0694325+07:00" endTime="2024-06-21T13:23:38.0694327+07:00" testType="13cdc9d9-ddb5-4fa4-a97d-d965ccfc6d4b" outcome="Passed" testListId="8c84fa94-04c1-424b-9868-57a2d4851a1d" relativeResultsDirectory="06945fc4-f509-492a-afeb-810f0d3b4109" />
    <UnitTestResult executionId="e4d08e59-463e-4b98-a9df-64890f9149ec" testId="c4b0a66a-9550-6a6d-b7db-54b55c253494" testName="UnitTest.CourseUnitTest.Add_Courses_Success" computerName="DESKTOP-FSB0OBD" duration="00:00:00.0028828" startTime="2024-06-21T13:23:37.3955923+07:00" endTime="2024-06-21T13:23:37.3955927+07:00" testType="13cdc9d9-ddb5-4fa4-a97d-d965ccfc6d4b" outcome="Passed" testListId="8c84fa94-04c1-424b-9868-57a2d4851a1d" relativeResultsDirectory="e4d08e59-463e-4b98-a9df-64890f9149ec" />
    <UnitTestResult executionId="dc5ebc2e-732c-4b48-a0d2-b6ce080f7d90" testId="5d66dd18-434f-4e53-bf2b-2aad7fd8f216" testName="UnitTest.QuestionUnitTest.GetAllQuestionByQuiz_NotFound" computerName="DESKTOP-FSB0OBD" duration="00:00:00.0019930" startTime="2024-06-21T13:23:37.1616243+07:00" endTime="2024-06-21T13:23:37.1616245+07:00" testType="13cdc9d9-ddb5-4fa4-a97d-d965ccfc6d4b" outcome="Passed" testListId="8c84fa94-04c1-424b-9868-57a2d4851a1d" relativeResultsDirectory="dc5ebc2e-732c-4b48-a0d2-b6ce080f7d90" />
    <UnitTestResult executionId="d2e5d526-0847-43c7-b142-d24a3f28d2de" testId="f610fffe-a6d4-005d-8fb7-9f29c3794c0c" testName="UnitTest.UserAnswerUnitTest.AddListUserAnswers_ReturnsInternalServerError_WhenResponseIsNull" computerName="DESKTOP-FSB0OBD" duration="00:00:00.0058817" startTime="2024-06-21T13:23:37.1407926+07:00" endTime="2024-06-21T13:23:37.1407927+07:00" testType="13cdc9d9-ddb5-4fa4-a97d-d965ccfc6d4b" outcome="Passed" testListId="8c84fa94-04c1-424b-9868-57a2d4851a1d" relativeResultsDirectory="d2e5d526-0847-43c7-b142-d24a3f28d2de" />
    <UnitTestResult executionId="56fab41a-4fbb-413c-81d4-d0933494d0d6" testId="3803fbce-c684-1cb7-127b-185f2799d806" testName="UnitTest.LessonUnitTest.GetByCourse_Lesson_NotFound" computerName="DESKTOP-FSB0OBD" duration="00:00:00.0016913" startTime="2024-06-21T13:23:38.0682903+07:00" endTime="2024-06-21T13:23:38.0682904+07:00" testType="13cdc9d9-ddb5-4fa4-a97d-d965ccfc6d4b" outcome="Passed" testListId="8c84fa94-04c1-424b-9868-57a2d4851a1d" relativeResultsDirectory="56fab41a-4fbb-413c-81d4-d0933494d0d6" />
    <UnitTestResult executionId="e425f0c1-3a40-40f7-b5bc-a25088b34a4f" testId="d966d3d7-cd86-2ec6-1cab-810d8b2cf19e" testName="UnitTest.TestTypeUnitTest.GetTypeNameByTest_ReturnsNotFoundResult_WhenTypeNameNotFound" computerName="DESKTOP-FSB0OBD" duration="00:00:00.9811086" startTime="2024-06-21T13:23:37.1295358+07:00" endTime="2024-06-21T13:23:37.1295359+07:00" testType="13cdc9d9-ddb5-4fa4-a97d-d965ccfc6d4b" outcome="Passed" testListId="8c84fa94-04c1-424b-9868-57a2d4851a1d" relativeResultsDirectory="e425f0c1-3a40-40f7-b5bc-a25088b34a4f" />
    <UnitTestResult executionId="ae839c86-fa40-48e0-9776-39a8fa29e35c" testId="95cf026c-d7c0-ce4e-5604-75b9ee6bb00e" testName="UnitTest.TestQuestionUnitUnitTest.GetAllTestQuestionUnitByPart_ReturnsOkResult_WithListOfTestQuestionUnits" computerName="DESKTOP-FSB0OBD" duration="00:00:00.0030190" startTime="2024-06-21T13:23:37.3920563+07:00" endTime="2024-06-21T13:23:37.3920566+07:00" testType="13cdc9d9-ddb5-4fa4-a97d-d965ccfc6d4b" outcome="Passed" testListId="8c84fa94-04c1-424b-9868-57a2d4851a1d" relativeResultsDirectory="ae839c86-fa40-48e0-9776-39a8fa29e35c" />
    <UnitTestResult executionId="158c9f14-a7b6-47c4-9dfe-96ca7a3aade5" testId="e3d233ac-78b6-99a9-e9d6-0fec3bf024a1" testName="UnitTest.QuestionUnitTest.Add_Question_Failed" computerName="DESKTOP-FSB0OBD" duration="00:00:00.0020763" startTime="2024-06-21T13:23:37.1710986+07:00" endTime="2024-06-21T13:23:37.1710991+07:00" testType="13cdc9d9-ddb5-4fa4-a97d-d965ccfc6d4b" outcome="Passed" testListId="8c84fa94-04c1-424b-9868-57a2d4851a1d" relativeResultsDirectory="158c9f14-a7b6-47c4-9dfe-96ca7a3aade5" />
    <UnitTestResult executionId="c2d43e4d-1bca-4f10-b6ca-54340ef836bb" testId="3d64daf1-0f63-30eb-a797-0fe64cead45f" testName="UnitTest.QuestionUnitTest.Update_Question_Success" computerName="DESKTOP-FSB0OBD" duration="00:00:00.0022028" startTime="2024-06-21T13:23:37.1495147+07:00" endTime="2024-06-21T13:23:37.1495149+07:00" testType="13cdc9d9-ddb5-4fa4-a97d-d965ccfc6d4b" outcome="Passed" testListId="8c84fa94-04c1-424b-9868-57a2d4851a1d" relativeResultsDirectory="c2d43e4d-1bca-4f10-b6ca-54340ef836bb" />
    <UnitTestResult executionId="9be7f426-19fa-4a5a-ae21-c8f2075ccb85" testId="e9cc7271-1312-f6e3-dd59-d9974801435c" testName="UnitTest.QuizUnitTest.AddQuiz_Success" computerName="DESKTOP-FSB0OBD" duration="00:00:00.2498182" startTime="2024-06-21T13:23:37.3839039+07:00" endTime="2024-06-21T13:23:37.3839043+07:00" testType="13cdc9d9-ddb5-4fa4-a97d-d965ccfc6d4b" outcome="Passed" testListId="8c84fa94-04c1-424b-9868-57a2d4851a1d" relativeResultsDirectory="9be7f426-19fa-4a5a-ae21-c8f2075ccb85" />
    <UnitTestResult executionId="1e34ae5a-9a48-480b-973a-88ed9a53af2e" testId="52f3bb53-584e-f539-a34a-f8b620082c84" testName="UnitTest.QuestionUnitTest.GetAll_Questions_Success" computerName="DESKTOP-FSB0OBD" duration="00:00:00.0015948" startTime="2024-06-21T13:23:37.1556598+07:00" endTime="2024-06-21T13:23:37.1556602+07:00" testType="13cdc9d9-ddb5-4fa4-a97d-d965ccfc6d4b" outcome="Passed" testListId="8c84fa94-04c1-424b-9868-57a2d4851a1d" relativeResultsDirectory="1e34ae5a-9a48-480b-973a-88ed9a53af2e" />
    <UnitTestResult executionId="96272fe9-e521-4585-9f4e-492ee7393280" testId="598acd0e-fd59-92c9-717e-1755905f768e" testName="UnitTest.RecordUnitTest.AddReport_Success" computerName="DESKTOP-FSB0OBD" duration="00:00:00.0016586" startTime="2024-06-21T13:23:37.4041278+07:00" endTime="2024-06-21T13:23:37.4041279+07:00" testType="13cdc9d9-ddb5-4fa4-a97d-d965ccfc6d4b" outcome="Passed" testListId="8c84fa94-04c1-424b-9868-57a2d4851a1d" relativeResultsDirectory="96272fe9-e521-4585-9f4e-492ee7393280" />
    <UnitTestResult executionId="b590339c-4a0b-4c4e-aa1b-3c8be1cc16d3" testId="e0ac479f-c66d-f996-e8e6-2768689eb883" testName="UnitTest.TestQuestionUnitUnitTest.DeleteTestQuestionUnit_ReturnsOkResult_WhenSuccessfullyDeleted" computerName="DESKTOP-FSB0OBD" duration="00:00:00.0022241" startTime="2024-06-21T13:23:37.3981028+07:00" endTime="2024-06-21T13:23:37.3981030+07:00" testType="13cdc9d9-ddb5-4fa4-a97d-d965ccfc6d4b" outcome="Passed" testListId="8c84fa94-04c1-424b-9868-57a2d4851a1d" relativeResultsDirectory="b590339c-4a0b-4c4e-aa1b-3c8be1cc16d3" />
    <UnitTestResult executionId="127099cf-1ec3-4a65-b11f-e1252472a6e2" testId="4a214040-096c-c561-b4fe-0bdbe26a33de" testName="UnitTest.TestQuestionUnitUnitTest.GetTestQuestionUnitById_ReturnsOkResult_WithTestQuestionUnit" computerName="DESKTOP-FSB0OBD" duration="00:00:00.0022838" startTime="2024-06-21T13:23:37.4004556+07:00" endTime="2024-06-21T13:23:37.4004557+07:00" testType="13cdc9d9-ddb5-4fa4-a97d-d965ccfc6d4b" outcome="Passed" testListId="8c84fa94-04c1-424b-9868-57a2d4851a1d" relativeResultsDirectory="127099cf-1ec3-4a65-b11f-e1252472a6e2" />
    <UnitTestResult executionId="251db34a-af03-4c5e-98a4-b34a5bd7efde" testId="5cd404f5-7831-cfe3-3177-fc060c6aeb72" testName="UnitTest.LessonUnitTest.GetByCourse_Lesson_Success" computerName="DESKTOP-FSB0OBD" duration="00:00:00.0015238" startTime="2024-06-21T13:23:38.0710009+07:00" endTime="2024-06-21T13:23:38.0710010+07:00" testType="13cdc9d9-ddb5-4fa4-a97d-d965ccfc6d4b" outcome="Passed" testListId="8c84fa94-04c1-424b-9868-57a2d4851a1d" relativeResultsDirectory="251db34a-af03-4c5e-98a4-b34a5bd7efde" />
    <UnitTestResult executionId="2978ae43-caec-435a-b090-ec3da73054f9" testId="73b645e6-0a3b-7d86-625a-e4b1aebcf7e1" testName="UnitTest.CourseUnitTest.Delete_Courses_Success" computerName="DESKTOP-FSB0OBD" duration="00:00:00.0027835" startTime="2024-06-21T13:23:37.3926246+07:00" endTime="2024-06-21T13:23:37.3926250+07:00" testType="13cdc9d9-ddb5-4fa4-a97d-d965ccfc6d4b" outcome="Passed" testListId="8c84fa94-04c1-424b-9868-57a2d4851a1d" relativeResultsDirectory="2978ae43-caec-435a-b090-ec3da73054f9" />
    <UnitTestResult executionId="4738044d-63b4-495c-a9a9-f7aa98644591" testId="5510b881-d000-1442-5ca9-1ecc5340a12c" testName="UnitTest.QuizUnitTest.UpdateQuiz_Failed" computerName="DESKTOP-FSB0OBD" duration="00:00:00.0035949" startTime="2024-06-21T13:23:37.3947019+07:00" endTime="2024-06-21T13:23:37.3947021+07:00" testType="13cdc9d9-ddb5-4fa4-a97d-d965ccfc6d4b" outcome="Passed" testListId="8c84fa94-04c1-424b-9868-57a2d4851a1d" relativeResultsDirectory="4738044d-63b4-495c-a9a9-f7aa98644591" />
    <UnitTestResult executionId="ce01d533-381a-4f56-8029-072a6087d3f9" testId="65379a46-f205-793d-1ff5-436af43790d7" testName="UnitTest.QuestionUnitTest.UpdateQuestion_Failed" computerName="DESKTOP-FSB0OBD" duration="00:00:00.0039415" startTime="2024-06-21T13:23:37.1446314+07:00" endTime="2024-06-21T13:23:37.1446317+07:00" testType="13cdc9d9-ddb5-4fa4-a97d-d965ccfc6d4b" outcome="Passed" testListId="8c84fa94-04c1-424b-9868-57a2d4851a1d" relativeResultsDirectory="ce01d533-381a-4f56-8029-072a6087d3f9" />
    <UnitTestResult executionId="bad58d78-89ac-439a-9909-f22b334563af" testId="60882d0b-67eb-48f8-fe14-ef020251209f" testName="UnitTest.QuestionUnitTest.Delete_Question_Success" computerName="DESKTOP-FSB0OBD" duration="00:00:00.0020267" startTime="2024-06-21T13:23:37.1577232+07:00" endTime="2024-06-21T13:23:37.1577237+07:00" testType="13cdc9d9-ddb5-4fa4-a97d-d965ccfc6d4b" outcome="Passed" testListId="8c84fa94-04c1-424b-9868-57a2d4851a1d" relativeResultsDirectory="bad58d78-89ac-439a-9909-f22b334563af" />
    <UnitTestResult executionId="b2139b60-e82d-42e6-ac36-af9e043b9eea" testId="fe913582-2fa8-9272-8143-729de2544086" testName="UnitTest.LessonUnitTest.Add_Lesson_Failed" computerName="DESKTOP-FSB0OBD" duration="00:00:00.0011022" startTime="2024-06-21T13:23:38.0736593+07:00" endTime="2024-06-21T13:23:38.0736595+07:00" testType="13cdc9d9-ddb5-4fa4-a97d-d965ccfc6d4b" outcome="Passed" testListId="8c84fa94-04c1-424b-9868-57a2d4851a1d" relativeResultsDirectory="b2139b60-e82d-42e6-ac36-af9e043b9eea" />
    <UnitTestResult executionId="dd55d1a9-eea6-4d67-93ef-1d23391bcb69" testId="49e25ceb-49cf-97f4-2656-417a2efddf4e" testName="UnitTest.StudentUnitTest.CheckFreeTest_InvalidUserId_ReturnsOkResultWithFalse" computerName="DESKTOP-FSB0OBD" duration="00:00:00.0025940" startTime="2024-06-21T13:23:37.1385156+07:00" endTime="2024-06-21T13:23:37.1385156+07:00" testType="13cdc9d9-ddb5-4fa4-a97d-d965ccfc6d4b" outcome="Passed" testListId="8c84fa94-04c1-424b-9868-57a2d4851a1d" relativeResultsDirectory="dd55d1a9-eea6-4d67-93ef-1d23391bcb69" />
    <UnitTestResult executionId="3eceff72-46f7-4c9c-9430-67ce7f97c183" testId="cacaf7dc-6e3e-9138-39d3-a52e0ca73746" testName="UnitTest.TestUnitTest.GetAllTests_ReturnsNotFound" computerName="DESKTOP-FSB0OBD" duration="00:00:00.0008020" startTime="2024-06-21T13:23:37.1616881+07:00" endTime="2024-06-21T13:23:37.1616882+07:00" testType="13cdc9d9-ddb5-4fa4-a97d-d965ccfc6d4b" outcome="Passed" testListId="8c84fa94-04c1-424b-9868-57a2d4851a1d" relativeResultsDirectory="3eceff72-46f7-4c9c-9430-67ce7f97c183" />
    <UnitTestResult executionId="e7123df6-bfe7-4253-b005-917648680344" testId="8a4150ce-a4b9-871d-127b-28170e7f612e" testName="UnitTest.QuizUnitTest.GetAllQuizzes_NotFound" computerName="DESKTOP-FSB0OBD" duration="00:00:00.0009149" startTime="2024-06-21T13:23:37.4062341+07:00" endTime="2024-06-21T13:23:37.4062343+07:00" testType="13cdc9d9-ddb5-4fa4-a97d-d965ccfc6d4b" outcome="Passed" testListId="8c84fa94-04c1-424b-9868-57a2d4851a1d" relativeResultsDirectory="e7123df6-bfe7-4253-b005-917648680344" />
    <UnitTestResult executionId="0d597973-096a-4cd2-a9c0-e2845c760a57" testId="696dd1cf-9993-aeb3-86b7-d34305da9ec7" testName="UnitTest.RecordUnitTest.AddReport_Failure" computerName="DESKTOP-FSB0OBD" duration="00:00:00.0019703" startTime="2024-06-21T13:23:37.4024002+07:00" endTime="2024-06-21T13:23:37.4024009+07:00" testType="13cdc9d9-ddb5-4fa4-a97d-d965ccfc6d4b" outcome="Passed" testListId="8c84fa94-04c1-424b-9868-57a2d4851a1d" relativeResultsDirectory="0d597973-096a-4cd2-a9c0-e2845c760a57" />
    <UnitTestResult executionId="897ab6a2-5574-4002-a3a8-f82f31b2d04d" testId="1bed9ef5-66b3-f539-b445-5f05f9aa87e0" testName="UnitTest.TestQuestionUnitUnitTest.GetAllTestQuestionUnitByPart_ReturnsNotFound_WhenUnitsNotFound" computerName="DESKTOP-FSB0OBD" duration="00:00:00.0014097" startTime="2024-06-21T13:23:37.4065759+07:00" endTime="2024-06-21T13:23:37.4065760+07:00" testType="13cdc9d9-ddb5-4fa4-a97d-d965ccfc6d4b" outcome="Passed" testListId="8c84fa94-04c1-424b-9868-57a2d4851a1d" relativeResultsDirectory="897ab6a2-5574-4002-a3a8-f82f31b2d04d" />
    <UnitTestResult executionId="e7d191cd-c208-4fdb-9ea8-752a862a58f6" testId="3aa4c10e-6ed3-e6bf-7617-897db35487f7" testName="UnitTest.RecordUnitTest.GetAllFalseReports_Success" computerName="DESKTOP-FSB0OBD" duration="00:00:00.2412789" startTime="2024-06-21T13:23:37.3888090+07:00" endTime="2024-06-21T13:23:37.3888095+07:00" testType="13cdc9d9-ddb5-4fa4-a97d-d965ccfc6d4b" outcome="Passed" testListId="8c84fa94-04c1-424b-9868-57a2d4851a1d" relativeResultsDirectory="e7d191cd-c208-4fdb-9ea8-752a862a58f6" />
    <UnitTestResult executionId="35da5ae6-444e-4bca-b14e-053a33588665" testId="92d33082-0b7b-aae1-0f16-d4507b2896da" testName="UnitTest.TestQuestionUnitUnitTest.GetAllTestQuestionUnits_ReturnsOkResult_WithListOfTestQuestionUnits" computerName="DESKTOP-FSB0OBD" duration="00:00:00.0013136" startTime="2024-06-21T13:23:37.4018613+07:00" endTime="2024-06-21T13:23:37.4018614+07:00" testType="13cdc9d9-ddb5-4fa4-a97d-d965ccfc6d4b" outcome="Passed" testListId="8c84fa94-04c1-424b-9868-57a2d4851a1d" relativeResultsDirectory="35da5ae6-444e-4bca-b14e-053a33588665" />
    <UnitTestResult executionId="bf4f3c75-b399-4015-9a3f-36f3d096d26c" testId="7d2d1c5a-da2f-9802-2701-7bd96d7e34c0" testName="UnitTest.LessonUnitTest.Update_Lesson_Success" computerName="DESKTOP-FSB0OBD" duration="00:00:00.0014640" startTime="2024-06-21T13:23:38.0725073+07:00" endTime="2024-06-21T13:23:38.0725074+07:00" testType="13cdc9d9-ddb5-4fa4-a97d-d965ccfc6d4b" outcome="Passed" testListId="8c84fa94-04c1-424b-9868-57a2d4851a1d" relativeResultsDirectory="bf4f3c75-b399-4015-9a3f-36f3d096d26c" />
    <UnitTestResult executionId="a9075d3d-f432-4dff-b003-d45667bdf440" testId="7d2c6b1c-5d6a-a748-0576-8db5c31d541d" testName="UnitTest.RecordUnitTest.UpdateReport_Success" computerName="DESKTOP-FSB0OBD" duration="00:00:00.0015673" startTime="2024-06-21T13:23:37.4057400+07:00" endTime="2024-06-21T13:23:37.4057401+07:00" testType="13cdc9d9-ddb5-4fa4-a97d-d965ccfc6d4b" outcome="Passed" testListId="8c84fa94-04c1-424b-9868-57a2d4851a1d" relativeResultsDirectory="a9075d3d-f432-4dff-b003-d45667bdf440" />
    <UnitTestResult executionId="b995d312-8a66-4a3d-91e1-84f51a20f969" testId="bce6502d-23dd-969c-c7c7-c85a27c6a35f" testName="UnitTest.TestUnitTest.GetTestById_ReturnsNotFound" computerName="DESKTOP-FSB0OBD" duration="00:00:00.0025748" startTime="2024-06-21T13:23:37.1608344+07:00" endTime="2024-06-21T13:23:37.1608349+07:00" testType="13cdc9d9-ddb5-4fa4-a97d-d965ccfc6d4b" outcome="Passed" testListId="8c84fa94-04c1-424b-9868-57a2d4851a1d" relativeResultsDirectory="b995d312-8a66-4a3d-91e1-84f51a20f969" />
    <UnitTestResult executionId="9698ab28-c596-4207-94ea-038f8557b5b2" testId="25cedd1e-b3b4-44d5-d6c8-54673664a2e5" testName="UnitTest.CourseUnitTest.GetAll_Courses_Success" computerName="DESKTOP-FSB0OBD" duration="00:00:00.0021121" startTime="2024-06-21T13:23:37.3978768+07:00" endTime="2024-06-21T13:23:37.3978769+07:00" testType="13cdc9d9-ddb5-4fa4-a97d-d965ccfc6d4b" outcome="Passed" testListId="8c84fa94-04c1-424b-9868-57a2d4851a1d" relativeResultsDirectory="9698ab28-c596-4207-94ea-038f8557b5b2" />
    <UnitTestResult executionId="ce9c77e8-c0f1-4618-836b-eb119e10dab3" testId="f2f2b981-c8cc-af37-05af-ac8174d8f85c" testName="UnitTest.LessonUnitTest.Update_Lesson_Failed" computerName="DESKTOP-FSB0OBD" duration="00:00:00.0074388" startTime="2024-06-21T13:23:38.0593640+07:00" endTime="2024-06-21T13:23:38.0593643+07:00" testType="13cdc9d9-ddb5-4fa4-a97d-d965ccfc6d4b" outcome="Passed" testListId="8c84fa94-04c1-424b-9868-57a2d4851a1d" relativeResultsDirectory="ce9c77e8-c0f1-4618-836b-eb119e10dab3" />
    <UnitTestResult executionId="d87c6ba4-da5d-430f-9382-4a04ec63f473" testId="4087e5cb-4f26-c584-ba9f-9ec22e38d03d" testName="UnitTest.RecordUnitTest.UpdateReport_Failure" computerName="DESKTOP-FSB0OBD" duration="00:00:00.0029611" startTime="2024-06-21T13:23:37.4003732+07:00" endTime="2024-06-21T13:23:37.4003735+07:00" testType="13cdc9d9-ddb5-4fa4-a97d-d965ccfc6d4b" outcome="Passed" testListId="8c84fa94-04c1-424b-9868-57a2d4851a1d" relativeResultsDirectory="d87c6ba4-da5d-430f-9382-4a04ec63f473" />
    <UnitTestResult executionId="18f8fe1b-f0fc-48d4-91df-87765caebf9c" testId="b510f914-3ed3-1d0c-931b-9136a97f9d1b" testName="UnitTest.TestUnitTest.GetAllTestByProfessor_ReturnsNotFound" computerName="DESKTOP-FSB0OBD" duration="00:00:00.9811421" startTime="2024-06-21T13:23:37.1239450+07:00" endTime="2024-06-21T13:23:37.1239708+07:00" testType="13cdc9d9-ddb5-4fa4-a97d-d965ccfc6d4b" outcome="Passed" testListId="8c84fa94-04c1-424b-9868-57a2d4851a1d" relativeResultsDirectory="18f8fe1b-f0fc-48d4-91df-87765caebf9c" />
    <UnitTestResult executionId="3825d744-9a8d-447d-83ca-10813792879d" testId="ee7d3197-6b3d-6a14-5487-614fafda04d6" testName="UnitTest.QuestionUnitTest.GetAll_Questions_NotFound" computerName="DESKTOP-FSB0OBD" duration="00:00:00.0010306" startTime="2024-06-21T13:23:37.1722187+07:00" endTime="2024-06-21T13:23:37.1722189+07:00" testType="13cdc9d9-ddb5-4fa4-a97d-d965ccfc6d4b" outcome="Passed" testListId="8c84fa94-04c1-424b-9868-57a2d4851a1d" relativeResultsDirectory="3825d744-9a8d-447d-83ca-10813792879d" />
    <UnitTestResult executionId="752977df-4391-4de8-816e-41211c2987a0" testId="aaa7b708-3546-4383-347f-4aa8ed7e3f27" testName="UnitTest.RecordUnitTest.GetAllReports_Success" computerName="DESKTOP-FSB0OBD" duration="00:00:00.0015012" startTime="2024-06-21T13:23:37.3903684+07:00" endTime="2024-06-21T13:23:37.3903685+07:00" testType="13cdc9d9-ddb5-4fa4-a97d-d965ccfc6d4b" outcome="Passed" testListId="8c84fa94-04c1-424b-9868-57a2d4851a1d" relativeResultsDirectory="752977df-4391-4de8-816e-41211c2987a0" />
    <UnitTestResult executionId="63a93625-9e2b-4e79-be0f-db57ad395137" testId="4cea5854-131d-bf5d-d76e-b6a6fe273450" testName="UnitTest.RecordUnitTest.GetAllReports_NotFound" computerName="DESKTOP-FSB0OBD" duration="00:00:00.0007665" startTime="2024-06-21T13:23:37.3941654+07:00" endTime="2024-06-21T13:23:37.3941657+07:00" testType="13cdc9d9-ddb5-4fa4-a97d-d965ccfc6d4b" outcome="Passed" testListId="8c84fa94-04c1-424b-9868-57a2d4851a1d" relativeResultsDirectory="63a93625-9e2b-4e79-be0f-db57ad395137" />
    <UnitTestResult executionId="a0b10e80-fb22-40db-a1ee-e251b4314c43" testId="e16d370d-9fd6-13a6-0ecd-f274d691ea6e" testName="UnitTest.CommentUnitTest.Add_Comments_Failed" computerName="DESKTOP-FSB0OBD" duration="00:00:00.0014149" startTime="2024-06-21T13:23:37.1419626+07:00" endTime="2024-06-21T13:23:37.1419627+07:00" testType="13cdc9d9-ddb5-4fa4-a97d-d965ccfc6d4b" outcome="Passed" testListId="8c84fa94-04c1-424b-9868-57a2d4851a1d" relativeResultsDirectory="a0b10e80-fb22-40db-a1ee-e251b4314c43" />
    <UnitTestResult executionId="0f89126b-8068-4d3f-9a93-94306c2cf431" testId="d7585462-878f-0acd-cce0-99a40cc2e78e" testName="UnitTest.TestUnitTest.AddTest_ReturnsInternalServerError" computerName="DESKTOP-FSB0OBD" duration="00:00:00.0021293" startTime="2024-06-21T13:23:37.1468356+07:00" endTime="2024-06-21T13:23:37.1468358+07:00" testType="13cdc9d9-ddb5-4fa4-a97d-d965ccfc6d4b" outcome="Passed" testListId="8c84fa94-04c1-424b-9868-57a2d4851a1d" relativeResultsDirectory="0f89126b-8068-4d3f-9a93-94306c2cf431" />
    <UnitTestResult executionId="2eb4f462-61da-4066-ba83-abc5bd5878fd" testId="1c4832d9-120e-c56f-ed35-33e9429a6cbe" testName="UnitTest.LessonUnitTest.GetById_Lesson_Success" computerName="DESKTOP-FSB0OBD" duration="00:00:00.0012401" startTime="2024-06-21T13:23:38.0749388+07:00" endTime="2024-06-21T13:23:38.0749390+07:00" testType="13cdc9d9-ddb5-4fa4-a97d-d965ccfc6d4b" outcome="Passed" testListId="8c84fa94-04c1-424b-9868-57a2d4851a1d" relativeResultsDirectory="2eb4f462-61da-4066-ba83-abc5bd5878fd" />
    <UnitTestResult executionId="2cdaf26a-1600-4700-b980-6e2494d55ee3" testId="dbc7e35a-9cce-dcaa-b472-3d4a37c59def" testName="UnitTest.CommentUnitTest.Update_Comments_Failed" computerName="DESKTOP-FSB0OBD" duration="00:00:00.0025395" startTime="2024-06-21T13:23:37.1452448+07:00" endTime="2024-06-21T13:23:37.1452449+07:00" testType="13cdc9d9-ddb5-4fa4-a97d-d965ccfc6d4b" outcome="Passed" testListId="8c84fa94-04c1-424b-9868-57a2d4851a1d" relativeResultsDirectory="2cdaf26a-1600-4700-b980-6e2494d55ee3" />
    <UnitTestResult executionId="78165175-963d-45fe-abb0-987476073083" testId="3d43da51-c128-49da-8512-ee0462bf2cdd" testName="UnitTest.QuestionUnitTest.Add_Question_Success" computerName="DESKTOP-FSB0OBD" duration="00:00:00.0043066" startTime="2024-06-21T13:23:37.1388951+07:00" endTime="2024-06-21T13:23:37.1388957+07:00" testType="13cdc9d9-ddb5-4fa4-a97d-d965ccfc6d4b" outcome="Passed" testListId="8c84fa94-04c1-424b-9868-57a2d4851a1d" relativeResultsDirectory="78165175-963d-45fe-abb0-987476073083" />
    <UnitTestResult executionId="488fd090-4a7a-4ac5-8cd5-029c24c5c171" testId="50a0c1b4-c210-c492-73a4-709b1ef19d3b" testName="UnitTest.StudentUnitTest.CheckFreeTest_ValidUserId_ReturnsOkResult" computerName="DESKTOP-FSB0OBD" duration="00:00:00.9838879" startTime="2024-06-21T13:23:37.1294777+07:00" endTime="2024-06-21T13:23:37.1294778+07:00" testType="13cdc9d9-ddb5-4fa4-a97d-d965ccfc6d4b" outcome="Passed" testListId="8c84fa94-04c1-424b-9868-57a2d4851a1d" relativeResultsDirectory="488fd090-4a7a-4ac5-8cd5-029c24c5c171" />
    <UnitTestResult executionId="3052461a-5436-4670-81a4-d86559374c78" testId="185297d2-d068-2245-db73-5fa9b015dd43" testName="UnitTest.TestUnitTest.DeleteTest_ReturnsNotFound" computerName="DESKTOP-FSB0OBD" duration="00:00:00.0021974" startTime="2024-06-21T13:23:37.1581153+07:00" endTime="2024-06-21T13:23:37.1581155+07:00" testType="13cdc9d9-ddb5-4fa4-a97d-d965ccfc6d4b" outcome="Passed" testListId="8c84fa94-04c1-424b-9868-57a2d4851a1d" relativeResultsDirectory="3052461a-5436-4670-81a4-d86559374c78" />
    <UnitTestResult executionId="c7d21409-f6ee-4ff1-bd7e-0577878b7293" testId="4b1c78f2-d537-cfcc-2f00-046023f2c8e8" testName="UnitTest.TestQuestionUnitUnitTest.GetTestQuestionUnitById_ReturnsNotFound_WhenUnitNotFound" computerName="DESKTOP-FSB0OBD" duration="00:00:00.0012590" startTime="2024-06-21T13:23:37.4049898+07:00" endTime="2024-06-21T13:23:37.4049899+07:00" testType="13cdc9d9-ddb5-4fa4-a97d-d965ccfc6d4b" outcome="Passed" testListId="8c84fa94-04c1-424b-9868-57a2d4851a1d" relativeResultsDirectory="c7d21409-f6ee-4ff1-bd7e-0577878b7293" />
    <UnitTestResult executionId="be31c4fc-25f4-43a4-b7b4-bd5bb4171b67" testId="ebbeb6cd-448e-c527-b4e9-2a57d2c1da5b" testName="UnitTest.CommentUnitTest.Update_Comments_Success" computerName="DESKTOP-FSB0OBD" duration="00:00:00.0016931" startTime="2024-06-21T13:23:37.1466813+07:00" endTime="2024-06-21T13:23:37.1466816+07:00" testType="13cdc9d9-ddb5-4fa4-a97d-d965ccfc6d4b" outcome="Passed" testListId="8c84fa94-04c1-424b-9868-57a2d4851a1d" relativeResultsDirectory="be31c4fc-25f4-43a4-b7b4-bd5bb4171b67" />
    <UnitTestResult executionId="cb5676ca-bbaa-4a16-abd4-f71ef4031ba2" testId="8e492d2b-8902-5bd6-ab18-f7cfa1feb6b9" testName="UnitTest.TestUnitTest.GetAllTestByType_ReturnsOkResult" computerName="DESKTOP-FSB0OBD" duration="00:00:00.0017449" startTime="2024-06-21T13:23:37.1510146+07:00" endTime="2024-06-21T13:23:37.1510151+07:00" testType="13cdc9d9-ddb5-4fa4-a97d-d965ccfc6d4b" outcome="Passed" testListId="8c84fa94-04c1-424b-9868-57a2d4851a1d" relativeResultsDirectory="cb5676ca-bbaa-4a16-abd4-f71ef4031ba2" />
    <UnitTestResult executionId="f2cedf6c-75a3-4782-ad5c-159cffcb7630" testId="f99daf59-1831-9f8d-ffdd-e80cde415387" testName="UnitTest.QuizUnitTest.DeleteQuiz_Failed" computerName="DESKTOP-FSB0OBD" duration="00:00:00.0024416" startTime="2024-06-21T13:23:37.4015800+07:00" endTime="2024-06-21T13:23:37.4015802+07:00" testType="13cdc9d9-ddb5-4fa4-a97d-d965ccfc6d4b" outcome="Passed" testListId="8c84fa94-04c1-424b-9868-57a2d4851a1d" relativeResultsDirectory="f2cedf6c-75a3-4782-ad5c-159cffcb7630" />
    <UnitTestResult executionId="2adf9606-51a7-4740-9c3d-444188309f65" testId="47ddc28f-6d7f-dcba-998b-1fcdc067eedd" testName="UnitTest.CourseUnitTest.Update_Courses_Success" computerName="DESKTOP-FSB0OBD" duration="00:00:00.0045192" startTime="2024-06-21T13:23:37.3897606+07:00" endTime="2024-06-21T13:23:37.3897610+07:00" testType="13cdc9d9-ddb5-4fa4-a97d-d965ccfc6d4b" outcome="Passed" testListId="8c84fa94-04c1-424b-9868-57a2d4851a1d" relativeResultsDirectory="2adf9606-51a7-4740-9c3d-444188309f65" />
    <UnitTestResult executionId="1343b2b9-a757-4646-abcf-6bb6ca43ccea" testId="14b13b4c-a2b8-ad3a-2c9d-d76dd1137089" testName="UnitTest.TestUnitTest.GetTestById_ReturnsOkResult" computerName="DESKTOP-FSB0OBD" duration="00:00:00.0012252" startTime="2024-06-21T13:23:37.1664552+07:00" endTime="2024-06-21T13:23:37.1664556+07:00" testType="13cdc9d9-ddb5-4fa4-a97d-d965ccfc6d4b" outcome="Passed" testListId="8c84fa94-04c1-424b-9868-57a2d4851a1d" relativeResultsDirectory="1343b2b9-a757-4646-abcf-6bb6ca43ccea" />
    <UnitTestResult executionId="155c7dbc-8a46-4a01-9e33-4999732c65f6" testId="265ef14a-1574-9041-7cd2-b7d87bacc4ce" testName="UnitTest.CourseUnitTest.GetById_Courses_Success" computerName="DESKTOP-FSB0OBD" duration="00:00:00.2511096" startTime="2024-06-21T13:23:37.3851518+07:00" endTime="2024-06-21T13:23:37.3851520+07:00" testType="13cdc9d9-ddb5-4fa4-a97d-d965ccfc6d4b" outcome="Passed" testListId="8c84fa94-04c1-424b-9868-57a2d4851a1d" relativeResultsDirectory="155c7dbc-8a46-4a01-9e33-4999732c65f6" />
    <UnitTestResult executionId="8ae50ae4-5ec3-43a5-a63f-9737b8bea832" testId="12668257-7984-a89a-7997-3ed9692cd943" testName="UnitTest.QuizUnitTest.GetAllQuizByLesson_Success" computerName="DESKTOP-FSB0OBD" duration="00:00:00.0028338" startTime="2024-06-21T13:23:37.3990702+07:00" endTime="2024-06-21T13:23:37.3990706+07:00" testType="13cdc9d9-ddb5-4fa4-a97d-d965ccfc6d4b" outcome="Passed" testListId="8c84fa94-04c1-424b-9868-57a2d4851a1d" relativeResultsDirectory="8ae50ae4-5ec3-43a5-a63f-9737b8bea832" />
    <UnitTestResult executionId="f14eae14-348b-4265-a694-ee3a5c65f3e9" testId="7b0203af-9ee4-0515-8ada-ea2887c5b90a" testName="UnitTest.CommentUnitTest.GetByLesson_Comments_Failed" computerName="DESKTOP-FSB0OBD" duration="00:00:00.0041393" startTime="2024-06-21T13:23:37.1388567+07:00" endTime="2024-06-21T13:23:37.1388567+07:00" testType="13cdc9d9-ddb5-4fa4-a97d-d965ccfc6d4b" outcome="Passed" testListId="8c84fa94-04c1-424b-9868-57a2d4851a1d" relativeResultsDirectory="f14eae14-348b-4265-a694-ee3a5c65f3e9" />
    <UnitTestResult executionId="e1ce2a3c-0437-4143-b8f6-7a12139dad19" testId="c496b7fa-fff3-b6bf-5140-52a27da15d3c" testName="UnitTest.LessonUnitTest.GetAll_Lessons_NotFound" computerName="DESKTOP-FSB0OBD" duration="00:00:00.0007890" startTime="2024-06-21T13:23:38.0621624+07:00" endTime="2024-06-21T13:23:38.0621626+07:00" testType="13cdc9d9-ddb5-4fa4-a97d-d965ccfc6d4b" outcome="Passed" testListId="8c84fa94-04c1-424b-9868-57a2d4851a1d" relativeResultsDirectory="e1ce2a3c-0437-4143-b8f6-7a12139dad19" />
    <UnitTestResult executionId="1971750d-b1ba-4a32-818f-f3e2eb6de575" testId="7d38ba59-b353-4cca-28fb-f779651103a7" testName="UnitTest.TestQuestionUnitUnitTest.UpdateTestQuestionUnit_ReturnsInternalServerError_WhenUpdateFails" computerName="DESKTOP-FSB0OBD" duration="00:00:00.0036800" startTime="2024-06-21T13:23:37.3958098+07:00" endTime="2024-06-21T13:23:37.3958102+07:00" testType="13cdc9d9-ddb5-4fa4-a97d-d965ccfc6d4b" outcome="Passed" testListId="8c84fa94-04c1-424b-9868-57a2d4851a1d" relativeResultsDirectory="1971750d-b1ba-4a32-818f-f3e2eb6de575" />
    <UnitTestResult executionId="57039a82-4af2-4f24-b288-d435958a33bb" testId="bcf87596-7cda-546e-4e21-3a0a2da8d51c" testName="UnitTest.QuizUnitTest.GetAllQuizzes_Success" computerName="DESKTOP-FSB0OBD" duration="00:00:00.0033805" startTime="2024-06-21T13:23:37.3877870+07:00" endTime="2024-06-21T13:23:37.3877876+07:00" testType="13cdc9d9-ddb5-4fa4-a97d-d965ccfc6d4b" outcome="Passed" testListId="8c84fa94-04c1-424b-9868-57a2d4851a1d" relativeResultsDirectory="57039a82-4af2-4f24-b288-d435958a33bb" />
    <UnitTestResult executionId="b79e3f28-3243-4a48-b629-b660d3a1b9cd" testId="01d4ace8-2486-92b1-64cc-2260d5b5c8ca" testName="UnitTest.RecordUnitTest.DeleteReport_Failure" computerName="DESKTOP-FSB0OBD" duration="00:00:00.0013595" startTime="2024-06-21T13:23:37.3973166+07:00" endTime="2024-06-21T13:23:37.3973169+07:00" testType="13cdc9d9-ddb5-4fa4-a97d-d965ccfc6d4b" outcome="Passed" testListId="8c84fa94-04c1-424b-9868-57a2d4851a1d" relativeResultsDirectory="b79e3f28-3243-4a48-b629-b660d3a1b9cd" />
    <UnitTestResult executionId="681fb5b7-f995-4b60-b6c7-85f9760b14c4" testId="d915455a-6bfb-c113-6276-c22da17bd526" testName="UnitTest.QuestionUnitTest.GetById_Question_NotFound" computerName="DESKTOP-FSB0OBD" duration="00:00:00.0016764" startTime="2024-06-21T13:23:37.1739958+07:00" endTime="2024-06-21T13:23:37.1739961+07:00" testType="13cdc9d9-ddb5-4fa4-a97d-d965ccfc6d4b" outcome="Passed" testListId="8c84fa94-04c1-424b-9868-57a2d4851a1d" relativeResultsDirectory="681fb5b7-f995-4b60-b6c7-85f9760b14c4" />
    <UnitTestResult executionId="67adca4d-6774-4731-9f7a-08aafbfb7dae" testId="fb0b934a-ecfa-69b2-6b5e-1312365abd30" testName="UnitTest.QuizUnitTest.UpdateQuiz_Success" computerName="DESKTOP-FSB0OBD" duration="00:00:00.0021157" startTime="2024-06-21T13:23:37.4084071+07:00" endTime="2024-06-21T13:23:37.4084072+07:00" testType="13cdc9d9-ddb5-4fa4-a97d-d965ccfc6d4b" outcome="Passed" testListId="8c84fa94-04c1-424b-9868-57a2d4851a1d" relativeResultsDirectory="67adca4d-6774-4731-9f7a-08aafbfb7dae" />
    <UnitTestResult executionId="d844aefa-88b5-456d-b5a9-56ec7bab2f90" testId="b19ba2bf-e230-e1f8-12a6-89e3f367e7b8" testName="UnitTest.TestQuestionUnitUnitTest.GetAllTestQuestionUnitByTest_ReturnsOkResult_WithListOfTestQuestionUnits" computerName="DESKTOP-FSB0OBD" duration="00:00:00.0011530" startTime="2024-06-21T13:23:37.4089990+07:00" endTime="2024-06-21T13:23:37.4089991+07:00" testType="13cdc9d9-ddb5-4fa4-a97d-d965ccfc6d4b" outcome="Passed" testListId="8c84fa94-04c1-424b-9868-57a2d4851a1d" relativeResultsDirectory="d844aefa-88b5-456d-b5a9-56ec7bab2f90" />
    <UnitTestResult executionId="18ef4458-7a31-4f9c-84f8-7a86afc16ff5" testId="8497a0c1-6128-c052-aae9-d69e9abd45b6" testName="UnitTest.QuizUnitTest.GetAllQuizByLesson_NotFound" computerName="DESKTOP-FSB0OBD" duration="00:00:00.0016191" startTime="2024-06-21T13:23:37.4052653+07:00" endTime="2024-06-21T13:23:37.4052654+07:00" testType="13cdc9d9-ddb5-4fa4-a97d-d965ccfc6d4b" outcome="Passed" testListId="8c84fa94-04c1-424b-9868-57a2d4851a1d" relativeResultsDirectory="18ef4458-7a31-4f9c-84f8-7a86afc16ff5" />
    <UnitTestResult executionId="6fe76ccf-3174-48b5-905d-54ffb7526fd0" testId="f1c5ca59-6331-2b6e-da8e-e9776befaaed" testName="UnitTest.LessonUnitTest.GetById_Lesson_NotFound" computerName="DESKTOP-FSB0OBD" duration="00:00:00.0024626" startTime="2024-06-21T13:23:38.0647240+07:00" endTime="2024-06-21T13:23:38.0647244+07:00" testType="13cdc9d9-ddb5-4fa4-a97d-d965ccfc6d4b" outcome="Passed" testListId="8c84fa94-04c1-424b-9868-57a2d4851a1d" relativeResultsDirectory="6fe76ccf-3174-48b5-905d-54ffb7526fd0" />
    <UnitTestResult executionId="d8bb84e2-97e5-4aec-bd6f-87284b894b87" testId="e4d539aa-953b-7b08-21a0-b7abdfce4091" testName="UnitTest.QuestionUnitTest.DeleteQuestion_Failed" computerName="DESKTOP-FSB0OBD" duration="00:00:00.0020778" startTime="2024-06-21T13:23:37.1689231+07:00" endTime="2024-06-21T13:23:37.1689235+07:00" testType="13cdc9d9-ddb5-4fa4-a97d-d965ccfc6d4b" outcome="Passed" testListId="8c84fa94-04c1-424b-9868-57a2d4851a1d" relativeResultsDirectory="d8bb84e2-97e5-4aec-bd6f-87284b894b87" />
    <UnitTestResult executionId="49510621-3971-4412-aeec-b8eb72c66c28" testId="9a20be72-f145-05ca-7779-62c7f33e7f3a" testName="UnitTest.TestUnitTest.GetAllTests_ReturnsOkResult" computerName="DESKTOP-FSB0OBD" duration="00:00:00.0021705" startTime="2024-06-21T13:23:37.1491592+07:00" endTime="2024-06-21T13:23:37.1491595+07:00" testType="13cdc9d9-ddb5-4fa4-a97d-d965ccfc6d4b" outcome="Passed" testListId="8c84fa94-04c1-424b-9868-57a2d4851a1d" relativeResultsDirectory="49510621-3971-4412-aeec-b8eb72c66c28" />
    <UnitTestResult executionId="548a5c0d-247e-4aa1-a3b0-923e3bc51025" testId="bddf7689-06c5-a518-4ffc-d9f44438c48b" testName="UnitTest.QuizUnitTest.AddQuiz_Failed" computerName="DESKTOP-FSB0OBD" duration="00:00:00.0017023" startTime="2024-06-21T13:23:37.3961282+07:00" endTime="2024-06-21T13:23:37.3961284+07:00" testType="13cdc9d9-ddb5-4fa4-a97d-d965ccfc6d4b" outcome="Passed" testListId="8c84fa94-04c1-424b-9868-57a2d4851a1d" relativeResultsDirectory="548a5c0d-247e-4aa1-a3b0-923e3bc51025" />
  </Results>
  <TestDefinitions>
    <UnitTest name="UnitTest.CourseUnitTest.Update_Courses_Success" storage="d:\nam4hk1\doantotnghiep\documents\source\learning-toeic\be\unittest\bin\debug\net6.0\unittest.dll" id="47ddc28f-6d7f-dcba-998b-1fcdc067eedd">
      <Execution id="2adf9606-51a7-4740-9c3d-444188309f65" />
      <TestMethod codeBase="D:\Nam4HK1\DoAnTotNghiep\Documents\Source\learning-toeic\be\UnitTest\bin\Debug\net6.0\UnitTest.dll" adapterTypeName="executor://xunit/VsTestRunner2/netcoreapp" className="UnitTest.CourseUnitTest" name="Update_Courses_Success" />
    </UnitTest>
    <UnitTest name="UnitTest.CommentUnitTest.Delete_Comments_Success" storage="d:\nam4hk1\doantotnghiep\documents\source\learning-toeic\be\unittest\bin\debug\net6.0\unittest.dll" id="2d764e76-ad26-266e-8149-a5ad8bceaf21">
      <Execution id="88882fb6-899a-4f39-accf-676bf6c828df" />
      <TestMethod codeBase="D:\Nam4HK1\DoAnTotNghiep\Documents\Source\learning-toeic\be\UnitTest\bin\Debug\net6.0\UnitTest.dll" adapterTypeName="executor://xunit/VsTestRunner2/netcoreapp" className="UnitTest.CommentUnitTest" name="Delete_Comments_Success" />
    </UnitTest>
    <UnitTest name="UnitTest.CommentUnitTest.Delete_Comments_Failed" storage="d:\nam4hk1\doantotnghiep\documents\source\learning-toeic\be\unittest\bin\debug\net6.0\unittest.dll" id="aada1de5-af42-a726-cd60-eb4d345d6b44">
      <Execution id="f77add72-7aec-40ce-b41b-30475038b4f2" />
      <TestMethod codeBase="D:\Nam4HK1\DoAnTotNghiep\Documents\Source\learning-toeic\be\UnitTest\bin\Debug\net6.0\UnitTest.dll" adapterTypeName="executor://xunit/VsTestRunner2/netcoreapp" className="UnitTest.CommentUnitTest" name="Delete_Comments_Failed" />
    </UnitTest>
    <UnitTest name="UnitTest.LessonUnitTest.Add_Lesson_Success" storage="d:\nam4hk1\doantotnghiep\documents\source\learning-toeic\be\unittest\bin\debug\net6.0\unittest.dll" id="b6111566-d7ba-0dbd-70e2-629ef9ddb6c6">
      <Execution id="e3579503-e041-4a69-a217-eee2314ee32e" />
      <TestMethod codeBase="D:\Nam4HK1\DoAnTotNghiep\Documents\Source\learning-toeic\be\UnitTest\bin\Debug\net6.0\UnitTest.dll" adapterTypeName="executor://xunit/VsTestRunner2/netcoreapp" className="UnitTest.LessonUnitTest" name="Add_Lesson_Success" />
    </UnitTest>
    <UnitTest name="UnitTest.TestUnitTest.GetAllTestByProfessor_ReturnsOkResult" storage="d:\nam4hk1\doantotnghiep\documents\source\learning-toeic\be\unittest\bin\debug\net6.0\unittest.dll" id="eac753ae-668f-dbe8-4a65-e96ef0a90439">
      <Execution id="c73c2b8f-6e7e-4c75-8d79-eacdc087bffd" />
      <TestMethod codeBase="D:\Nam4HK1\DoAnTotNghiep\Documents\Source\learning-toeic\be\UnitTest\bin\Debug\net6.0\UnitTest.dll" adapterTypeName="executor://xunit/VsTestRunner2/netcoreapp" className="UnitTest.TestUnitTest" name="GetAllTestByProfessor_ReturnsOkResult" />
    </UnitTest>
    <UnitTest name="UnitTest.CommentUnitTest.Update_Comments_Success" storage="d:\nam4hk1\doantotnghiep\documents\source\learning-toeic\be\unittest\bin\debug\net6.0\unittest.dll" id="ebbeb6cd-448e-c527-b4e9-2a57d2c1da5b">
      <Execution id="be31c4fc-25f4-43a4-b7b4-bd5bb4171b67" />
      <TestMethod codeBase="D:\Nam4HK1\DoAnTotNghiep\Documents\Source\learning-toeic\be\UnitTest\bin\Debug\net6.0\UnitTest.dll" adapterTypeName="executor://xunit/VsTestRunner2/netcoreapp" className="UnitTest.CommentUnitTest" name="Update_Comments_Success" />
    </UnitTest>
    <UnitTest name="UnitTest.RecordUnitTest.DeleteReport_Success" storage="d:\nam4hk1\doantotnghiep\documents\source\learning-toeic\be\unittest\bin\debug\net6.0\unittest.dll" id="b7d326d1-b0c4-6b27-9175-0922ad719a07">
      <Execution id="028e08e0-0f2d-4763-8d93-5f11e2675860" />
      <TestMethod codeBase="D:\Nam4HK1\DoAnTotNghiep\Documents\Source\learning-toeic\be\UnitTest\bin\Debug\net6.0\UnitTest.dll" adapterTypeName="executor://xunit/VsTestRunner2/netcoreapp" className="UnitTest.RecordUnitTest" name="DeleteReport_Success" />
    </UnitTest>
    <UnitTest name="UnitTest.TestTypeUnitTest.GetTypeNameByTest_ReturnsOkResult_WithTypeName" storage="d:\nam4hk1\doantotnghiep\documents\source\learning-toeic\be\unittest\bin\debug\net6.0\unittest.dll" id="9d66add9-aacc-f69a-3f33-de5f73818d9f">
      <Execution id="91edf246-8499-4a0d-a11f-39a51ad56f7d" />
      <TestMethod codeBase="D:\Nam4HK1\DoAnTotNghiep\Documents\Source\learning-toeic\be\UnitTest\bin\Debug\net6.0\UnitTest.dll" adapterTypeName="executor://xunit/VsTestRunner2/netcoreapp" className="UnitTest.TestTypeUnitTest" name="GetTypeNameByTest_ReturnsOkResult_WithTypeName" />
    </UnitTest>
    <UnitTest name="UnitTest.QuestionUnitTest.GetAllQuestionByProfessor_NotFound" storage="d:\nam4hk1\doantotnghiep\documents\source\learning-toeic\be\unittest\bin\debug\net6.0\unittest.dll" id="cf168dff-b183-f82e-7ebd-cccb9a12af8b">
      <Execution id="54c5a7a5-3404-44fd-84c3-f40f59ef7871" />
      <TestMethod codeBase="D:\Nam4HK1\DoAnTotNghiep\Documents\Source\learning-toeic\be\UnitTest\bin\Debug\net6.0\UnitTest.dll" adapterTypeName="executor://xunit/VsTestRunner2/netcoreapp" className="UnitTest.QuestionUnitTest" name="GetAllQuestionByProfessor_NotFound" />
    </UnitTest>
    <UnitTest name="UnitTest.LessonUnitTest.GetByCourse_Lesson_NotFound" storage="d:\nam4hk1\doantotnghiep\documents\source\learning-toeic\be\unittest\bin\debug\net6.0\unittest.dll" id="3803fbce-c684-1cb7-127b-185f2799d806">
      <Execution id="56fab41a-4fbb-413c-81d4-d0933494d0d6" />
      <TestMethod codeBase="D:\Nam4HK1\DoAnTotNghiep\Documents\Source\learning-toeic\be\UnitTest\bin\Debug\net6.0\UnitTest.dll" adapterTypeName="executor://xunit/VsTestRunner2/netcoreapp" className="UnitTest.LessonUnitTest" name="GetByCourse_Lesson_NotFound" />
    </UnitTest>
    <UnitTest name="UnitTest.TestQuestionUnitUnitTest.DeleteTestQuestionUnit_ReturnsOkResult_WhenSuccessfullyDeleted" storage="d:\nam4hk1\doantotnghiep\documents\source\learning-toeic\be\unittest\bin\debug\net6.0\unittest.dll" id="e0ac479f-c66d-f996-e8e6-2768689eb883">
      <Execution id="b590339c-4a0b-4c4e-aa1b-3c8be1cc16d3" />
      <TestMethod codeBase="D:\Nam4HK1\DoAnTotNghiep\Documents\Source\learning-toeic\be\UnitTest\bin\Debug\net6.0\UnitTest.dll" adapterTypeName="executor://xunit/VsTestRunner2/netcoreapp" className="UnitTest.TestQuestionUnitUnitTest" name="DeleteTestQuestionUnit_ReturnsOkResult_WhenSuccessfullyDeleted" />
    </UnitTest>
    <UnitTest name="UnitTest.CommentUnitTest.Add_Comments_Success" storage="d:\nam4hk1\doantotnghiep\documents\source\learning-toeic\be\unittest\bin\debug\net6.0\unittest.dll" id="fd8b6d3f-37f0-3240-00e0-3c1fd4bf17c6">
      <Execution id="15f74a76-515d-44b0-8079-a0e2ea968cd1" />
      <TestMethod codeBase="D:\Nam4HK1\DoAnTotNghiep\Documents\Source\learning-toeic\be\UnitTest\bin\Debug\net6.0\UnitTest.dll" adapterTypeName="executor://xunit/VsTestRunner2/netcoreapp" className="UnitTest.CommentUnitTest" name="Add_Comments_Success" />
    </UnitTest>
    <UnitTest name="UnitTest.QuizUnitTest.GetAllQuizByLesson_Success" storage="d:\nam4hk1\doantotnghiep\documents\source\learning-toeic\be\unittest\bin\debug\net6.0\unittest.dll" id="12668257-7984-a89a-7997-3ed9692cd943">
      <Execution id="8ae50ae4-5ec3-43a5-a63f-9737b8bea832" />
      <TestMethod codeBase="D:\Nam4HK1\DoAnTotNghiep\Documents\Source\learning-toeic\be\UnitTest\bin\Debug\net6.0\UnitTest.dll" adapterTypeName="executor://xunit/VsTestRunner2/netcoreapp" className="UnitTest.QuizUnitTest" name="GetAllQuizByLesson_Success" />
    </UnitTest>
    <UnitTest name="UnitTest.LessonUnitTest.GetById_Lesson_Success" storage="d:\nam4hk1\doantotnghiep\documents\source\learning-toeic\be\unittest\bin\debug\net6.0\unittest.dll" id="1c4832d9-120e-c56f-ed35-33e9429a6cbe">
      <Execution id="2eb4f462-61da-4066-ba83-abc5bd5878fd" />
      <TestMethod codeBase="D:\Nam4HK1\DoAnTotNghiep\Documents\Source\learning-toeic\be\UnitTest\bin\Debug\net6.0\UnitTest.dll" adapterTypeName="executor://xunit/VsTestRunner2/netcoreapp" className="UnitTest.LessonUnitTest" name="GetById_Lesson_Success" />
    </UnitTest>
    <UnitTest name="UnitTest.TestQuestionUnitUnitTest.GetAllTestQuestionUnitByPart_ReturnsNotFound_WhenUnitsNotFound" storage="d:\nam4hk1\doantotnghiep\documents\source\learning-toeic\be\unittest\bin\debug\net6.0\unittest.dll" id="1bed9ef5-66b3-f539-b445-5f05f9aa87e0">
      <Execution id="897ab6a2-5574-4002-a3a8-f82f31b2d04d" />
      <TestMethod codeBase="D:\Nam4HK1\DoAnTotNghiep\Documents\Source\learning-toeic\be\UnitTest\bin\Debug\net6.0\UnitTest.dll" adapterTypeName="executor://xunit/VsTestRunner2/netcoreapp" className="UnitTest.TestQuestionUnitUnitTest" name="GetAllTestQuestionUnitByPart_ReturnsNotFound_WhenUnitsNotFound" />
    </UnitTest>
    <UnitTest name="UnitTest.QuestionUnitTest.GetAllQuestionByQuiz_NotFound" storage="d:\nam4hk1\doantotnghiep\documents\source\learning-toeic\be\unittest\bin\debug\net6.0\unittest.dll" id="5d66dd18-434f-4e53-bf2b-2aad7fd8f216">
      <Execution id="dc5ebc2e-732c-4b48-a0d2-b6ce080f7d90" />
      <TestMethod codeBase="D:\Nam4HK1\DoAnTotNghiep\Documents\Source\learning-toeic\be\UnitTest\bin\Debug\net6.0\UnitTest.dll" adapterTypeName="executor://xunit/VsTestRunner2/netcoreapp" className="UnitTest.QuestionUnitTest" name="GetAllQuestionByQuiz_NotFound" />
    </UnitTest>
    <UnitTest name="UnitTest.RecordUnitTest.DeleteReport_Failure" storage="d:\nam4hk1\doantotnghiep\documents\source\learning-toeic\be\unittest\bin\debug\net6.0\unittest.dll" id="01d4ace8-2486-92b1-64cc-2260d5b5c8ca">
      <Execution id="b79e3f28-3243-4a48-b629-b660d3a1b9cd" />
      <TestMethod codeBase="D:\Nam4HK1\DoAnTotNghiep\Documents\Source\learning-toeic\be\UnitTest\bin\Debug\net6.0\UnitTest.dll" adapterTypeName="executor://xunit/VsTestRunner2/netcoreapp" className="UnitTest.RecordUnitTest" name="DeleteReport_Failure" />
    </UnitTest>
    <UnitTest name="UnitTest.TestPartUnitTest.GetAllTestParts_ReturnsOkResult_WithListOfTestParts" storage="d:\nam4hk1\doantotnghiep\documents\source\learning-toeic\be\unittest\bin\debug\net6.0\unittest.dll" id="90a4fa5d-efce-713e-9322-3736c6e9bad9">
      <Execution id="32858d73-2977-432e-9f91-1d7636d3b200" />
      <TestMethod codeBase="D:\Nam4HK1\DoAnTotNghiep\Documents\Source\learning-toeic\be\UnitTest\bin\Debug\net6.0\UnitTest.dll" adapterTypeName="executor://xunit/VsTestRunner2/netcoreapp" className="UnitTest.TestPartUnitTest" name="GetAllTestParts_ReturnsOkResult_WithListOfTestParts" />
    </UnitTest>
    <UnitTest name="UnitTest.LessonUnitTest.GetAll_Lessons_Success" storage="d:\nam4hk1\doantotnghiep\documents\source\learning-toeic\be\unittest\bin\debug\net6.0\unittest.dll" id="5d8d5e52-822e-9f81-9224-fee3d1b172d8">
      <Execution id="5f475c6c-d1fe-4055-8a5a-8bdcc26528a1" />
      <TestMethod codeBase="D:\Nam4HK1\DoAnTotNghiep\Documents\Source\learning-toeic\be\UnitTest\bin\Debug\net6.0\UnitTest.dll" adapterTypeName="executor://xunit/VsTestRunner2/netcoreapp" className="UnitTest.LessonUnitTest" name="GetAll_Lessons_Success" />
    </UnitTest>
    <UnitTest name="UnitTest.TestTypeUnitTest.GetAllTestTypes_ReturnsOkResult_WithListOfTestTypes" storage="d:\nam4hk1\doantotnghiep\documents\source\learning-toeic\be\unittest\bin\debug\net6.0\unittest.dll" id="5eae56cf-57d3-7112-90ef-26224638d159">
      <Execution id="f6e28480-552f-4c57-a483-454e17c1d502" />
      <TestMethod codeBase="D:\Nam4HK1\DoAnTotNghiep\Documents\Source\learning-toeic\be\UnitTest\bin\Debug\net6.0\UnitTest.dll" adapterTypeName="executor://xunit/VsTestRunner2/netcoreapp" className="UnitTest.TestTypeUnitTest" name="GetAllTestTypes_ReturnsOkResult_WithListOfTestTypes" />
    </UnitTest>
    <UnitTest name="UnitTest.QuestionUnitTest.GetAllQuestionByProfessor_Success" storage="d:\nam4hk1\doantotnghiep\documents\source\learning-toeic\be\unittest\bin\debug\net6.0\unittest.dll" id="0c4feb14-c872-49c5-6c0e-e75bdd68c694">
      <Execution id="690fe999-9207-460c-91e2-64b1790f603f" />
      <TestMethod codeBase="D:\Nam4HK1\DoAnTotNghiep\Documents\Source\learning-toeic\be\UnitTest\bin\Debug\net6.0\UnitTest.dll" adapterTypeName="executor://xunit/VsTestRunner2/netcoreapp" className="UnitTest.QuestionUnitTest" name="GetAllQuestionByProfessor_Success" />
    </UnitTest>
    <UnitTest name="UnitTest.StudentUnitTest.CheckFreeTest_ValidUserId_ReturnsOkResult" storage="d:\nam4hk1\doantotnghiep\documents\source\learning-toeic\be\unittest\bin\debug\net6.0\unittest.dll" id="50a0c1b4-c210-c492-73a4-709b1ef19d3b">
      <Execution id="488fd090-4a7a-4ac5-8cd5-029c24c5c171" />
      <TestMethod codeBase="D:\Nam4HK1\DoAnTotNghiep\Documents\Source\learning-toeic\be\UnitTest\bin\Debug\net6.0\UnitTest.dll" adapterTypeName="executor://xunit/VsTestRunner2/netcoreapp" className="UnitTest.StudentUnitTest" name="CheckFreeTest_ValidUserId_ReturnsOkResult" />
    </UnitTest>
    <UnitTest name="UnitTest.QuizUnitTest.UpdateQuiz_Failed" storage="d:\nam4hk1\doantotnghiep\documents\source\learning-toeic\be\unittest\bin\debug\net6.0\unittest.dll" id="5510b881-d000-1442-5ca9-1ecc5340a12c">
      <Execution id="4738044d-63b4-495c-a9a9-f7aa98644591" />
      <TestMethod codeBase="D:\Nam4HK1\DoAnTotNghiep\Documents\Source\learning-toeic\be\UnitTest\bin\Debug\net6.0\UnitTest.dll" adapterTypeName="executor://xunit/VsTestRunner2/netcoreapp" className="UnitTest.QuizUnitTest" name="UpdateQuiz_Failed" />
    </UnitTest>
    <UnitTest name="UnitTest.TestUnitTest.GetAllTestByProfessor_ReturnsNotFound" storage="d:\nam4hk1\doantotnghiep\documents\source\learning-toeic\be\unittest\bin\debug\net6.0\unittest.dll" id="b510f914-3ed3-1d0c-931b-9136a97f9d1b">
      <Execution id="18f8fe1b-f0fc-48d4-91df-87765caebf9c" />
      <TestMethod codeBase="D:\Nam4HK1\DoAnTotNghiep\Documents\Source\learning-toeic\be\UnitTest\bin\Debug\net6.0\UnitTest.dll" adapterTypeName="executor://xunit/VsTestRunner2/netcoreapp" className="UnitTest.TestUnitTest" name="GetAllTestByProfessor_ReturnsNotFound" />
    </UnitTest>
    <UnitTest name="UnitTest.QuizUnitTest.GetAllQuizzes_NotFound" storage="d:\nam4hk1\doantotnghiep\documents\source\learning-toeic\be\unittest\bin\debug\net6.0\unittest.dll" id="8a4150ce-a4b9-871d-127b-28170e7f612e">
      <Execution id="e7123df6-bfe7-4253-b005-917648680344" />
      <TestMethod codeBase="D:\Nam4HK1\DoAnTotNghiep\Documents\Source\learning-toeic\be\UnitTest\bin\Debug\net6.0\UnitTest.dll" adapterTypeName="executor://xunit/VsTestRunner2/netcoreapp" className="UnitTest.QuizUnitTest" name="GetAllQuizzes_NotFound" />
    </UnitTest>
    <UnitTest name="UnitTest.TestUnitTest.GetAllTestByType_ReturnsOkResult" storage="d:\nam4hk1\doantotnghiep\documents\source\learning-toeic\be\unittest\bin\debug\net6.0\unittest.dll" id="8e492d2b-8902-5bd6-ab18-f7cfa1feb6b9">
      <Execution id="cb5676ca-bbaa-4a16-abd4-f71ef4031ba2" />
      <TestMethod codeBase="D:\Nam4HK1\DoAnTotNghiep\Documents\Source\learning-toeic\be\UnitTest\bin\Debug\net6.0\UnitTest.dll" adapterTypeName="executor://xunit/VsTestRunner2/netcoreapp" className="UnitTest.TestUnitTest" name="GetAllTestByType_ReturnsOkResult" />
    </UnitTest>
    <UnitTest name="UnitTest.StudentUnitTest.CheckFreeTest_InvalidUserId_ReturnsOkResultWithFalse" storage="d:\nam4hk1\doantotnghiep\documents\source\learning-toeic\be\unittest\bin\debug\net6.0\unittest.dll" id="49e25ceb-49cf-97f4-2656-417a2efddf4e">
      <Execution id="dd55d1a9-eea6-4d67-93ef-1d23391bcb69" />
      <TestMethod codeBase="D:\Nam4HK1\DoAnTotNghiep\Documents\Source\learning-toeic\be\UnitTest\bin\Debug\net6.0\UnitTest.dll" adapterTypeName="executor://xunit/VsTestRunner2/netcoreapp" className="UnitTest.StudentUnitTest" name="CheckFreeTest_InvalidUserId_ReturnsOkResultWithFalse" />
    </UnitTest>
    <UnitTest name="UnitTest.UserAnswerUnitTest.GetUserAnswerByRecord_ReturnsOkResult_WithAnswer" storage="d:\nam4hk1\doantotnghiep\documents\source\learning-toeic\be\unittest\bin\debug\net6.0\unittest.dll" id="67ab1dac-7d76-a376-8ddc-925bb5b904de">
      <Execution id="b3529b52-7949-45d6-bf7d-d2568727e7e4" />
      <TestMethod codeBase="D:\Nam4HK1\DoAnTotNghiep\Documents\Source\learning-toeic\be\UnitTest\bin\Debug\net6.0\UnitTest.dll" adapterTypeName="executor://xunit/VsTestRunner2/netcoreapp" className="UnitTest.UserAnswerUnitTest" name="GetUserAnswerByRecord_ReturnsOkResult_WithAnswer" />
    </UnitTest>
    <UnitTest name="UnitTest.RecordUnitTest.UpdateReport_Success" storage="d:\nam4hk1\doantotnghiep\documents\source\learning-toeic\be\unittest\bin\debug\net6.0\unittest.dll" id="7d2c6b1c-5d6a-a748-0576-8db5c31d541d">
      <Execution id="a9075d3d-f432-4dff-b003-d45667bdf440" />
      <TestMethod codeBase="D:\Nam4HK1\DoAnTotNghiep\Documents\Source\learning-toeic\be\UnitTest\bin\Debug\net6.0\UnitTest.dll" adapterTypeName="executor://xunit/VsTestRunner2/netcoreapp" className="UnitTest.RecordUnitTest" name="UpdateReport_Success" />
    </UnitTest>
    <UnitTest name="UnitTest.CourseUnitTest.Add_Courses_Success" storage="d:\nam4hk1\doantotnghiep\documents\source\learning-toeic\be\unittest\bin\debug\net6.0\unittest.dll" id="c4b0a66a-9550-6a6d-b7db-54b55c253494">
      <Execution id="e4d08e59-463e-4b98-a9df-64890f9149ec" />
      <TestMethod codeBase="D:\Nam4HK1\DoAnTotNghiep\Documents\Source\learning-toeic\be\UnitTest\bin\Debug\net6.0\UnitTest.dll" adapterTypeName="executor://xunit/VsTestRunner2/netcoreapp" className="UnitTest.CourseUnitTest" name="Add_Courses_Success" />
    </UnitTest>
    <UnitTest name="UnitTest.TestPartUnitTest.GetAllTestParts_ReturnsNotFound" storage="d:\nam4hk1\doantotnghiep\documents\source\learning-toeic\be\unittest\bin\debug\net6.0\unittest.dll" id="c880452d-8feb-af0c-f9c1-20f8084b53c5">
      <Execution id="cb64154f-6e48-43b8-b30c-c502867c7a3d" />
      <TestMethod codeBase="D:\Nam4HK1\DoAnTotNghiep\Documents\Source\learning-toeic\be\UnitTest\bin\Debug\net6.0\UnitTest.dll" adapterTypeName="executor://xunit/VsTestRunner2/netcoreapp" className="UnitTest.TestPartUnitTest" name="GetAllTestParts_ReturnsNotFound" />
    </UnitTest>
    <UnitTest name="UnitTest.TestUnitTest.GetAllTestByType_ReturnsNotFound" storage="d:\nam4hk1\doantotnghiep\documents\source\learning-toeic\be\unittest\bin\debug\net6.0\unittest.dll" id="64bdeb8b-614f-d653-39a7-398590e81e71">
      <Execution id="b982c35d-13a6-4b42-b997-731227fbcf77" />
      <TestMethod codeBase="D:\Nam4HK1\DoAnTotNghiep\Documents\Source\learning-toeic\be\UnitTest\bin\Debug\net6.0\UnitTest.dll" adapterTypeName="executor://xunit/VsTestRunner2/netcoreapp" className="UnitTest.TestUnitTest" name="GetAllTestByType_ReturnsNotFound" />
    </UnitTest>
    <UnitTest name="UnitTest.TestQuestionUnitUnitTest.UpdateTestQuestionUnit_ReturnsInternalServerError_WhenUpdateFails" storage="d:\nam4hk1\doantotnghiep\documents\source\learning-toeic\be\unittest\bin\debug\net6.0\unittest.dll" id="7d38ba59-b353-4cca-28fb-f779651103a7">
      <Execution id="1971750d-b1ba-4a32-818f-f3e2eb6de575" />
      <TestMethod codeBase="D:\Nam4HK1\DoAnTotNghiep\Documents\Source\learning-toeic\be\UnitTest\bin\Debug\net6.0\UnitTest.dll" adapterTypeName="executor://xunit/VsTestRunner2/netcoreapp" className="UnitTest.TestQuestionUnitUnitTest" name="UpdateTestQuestionUnit_ReturnsInternalServerError_WhenUpdateFails" />
    </UnitTest>
    <UnitTest name="UnitTest.TestQuestionUnitUnitTest.AddTestQuestionUnit_ReturnsOkResult_WhenSuccessfullyAdded" storage="d:\nam4hk1\doantotnghiep\documents\source\learning-toeic\be\unittest\bin\debug\net6.0\unittest.dll" id="c4b78c64-1e38-fae4-a964-5f1a9d093411">
      <Execution id="2d9a1473-3924-4b12-a537-39096403e767" />
      <TestMethod codeBase="D:\Nam4HK1\DoAnTotNghiep\Documents\Source\learning-toeic\be\UnitTest\bin\Debug\net6.0\UnitTest.dll" adapterTypeName="executor://xunit/VsTestRunner2/netcoreapp" className="UnitTest.TestQuestionUnitUnitTest" name="AddTestQuestionUnit_ReturnsOkResult_WhenSuccessfullyAdded" />
    </UnitTest>
    <UnitTest name="UnitTest.RecordUnitTest.GetAllFalseReports_Success" storage="d:\nam4hk1\doantotnghiep\documents\source\learning-toeic\be\unittest\bin\debug\net6.0\unittest.dll" id="3aa4c10e-6ed3-e6bf-7617-897db35487f7">
      <Execution id="e7d191cd-c208-4fdb-9ea8-752a862a58f6" />
      <TestMethod codeBase="D:\Nam4HK1\DoAnTotNghiep\Documents\Source\learning-toeic\be\UnitTest\bin\Debug\net6.0\UnitTest.dll" adapterTypeName="executor://xunit/VsTestRunner2/netcoreapp" className="UnitTest.RecordUnitTest" name="GetAllFalseReports_Success" />
    </UnitTest>
    <UnitTest name="UnitTest.QuizUnitTest.GetAllQuizByLesson_NotFound" storage="d:\nam4hk1\doantotnghiep\documents\source\learning-toeic\be\unittest\bin\debug\net6.0\unittest.dll" id="8497a0c1-6128-c052-aae9-d69e9abd45b6">
      <Execution id="18ef4458-7a31-4f9c-84f8-7a86afc16ff5" />
      <TestMethod codeBase="D:\Nam4HK1\DoAnTotNghiep\Documents\Source\learning-toeic\be\UnitTest\bin\Debug\net6.0\UnitTest.dll" adapterTypeName="executor://xunit/VsTestRunner2/netcoreapp" className="UnitTest.QuizUnitTest" name="GetAllQuizByLesson_NotFound" />
    </UnitTest>
    <UnitTest name="UnitTest.CourseUnitTest.Delete_Courses_Success" storage="d:\nam4hk1\doantotnghiep\documents\source\learning-toeic\be\unittest\bin\debug\net6.0\unittest.dll" id="73b645e6-0a3b-7d86-625a-e4b1aebcf7e1">
      <Execution id="2978ae43-caec-435a-b090-ec3da73054f9" />
      <TestMethod codeBase="D:\Nam4HK1\DoAnTotNghiep\Documents\Source\learning-toeic\be\UnitTest\bin\Debug\net6.0\UnitTest.dll" adapterTypeName="executor://xunit/VsTestRunner2/netcoreapp" className="UnitTest.CourseUnitTest" name="Delete_Courses_Success" />
    </UnitTest>
    <UnitTest name="UnitTest.TestUnitTest.AddTest_ReturnsInternalServerError" storage="d:\nam4hk1\doantotnghiep\documents\source\learning-toeic\be\unittest\bin\debug\net6.0\unittest.dll" id="d7585462-878f-0acd-cce0-99a40cc2e78e">
      <Execution id="0f89126b-8068-4d3f-9a93-94306c2cf431" />
      <TestMethod codeBase="D:\Nam4HK1\DoAnTotNghiep\Documents\Source\learning-toeic\be\UnitTest\bin\Debug\net6.0\UnitTest.dll" adapterTypeName="executor://xunit/VsTestRunner2/netcoreapp" className="UnitTest.TestUnitTest" name="AddTest_ReturnsInternalServerError" />
    </UnitTest>
    <UnitTest name="UnitTest.TestQuestionUnitUnitTest.GetAllTestQuestionUnitByTest_ReturnsOkResult_WithListOfTestQuestionUnits" storage="d:\nam4hk1\doantotnghiep\documents\source\learning-toeic\be\unittest\bin\debug\net6.0\unittest.dll" id="b19ba2bf-e230-e1f8-12a6-89e3f367e7b8">
      <Execution id="d844aefa-88b5-456d-b5a9-56ec7bab2f90" />
      <TestMethod codeBase="D:\Nam4HK1\DoAnTotNghiep\Documents\Source\learning-toeic\be\UnitTest\bin\Debug\net6.0\UnitTest.dll" adapterTypeName="executor://xunit/VsTestRunner2/netcoreapp" className="UnitTest.TestQuestionUnitUnitTest" name="GetAllTestQuestionUnitByTest_ReturnsOkResult_WithListOfTestQuestionUnits" />
    </UnitTest>
    <UnitTest name="UnitTest.QuestionUnitTest.GetAll_Questions_NotFound" storage="d:\nam4hk1\doantotnghiep\documents\source\learning-toeic\be\unittest\bin\debug\net6.0\unittest.dll" id="ee7d3197-6b3d-6a14-5487-614fafda04d6">
      <Execution id="3825d744-9a8d-447d-83ca-10813792879d" />
      <TestMethod codeBase="D:\Nam4HK1\DoAnTotNghiep\Documents\Source\learning-toeic\be\UnitTest\bin\Debug\net6.0\UnitTest.dll" adapterTypeName="executor://xunit/VsTestRunner2/netcoreapp" className="UnitTest.QuestionUnitTest" name="GetAll_Questions_NotFound" />
    </UnitTest>
    <UnitTest name="UnitTest.RecordUnitTest.UpdateReport_Failure" storage="d:\nam4hk1\doantotnghiep\documents\source\learning-toeic\be\unittest\bin\debug\net6.0\unittest.dll" id="4087e5cb-4f26-c584-ba9f-9ec22e38d03d">
      <Execution id="d87c6ba4-da5d-430f-9382-4a04ec63f473" />
      <TestMethod codeBase="D:\Nam4HK1\DoAnTotNghiep\Documents\Source\learning-toeic\be\UnitTest\bin\Debug\net6.0\UnitTest.dll" adapterTypeName="executor://xunit/VsTestRunner2/netcoreapp" className="UnitTest.RecordUnitTest" name="UpdateReport_Failure" />
    </UnitTest>
    <UnitTest name="UnitTest.TestTypeUnitTest.GetTypeNameByTest_ReturnsNotFoundResult_WhenTypeNameNotFound" storage="d:\nam4hk1\doantotnghiep\documents\source\learning-toeic\be\unittest\bin\debug\net6.0\unittest.dll" id="d966d3d7-cd86-2ec6-1cab-810d8b2cf19e">
      <Execution id="e425f0c1-3a40-40f7-b5bc-a25088b34a4f" />
      <TestMethod codeBase="D:\Nam4HK1\DoAnTotNghiep\Documents\Source\learning-toeic\be\UnitTest\bin\Debug\net6.0\UnitTest.dll" adapterTypeName="executor://xunit/VsTestRunner2/netcoreapp" className="UnitTest.TestTypeUnitTest" name="GetTypeNameByTest_ReturnsNotFoundResult_WhenTypeNameNotFound" />
    </UnitTest>
    <UnitTest name="UnitTest.LessonUnitTest.Update_Lesson_Failed" storage="d:\nam4hk1\doantotnghiep\documents\source\learning-toeic\be\unittest\bin\debug\net6.0\unittest.dll" id="f2f2b981-c8cc-af37-05af-ac8174d8f85c">
      <Execution id="ce9c77e8-c0f1-4618-836b-eb119e10dab3" />
      <TestMethod codeBase="D:\Nam4HK1\DoAnTotNghiep\Documents\Source\learning-toeic\be\UnitTest\bin\Debug\net6.0\UnitTest.dll" adapterTypeName="executor://xunit/VsTestRunner2/netcoreapp" className="UnitTest.LessonUnitTest" name="Update_Lesson_Failed" />
    </UnitTest>
[...]
      <Execution id="fd37222a-340f-4342-afe7-3e0c5362342a" />
      <TestMethod codeBase="D:\Nam4HK1\DoAnTotNghiep\Documents\Source\learning-toeic\be\UnitTest\bin\Debug\net6.0\UnitTest.dll" adapterTypeName="executor://xunit/VsTestRunner2/netcoreapp" className="UnitTest.QuizUnitTest" name="GetQuizById_Success" />
    </UnitTest>
    <UnitTest name="UnitTest.TestQuestionUnitUnitTest.GetAllTestQuestionUnits_ReturnsOkResult_WithListOfTestQuestionUnits" storage="d:\nam4hk1\doantotnghiep\documents\source\learning-toeic\be\unittest\bin\debug\net6.0\unittest.dll" id="92d33082-0b7b-aae1-0f16-d4507b2896da">
      <Execution id="35da5ae6-444e-4bca-b14e-053a33588665" />
      <TestMethod codeBase="D:\Nam4HK1\DoAnTotNghiep\Documents\Source\learning-toeic\be\UnitTest\bin\Debug\net6.0\UnitTest.dll" adapterTypeName="executor://xunit/VsTestRunner2/netcoreapp" className="UnitTest.TestQuestionUnitUnitTest" name="GetAllTestQuestionUnits_ReturnsOkResult_WithListOfTestQuestionUnits" />
    </UnitTest>
    <UnitTest name="UnitTest.TestQuestionUnitUnitTest.AddTestQuestionUnit_ReturnsInternalServerError_WhenAddFails" storage="d:\nam4hk1\doantotnghiep\documents\source\learning-toeic\be\unittest\bin\debug\net6.0\unittest.dll" id="2a56740d-a5e8-c3d2-0689-21179d437ea6">
      <Execution id="cf1f5c90-bcac-4ebf-a38d-de1c74316d0d" />
      <TestMethod codeBase="D:\Nam4HK1\DoAnTotNghiep\Documents\Source\learning-toeic\be\UnitTest\bin\Debug\net6.0\UnitTest.dll" adapterTypeName="executor://xunit/VsTestRunner2/netcoreapp" className="UnitTest.TestQuestionUnitUnitTest" name="AddTestQuestionUnit_ReturnsInternalServerError_WhenAddFails" />
    </UnitTest>
  </TestDefinitions>
  <TestEntries>
    <TestEntry testId="faed0550-ed58-2904-da86-32d5f82d8637" executionId="d9907628-2551-4343-b795-fe864192f040" testListId="8c84fa94-04c1-424b-9868-57a2d4851a1d" />
    <TestEntry testId="0c4feb14-c872-49c5-6c0e-e75bdd68c694" executionId="690fe999-9207-460c-91e2-64b1790f603f" testListId="8c84fa94-04c1-424b-9868-57a2d4851a1d" />
    <TestEntry testId="6bddcb6c-5b28-8a1c-b7bb-ee7e8b390dbd" executionId="23ff427a-ddad-4ed1-8b00-d299021d5838" testListId="8c84fa94-04c1-424b-9868-57a2d4851a1d" />
    <TestEntry testId="9eb8ca5b-561b-4839-16de-254d64ccc9c0" executionId="ad78228e-529e-47bc-9abe-5154d63d21fc" testListId="8c84fa94-04c1-424b-9868-57a2d4851a1d" />
    <TestEntry testId="1e60cf71-ef36-ed70-2bcd-a4a0acd001de" executionId="4efca1f7-f9c1-4f7b-8276-292d3f9581ed" testListId="8c84fa94-04c1-424b-9868-57a2d4851a1d" />
    <TestEntry testId="cf168dff-b183-f82e-7ebd-cccb9a12af8b" executionId="54c5a7a5-3404-44fd-84c3-f40f59ef7871" testListId="8c84fa94-04c1-424b-9868-57a2d4851a1d" />
    <TestEntry testId="cbb6c916-fc36-c782-cee0-b70f18c23c55" executionId="21d74620-22af-4784-b91f-ffb05fd0c9f5" testListId="8c84fa94-04c1-424b-9868-57a2d4851a1d" />
    <TestEntry testId="5eae56cf-57d3-7112-90ef-26224638d159" executionId="f6e28480-552f-4c57-a483-454e17c1d502" testListId="8c84fa94-04c1-424b-9868-57a2d4851a1d" />
    <TestEntry testId="b7d326d1-b0c4-6b27-9175-0922ad719a07" executionId="028e08e0-0f2d-4763-8d93-5f11e2675860" testListId="8c84fa94-04c1-424b-9868-57a2d4851a1d" />
    <TestEntry testId="b93f0022-3d85-d0ad-376d-cc059ec28496" executionId="dc59b200-4972-4307-b675-2591ba507b32" testListId="8c84fa94-04c1-424b-9868-57a2d4851a1d" />
    <TestEntry testId="67ab1dac-7d76-a376-8ddc-925bb5b904de" executionId="b3529b52-7949-45d6-bf7d-d2568727e7e4" testListId="8c84fa94-04c1-424b-9868-57a2d4851a1d" />
    <TestEntry testId="c4b78c64-1e38-fae4-a964-5f1a9d093411" executionId="2d9a1473-3924-4b12-a537-39096403e767" testListId="8c84fa94-04c1-424b-9868-57a2d4851a1d" />
    <TestEntry testId="acc636f7-1379-d335-8d87-736903123764" executionId="3dd36a0c-5a4d-4ec5-be7e-6cd60d62b79c" testListId="8c84fa94-04c1-424b-9868-57a2d4851a1d" />
    <TestEntry testId="4a76f1c0-d1c6-8618-e6e8-ad2a03baf8c7" executionId="574ea756-b870-47b7-81a9-a1d338474156" testListId="8c84fa94-04c1-424b-9868-57a2d4851a1d" />
    <TestEntry testId="d4db0384-4ac5-4996-fa32-52ca49f39ef6" executionId="2985eb69-dc46-47cd-a6a9-94eedae7e6b2" testListId="8c84fa94-04c1-424b-9868-57a2d4851a1d" />
    <TestEntry testId="90a4fa5d-efce-713e-9322-3736c6e9bad9" executionId="32858d73-2977-432e-9f91-1d7636d3b200" testListId="8c84fa94-04c1-424b-9868-57a2d4851a1d" />
    <TestEntry testId="6d718b62-edfb-a214-2975-88bc8dcff2e5" executionId="257904a6-cabf-424f-b22b-b92b57219ecf" testListId="8c84fa94-04c1-424b-9868-57a2d4851a1d" />
    <TestEntry testId="0e3d9331-ed77-4d44-0397-b2a24095482f" executionId="cd4c5ce2-8c35-4588-b76a-0370545b84fd" testListId="8c84fa94-04c1-424b-9868-57a2d4851a1d" />
    <TestEntry testId="2a56740d-a5e8-c3d2-0689-21179d437ea6" executionId="cf1f5c90-bcac-4ebf-a38d-de1c74316d0d" testListId="8c84fa94-04c1-424b-9868-57a2d4851a1d" />
    <TestEntry testId="8ea2eb8e-88a4-12b3-72f2-59ffe28fdafc" executionId="fd37222a-340f-4342-afe7-3e0c5362342a" testListId="8c84fa94-04c1-424b-9868-57a2d4851a1d" />
    <TestEntry testId="b6111566-d7ba-0dbd-70e2-629ef9ddb6c6" executionId="e3579503-e041-4a69-a217-eee2314ee32e" testListId="8c84fa94-04c1-424b-9868-57a2d4851a1d" />
    <TestEntry testId="5d8d5e52-822e-9f81-9224-fee3d1b172d8" executionId="5f475c6c-d1fe-4055-8a5a-8bdcc26528a1" testListId="8c84fa94-04c1-424b-9868-57a2d4851a1d" />
    <TestEntry testId="b4ea235a-0d4c-ba3c-0acc-5639225b8c33" executionId="76167302-74eb-4b9d-a91b-4755194bd567" testListId="8c84fa94-04c1-424b-9868-57a2d4851a1d" />
    <TestEntry testId="81a5e282-03d3-a5aa-5ab0-58569da0358f" executionId="47e7521c-1f67-4158-a9f8-cf76e3bd65fa" testListId="8c84fa94-04c1-424b-9868-57a2d4851a1d" />
    <TestEntry testId="86e4d756-386d-06ab-63cc-edbbc4623125" executionId="f4f5b57d-bba1-4c98-bcfc-2bdef11f2b76" testListId="8c84fa94-04c1-424b-9868-57a2d4851a1d" />
    <TestEntry testId="7f56a069-a01c-5690-80f2-9bd8c23840cb" executionId="0a7f3113-f879-41b4-8f40-9861f7200e22" testListId="8c84fa94-04c1-424b-9868-57a2d4851a1d" />
    <TestEntry testId="3a12d930-df43-2eb9-ed8c-005834112eb3" executionId="fc7246c2-9ba0-466b-bbe8-b0f5f01c224a" testListId="8c84fa94-04c1-424b-9868-57a2d4851a1d" />
    <TestEntry testId="2d764e76-ad26-266e-8149-a5ad8bceaf21" executionId="88882fb6-899a-4f39-accf-676bf6c828df" testListId="8c84fa94-04c1-424b-9868-57a2d4851a1d" />
    <TestEntry testId="fd8b6d3f-37f0-3240-00e0-3c1fd4bf17c6" executionId="15f74a76-515d-44b0-8079-a0e2ea968cd1" testListId="8c84fa94-04c1-424b-9868-57a2d4851a1d" />
    <TestEntry testId="12b7dc3a-266a-52db-d22a-8a248baba0c8" executionId="02681bee-e257-40e9-b181-ca37b8d37e72" testListId="8c84fa94-04c1-424b-9868-57a2d4851a1d" />
    <TestEntry testId="9d66add9-aacc-f69a-3f33-de5f73818d9f" executionId="91edf246-8499-4a0d-a11f-39a51ad56f7d" testListId="8c84fa94-04c1-424b-9868-57a2d4851a1d" />
    <TestEntry testId="921c6b28-a4ec-9d42-aad2-9715c01c6594" executionId="ce26e776-b679-497f-92c1-42df9cc6ed6e" testListId="8c84fa94-04c1-424b-9868-57a2d4851a1d" />
    <TestEntry testId="dbaa6a56-bb0e-ac39-ae0c-39373a7da8bb" executionId="938449c1-ddb4-4332-92de-49de4a03c172" testListId="8c84fa94-04c1-424b-9868-57a2d4851a1d" />
    <TestEntry testId="aada1de5-af42-a726-cd60-eb4d345d6b44" executionId="f77add72-7aec-40ce-b41b-30475038b4f2" testListId="8c84fa94-04c1-424b-9868-57a2d4851a1d" />
    <TestEntry testId="64bdeb8b-614f-d653-39a7-398590e81e71" executionId="b982c35d-13a6-4b42-b997-731227fbcf77" testListId="8c84fa94-04c1-424b-9868-57a2d4851a1d" />
    <TestEntry testId="1ffb53d8-5525-0651-a2af-9387b01c4be8" executionId="fbbd1889-55c3-42ea-a476-411a0342aeb7" testListId="8c84fa94-04c1-424b-9868-57a2d4851a1d" />
    <TestEntry testId="eac753ae-668f-dbe8-4a65-e96ef0a90439" executionId="c73c2b8f-6e7e-4c75-8d79-eacdc087bffd" testListId="8c84fa94-04c1-424b-9868-57a2d4851a1d" />
    <TestEntry testId="2b05ddfe-79ff-4d22-ab9b-ff05b2ebdc10" executionId="61ccb5de-5b30-44de-9eba-0fb02922a767" testListId="8c84fa94-04c1-424b-9868-57a2d4851a1d" />
    <TestEntry testId="c880452d-8feb-af0c-f9c1-20f8084b53c5" executionId="cb64154f-6e48-43b8-b30c-c502867c7a3d" testListId="8c84fa94-04c1-424b-9868-57a2d4851a1d" />
    <TestEntry testId="c8986e31-a077-73b0-6d27-e4a9f88ca1c3" executionId="565807e8-0b2f-4a32-a703-30211cd396a3" testListId="8c84fa94-04c1-424b-9868-57a2d4851a1d" />
    <TestEntry testId="0c8d7cf3-df8c-0cf2-983f-8bd75be01d18" executionId="06945fc4-f509-492a-afeb-810f0d3b4109" testListId="8c84fa94-04c1-424b-9868-57a2d4851a1d" />
    <TestEntry testId="c4b0a66a-9550-6a6d-b7db-54b55c253494" executionId="e4d08e59-463e-4b98-a9df-64890f9149ec" testListId="8c84fa94-04c1-424b-9868-57a2d4851a1d" />
    <TestEntry testId="5d66dd18-434f-4e53-bf2b-2aad7fd8f216" executionId="dc5ebc2e-732c-4b48-a0d2-b6ce080f7d90" testListId="8c84fa94-04c1-424b-9868-57a2d4851a1d" />
    <TestEntry testId="f610fffe-a6d4-005d-8fb7-9f29c3794c0c" executionId="d2e5d526-0847-43c7-b142-d24a3f28d2de" testListId="8c84fa94-04c1-424b-9868-57a2d4851a1d" />
    <TestEntry testId="3803fbce-c684-1cb7-127b-185f2799d806" executionId="56fab41a-4fbb-413c-81d4-d0933494d0d6" testListId="8c84fa94-04c1-424b-9868-57a2d4851a1d" />
    <TestEntry testId="d966d3d7-cd86-2ec6-1cab-810d8b2cf19e" executionId="e425f0c1-3a40-40f7-b5bc-a25088b34a4f" testListId="8c84fa94-04c1-424b-9868-57a2d4851a1d" />
    <TestEntry testId="95cf026c-d7c0-ce4e-5604-75b9ee6bb00e" executionId="ae839c86-fa40-48e0-9776-39a8fa29e35c" testListId="8c84fa94-04c1-424b-9868-57a2d4851a1d" />
    <TestEntry testId="e3d233ac-78b6-99a9-e9d6-0fec3bf024a1" executionId="158c9f14-a7b6-47c4-9dfe-96ca7a3aade5" testListId="8c84fa94-04c1-424b-9868-57a2d4851a1d" />
    <TestEntry testId="3d64daf1-0f63-30eb-a797-0fe64cead45f" executionId="c2d43e4d-1bca-4f10-b6ca-54340ef836bb" testListId="8c84fa94-04c1-424b-9868-57a2d4851a1d" />
    <TestEntry testId="e9cc7271-1312-f6e3-dd59-d9974801435c" executionId="9be7f426-19fa-4a5a-ae21-c8f2075ccb85" testListId="8c84fa94-04c1-424b-9868-57a2d4851a1d" />
    <TestEntry testId="52f3bb53-584e-f539-a34a-f8b620082c84" executionId="1e34ae5a-9a48-480b-973a-88ed9a53af2e" testListId="8c84fa94-04c1-424b-9868-57a2d4851a1d" />
    <TestEntry testId="598acd0e-fd59-92c9-717e-1755905f768e" executionId="96272fe9-e521-4585-9f4e-492ee7393280" testListId="8c84fa94-04c1-424b-9868-57a2d4851a1d" />
    <TestEntry testId="e0ac479f-c66d-f996-e8e6-2768689eb883" executionId="b590339c-4a0b-4c4e-aa1b-3c8be1cc16d3" testListId="8c84fa94-04c1-424b-9868-57a2d4851a1d" />
    <TestEntry testId="4a214040-096c-c561-b4fe-0bdbe26a33de" executionId="127099cf-1ec3-4a65-b11f-e1252472a6e2" testListId="8c84fa94-04c1-424b-9868-57a2d4851a1d" />
    <TestEntry testId="5cd404f5-7831-cfe3-3177-fc060c6aeb72" executionId="251db34a-af03-4c5e-98a4-b34a5bd7efde" testListId="8c84fa94-04c1-424b-9868-57a2d4851a1d" />
    <TestEntry testId="73b645e6-0a3b-7d86-625a-e4b1aebcf7e1" executionId="2978ae43-caec-435a-b090-ec3da73054f9" testListId="8c84fa94-04c1-424b-9868-57a2d4851a1d" />
    <TestEntry testId="5510b881-d000-1442-5ca9-1ecc5340a12c" executionId="4738044d-63b4-495c-a9a9-f7aa98644591" testListId="8c84fa94-04c1-424b-9868-57a2d4851a1d" />
    <TestEntry testId="65379a46-f205-793d-1ff5-436af43790d7" executionId="ce01d533-381a-4f56-8029-072a6087d3f9" testListId="8c84fa94-04c1-424b-9868-57a2d4851a1d" />
    <TestEntry testId="60882d0b-67eb-48f8-fe14-ef020251209f" executionId="bad58d78-89ac-439a-9909-f22b334563af" testListId="8c84fa94-04c1-424b-9868-57a2d4851a1d" />
    <TestEntry testId="fe913582-2fa8-9272-8143-729de2544086" executionId="b2139b60-e82d-42e6-ac36-af9e043b9eea" testListId="8c84fa94-04c1-424b-9868-57a2d4851a1d" />
    <TestEntry testId="49e25ceb-49cf-97f4-2656-417a2efddf4e" executionId="dd55d1a9-eea6-4d67-93ef-1d23391bcb69" testListId="8c84fa94-04c1-424b-9868-57a2d4851a1d" />
    <TestEntry testId="cacaf7dc-6e3e-9138-39d3-a52e0ca73746" executionId="3eceff72-46f7-4c9c-9430-67ce7f97c183" testListId="8c84fa94-04c1-424b-9868-57a2d4851a1d" />
    <TestEntry testId="8a4150ce-a4b9-871d-127b-28170e7f612e" executionId="e7123df6-bfe7-4253-b005-917648680344" testListId="8c84fa94-04c1-424b-9868-57a2d4851a1d" />
    <TestEntry testId="696dd1cf-9993-aeb3-86b7-d34305da9ec7" executionId="0d597973-096a-4cd2-a9c0-e2845c760a57" testListId="8c84fa94-04c1-424b-9868-57a2d4851a1d" />
    <TestEntry testId="1bed9ef5-66b3-f539-b445-5f05f9aa87e0" executionId="897ab6a2-5574-4002-a3a8-f82f31b2d04d" testListId="8c84fa94-04c1-424b-9868-57a2d4851a1d" />
    <TestEntry testId="3aa4c10e-6ed3-e6bf-7617-897db35487f7" executionId="e7d191cd-c208-4fdb-9ea8-752a862a58f6" testListId="8c84fa94-04c1-424b-9868-57a2d4851a1d" />
    <TestEntry testId="92d33082-0b7b-aae1-0f16-d4507b2896da" executionId="35da5ae6-444e-4bca-b14e-053a33588665" testListId="8c84fa94-04c1-424b-9868-57a2d4851a1d" />
    <TestEntry testId="7d2d1c5a-da2f-9802-2701-7bd96d7e34c0" executionId="bf4f3c75-b399-4015-9a3f-36f3d096d26c" testListId="8c84fa94-04c1-424b-9868-57a2d4851a1d" />
    <TestEntry testId="7d2c6b1c-5d6a-a748-0576-8db5c31d541d" executionId="a9075d3d-f432-4dff-b003-d45667bdf440" testListId="8c84fa94-04c1-424b-9868-57a2d4851a1d" />
    <TestEntry testId="bce6502d-23dd-969c-c7c7-c85a27c6a35f" executionId="b995d312-8a66-4a3d-91e1-84f51a20f969" testListId="8c84fa94-04c1-424b-9868-57a2d4851a1d" />
    <TestEntry testId="25cedd1e-b3b4-44d5-d6c8-54673664a2e5" executionId="9698ab28-c596-4207-94ea-038f8557b5b2" testListId="8c84fa94-04c1-424b-9868-57a2d4851a1d" />
    <TestEntry testId="f2f2b981-c8cc-af37-05af-ac8174d8f85c" executionId="ce9c77e8-c0f1-4618-836b-eb119e10dab3" testListId="8c84fa94-04c1-424b-9868-57a2d4851a1d" />
    <TestEntry testId="4087e5cb-4f26-c584-ba9f-9ec22e38d03d" executionId="d87c6ba4-da5d-430f-9382-4a04ec63f473" testListId="8c84fa94-04c1-424b-9868-57a2d4851a1d" />
    <TestEntry testId="b510f914-3ed3-1d0c-931b-9136a97f9d1b" executionId="18f8fe1b-f0fc-48d4-91df-87765caebf9c" testListId="8c84fa94-04c1-424b-9868-57a2d4851a1d" />
    <TestEntry testId="ee7d3197-6b3d-6a14-5487-614fafda04d6" executionId="3825d744-9a8d-447d-83ca-10813792879d" testListId="8c84fa94-04c1-424b-9868-57a2d4851a1d" />
    <TestEntry testId="aaa7b708-3546-4383-347f-4aa8ed7e3f27" executionId="752977df-4391-4de8-816e-41211c2987a0" testListId="8c84fa94-04c1-424b-9868-57a2d4851a1d" />
    <TestEntry testId="4cea5854-131d-bf5d-d76e-b6a6fe273450" executionId="63a93625-9e2b-4e79-be0f-db57ad395137" testListId="8c84fa94-04c1-424b-9868-57a2d4851a1d" />
    <TestEntry testId="e16d370d-9fd6-13a6-0ecd-f274d691ea6e" executionId="a0b10e80-fb22-40db-a1ee-e251b4314c43" testListId="8c84fa94-04c1-424b-9868-57a2d4851a1d" />
    <TestEntry testId="d7585462-878f-0acd-cce0-99a40cc2e78e" executionId="0f89126b-8068-4d3f-9a93-94306c2cf431" testListId="8c84fa94-04c1-424b-9868-57a2d4851a1d" />
    <TestEntry testId="1c4832d9-120e-c56f-ed35-33e9429a6cbe" executionId="2eb4f462-61da-4066-ba83-abc5bd5878fd" testListId="8c84fa94-04c1-424b-9868-57a2d4851a1d" />
    <TestEntry testId="dbc7e35a-9cce-dcaa-b472-3d4a37c59def" executionId="2cdaf26a-1600-4700-b980-6e2494d55ee3" testListId="8c84fa94-04c1-424b-9868-57a2d4851a1d" />
    <TestEntry testId="3d43da51-c128-49da-8512-ee0462bf2cdd" executionId="78165175-963d-45fe-abb0-987476073083" testListId="8c84fa94-04c1-424b-9868-57a2d4851a1d" />
    <TestEntry testId="50a0c1b4-c210-c492-73a4-709b1ef19d3b" executionId="488fd090-4a7a-4ac5-8cd5-029c24c5c171" testListId="8c84fa94-04c1-424b-9868-57a2d4851a1d" />
    <TestEntry testId="185297d2-d068-2245-db73-5fa9b015dd43" executionId="3052461a-5436-4670-81a4-d86559374c78" testListId="8c84fa94-04c1-424b-9868-57a2d4851a1d" />
    <TestEntry testId="4b1c78f2-d537-cfcc-2f00-046023f2c8e8" executionId="c7d21409-f6ee-4ff1-bd7e-0577878b7293" testListId="8c84fa94-04c1-424b-9868-57a2d4851a1d" />
    <TestEntry testId="ebbeb6cd-448e-c527-b4e9-2a57d2c1da5b" executionId="be31c4fc-25f4-43a4-b7b4-bd5bb4171b67" testListId="8c84fa94-04c1-424b-9868-57a2d4851a1d" />
    <TestEntry testId="8e492d2b-8902-5bd6-ab18-f7cfa1feb6b9" executionId="cb5676ca-bbaa-4a16-abd4-f71ef4031ba2" testListId="8c84fa94-04c1-424b-9868-57a2d4851a1d" />
    <TestEntry testId="f99daf59-1831-9f8d-ffdd-e80cde415387" executionId="f2cedf6c-75a3-4782-ad5c-159cffcb7630" testListId="8c84fa94-04c1-424b-9868-57a2d4851a1d" />
    <TestEntry testId="47ddc28f-6d7f-dcba-998b-1fcdc067eedd" executionId="2adf9606-51a7-4740-9c3d-444188309f65" testListId="8c84fa94-04c1-424b-9868-57a2d4851a1d" />
    <TestEntry testId="14b13b4c-a2b8-ad3a-2c9d-d76dd1137089" executionId="1343b2b9-a757-4646-abcf-6bb6ca43ccea" testListId="8c84fa94-04c1-424b-9868-57a2d4851a1d" />
    <TestEntry testId="265ef14a-1574-9041-7cd2-b7d87bacc4ce" executionId="155c7dbc-8a46-4a01-9e33-4999732c65f6" testListId="8c84fa94-04c1-424b-9868-57a2d4851a1d" />
    <TestEntry testId="12668257-7984-a89a-7997-3ed9692cd943" executionId="8ae50ae4-5ec3-43a5-a63f-9737b8bea832" testListId="8c84fa94-04c1-424b-9868-57a2d4851a1d" />
    <TestEntry testId="7b0203af-9ee4-0515-8ada-ea2887c5b90a" executionId="f14eae14-348b-4265-a694-ee3a5c65f3e9" testListId="8c84fa94-04c1-424b-9868-57a2d4851a1d" />
    <TestEntry testId="c496b7fa-fff3-b6bf-5140-52a27da15d3c" executionId="e1ce2a3c-0437-4143-b8f6-7a12139dad19" testListId="8c84fa94-04c1-424b-9868-57a2d4851a1d" />
    <TestEntry testId="7d38ba59-b353-4cca-28fb-f779651103a7" executionId="1971750d-b1ba-4a32-818f-f3e2eb6de575" testListId="8c84fa94-04c1-424b-9868-57a2d4851a1d" />
    <TestEntry testId="bcf87596-7cda-546e-4e21-3a0a2da8d51c" executionId="57039a82-4af2-4f24-b288-d435958a33bb" testListId="8c84fa94-04c1-424b-9868-57a2d4851a1d" />
    <TestEntry testId="01d4ace8-2486-92b1-64cc-2260d5b5c8ca" executionId="b79e3f28-3243-4a48-b629-b660d3a1b9cd" testListId="8c84fa94-04c1-424b-9868-57a2d4851a1d" />
    <TestEntry testId="d915455a-6bfb-c113-6276-c22da17bd526" executionId="681fb5b7-f995-4b60-b6c7-85f9760b14c4" testListId="8c84fa94-04c1-424b-9868-57a2d4851a1d" />
    <TestEntry testId="fb0b934a-ecfa-69b2-6b5e-1312365abd30" executionId="67adca4d-6774-4731-9f7a-08aafbfb7dae" testListId="8c84fa94-04c1-424b-9868-57a2d4851a1d" />
    <TestEntry testId="b19ba2bf-e230-e1f8-12a6-89e3f367e7b8" executionId="d844aefa-88b5-456d-b5a9-56ec7bab2f90" testListId="8c84fa94-04c1-424b-9868-57a2d4851a1d" />
    <TestEntry testId="8497a0c1-6128-c052-aae9-d69e9abd45b6" executionId="18ef4458-7a31-4f9c-84f8-7a86afc16ff5" testListId="8c84fa94-04c1-424b-9868-57a2d4851a1d" />
    <TestEntry testId="f1c5ca59-6331-2b6e-da8e-e9776befaaed" executionId="6fe76ccf-3174-48b5-905d-54ffb7526fd0" testListId="8c84fa94-04c1-424b-9868-57a2d4851a1d" />
    <TestEntry testId="e4d539aa-953b-7b08-21a0-b7abdfce4091" executionId="d8bb84e2-97e5-4aec-bd6f-87284b894b87" testListId="8c84fa94-04c1-424b-9868-57a2d4851a1d" />
    <TestEntry testId="9a20be72-f145-05ca-7779-62c7f33e7f3a" executionId="49510621-3971-4412-aeec-b8eb72c66c28" testListId="8c84fa94-04c1-424b-9868-57a2d4851a1d" />
    <TestEntry testId="bddf7689-06c5-a518-4ffc-d9f44438c48b" executionId="548a5c0d-247e-4aa1-a3b0-923e3bc51025" testListId="8c84fa94-04c1-424b-9868-57a2d4851a1d" />
  </TestEntries>
  <TestLists>
    <TestList name="Results Not in a List" id="8c84fa94-04c1-424b-9868-57a2d4851a1d" />
    <TestList name="All Loaded Results" id="19431567-8539-422a-85d7-44ee4e166bda" />
  </TestLists>
  <ResultSummary outcome="Completed">
    <Counters total="105" executed="105" passed="105" failed="0" error="0" timeout="0" aborted="0" inconclusive="0" passedButRunAborted="0" notRunnable="0" notExecuted="0" disconnected="0" warning="0" completed="0" inProgress="0" pending="0" />
    <Output>
      <StdOut>[xUnit.net 00:00:00.00] xUnit.net VSTest Adapter v2.5.5+28b46ff510 (64-bit .NET 6.0.29)&#xD;
[xUnit.net 00:00:00.74]   Discovering: UnitTest&#xD;
[xUnit.net 00:00:00.89]   Discovered:  UnitTest&#xD;
[xUnit.net 00:00:00.89]   Starting:    UnitTest&#xD;
[xUnit.net 00:00:02.89]   Finished:    UnitTest&#xD;
</StdOut>
    </Output>
  </ResultSummary>
</TestRun>