<?xml version="1.0" encoding="utf-8"?>
<TestRun id="d0e62101-52b1-4837-9417-81d3da018766" name="ViDao@DESKTOP-FSB0OBD 2024-06-21 13:35:02" runUser="DESKTOP-FSB0OBD\ViDao" xmlns="http://microsoft.com/schemas/VisualStudio/TeamTest/2010">
  <Times creation="2024-06-21T13:35:02.7504693+07:00" queuing="2024-06-21T13:35:02.7504697+07:00" start="2024-06-21T13:35:01.6886979+07:00" finish="2024-06-21T13:35:02.9456002+07:00" />
  <TestSettings name="default" id="dac9b46c-a062-4a5f-a1f5-5832d95f2aef">
    <Deployment runDeploymentRoot="ViDao_DESKTOP-FSB0OBD_2024-06-21_13_35_02" />
  </TestSettings>
  <Results>
    <UnitTestResult executionId="2d2c54b3-30d6-4fce-8f84-df34df1d669c" testId="12b7dc3a-266a-52db-d22a-8a248baba0c8" testName="UnitTest.TestQuestionUnitUnitTest.UpdateTestQuestionUnit_ReturnsOkResult_WhenSuccessfullyUpdated" computerName="DESKTOP-FSB0OBD" duration="00:00:00.0020496" startTime="2024-06-21T13:35:02.7249438+07:00" endTime="2024-06-21T13:35:02.7249439+07:00" testType="13cdc9d9-ddb5-4fa4-a97d-d965ccfc6d4b" outcome="Passed" testListId="8c84fa94-04c1-424b-9868-57a2d4851a1d" relativeResultsDirectory="2d2c54b3-30d6-4fce-8f84-df34df1d669c" />
    <UnitTestResult executionId="82bb3535-5ce9-41b1-99a7-c5d2a4eeedc3" testId="8497a0c1-6128-c052-aae9-d69e9abd45b6" testName="UnitTest.QuizUnitTest.GetAllQuizByLesson_NotFound" computerName="DESKTOP-FSB0OBD" duration="00:00:00.0017938" startTime="2024-06-21T13:35:02.7236025+07:00" endTime="2024-06-21T13:35:02.7236026+07:00" testType="13cdc9d9-ddb5-4fa4-a97d-d965ccfc6d4b" outcome="Passed" testListId="8c84fa94-04c1-424b-9868-57a2d4851a1d" relativeResultsDirectory="82bb3535-5ce9-41b1-99a7-c5d2a4eeedc3" />
    <UnitTestResult executionId="b15c440c-a3fe-47d8-a082-50c1acb985f2" testId="bce6502d-23dd-969c-c7c7-c85a27c6a35f" testName="UnitTest.TestUnitTest.GetTestById_ReturnsNotFound" computerName="DESKTOP-FSB0OBD" duration="00:00:00.0031686" startTime="2024-06-21T13:35:02.7237550+07:00" endTime="2024-06-21T13:35:02.7237551+07:00" testType="13cdc9d9-ddb5-4fa4-a97d-d965ccfc6d4b" outcome="Passed" testListId="8c84fa94-04c1-424b-9868-57a2d4851a1d" relativeResultsDirectory="b15c440c-a3fe-47d8-a082-50c1acb985f2" />
    <UnitTestResult executionId="99fdd4d3-2f9e-4c1c-8995-676f7c91b8e3" testId="c4b0a66a-9550-6a6d-b7db-54b55c253494" testName="UnitTest.CourseUnitTest.Add_Courses_Success" computerName="DESKTOP-FSB0OBD" duration="00:00:00.0105057" startTime="2024-06-21T13:35:02.7171602+07:00" endTime="2024-06-21T13:35:02.7171602+07:00" testType="13cdc9d9-ddb5-4fa4-a97d-d965ccfc6d4b" outcome="Passed" testListId="8c84fa94-04c1-424b-9868-57a2d4851a1d" relativeResultsDirectory="99fdd4d3-2f9e-4c1c-8995-676f7c91b8e3" />
    <UnitTestResult executionId="c5af2955-0756-4d04-b997-b7bdba237cbb" testId="9d66add9-aacc-f69a-3f33-de5f73818d9f" testName="UnitTest.TestTypeUnitTest.GetTypeNameByTest_ReturnsOkResult_WithTypeName" computerName="DESKTOP-FSB0OBD" duration="00:00:00.0020676" startTime="2024-06-21T13:35:02.7162579+07:00" endTime="2024-06-21T13:35:02.7162579+07:00" testType="13cdc9d9-ddb5-4fa4-a97d-d965ccfc6d4b" outcome="Passed" testListId="8c84fa94-04c1-424b-9868-57a2d4851a1d" relativeResultsDirectory="c5af2955-0756-4d04-b997-b7bdba237cbb" />
    <UnitTestResult executionId="f5bfeebe-3465-4385-a39b-6c2c43a68051" testId="9a20be72-f145-05ca-7779-62c7f33e7f3a" testName="UnitTest.TestUnitTest.GetAllTests_ReturnsOkResult" computerName="DESKTOP-FSB0OBD" duration="00:00:00.0021752" startTime="2024-06-21T13:35:02.7221427+07:00" endTime="2024-06-21T13:35:02.7221428+07:00" testType="13cdc9d9-ddb5-4fa4-a97d-d965ccfc6d4b" outcome="Passed" testListId="8c84fa94-04c1-424b-9868-57a2d4851a1d" relativeResultsDirectory="f5bfeebe-3465-4385-a39b-6c2c43a68051" />
    <UnitTestResult executionId="ccb56305-43f1-46eb-835a-8aa4cc81dbc4" testId="81a5e282-03d3-a5aa-5ab0-58569da0358f" testName="UnitTest.UserAnswerUnitTest.GetUserAnswerByRecord_ReturnsNotFound_WhenAnswerIsNull" computerName="DESKTOP-FSB0OBD" duration="00:00:00.2000432" startTime="2024-06-21T13:35:02.6579880+07:00" endTime="2024-06-21T13:35:02.6580269+07:00" testType="13cdc9d9-ddb5-4fa4-a97d-d965ccfc6d4b" outcome="Passed" testListId="8c84fa94-04c1-424b-9868-57a2d4851a1d" relativeResultsDirectory="ccb56305-43f1-46eb-835a-8aa4cc81dbc4" />
    <UnitTestResult executionId="e40dba26-0394-4b40-9739-3b0237eae016" testId="2d764e76-ad26-266e-8149-a5ad8bceaf21" testName="UnitTest.CommentUnitTest.Delete_Comments_Success" computerName="DESKTOP-FSB0OBD" duration="00:00:00.0034466" startTime="2024-06-21T13:35:02.7250996+07:00" endTime="2024-06-21T13:35:02.7250996+07:00" testType="13cdc9d9-ddb5-4fa4-a97d-d965ccfc6d4b" outcome="Passed" testListId="8c84fa94-04c1-424b-9868-57a2d4851a1d" relativeResultsDirectory="e40dba26-0394-4b40-9739-3b0237eae016" />
    <UnitTestResult executionId="7e349666-02ba-4300-8638-ad0415d8700e" testId="0c8d7cf3-df8c-0cf2-983f-8bd75be01d18" testName="UnitTest.LessonUnitTest.Delete_Lesson_Success" computerName="DESKTOP-FSB0OBD" duration="00:00:00.0011337" startTime="2024-06-21T13:35:02.8752273+07:00" endTime="2024-06-21T13:35:02.8752275+07:00" testType="13cdc9d9-ddb5-4fa4-a97d-d965ccfc6d4b" outcome="Passed" testListId="8c84fa94-04c1-424b-9868-57a2d4851a1d" relativeResultsDirectory="7e349666-02ba-4300-8638-ad0415d8700e" />
    <UnitTestResult executionId="80594248-0e46-4483-9c4d-7262ce6dfc3b" testId="67ab1dac-7d76-a376-8ddc-925bb5b904de" testName="UnitTest.UserAnswerUnitTest.GetUserAnswerByRecord_ReturnsOkResult_WithAnswer" computerName="DESKTOP-FSB0OBD" duration="00:00:00.0021262" startTime="2024-06-21T13:35:02.7163152+07:00" endTime="2024-06-21T13:35:02.7163153+07:00" testType="13cdc9d9-ddb5-4fa4-a97d-d965ccfc6d4b" outcome="Passed" testListId="8c84fa94-04c1-424b-9868-57a2d4851a1d" relativeResultsDirectory="80594248-0e46-4483-9c4d-7262ce6dfc3b" />
    <UnitTestResult executionId="011fb7b4-0272-47fe-b2dc-24a585dfbc6b" testId="e0ac479f-c66d-f996-e8e6-2768689eb883" testName="UnitTest.TestQuestionUnitUnitTest.DeleteTestQuestionUnit_ReturnsOkResult_WhenSuccessfullyDeleted" computerName="DESKTOP-FSB0OBD" duration="00:00:00.0033472" startTime="2024-06-21T13:35:02.7214790+07:00" endTime="2024-06-21T13:35:02.7214803+07:00" testType="13cdc9d9-ddb5-4fa4-a97d-d965ccfc6d4b" outcome="Passed" testListId="8c84fa94-04c1-424b-9868-57a2d4851a1d" relativeResultsDirectory="011fb7b4-0272-47fe-b2dc-24a585dfbc6b" />
    <UnitTestResult executionId="47b050f5-7453-43d3-b0b1-448ee9b8aba5" testId="aada1de5-af42-a726-cd60-eb4d345d6b44" testName="UnitTest.CommentUnitTest.Delete_Comments_Failed" computerName="DESKTOP-FSB0OBD" duration="00:00:00.0021193" startTime="2024-06-21T13:35:02.7255546+07:00" endTime="2024-06-21T13:35:02.7255547+07:00" testType="13cdc9d9-ddb5-4fa4-a97d-d965ccfc6d4b" outcome="Passed" testListId="8c84fa94-04c1-424b-9868-57a2d4851a1d" relativeResultsDirectory="47b050f5-7453-43d3-b0b1-448ee9b8aba5" />
    <UnitTestResult executionId="6317b785-78de-4b2b-bf8f-cadc2ab8d74a" testId="4087e5cb-4f26-c584-ba9f-9ec22e38d03d" testName="UnitTest.RecordUnitTest.UpdateReport_Failure" computerName="DESKTOP-FSB0OBD" duration="00:00:00.0038235" startTime="2024-06-21T13:35:02.7237866+07:00" endTime="2024-06-21T13:35:02.7237866+07:00" testType="13cdc9d9-ddb5-4fa4-a97d-d965ccfc6d4b" outcome="Passed" testListId="8c84fa94-04c1-424b-9868-57a2d4851a1d" relativeResultsDirectory="6317b785-78de-4b2b-bf8f-cadc2ab8d74a" />
    <UnitTestResult executionId="df9db2db-a1cb-432b-92c8-99598e44d716" testId="4b1c78f2-d537-cfcc-2f00-046023f2c8e8" testName="UnitTest.TestQuestionUnitUnitTest.GetTestQuestionUnitById_ReturnsNotFound_WhenUnitNotFound" computerName="DESKTOP-FSB0OBD" duration="00:00:00.0028671" startTime="2024-06-21T13:35:02.7233831+07:00" endTime="2024-06-21T13:35:02.7233831+07:00" testType="13cdc9d9-ddb5-4fa4-a97d-d965ccfc6d4b" outcome="Passed" testListId="8c84fa94-04c1-424b-9868-57a2d4851a1d" relativeResultsDirectory="df9db2db-a1cb-432b-92c8-99598e44d716" />
    <UnitTestResult executionId="abc39abb-f7ef-49a3-8d7c-74be5a4d6587" testId="e3d233ac-78b6-99a9-e9d6-0fec3bf024a1" testName="UnitTest.QuestionUnitTest.Add_Question_Failed" computerName="DESKTOP-FSB0OBD" duration="00:00:00.0022643" startTime="2024-06-21T13:35:02.7255980+07:00" endTime="2024-06-21T13:35:02.7255980+07:00" testType="13cdc9d9-ddb5-4fa4-a97d-d965ccfc6d4b" outcome="Passed" testListId="8c84fa94-04c1-424b-9868-57a2d4851a1d" relativeResultsDirectory="abc39abb-f7ef-49a3-8d7c-74be5a4d6587" />
    <UnitTestResult executionId="9a301baa-2cf4-4aaf-b3e3-a61d1dd5ed29" testId="7f56a069-a01c-5690-80f2-9bd8c23840cb" testName="UnitTest.TestQuestionUnitUnitTest.GetAllTestQuestionUnitByTest_ReturnsNotFound_WhenUnitsNotFound" computerName="DESKTOP-FSB0OBD" duration="00:00:00.0045876" startTime="2024-06-21T13:35:02.7144240+07:00" endTime="2024-06-21T13:35:02.7144240+07:00" testType="13cdc9d9-ddb5-4fa4-a97d-d965ccfc6d4b" outcome="Passed" testListId="8c84fa94-04c1-424b-9868-57a2d4851a1d" relativeResultsDirectory="9a301baa-2cf4-4aaf-b3e3-a61d1dd5ed29" />
    <UnitTestResult executionId="999839b5-00c5-4483-a633-2f970d26574a" testId="e4d539aa-953b-7b08-21a0-b7abdfce4091" testName="UnitTest.QuestionUnitTest.DeleteQuestion_Failed" computerName="DESKTOP-FSB0OBD" duration="00:00:00.0012905" startTime="2024-06-21T13:35:02.7255216+07:00" endTime="2024-06-21T13:35:02.7255216+07:00" testType="13cdc9d9-ddb5-4fa4-a97d-d965ccfc6d4b" outcome="Passed" testListId="8c84fa94-04c1-424b-9868-57a2d4851a1d" relativeResultsDirectory="999839b5-00c5-4483-a633-2f970d26574a" />
    <UnitTestResult executionId="2b035fcf-9b2c-4e25-b7cf-d7b0f48489f5" testId="b7d326d1-b0c4-6b27-9175-0922ad719a07" testName="UnitTest.RecordUnitTest.DeleteReport_Success" computerName="DESKTOP-FSB0OBD" duration="00:00:00.0036921" startTime="2024-06-21T13:35:02.7222051+07:00" endTime="2024-06-21T13:35:02.7222051+07:00" testType="13cdc9d9-ddb5-4fa4-a97d-d965ccfc6d4b" outcome="Passed" testListId="8c84fa94-04c1-424b-9868-57a2d4851a1d" relativeResultsDirectory="2b035fcf-9b2c-4e25-b7cf-d7b0f48489f5" />
    <UnitTestResult executionId="2a8cbdc6-ee79-43de-9cf1-6b28c74295d0" testId="2b05ddfe-79ff-4d22-ab9b-ff05b2ebdc10" testName="UnitTest.LessonUnitTest.Delete_Lesson_Failed" computerName="DESKTOP-FSB0OBD" duration="00:00:00.0016886" startTime="2024-06-21T13:35:02.8722910+07:00" endTime="2024-06-21T13:35:02.8722911+07:00" testType="13cdc9d9-ddb5-4fa4-a97d-d965ccfc6d4b" outcome="Passed" testListId="8c84fa94-04c1-424b-9868-57a2d4851a1d" relativeResultsDirectory="2a8cbdc6-ee79-43de-9cf1-6b28c74295d0" />
    <UnitTestResult executionId="e0f82792-6142-427b-949d-06b472261870" testId="7b0203af-9ee4-0515-8ada-ea2887c5b90a" testName="UnitTest.CommentUnitTest.GetByLesson_Comments_Failed" computerName="DESKTOP-FSB0OBD" duration="00:00:00.0035944" startTime="2024-06-21T13:35:02.7236900+07:00" endTime="2024-06-21T13:35:02.7236900+07:00" testType="13cdc9d9-ddb5-4fa4-a97d-d965ccfc6d4b" outcome="Passed" testListId="8c84fa94-04c1-424b-9868-57a2d4851a1d" relativeResultsDirectory="e0f82792-6142-427b-949d-06b472261870" />
    <UnitTestResult executionId="b9c1f42b-05a9-4e08-ab35-655c16151400" testId="2a56740d-a5e8-c3d2-0689-21179d437ea6" testName="UnitTest.TestQuestionUnitUnitTest.AddTestQuestionUnit_ReturnsInternalServerError_WhenAddFails" computerName="DESKTOP-FSB0OBD" duration="00:00:00.2000041" startTime="2024-06-21T13:35:02.6636464+07:00" endTime="2024-06-21T13:35:02.6636465+07:00" testType="13cdc9d9-ddb5-4fa4-a97d-d965ccfc6d4b" outcome="Passed" testListId="8c84fa94-04c1-424b-9868-57a2d4851a1d" relativeResultsDirectory="b9c1f42b-05a9-4e08-ab35-655c16151400" />
    <UnitTestResult executionId="642fd151-2951-4777-a43d-5c29a2bebe9a" testId="cf168dff-b183-f82e-7ebd-cccb9a12af8b" testName="UnitTest.QuestionUnitTest.GetAllQuestionByProfessor_NotFound" computerName="DESKTOP-FSB0OBD" duration="00:00:00.2001185" startTime="2024-06-21T13:35:02.6636008+07:00" endTime="2024-06-21T13:35:02.6636008+07:00" testType="13cdc9d9-ddb5-4fa4-a97d-d965ccfc6d4b" outcome="Passed" testListId="8c84fa94-04c1-424b-9868-57a2d4851a1d" relativeResultsDirectory="642fd151-2951-4777-a43d-5c29a2bebe9a" />
    <UnitTestResult executionId="64ee1be5-ae52-4676-a2d3-ce22f72088ea" testId="b19ba2bf-e230-e1f8-12a6-89e3f367e7b8" testName="UnitTest.TestQuestionUnitUnitTest.GetAllTestQuestionUnitByTest_ReturnsOkResult_WithListOfTestQuestionUnits" computerName="DESKTOP-FSB0OBD" duration="00:00:00.0013646" startTime="2024-06-21T13:35:02.7250404+07:00" endTime="2024-06-21T13:35:02.7250405+07:00" testType="13cdc9d9-ddb5-4fa4-a97d-d965ccfc6d4b" outcome="Passed" testListId="8c84fa94-04c1-424b-9868-57a2d4851a1d" relativeResultsDirectory="64ee1be5-ae52-4676-a2d3-ce22f72088ea" />
    <UnitTestResult executionId="e76e240e-af9e-4c06-8fef-16f4c65ec9a4" testId="50a0c1b4-c210-c492-73a4-709b1ef19d3b" testName="UnitTest.StudentUnitTest.CheckFreeTest_ValidUserId_ReturnsOkResult" computerName="DESKTOP-FSB0OBD" duration="00:00:00.2000442" startTime="2024-06-21T13:35:02.6636351+07:00" endTime="2024-06-21T13:35:02.6636351+07:00" testType="13cdc9d9-ddb5-4fa4-a97d-d965ccfc6d4b" outcome="Passed" testListId="8c84fa94-04c1-424b-9868-57a2d4851a1d" relativeResultsDirectory="e76e240e-af9e-4c06-8fef-16f4c65ec9a4" />
    <UnitTestResult executionId="aeb90743-ab3d-42a3-9263-622addc1c82d" testId="265ef14a-1574-9041-7cd2-b7d87bacc4ce" testName="UnitTest.CourseUnitTest.GetById_Courses_Success" computerName="DESKTOP-FSB0OBD" duration="00:00:00.2033416" startTime="2024-06-21T13:35:02.6650903+07:00" endTime="2024-06-21T13:35:02.6650907+07:00" testType="13cdc9d9-ddb5-4fa4-a97d-d965ccfc6d4b" outcome="Passed" testListId="8c84fa94-04c1-424b-9868-57a2d4851a1d" relativeResultsDirectory="aeb90743-ab3d-42a3-9263-622addc1c82d" />
    <UnitTestResult executionId="98f36ce0-0151-4d41-882c-ef748281b6bf" testId="4a214040-096c-c561-b4fe-0bdbe26a33de" testName="UnitTest.TestQuestionUnitUnitTest.GetTestQuestionUnitById_ReturnsOkResult_WithTestQuestionUnit" computerName="DESKTOP-FSB0OBD" duration="00:00:00.0047938" startTime="2024-06-21T13:35:02.7222691+07:00" endTime="2024-06-21T13:35:02.7222691+07:00" testType="13cdc9d9-ddb5-4fa4-a97d-d965ccfc6d4b" outcome="Passed" testListId="8c84fa94-04c1-424b-9868-57a2d4851a1d" relativeResultsDirectory="98f36ce0-0151-4d41-882c-ef748281b6bf" />
    <UnitTestResult executionId="b231c698-8521-4baf-8ed6-7f7efb1821ec" testId="14b13b4c-a2b8-ad3a-2c9d-d76dd1137089" testName="UnitTest.TestUnitTest.GetTestById_ReturnsOkResult" computerName="DESKTOP-FSB0OBD" duration="00:00:00.0017557" startTime="2024-06-21T13:35:02.7249363+07:00" endTime="2024-06-21T13:35:02.7249363+07:00" testType="13cdc9d9-ddb5-4fa4-a97d-d965ccfc6d4b" outcome="Passed" testListId="8c84fa94-04c1-424b-9868-57a2d4851a1d" relativeResultsDirectory="b231c698-8521-4baf-8ed6-7f7efb1821ec" />
    <UnitTestResult executionId="2d14d6f6-a767-4b81-8597-0bd1f5b75353" testId="cbb6c916-fc36-c782-cee0-b70f18c23c55" testName="UnitTest.QuestionUnitTest.GetById_Question_Success" computerName="DESKTOP-FSB0OBD" duration="00:00:00.0035357" startTime="2024-06-21T13:35:02.7230026+07:00" endTime="2024-06-21T13:35:02.7230026+07:00" testType="13cdc9d9-ddb5-4fa4-a97d-d965ccfc6d4b" outcome="Passed" testListId="8c84fa94-04c1-424b-9868-57a2d4851a1d" relativeResultsDirectory="2d14d6f6-a767-4b81-8597-0bd1f5b75353" />
    <UnitTestResult executionId="c59f2d00-4a73-4a1f-b341-4644aad4f8c0" testId="e16d370d-9fd6-13a6-0ecd-f274d691ea6e" testName="UnitTest.CommentUnitTest.Add_Comments_Failed" computerName="DESKTOP-FSB0OBD" duration="00:00:00.0017209" startTime="2024-06-21T13:35:02.7254882+07:00" endTime="2024-06-21T13:35:02.7254882+07:00" testType="13cdc9d9-ddb5-4fa4-a97d-d965ccfc6d4b" outcome="Passed" testListId="8c84fa94-04c1-424b-9868-57a2d4851a1d" relativeResultsDirectory="c59f2d00-4a73-4a1f-b341-4644aad4f8c0" />
    <UnitTestResult executionId="76984ebd-0652-4877-bf13-8c120478a8a5" testId="1e60cf71-ef36-ed70-2bcd-a4a0acd001de" testName="UnitTest.RecordUnitTest.GetAllFalseReports_NotFound" computerName="DESKTOP-FSB0OBD" duration="00:00:00.0033692" startTime="2024-06-21T13:35:02.7229558+07:00" endTime="2024-06-21T13:35:02.7229558+07:00" testType="13cdc9d9-ddb5-4fa4-a97d-d965ccfc6d4b" outcome="Passed" testListId="8c84fa94-04c1-424b-9868-57a2d4851a1d" relativeResultsDirectory="76984ebd-0652-4877-bf13-8c120478a8a5" />
    <UnitTestResult executionId="3db018aa-e7b6-4bfd-9b26-29001edeb020" testId="ebbeb6cd-448e-c527-b4e9-2a57d2c1da5b" testName="UnitTest.CommentUnitTest.Update_Comments_Success" computerName="DESKTOP-FSB0OBD" duration="00:00:00.0024994" startTime="2024-06-21T13:35:02.7257185+07:00" endTime="2024-06-21T13:35:02.7257186+07:00" testType="13cdc9d9-ddb5-4fa4-a97d-d965ccfc6d4b" outcome="Passed" testListId="8c84fa94-04c1-424b-9868-57a2d4851a1d" relativeResultsDirectory="3db018aa-e7b6-4bfd-9b26-29001edeb020" />
    <UnitTestResult executionId="b58da6c6-258d-4d82-8381-f8a07176190d" testId="f610fffe-a6d4-005d-8fb7-9f29c3794c0c" testName="UnitTest.UserAnswerUnitTest.AddListUserAnswers_ReturnsInternalServerError_WhenResponseIsNull" computerName="DESKTOP-FSB0OBD" duration="00:00:00.0057953" startTime="2024-06-21T13:35:02.7161551+07:00" endTime="2024-06-21T13:35:02.7161552+07:00" testType="13cdc9d9-ddb5-4fa4-a97d-d965ccfc6d4b" outcome="Passed" testListId="8c84fa94-04c1-424b-9868-57a2d4851a1d" relativeResultsDirectory="b58da6c6-258d-4d82-8381-f8a07176190d" />
    <UnitTestResult executionId="3eeb0c11-c165-4cee-9e7a-5f15e340c612" testId="b93f0022-3d85-d0ad-376d-cc059ec28496" testName="UnitTest.QuestionUnitTest.GetByUnit_Question_NotFound" computerName="DESKTOP-FSB0OBD" duration="00:00:00.0017138" startTime="2024-06-21T13:35:02.7244480+07:00" endTime="2024-06-21T13:35:02.7244480+07:00" testType="13cdc9d9-ddb5-4fa4-a97d-d965ccfc6d4b" outcome="Passed" testListId="8c84fa94-04c1-424b-9868-57a2d4851a1d" relativeResultsDirectory="3eeb0c11-c165-4cee-9e7a-5f15e340c612" />
    <UnitTestResult executionId="9e2c9de9-a6a2-4572-bb4c-d52aae190843" testId="696dd1cf-9993-aeb3-86b7-d34305da9ec7" testName="UnitTest.RecordUnitTest.AddReport_Failure" computerName="DESKTOP-FSB0OBD" duration="00:00:00.0032380" startTime="2024-06-21T13:35:02.7244168+07:00" endTime="2024-06-21T13:35:02.7244169+07:00" testType="13cdc9d9-ddb5-4fa4-a97d-d965ccfc6d4b" outcome="Passed" testListId="8c84fa94-04c1-424b-9868-57a2d4851a1d" relativeResultsDirectory="9e2c9de9-a6a2-4572-bb4c-d52aae190843" />
    <UnitTestResult executionId="c8a781b9-1e3b-4bc3-ac84-76b58979bca7" testId="f2f2b981-c8cc-af37-05af-ac8174d8f85c" testName="UnitTest.LessonUnitTest.Update_Lesson_Failed" computerName="DESKTOP-FSB0OBD" duration="00:00:00.0082549" startTime="2024-06-21T13:35:02.8657616+07:00" endTime="2024-06-21T13:35:02.8657619+07:00" testType="13cdc9d9-ddb5-4fa4-a97d-d965ccfc6d4b" outcome="Passed" testListId="8c84fa94-04c1-424b-9868-57a2d4851a1d" relativeResultsDirectory="c8a781b9-1e3b-4bc3-ac84-76b58979bca7" />
    <UnitTestResult executionId="249d37e9-8492-4624-b015-80eda59966e0" testId="01d4ace8-2486-92b1-64cc-2260d5b5c8ca" testName="UnitTest.RecordUnitTest.DeleteReport_Failure" computerName="DESKTOP-FSB0OBD" duration="00:00:00.0019403" startTime="2024-06-21T13:35:02.7232839+07:00" endTime="2024-06-21T13:35:02.7232839+07:00" testType="13cdc9d9-ddb5-4fa4-a97d-d965ccfc6d4b" outcome="Passed" testListId="8c84fa94-04c1-424b-9868-57a2d4851a1d" relativeResultsDirectory="249d37e9-8492-4624-b015-80eda59966e0" />
    <UnitTestResult executionId="30ac71a9-a5d9-4a2e-97c5-5c9833acd4e6" testId="1ffb53d8-5525-0651-a2af-9387b01c4be8" testName="UnitTest.UserAnswerUnitTest.AddListUserAnswers_ReturnsOkResult_WithResponse" computerName="DESKTOP-FSB0OBD" duration="00:00:00.0032487" startTime="2024-06-21T13:35:02.7167870+07:00" endTime="2024-06-21T13:35:02.7167870+07:00" testType="13cdc9d9-ddb5-4fa4-a97d-d965ccfc6d4b" outcome="Passed" testListId="8c84fa94-04c1-424b-9868-57a2d4851a1d" relativeResultsDirectory="30ac71a9-a5d9-4a2e-97c5-5c9833acd4e6" />
    <UnitTestResult executionId="12869b39-2e15-4c2b-b63f-f0a3f05aaa65" testId="185297d2-d068-2245-db73-5fa9b015dd43" testName="UnitTest.TestUnitTest.DeleteTest_ReturnsNotFound" computerName="DESKTOP-FSB0OBD" duration="00:00:00.0027221" startTime="2024-06-21T13:35:02.7233187+07:00" endTime="2024-06-21T13:35:02.7233188+07:00" testType="13cdc9d9-ddb5-4fa4-a97d-d965ccfc6d4b" outcome="Passed" testListId="8c84fa94-04c1-424b-9868-57a2d4851a1d" relativeResultsDirectory="12869b39-2e15-4c2b-b63f-f0a3f05aaa65" />
    <UnitTestResult executionId="58b0a86a-01b8-4324-a48a-487fa8b6601d" testId="ee7d3197-6b3d-6a14-5487-614fafda04d6" testName="UnitTest.QuestionUnitTest.GetAll_Questions_NotFound" computerName="DESKTOP-FSB0OBD" duration="00:00:00.0010362" startTime="2024-06-21T13:35:02.7256311+07:00" endTime="2024-06-21T13:35:02.7256312+07:00" testType="13cdc9d9-ddb5-4fa4-a97d-d965ccfc6d4b" outcome="Passed" testListId="8c84fa94-04c1-424b-9868-57a2d4851a1d" relativeResultsDirectory="58b0a86a-01b8-4324-a48a-487fa8b6601d" />
    <UnitTestResult executionId="69920632-7404-4dcf-b465-88e72ba94300" testId="1bed9ef5-66b3-f539-b445-5f05f9aa87e0" testName="UnitTest.TestQuestionUnitUnitTest.GetAllTestQuestionUnitByPart_ReturnsNotFound_WhenUnitsNotFound" computerName="DESKTOP-FSB0OBD" duration="00:00:00.0078650" startTime="2024-06-21T13:35:02.7244816+07:00" endTime="2024-06-21T13:35:02.7244817+07:00" testType="13cdc9d9-ddb5-4fa4-a97d-d965ccfc6d4b" outcome="Passed" testListId="8c84fa94-04c1-424b-9868-57a2d4851a1d" relativeResultsDirectory="69920632-7404-4dcf-b465-88e72ba94300" />
    <UnitTestResult executionId="2ec2a770-53c2-4473-bc46-009754270918" testId="7d2d1c5a-da2f-9802-2701-7bd96d7e34c0" testName="UnitTest.LessonUnitTest.Update_Lesson_Success" computerName="DESKTOP-FSB0OBD" duration="00:00:00.0016437" startTime="2024-06-21T13:35:02.8786511+07:00" endTime="2024-06-21T13:35:02.8786514+07:00" testType="13cdc9d9-ddb5-4fa4-a97d-d965ccfc6d4b" outcome="Passed" testListId="8c84fa94-04c1-424b-9868-57a2d4851a1d" relativeResultsDirectory="2ec2a770-53c2-4473-bc46-009754270918" />
    <UnitTestResult executionId="69b18231-6f86-4205-a22a-cebf197feee1" testId="fb0b934a-ecfa-69b2-6b5e-1312365abd30" testName="UnitTest.QuizUnitTest.UpdateQuiz_Success" computerName="DESKTOP-FSB0OBD" duration="00:00:00.0023852" startTime="2024-06-21T13:35:02.7240594+07:00" endTime="2024-06-21T13:35:02.7240594+07:00" testType="13cdc9d9-ddb5-4fa4-a97d-d965ccfc6d4b" outcome="Passed" testListId="8c84fa94-04c1-424b-9868-57a2d4851a1d" relativeResultsDirectory="69b18231-6f86-4205-a22a-cebf197feee1" />
    <UnitTestResult executionId="c0f38987-1826-4181-adbf-9067e214c48d" testId="65379a46-f205-793d-1ff5-436af43790d7" testName="UnitTest.QuestionUnitTest.UpdateQuestion_Failed" computerName="DESKTOP-FSB0OBD" duration="00:00:00.0049512" startTime="2024-06-21T13:35:02.7179228+07:00" endTime="2024-06-21T13:35:02.7179229+07:00" testType="13cdc9d9-ddb5-4fa4-a97d-d965ccfc6d4b" outcome="Passed" testListId="8c84fa94-04c1-424b-9868-57a2d4851a1d" relativeResultsDirectory="c0f38987-1826-4181-adbf-9067e214c48d" />
    <UnitTestResult executionId="ece342a8-1a51-4591-857e-6ef1d0736d68" testId="c4b78c64-1e38-fae4-a964-5f1a9d093411" testName="UnitTest.TestQuestionUnitUnitTest.AddTestQuestionUnit_ReturnsOkResult_WhenSuccessfullyAdded" computerName="DESKTOP-FSB0OBD" duration="00:00:00.0024248" startTime="2024-06-21T13:35:02.7162798+07:00" endTime="2024-06-21T13:35:02.7162799+07:00" testType="13cdc9d9-ddb5-4fa4-a97d-d965ccfc6d4b" outcome="Passed" testListId="8c84fa94-04c1-424b-9868-57a2d4851a1d" relativeResultsDirectory="ece342a8-1a51-4591-857e-6ef1d0736d68" />
    <UnitTestResult executionId="2bcf1102-7feb-4036-9b10-c1864db44870" testId="49e25ceb-49cf-97f4-2656-417a2efddf4e" testName="UnitTest.StudentUnitTest.CheckFreeTest_InvalidUserId_ReturnsOkResultWithFalse" computerName="DESKTOP-FSB0OBD" duration="00:00:00.0027964" startTime="2024-06-21T13:35:02.7142302+07:00" endTime="2024-06-21T13:35:02.7142303+07:00" testType="13cdc9d9-ddb5-4fa4-a97d-d965ccfc6d4b" outcome="Passed" testListId="8c84fa94-04c1-424b-9868-57a2d4851a1d" relativeResultsDirectory="2bcf1102-7feb-4036-9b10-c1864db44870" />
    <UnitTestResult executionId="0492e111-2fef-4ce6-9c0a-c90d77ee2ab2" testId="dbaa6a56-bb0e-ac39-ae0c-39373a7da8bb" testName="UnitTest.CommentUnitTest.GetAllFalse_Comments_Success" computerName="DESKTOP-FSB0OBD" duration="00:00:00.0030921" startTime="2024-06-21T13:35:02.7240909+07:00" endTime="2024-06-21T13:35:02.7240910+07:00" testType="13cdc9d9-ddb5-4fa4-a97d-d965ccfc6d4b" outcome="Passed" testListId="8c84fa94-04c1-424b-9868-57a2d4851a1d" relativeResultsDirectory="0492e111-2fef-4ce6-9c0a-c90d77ee2ab2" />
    <UnitTestResult executionId="2edd2bed-73ee-4708-8709-cb03d618f0b4" testId="73b645e6-0a3b-7d86-625a-e4b1aebcf7e1" testName="UnitTest.CourseUnitTest.Delete_Courses_Success" computerName="DESKTOP-FSB0OBD" duration="00:00:00.0030384" startTime="2024-06-21T13:35:02.7168469+07:00" endTime="2024-06-21T13:35:02.7168470+07:00" testType="13cdc9d9-ddb5-4fa4-a97d-d965ccfc6d4b" outcome="Passed" testListId="8c84fa94-04c1-424b-9868-57a2d4851a1d" relativeResultsDirectory="2edd2bed-73ee-4708-8709-cb03d618f0b4" />
    <UnitTestResult executionId="d234418c-d48f-4af2-8787-bc2840fb580b" testId="9eb8ca5b-561b-4839-16de-254d64ccc9c0" testName="UnitTest.CommentUnitTest.GetByLesson_Comments_Success" computerName="DESKTOP-FSB0OBD" duration="00:00:00.0041447" startTime="2024-06-21T13:35:02.7248891+07:00" endTime="2024-06-21T13:35:02.7248891+07:00" testType="13cdc9d9-ddb5-4fa4-a97d-d965ccfc6d4b" outcome="Passed" testListId="8c84fa94-04c1-424b-9868-57a2d4851a1d" relativeResultsDirectory="d234418c-d48f-4af2-8787-bc2840fb580b" />
    <UnitTestResult executionId="ca89998e-135f-47a7-b0c9-2322870f0050" testId="e9cc7271-1312-f6e3-dd59-d9974801435c" testName="UnitTest.QuizUnitTest.AddQuiz_Success" computerName="DESKTOP-FSB0OBD" duration="00:00:00.1972569" startTime="2024-06-21T13:35:02.6635390+07:00" endTime="2024-06-21T13:35:02.6635391+07:00" testType="13cdc9d9-ddb5-4fa4-a97d-d965ccfc6d4b" outcome="Passed" testListId="8c84fa94-04c1-424b-9868-57a2d4851a1d" relativeResultsDirectory="ca89998e-135f-47a7-b0c9-2322870f0050" />
    <UnitTestResult executionId="8fcda4a2-96a9-4a85-b7c3-beae7adbfb23" testId="95cf026c-d7c0-ce4e-5604-75b9ee6bb00e" testName="UnitTest.TestQuestionUnitUnitTest.GetAllTestQuestionUnitByPart_ReturnsOkResult_WithListOfTestQuestionUnits" computerName="DESKTOP-FSB0OBD" duration="00:00:00.0134008" startTime="2024-06-21T13:35:02.7168837+07:00" endTime="2024-06-21T13:35:02.7168837+07:00" testType="13cdc9d9-ddb5-4fa4-a97d-d965ccfc6d4b" outcome="Passed" testListId="8c84fa94-04c1-424b-9868-57a2d4851a1d" relativeResultsDirectory="8fcda4a2-96a9-4a85-b7c3-beae7adbfb23" />
    <UnitTestResult executionId="4c48a2cb-c6fd-4328-8a37-e7a42b9a9ad5" testId="6bddcb6c-5b28-8a1c-b7bb-ee7e8b390dbd" testName="UnitTest.QuizUnitTest.DeleteQuiz_Success" computerName="DESKTOP-FSB0OBD" duration="00:00:00.0017042" startTime="2024-06-21T13:35:02.7243800+07:00" endTime="2024-06-21T13:35:02.7243801+07:00" testType="13cdc9d9-ddb5-4fa4-a97d-d965ccfc6d4b" outcome="Passed" testListId="8c84fa94-04c1-424b-9868-57a2d4851a1d" relativeResultsDirectory="4c48a2cb-c6fd-4328-8a37-e7a42b9a9ad5" />
    <UnitTestResult executionId="192c52e5-08e7-4440-86f5-4b216784305c" testId="f99daf59-1831-9f8d-ffdd-e80cde415387" testName="UnitTest.QuizUnitTest.DeleteQuiz_Failed" computerName="DESKTOP-FSB0OBD" duration="00:00:00.0027270" startTime="2024-06-21T13:35:02.7228879+07:00" endTime="2024-06-21T13:35:02.7228880+07:00" testType="13cdc9d9-ddb5-4fa4-a97d-d965ccfc6d4b" outcome="Passed" testListId="8c84fa94-04c1-424b-9868-57a2d4851a1d" relativeResultsDirectory="192c52e5-08e7-4440-86f5-4b216784305c" />
    <UnitTestResult executionId="81fa377a-72d7-43e0-b3af-81867e2d35ea" testId="5eae56cf-57d3-7112-90ef-26224638d159" testName="UnitTest.TestTypeUnitTest.GetAllTestTypes_ReturnsOkResult_WithListOfTestTypes" computerName="DESKTOP-FSB0OBD" duration="00:00:00.0012051" startTime="2024-06-21T13:35:02.7161027+07:00" endTime="2024-06-21T13:35:02.7161028+07:00" testType="13cdc9d9-ddb5-4fa4-a97d-d965ccfc6d4b" outcome="Passed" testListId="8c84fa94-04c1-424b-9868-57a2d4851a1d" relativeResultsDirectory="81fa377a-72d7-43e0-b3af-81867e2d35ea" />
    <UnitTestResult executionId="19904d38-29ca-4608-bb04-1a6a8b7d8fed" testId="3aa4c10e-6ed3-e6bf-7617-897db35487f7" testName="UnitTest.RecordUnitTest.GetAllFalseReports_Success" computerName="DESKTOP-FSB0OBD" duration="00:00:00.0168666" startTime="2024-06-21T13:35:02.7176997+07:00" endTime="2024-06-21T13:35:02.7176998+07:00" testType="13cdc9d9-ddb5-4fa4-a97d-d965ccfc6d4b" outcome="Passed" testListId="8c84fa94-04c1-424b-9868-57a2d4851a1d" relativeResultsDirectory="19904d38-29ca-4608-bb04-1a6a8b7d8fed" />
    <UnitTestResult executionId="c86fd7b9-0516-4678-a7b3-987e8c447349" testId="598acd0e-fd59-92c9-717e-1755905f768e" testName="UnitTest.RecordUnitTest.AddReport_Success" computerName="DESKTOP-FSB0OBD" duration="00:00:00.0018379" startTime="2024-06-21T13:35:02.7245131+07:00" endTime="2024-06-21T13:35:02.7245131+07:00" testType="13cdc9d9-ddb5-4fa4-a97d-d965ccfc6d4b" outcome="Passed" testListId="8c84fa94-04c1-424b-9868-57a2d4851a1d" relativeResultsDirectory="c86fd7b9-0516-4678-a7b3-987e8c447349" />
    <UnitTestResult executionId="24b67e68-bc43-496f-9934-1049d268d679" testId="4cea5854-131d-bf5d-d76e-b6a6fe273450" testName="UnitTest.RecordUnitTest.GetAllReports_NotFound" computerName="DESKTOP-FSB0OBD" duration="00:00:00.0016158" startTime="2024-06-21T13:35:02.7225445+07:00" endTime="2024-06-21T13:35:02.7225446+07:00" testType="13cdc9d9-ddb5-4fa4-a97d-d965ccfc6d4b" outcome="Passed" testListId="8c84fa94-04c1-424b-9868-57a2d4851a1d" relativeResultsDirectory="24b67e68-bc43-496f-9934-1049d268d679" />
    <UnitTestResult executionId="b776e1d8-6340-4ba1-a038-531d7b7e2cf7" testId="52f3bb53-584e-f539-a34a-f8b620082c84" testName="UnitTest.QuestionUnitTest.GetAll_Questions_Success" computerName="DESKTOP-FSB0OBD" duration="00:00:00.0021773" startTime="2024-06-21T13:35:02.7237232+07:00" endTime="2024-06-21T13:35:02.7237232+07:00" testType="13cdc9d9-ddb5-4fa4-a97d-d965ccfc6d4b" outcome="Passed" testListId="8c84fa94-04c1-424b-9868-57a2d4851a1d" relativeResultsDirectory="b776e1d8-6340-4ba1-a038-531d7b7e2cf7" />
    <UnitTestResult executionId="7226ff6c-4e29-46d6-9bc9-1d2f5258aa89" testId="47ddc28f-6d7f-dcba-998b-1fcdc067eedd" testName="UnitTest.CourseUnitTest.Update_Courses_Success" computerName="DESKTOP-FSB0OBD" duration="00:00:00.0089321" startTime="2024-06-21T13:35:02.7163493+07:00" endTime="2024-06-21T13:35:02.7163493+07:00" testType="13cdc9d9-ddb5-4fa4-a97d-d965ccfc6d4b" outcome="Passed" testListId="8c84fa94-04c1-424b-9868-57a2d4851a1d" relativeResultsDirectory="7226ff6c-4e29-46d6-9bc9-1d2f5258aa89" />
    <UnitTestResult executionId="648c6390-51bc-4709-bd7a-09bfe87f72c4" testId="0e3d9331-ed77-4d44-0397-b2a24095482f" testName="UnitTest.QuestionUnitTest.GetByUnit_Question_Success" computerName="DESKTOP-FSB0OBD" duration="00:00:00.0030228" startTime="2024-06-21T13:35:02.7221054+07:00" endTime="2024-06-21T13:35:02.7221054+07:00" testType="13cdc9d9-ddb5-4fa4-a97d-d965ccfc6d4b" outcome="Passed" testListId="8c84fa94-04c1-424b-9868-57a2d4851a1d" relativeResultsDirectory="648c6390-51bc-4709-bd7a-09bfe87f72c4" />
    <UnitTestResult executionId="b651c2d0-26e4-4117-824c-55e73970682f" testId="6d718b62-edfb-a214-2975-88bc8dcff2e5" testName="UnitTest.TestUnitTest.DeleteTest_ReturnsOkResult" computerName="DESKTOP-FSB0OBD" duration="00:00:00.0018486" startTime="2024-06-21T13:35:02.7241543+07:00" endTime="2024-06-21T13:35:02.7241543+07:00" testType="13cdc9d9-ddb5-4fa4-a97d-d965ccfc6d4b" outcome="Passed" testListId="8c84fa94-04c1-424b-9868-57a2d4851a1d" relativeResultsDirectory="b651c2d0-26e4-4117-824c-55e73970682f" />
    <UnitTestResult executionId="966a69d5-ac4b-4737-8121-13bff7144b8a" testId="5cd404f5-7831-cfe3-3177-fc060c6aeb72" testName="UnitTest.LessonUnitTest.GetByCourse_Lesson_Success" computerName="DESKTOP-FSB0OBD" duration="00:00:00.0016631" startTime="2024-06-21T13:35:02.8769645+07:00" endTime="2024-06-21T13:35:02.8769646+07:00" testType="13cdc9d9-ddb5-4fa4-a97d-d965ccfc6d4b" outcome="Passed" testListId="8c84fa94-04c1-424b-9868-57a2d4851a1d" relativeResultsDirectory="966a69d5-ac4b-4737-8121-13bff7144b8a" />
    <UnitTestResult executionId="495478a3-0fc7-4c57-a053-b558d81a1184" testId="b510f914-3ed3-1d0c-931b-9136a97f9d1b" testName="UnitTest.TestUnitTest.GetAllTestByProfessor_ReturnsNotFound" computerName="DESKTOP-FSB0OBD" duration="00:00:00.2000927" startTime="2024-06-21T13:35:02.6635877+07:00" endTime="2024-06-21T13:35:02.6635878+07:00" testType="13cdc9d9-ddb5-4fa4-a97d-d965ccfc6d4b" outcome="Passed" testListId="8c84fa94-04c1-424b-9868-57a2d4851a1d" relativeResultsDirectory="495478a3-0fc7-4c57-a053-b558d81a1184" />
    <UnitTestResult executionId="c39c5768-6b9e-4a91-8d41-75931fcad8f4" testId="12668257-7984-a89a-7997-3ed9692cd943" testName="UnitTest.QuizUnitTest.GetAllQuizByLesson_Success" computerName="DESKTOP-FSB0OBD" duration="00:00:00.0028482" startTime="2024-06-21T13:35:02.7225330+07:00" endTime="2024-06-21T13:35:02.7225331+07:00" testType="13cdc9d9-ddb5-4fa4-a97d-d965ccfc6d4b" outcome="Passed" testListId="8c84fa94-04c1-424b-9868-57a2d4851a1d" relativeResultsDirectory="c39c5768-6b9e-4a91-8d41-75931fcad8f4" />
    <UnitTestResult executionId="59d362c0-4388-40ac-8e3e-7b16d889ee43" testId="921c6b28-a4ec-9d42-aad2-9715c01c6594" testName="UnitTest.QuizUnitTest.GetQuizById_NotFound" computerName="DESKTOP-FSB0OBD" duration="00:00:00.0031717" startTime="2024-06-21T13:35:02.7175728+07:00" endTime="2024-06-21T13:35:02.7175729+07:00" testType="13cdc9d9-ddb5-4fa4-a97d-d965ccfc6d4b" outcome="Passed" testListId="8c84fa94-04c1-424b-9868-57a2d4851a1d" relativeResultsDirectory="59d362c0-4388-40ac-8e3e-7b16d889ee43" />
    <UnitTestResult executionId="e6ac52e9-0790-483d-b4d4-3a0407446ffd" testId="dbc7e35a-9cce-dcaa-b472-3d4a37c59def" testName="UnitTest.CommentUnitTest.Update_Comments_Failed" computerName="DESKTOP-FSB0OBD" duration="00:00:00.0071049" startTime="2024-06-21T13:35:02.7256860+07:00" endTime="2024-06-21T13:35:02.7256861+07:00" testType="13cdc9d9-ddb5-4fa4-a97d-d965ccfc6d4b" outcome="Passed" testListId="8c84fa94-04c1-424b-9868-57a2d4851a1d" relativeResultsDirectory="e6ac52e9-0790-483d-b4d4-3a0407446ffd" />
    <UnitTestResult executionId="f113c71c-4498-4cf2-8b21-79f71f27e98f" testId="fd8b6d3f-37f0-3240-00e0-3c1fd4bf17c6" testName="UnitTest.CommentUnitTest.Add_Comments_Success" computerName="DESKTOP-FSB0OBD" duration="00:00:00.0118854" startTime="2024-06-21T13:35:02.7230335+07:00" endTime="2024-06-21T13:35:02.7230336+07:00" testType="13cdc9d9-ddb5-4fa4-a97d-d965ccfc6d4b" outcome="Passed" testListId="8c84fa94-04c1-424b-9868-57a2d4851a1d" relativeResultsDirectory="f113c71c-4498-4cf2-8b21-79f71f27e98f" />
    <UnitTestResult executionId="54277471-560f-4ea8-afa2-7950ddb80737" testId="7d38ba59-b353-4cca-28fb-f779651103a7" testName="UnitTest.TestQuestionUnitUnitTest.UpdateTestQuestionUnit_ReturnsInternalServerError_WhenUpdateFails" computerName="DESKTOP-FSB0OBD" duration="00:00:00.0051004" startTime="2024-06-21T13:35:02.7175232+07:00" endTime="2024-06-21T13:35:02.7175232+07:00" testType="13cdc9d9-ddb5-4fa4-a97d-d965ccfc6d4b" outcome="Passed" testListId="8c84fa94-04c1-424b-9868-57a2d4851a1d" relativeResultsDirectory="54277471-560f-4ea8-afa2-7950ddb80737" />
    <UnitTestResult executionId="f92552e9-7b0e-4d4c-a0cb-e27636a0f412" testId="c8986e31-a077-73b0-6d27-e4a9f88ca1c3" testName="UnitTest.TestTypeUnitTest.GetAllTestTypes_ReturnsNotFoundResult_WhenNoTestTypesFound" computerName="DESKTOP-FSB0OBD" duration="00:00:00.0034237" startTime="2024-06-21T13:35:02.7143846+07:00" endTime="2024-06-21T13:35:02.7143846+07:00" testType="13cdc9d9-ddb5-4fa4-a97d-d965ccfc6d4b" outcome="Passed" testListId="8c84fa94-04c1-424b-9868-57a2d4851a1d" relativeResultsDirectory="f92552e9-7b0e-4d4c-a0cb-e27636a0f412" />
    <UnitTestResult executionId="cb34b682-b850-4b19-b2e3-fb53e43c40dc" testId="fe913582-2fa8-9272-8143-729de2544086" testName="UnitTest.LessonUnitTest.Add_Lesson_Failed" computerName="DESKTOP-FSB0OBD" duration="00:00:00.0013507" startTime="2024-06-21T13:35:02.8800897+07:00" endTime="2024-06-21T13:35:02.8800900+07:00" testType="13cdc9d9-ddb5-4fa4-a97d-d965ccfc6d4b" outcome="Passed" testListId="8c84fa94-04c1-424b-9868-57a2d4851a1d" relativeResultsDirectory="cb34b682-b850-4b19-b2e3-fb53e43c40dc" />
    <UnitTestResult executionId="88692542-9589-4a24-a3d4-33072a2284ea" testId="92d33082-0b7b-aae1-0f16-d4507b2896da" testName="UnitTest.TestQuestionUnitUnitTest.GetAllTestQuestionUnits_ReturnsOkResult_WithListOfTestQuestionUnits" computerName="DESKTOP-FSB0OBD" duration="00:00:00.0023885" startTime="2024-06-21T13:35:02.7226385+07:00" endTime="2024-06-21T13:35:02.7226386+07:00" testType="13cdc9d9-ddb5-4fa4-a97d-d965ccfc6d4b" outcome="Passed" testListId="8c84fa94-04c1-424b-9868-57a2d4851a1d" relativeResultsDirectory="88692542-9589-4a24-a3d4-33072a2284ea" />
    <UnitTestResult executionId="5402e225-491b-4299-b7ac-060ee3e19f41" testId="60882d0b-67eb-48f8-fe14-ef020251209f" testName="UnitTest.QuestionUnitTest.Delete_Question_Success" computerName="DESKTOP-FSB0OBD" duration="00:00:00.0027052" startTime="2024-06-21T13:35:02.7241222+07:00" endTime="2024-06-21T13:35:02.7241223+07:00" testType="13cdc9d9-ddb5-4fa4-a97d-d965ccfc6d4b" outcome="Passed" testListId="8c84fa94-04c1-424b-9868-57a2d4851a1d" relativeResultsDirectory="5402e225-491b-4299-b7ac-060ee3e19f41" />
    <UnitTestResult executionId="bb2c8587-1547-48b0-9126-863cd5d9aeea" testId="aaa7b708-3546-4383-347f-4aa8ed7e3f27" testName="UnitTest.RecordUnitTest.GetAllReports_Success" computerName="DESKTOP-FSB0OBD" duration="00:00:00.0021518" startTime="2024-06-21T13:35:02.7217282+07:00" endTime="2024-06-21T13:35:02.7217283+07:00" testType="13cdc9d9-ddb5-4fa4-a97d-d965ccfc6d4b" outcome="Passed" testListId="8c84fa94-04c1-424b-9868-57a2d4851a1d" relativeResultsDirectory="bb2c8587-1547-48b0-9126-863cd5d9aeea" />
    <UnitTestResult executionId="3a95d895-653a-4cab-a89d-8e128342920f" testId="1c4832d9-120e-c56f-ed35-33e9429a6cbe" testName="UnitTest.LessonUnitTest.GetById_Lesson_Success" computerName="DESKTOP-FSB0OBD" duration="00:00:00.0014585" startTime="2024-06-21T13:35:02.8815984+07:00" endTime="2024-06-21T13:35:02.8815985+07:00" testType="13cdc9d9-ddb5-4fa4-a97d-d965ccfc6d4b" outcome="Passed" testListId="8c84fa94-04c1-424b-9868-57a2d4851a1d" relativeResultsDirectory="3a95d895-653a-4cab-a89d-8e128342920f" />
    <UnitTestResult executionId="20b93d4f-49b2-490f-8772-3b78917ce361" testId="bddf7689-06c5-a518-4ffc-d9f44438c48b" testName="UnitTest.QuizUnitTest.AddQuiz_Failed" computerName="DESKTOP-FSB0OBD" duration="00:00:00.0018466" startTime="2024-06-21T13:35:02.7221734+07:00" endTime="2024-06-21T13:35:02.7221734+07:00" testType="13cdc9d9-ddb5-4fa4-a97d-d965ccfc6d4b" outcome="Passed" testListId="8c84fa94-04c1-424b-9868-57a2d4851a1d" relativeResultsDirectory="20b93d4f-49b2-490f-8772-3b78917ce361" />
    <UnitTestResult executionId="f4ebaa7a-5d70-4b0f-b4f0-5680b740fc1b" testId="7d2c6b1c-5d6a-a748-0576-8db5c31d541d" testName="UnitTest.RecordUnitTest.UpdateReport_Success" computerName="DESKTOP-FSB0OBD" duration="00:00:00.0024772" startTime="2024-06-21T13:35:02.7250151+07:00" endTime="2024-06-21T13:35:02.7250152+07:00" testType="13cdc9d9-ddb5-4fa4-a97d-d965ccfc6d4b" outcome="Passed" testListId="8c84fa94-04c1-424b-9868-57a2d4851a1d" relativeResultsDirectory="f4ebaa7a-5d70-4b0f-b4f0-5680b740fc1b" />
    <UnitTestResult executionId="7322a222-4e19-438c-a7b5-c6561b6d3b1b" testId="b4ea235a-0d4c-ba3c-0acc-5639225b8c33" testName="UnitTest.TestUnitTest.UpdateTest_ReturnsInternalServerError" computerName="DESKTOP-FSB0OBD" duration="00:00:00.0041948" startTime="2024-06-21T13:35:02.7226725+07:00" endTime="2024-06-21T13:35:02.7226726+07:00" testType="13cdc9d9-ddb5-4fa4-a97d-d965ccfc6d4b" outcome="Passed" testListId="8c84fa94-04c1-424b-9868-57a2d4851a1d" relativeResultsDirectory="7322a222-4e19-438c-a7b5-c6561b6d3b1b" />
    <UnitTestResult executionId="c5ec49f6-391e-45ee-8e5f-552b72af4a5c" testId="3803fbce-c684-1cb7-127b-185f2799d806" testName="UnitTest.LessonUnitTest.GetByCourse_Lesson_NotFound" computerName="DESKTOP-FSB0OBD" duration="00:00:00.0017018" startTime="2024-06-21T13:35:02.8740419+07:00" endTime="2024-06-21T13:35:02.8740420+07:00" testType="13cdc9d9-ddb5-4fa4-a97d-d965ccfc6d4b" outcome="Passed" testListId="8c84fa94-04c1-424b-9868-57a2d4851a1d" relativeResultsDirectory="c5ec49f6-391e-45ee-8e5f-552b72af4a5c" />
    <UnitTestResult executionId="c1a03efa-0e13-4072-a3e8-d9b20afbf9ad" testId="eac753ae-668f-dbe8-4a65-e96ef0a90439" testName="UnitTest.TestUnitTest.GetAllTestByProfessor_ReturnsOkResult" computerName="DESKTOP-FSB0OBD" duration="00:00:00.0126656" startTime="2024-06-21T13:35:02.7172111+07:00" endTime="2024-06-21T13:35:02.7172111+07:00" testType="13cdc9d9-ddb5-4fa4-a97d-d965ccfc6d4b" outcome="Passed" testListId="8c84fa94-04c1-424b-9868-57a2d4851a1d" relativeResultsDirectory="c1a03efa-0e13-4072-a3e8-d9b20afbf9ad" />
    <UnitTestResult executionId="145f2fa3-4911-4e3c-91fa-7d21f95c14d0" testId="25cedd1e-b3b4-44d5-d6c8-54673664a2e5" testName="UnitTest.CourseUnitTest.GetAll_Courses_Success" computerName="DESKTOP-FSB0OBD" duration="00:00:00.0040654" startTime="2024-06-21T13:35:02.7176085+07:00" endTime="2024-06-21T13:35:02.7176086+07:00" testType="13cdc9d9-ddb5-4fa4-a97d-d965ccfc6d4b" outcome="Passed" testListId="8c84fa94-04c1-424b-9868-57a2d4851a1d" relativeResultsDirectory="145f2fa3-4911-4e3c-91fa-7d21f95c14d0" />
    <UnitTestResult executionId="3e6c314f-be67-4024-ab3c-9b629ffcfc00" testId="0c4feb14-c872-49c5-6c0e-e75bdd68c694" testName="UnitTest.QuestionUnitTest.GetAllQuestionByProfessor_Success" computerName="DESKTOP-FSB0OBD" duration="00:00:00.0020758" startTime="2024-06-21T13:35:02.7233527+07:00" endTime="2024-06-21T13:35:02.7233528+07:00" testType="13cdc9d9-ddb5-4fa4-a97d-d965ccfc6d4b" outcome="Passed" testListId="8c84fa94-04c1-424b-9868-57a2d4851a1d" relativeResultsDirectory="3e6c314f-be67-4024-ab3c-9b629ffcfc00" />
    <UnitTestResult executionId="a705e155-af15-485f-b84a-af3282f8c934" testId="bcf87596-7cda-546e-4e21-3a0a2da8d51c" testName="UnitTest.QuizUnitTest.GetAllQuizzes_Success" computerName="DESKTOP-FSB0OBD" duration="00:00:00.0228235" startTime="2024-06-21T13:35:02.7172174+07:00" endTime="2024-06-21T13:35:02.7172174+07:00" testType="13cdc9d9-ddb5-4fa4-a97d-d965ccfc6d4b" outcome="Passed" testListId="8c84fa94-04c1-424b-9868-57a2d4851a1d" relativeResultsDirectory="a705e155-af15-485f-b84a-af3282f8c934" />
    <UnitTestResult executionId="6bd50cd2-c85e-42e4-96a5-697d7df68039" testId="3d64daf1-0f63-30eb-a797-0fe64cead45f" testName="UnitTest.QuestionUnitTest.Update_Question_Success" computerName="DESKTOP-FSB0OBD" duration="00:00:00.0046318" startTime="2024-06-21T13:35:02.7226043+07:00" endTime="2024-06-21T13:35:02.7226043+07:00" testType="13cdc9d9-ddb5-4fa4-a97d-d965ccfc6d4b" outcome="Passed" testListId="8c84fa94-04c1-424b-9868-57a2d4851a1d" relativeResultsDirectory="6bd50cd2-c85e-42e4-96a5-697d7df68039" />
    <UnitTestResult executionId="2b452909-d4bd-4a55-a314-615f9363dce9" testId="c880452d-8feb-af0c-f9c1-20f8084b53c5" testName="UnitTest.TestPartUnitTest.GetAllTestParts_ReturnsNotFound" computerName="DESKTOP-FSB0OBD" duration="00:00:00.0140687" startTime="2024-06-21T13:35:02.7172964+07:00" endTime="2024-06-21T13:35:02.7172965+07:00" testType="13cdc9d9-ddb5-4fa4-a97d-d965ccfc6d4b" outcome="Passed" testListId="8c84fa94-04c1-424b-9868-57a2d4851a1d" relativeResultsDirectory="2b452909-d4bd-4a55-a314-615f9363dce9" />
    <UnitTestResult executionId="d80d07ef-8020-4feb-9d2a-ff51eafb1edd" testId="5d8d5e52-822e-9f81-9224-fee3d1b172d8" testName="UnitTest.LessonUnitTest.GetAll_Lessons_Success" computerName="DESKTOP-FSB0OBD" duration="00:00:00.1894970" startTime="2024-06-21T13:35:02.8574105+07:00" endTime="2024-06-21T13:35:02.8574107+07:00" testType="13cdc9d9-ddb5-4fa4-a97d-d965ccfc6d4b" outcome="Passed" testListId="8c84fa94-04c1-424b-9868-57a2d4851a1d" relativeResultsDirectory="d80d07ef-8020-4feb-9d2a-ff51eafb1edd" />
    <UnitTestResult executionId="57ef8fde-fbc4-4c84-ad1a-e65699cadbc2" testId="8ea2eb8e-88a4-12b3-72f2-59ffe28fdafc" testName="UnitTest.QuizUnitTest.GetQuizById_Success" computerName="DESKTOP-FSB0OBD" duration="00:00:00.0019077" startTime="2024-06-21T13:35:02.7232465+07:00" endTime="2024-06-21T13:35:02.7232465+07:00" testType="13cdc9d9-ddb5-4fa4-a97d-d965ccfc6d4b" outcome="Passed" testListId="8c84fa94-04c1-424b-9868-57a2d4851a1d" relativeResultsDirectory="57ef8fde-fbc4-4c84-ad1a-e65699cadbc2" />
    <UnitTestResult executionId="a5b0fae0-522e-4bf2-9f04-74ae62e4de73" testId="86e4d756-386d-06ab-63cc-edbbc4623125" testName="UnitTest.QuestionUnitTest.GetDoTest_NotFound" computerName="DESKTOP-FSB0OBD" duration="00:00:00.0031763" startTime="2024-06-21T13:35:02.7250644+07:00" endTime="2024-06-21T13:35:02.7250644+07:00" testType="13cdc9d9-ddb5-4fa4-a97d-d965ccfc6d4b" outcome="Passed" testListId="8c84fa94-04c1-424b-9868-57a2d4851a1d" relativeResultsDirectory="a5b0fae0-522e-4bf2-9f04-74ae62e4de73" />
    <UnitTestResult executionId="d10a16b5-398b-44b1-b040-a6009a427325" testId="d7585462-878f-0acd-cce0-99a40cc2e78e" testName="UnitTest.TestUnitTest.AddTest_ReturnsInternalServerError" computerName="DESKTOP-FSB0OBD" duration="00:00:00.0022720" startTime="2024-06-21T13:35:02.7216734+07:00" endTime="2024-06-21T13:35:02.7216734+07:00" testType="13cdc9d9-ddb5-4fa4-a97d-d965ccfc6d4b" outcome="Passed" testListId="8c84fa94-04c1-424b-9868-57a2d4851a1d" relativeResultsDirectory="d10a16b5-398b-44b1-b040-a6009a427325" />
    <UnitTestResult executionId="b92eac1e-b1bc-46df-89a0-783f72b2d10b" testId="b6111566-d7ba-0dbd-70e2-629ef9ddb6c6" testName="UnitTest.LessonUnitTest.Add_Lesson_Success" computerName="DESKTOP-FSB0OBD" duration="00:00:00.0019138" startTime="2024-06-21T13:35:02.8677359+07:00" endTime="2024-06-21T13:35:02.8677360+07:00" testType="13cdc9d9-ddb5-4fa4-a97d-d965ccfc6d4b" outcome="Passed" testListId="8c84fa94-04c1-424b-9868-57a2d4851a1d" relativeResultsDirectory="b92eac1e-b1bc-46df-89a0-783f72b2d10b" />
    <UnitTestResult executionId="867c50a2-5c92-4d7c-8a38-c7b05d710ff9" testId="cacaf7dc-6e3e-9138-39d3-a52e0ca73746" testName="UnitTest.TestUnitTest.GetAllTests_ReturnsNotFound" computerName="DESKTOP-FSB0OBD" duration="00:00:00.0010410" startTime="2024-06-21T13:35:02.7240234+07:00" endTime="2024-06-21T13:35:02.7240235+07:00" testType="13cdc9d9-ddb5-4fa4-a97d-d965ccfc6d4b" outcome="Passed" testListId="8c84fa94-04c1-424b-9868-57a2d4851a1d" relativeResultsDirectory="867c50a2-5c92-4d7c-8a38-c7b05d710ff9" />
    <UnitTestResult executionId="df250e01-d3e0-43f4-ab75-5454f633553a" testId="8e492d2b-8902-5bd6-ab18-f7cfa1feb6b9" testName="UnitTest.TestUnitTest.GetAllTestByType_ReturnsOkResult" computerName="DESKTOP-FSB0OBD" duration="00:00:00.0018826" startTime="2024-06-21T13:35:02.7222381+07:00" endTime="2024-06-21T13:35:02.7222381+07:00" testType="13cdc9d9-ddb5-4fa4-a97d-d965ccfc6d4b" outcome="Passed" testListId="8c84fa94-04c1-424b-9868-57a2d4851a1d" relativeResultsDirectory="df250e01-d3e0-43f4-ab75-5454f633553a" />
    <UnitTestResult executionId="56e25aef-f695-4d69-9f34-848aa37e79a0" testId="64bdeb8b-614f-d653-39a7-398590e81e71" testName="UnitTest.TestUnitTest.GetAllTestByType_ReturnsNotFound" computerName="DESKTOP-FSB0OBD" duration="00:00:00.0100835" startTime="2024-06-21T13:35:02.7166797+07:00" endTime="2024-06-21T13:35:02.7166798+07:00" testType="13cdc9d9-ddb5-4fa4-a97d-d965ccfc6d4b" outcome="Passed" testListId="8c84fa94-04c1-424b-9868-57a2d4851a1d" relativeResultsDirectory="56e25aef-f695-4d69-9f34-848aa37e79a0" />
    <UnitTestResult executionId="0eb7b3f5-c440-495c-bdf8-336f620d0703" testId="5d66dd18-434f-4e53-bf2b-2aad7fd8f216" testName="UnitTest.QuestionUnitTest.GetAllQuestionByQuiz_NotFound" computerName="DESKTOP-FSB0OBD" duration="00:00:00.0017542" startTime="2024-06-21T13:35:02.7248279+07:00" endTime="2024-06-21T13:35:02.7248281+07:00" testType="13cdc9d9-ddb5-4fa4-a97d-d965ccfc6d4b" outcome="Passed" testListId="8c84fa94-04c1-424b-9868-57a2d4851a1d" relativeResultsDirectory="0eb7b3f5-c440-495c-bdf8-336f620d0703" />
    <UnitTestResult executionId="6b85bbff-9852-4b2c-b27a-234b6183296b" testId="d4db0384-4ac5-4996-fa32-52ca49f39ef6" testName="UnitTest.TestQuestionUnitUnitTest.DeleteTestQuestionUnit_ReturnsNotFound_WhenDeleteFails" computerName="DESKTOP-FSB0OBD" duration="00:00:00.0017441" startTime="2024-06-21T13:35:02.7229350+07:00" endTime="2024-06-21T13:35:02.7229350+07:00" testType="13cdc9d9-ddb5-4fa4-a97d-d965ccfc6d4b" outcome="Passed" testListId="8c84fa94-04c1-424b-9868-57a2d4851a1d" relativeResultsDirectory="6b85bbff-9852-4b2c-b27a-234b6183296b" />
    <UnitTestResult executionId="40ac5e6e-2bbd-4e4d-be46-9aa45348d4f8" testId="3d43da51-c128-49da-8512-ee0462bf2cdd" testName="UnitTest.QuestionUnitTest.Add_Question_Success" computerName="DESKTOP-FSB0OBD" duration="00:00:00.0060587" startTime="2024-06-21T13:35:02.7161923+07:00" endTime="2024-06-21T13:35:02.7161924+07:00" testType="13cdc9d9-ddb5-4fa4-a97d-d965ccfc6d4b" outcome="Passed" testListId="8c84fa94-04c1-424b-9868-57a2d4851a1d" relativeResultsDirectory="40ac5e6e-2bbd-4e4d-be46-9aa45348d4f8" />
    <UnitTestResult executionId="16c06f57-11a0-474f-ba38-600b877ff123" testId="faed0550-ed58-2904-da86-32d5f82d8637" testName="UnitTest.TestUnitTest.UpdateTest_ReturnsOkResult" computerName="DESKTOP-FSB0OBD" duration="00:00:00.0027092" startTime="2024-06-21T13:35:02.7245290+07:00" endTime="2024-06-21T13:35:02.7245291+07:00" testType="13cdc9d9-ddb5-4fa4-a97d-d965ccfc6d4b" outcome="Passed" testListId="8c84fa94-04c1-424b-9868-57a2d4851a1d" relativeResultsDirectory="16c06f57-11a0-474f-ba38-600b877ff123" />
    <UnitTestResult executionId="abd820a6-a06e-44b3-bff4-27bfb759676c" testId="8a4150ce-a4b9-871d-127b-28170e7f612e" testName="UnitTest.QuizUnitTest.GetAllQuizzes_NotFound" computerName="DESKTOP-FSB0OBD" duration="00:00:00.0009942" startTime="2024-06-21T13:35:02.7236471+07:00" endTime="2024-06-21T13:35:02.7236471+07:00" testType="13cdc9d9-ddb5-4fa4-a97d-d965ccfc6d4b" outcome="Passed" testListId="8c84fa94-04c1-424b-9868-57a2d4851a1d" relativeResultsDirectory="abd820a6-a06e-44b3-bff4-27bfb759676c" />
    <UnitTestResult executionId="9b92ecdb-d854-48df-b200-a09873e9a995" testId="4a76f1c0-d1c6-8618-e6e8-ad2a03baf8c7" testName="UnitTest.QuestionUnitTest.GetByQuiz_Question_Success" computerName="DESKTOP-FSB0OBD" duration="00:00:00.0163988" startTime="2024-06-21T13:35:02.7171347+07:00" endTime="2024-06-21T13:35:02.7171347+07:00" testType="13cdc9d9-ddb5-4fa4-a97d-d965ccfc6d4b" outcome="Passed" testListId="8c84fa94-04c1-424b-9868-57a2d4851a1d" relativeResultsDirectory="9b92ecdb-d854-48df-b200-a09873e9a995" />
    <UnitTestResult executionId="16394233-8145-48e0-9c0c-b7202e41c1a7" testId="5510b881-d000-1442-5ca9-1ecc5340a12c" testName="UnitTest.QuizUnitTest.UpdateQuiz_Failed" computerName="DESKTOP-FSB0OBD" duration="00:00:00.0039813" startTime="2024-06-21T13:35:02.7217734+07:00" endTime="2024-06-21T13:35:02.7217736+07:00" testType="13cdc9d9-ddb5-4fa4-a97d-d965ccfc6d4b" outcome="Passed" testListId="8c84fa94-04c1-424b-9868-57a2d4851a1d" relativeResultsDirectory="16394233-8145-48e0-9c0c-b7202e41c1a7" />
    <UnitTestResult executionId="c52ba883-e05a-4364-a883-fc1116d09ae0" testId="90a4fa5d-efce-713e-9322-3736c6e9bad9" testName="UnitTest.TestPartUnitTest.GetAllTestParts_ReturnsOkResult_WithListOfTestParts" computerName="DESKTOP-FSB0OBD" duration="00:00:00.0036919" startTime="2024-06-21T13:35:02.7217148+07:00" endTime="2024-06-21T13:35:02.7217148+07:00" testType="13cdc9d9-ddb5-4fa4-a97d-d965ccfc6d4b" outcome="Passed" testListId="8c84fa94-04c1-424b-9868-57a2d4851a1d" relativeResultsDirectory="c52ba883-e05a-4364-a883-fc1116d09ae0" />
    <UnitTestResult executionId="4d936d16-498d-49ad-9cbf-926c603ba83c" testId="d915455a-6bfb-c113-6276-c22da17bd526" testName="UnitTest.QuestionUnitTest.GetById_Question_NotFound" computerName="DESKTOP-FSB0OBD" duration="00:00:00.0050022" startTime="2024-06-21T13:35:02.7256627+07:00" endTime="2024-06-21T13:35:02.7256628+07:00" testType="13cdc9d9-ddb5-4fa4-a97d-d965ccfc6d4b" outcome="Passed" testListId="8c84fa94-04c1-424b-9868-57a2d4851a1d" relativeResultsDirectory="4d936d16-498d-49ad-9cbf-926c603ba83c" />
    <UnitTestResult executionId="a1eaa40d-86e4-4e7a-88ae-398e77dc5570" testId="c496b7fa-fff3-b6bf-5140-52a27da15d3c" testName="UnitTest.LessonUnitTest.GetAll_Lessons_NotFound" computerName="DESKTOP-FSB0OBD" duration="00:00:00.0007332" startTime="2024-06-21T13:35:02.8685160+07:00" endTime="2024-06-21T13:35:02.8685161+07:00" testType="13cdc9d9-ddb5-4fa4-a97d-d965ccfc6d4b" outcome="Passed" testListId="8c84fa94-04c1-424b-9868-57a2d4851a1d" relativeResultsDirectory="a1eaa40d-86e4-4e7a-88ae-398e77dc5570" />
    <UnitTestResult executionId="278583c9-45d6-442f-9ae2-636bc923bd14" testId="acc636f7-1379-d335-8d87-736903123764" testName="UnitTest.TestUnitTest.AddTest_ReturnsOkResult" computerName="DESKTOP-FSB0OBD" duration="00:00:00.0040304" startTime="2024-06-21T13:35:02.7176398+07:00" endTime="2024-06-21T13:35:02.7176398+07:00" testType="13cdc9d9-ddb5-4fa4-a97d-d965ccfc6d4b" outcome="Passed" testListId="8c84fa94-04c1-424b-9868-57a2d4851a1d" relativeResultsDirectory="278583c9-45d6-442f-9ae2-636bc923bd14" />
    <UnitTestResult executionId="c2f12477-6e6a-4e51-a7ab-2d8aa7edaf73" testId="d966d3d7-cd86-2ec6-1cab-810d8b2cf19e" testName="UnitTest.TestTypeUnitTest.GetTypeNameByTest_ReturnsNotFoundResult_WhenTypeNameNotFound" computerName="DESKTOP-FSB0OBD" duration="00:00:00.1999694" startTime="2024-06-21T13:35:02.6636119+07:00" endTime="2024-06-21T13:35:02.6636120+07:00" testType="13cdc9d9-ddb5-4fa4-a97d-d965ccfc6d4b" outcome="Passed" testListId="8c84fa94-04c1-424b-9868-57a2d4851a1d" relativeResultsDirectory="c2f12477-6e6a-4e51-a7ab-2d8aa7edaf73" />
    <UnitTestResult executionId="21d6d205-d92d-470b-bafe-3c72fefd08ff" testId="f1c5ca59-6331-2b6e-da8e-e9776befaaed" testName="UnitTest.LessonUnitTest.GetById_Lesson_NotFound" computerName="DESKTOP-FSB0OBD" duration="00:00:00.0019948" startTime="2024-06-21T13:35:02.8705578+07:00" endTime="2024-06-21T13:35:02.8705579+07:00" testType="13cdc9d9-ddb5-4fa4-a97d-d965ccfc6d4b" outcome="Passed" testListId="8c84fa94-04c1-424b-9868-57a2d4851a1d" relativeResultsDirectory="21d6d205-d92d-470b-bafe-3c72fefd08ff" />
    <UnitTestResult executionId="53197c53-8e1a-4433-872a-26f31e61e865" testId="3a12d930-df43-2eb9-ed8c-005834112eb3" testName="UnitTest.QuestionUnitTest.GetDoTest_Success" computerName="DESKTOP-FSB0OBD" duration="00:00:00.0017136" startTime="2024-06-21T13:35:02.7254491+07:00" endTime="2024-06-21T13:35:02.7254492+07:00" testType="13cdc9d9-ddb5-4fa4-a97d-d965ccfc6d4b" outcome="Passed" testListId="8c84fa94-04c1-424b-9868-57a2d4851a1d" relativeResultsDirectory="53197c53-8e1a-4433-872a-26f31e61e865" />
  </Results>
  <TestDefinitions>
    <UnitTest name="UnitTest.CourseUnitTest.Update_Courses_Success" storage="d:\nam4hk1\doantotnghiep\documents\source\learning-toeic\be\unittest\bin\debug\net6.0\unittest.dll" id="47ddc28f-6d7f-dcba-998b-1fcdc067eedd">
      <Execution id="7226ff6c-4e29-46d6-9bc9-1d2f5258aa89" />
      <TestMethod codeBase="D:\Nam4HK1\DoAnTotNghiep\Documents\Source\learning-toeic\be\UnitTest\bin\Debug\net6.0\UnitTest.dll" adapterTypeName="executor://xunit/VsTestRunner2/netcoreapp" className="UnitTest.CourseUnitTest" name="Update_Courses_Success" />
    </UnitTest>
    <UnitTest name="UnitTest.CommentUnitTest.Delete_Comments_Success" storage="d:\nam4hk1\doantotnghiep\documents\source\learning-toeic\be\unittest\bin\debug\net6.0\unittest.dll" id="2d764e76-ad26-266e-8149-a5ad8bceaf21">
      <Execution id="e40dba26-0394-4b40-9739-3b0237eae016" />
      <TestMethod codeBase="D:\Nam4HK1\DoAnTotNghiep\Documents\Source\learning-toeic\be\UnitTest\bin\Debug\net6.0\UnitTest.dll" adapterTypeName="executor://xunit/VsTestRunner2/netcoreapp" className="UnitTest.CommentUnitTest" name="Delete_Comments_Success" />
    </UnitTest>
    <UnitTest name="UnitTest.CommentUnitTest.Delete_Comments_Failed" storage="d:\nam4hk1\doantotnghiep\documents\source\learning-toeic\be\unittest\bin\debug\net6.0\unittest.dll" id="aada1de5-af42-a726-cd60-eb4d345d6b44">
      <Execution id="47b050f5-7453-43d3-b0b1-448ee9b8aba5" />
      <TestMethod codeBase="D:\Nam4HK1\DoAnTotNghiep\Documents\Source\learning-toeic\be\UnitTest\bin\Debug\net6.0\UnitTest.dll" adapterTypeName="executor://xunit/VsTestRunner2/netcoreapp" className="UnitTest.CommentUnitTest" name="Delete_Comments_Failed" />
    </UnitTest>
    <UnitTest name="UnitTest.LessonUnitTest.Add_Lesson_Success" storage="d:\nam4hk1\doantotnghiep\documents\source\learning-toeic\be\unittest\bin\debug\net6.0\unittest.dll" id="b6111566-d7ba-0dbd-70e2-629ef9ddb6c6">
      <Execution id="b92eac1e-b1bc-46df-89a0-783f72b2d10b" />
      <TestMethod codeBase="D:\Nam4HK1\DoAnTotNghiep\Documents\Source\learning-toeic\be\UnitTest\bin\Debug\net6.0\UnitTest.dll" adapterTypeName="executor://xunit/VsTestRunner2/netcoreapp" className="UnitTest.LessonUnitTest" name="Add_Lesson_Success" />
    </UnitTest>
    <UnitTest name="UnitTest.TestUnitTest.GetAllTestByProfessor_ReturnsOkResult" storage="d:\nam4hk1\doantotnghiep\documents\source\learning-toeic\be\unittest\bin\debug\net6.0\unittest.dll" id="eac753ae-668f-dbe8-4a65-e96ef0a90439">
      <Execution id="c1a03efa-0e13-4072-a3e8-d9b20afbf9ad" />
      <TestMethod codeBase="D:\Nam4HK1\DoAnTotNghiep\Documents\Source\learning-toeic\be\UnitTest\bin\Debug\net6.0\UnitTest.dll" adapterTypeName="executor://xunit/VsTestRunner2/netcoreapp" className="UnitTest.TestUnitTest" name="GetAllTestByProfessor_ReturnsOkResult" />
    </UnitTest>
    <UnitTest name="UnitTest.CommentUnitTest.Update_Comments_Success" storage="d:\nam4hk1\doantotnghiep\documents\source\learning-toeic\be\unittest\bin\debug\net6.0\unittest.dll" id="ebbeb6cd-448e-c527-b4e9-2a57d2c1da5b">
      <Execution id="3db018aa-e7b6-4bfd-9b26-29001edeb020" />
      <TestMethod codeBase="D:\Nam4HK1\DoAnTotNghiep\Documents\Source\learning-toeic\be\UnitTest\bin\Debug\net6.0\UnitTest.dll" adapterTypeName="executor://xunit/VsTestRunner2/netcoreapp" className="UnitTest.CommentUnitTest" name="Update_Comments_Success" />
    </UnitTest>
    <UnitTest name="UnitTest.RecordUnitTest.DeleteReport_Success" storage="d:\nam4hk1\doantotnghiep\documents\source\learning-toeic\be\unittest\bin\debug\net6.0\unittest.dll" id="b7d326d1-b0c4-6b27-9175-0922ad719a07">
      <Execution id="2b035fcf-9b2c-4e25-b7cf-d7b0f48489f5" />
      <TestMethod codeBase="D:\Nam4HK1\DoAnTotNghiep\Documents\Source\learning-toeic\be\UnitTest\bin\Debug\net6.0\UnitTest.dll" adapterTypeName="executor://xunit/VsTestRunner2/netcoreapp" className="UnitTest.RecordUnitTest" name="DeleteReport_Success" />
    </UnitTest>
    <UnitTest name="UnitTest.TestTypeUnitTest.GetTypeNameByTest_ReturnsOkResult_WithTypeName" storage="d:\nam4hk1\doantotnghiep\documents\source\learning-toeic\be\unittest\bin\debug\net6.0\unittest.dll" id="9d66add9-aacc-f69a-3f33-de5f73818d9f">
      <Execution id="c5af2955-0756-4d04-b997-b7bdba237cbb" />
      <TestMethod codeBase="D:\Nam4HK1\DoAnTotNghiep\Documents\Source\learning-toeic\be\UnitTest\bin\Debug\net6.0\UnitTest.dll" adapterTypeName="executor://xunit/VsTestRunner2/netcoreapp" className="UnitTest.TestTypeUnitTest" name="GetTypeNameByTest_ReturnsOkResult_WithTypeName" />
    </UnitTest>
    <UnitTest name="UnitTest.QuestionUnitTest.GetAllQuestionByProfessor_NotFound" storage="d:\nam4hk1\doantotnghiep\documents\source\learning-toeic\be\unittest\bin\debug\net6.0\unittest.dll" id="cf168dff-b183-f82e-7ebd-cccb9a12af8b">
      <Execution id="642fd151-2951-4777-a43d-5c29a2bebe9a" />
      <TestMethod codeBase="D:\Nam4HK1\DoAnTotNghiep\Documents\Source\learning-toeic\be\UnitTest\bin\Debug\net6.0\UnitTest.dll" adapterTypeName="executor://xunit/VsTestRunner2/netcoreapp" className="UnitTest.QuestionUnitTest" name="GetAllQuestionByProfessor_NotFound" />
    </UnitTest>
    <UnitTest name="UnitTest.LessonUnitTest.GetByCourse_Lesson_NotFound" storage="d:\nam4hk1\doantotnghiep\documents\source\learning-toeic\be\unittest\bin\debug\net6.0\unittest.dll" id="3803fbce-c684-1cb7-127b-185f2799d806">
      <Execution id="c5ec49f6-391e-45ee-8e5f-552b72af4a5c" />
      <TestMethod codeBase="D:\Nam4HK1\DoAnTotNghiep\Documents\Source\learning-toeic\be\UnitTest\bin\Debug\net6.0\UnitTest.dll" adapterTypeName="executor://xunit/VsTestRunner2/netcoreapp" className="UnitTest.LessonUnitTest" name="GetByCourse_Lesson_NotFound" />
    </UnitTest>
    <UnitTest name="UnitTest.TestQuestionUnitUnitTest.DeleteTestQuestionUnit_ReturnsOkResult_WhenSuccessfullyDeleted" storage="d:\nam4hk1\doantotnghiep\documents\source\learning-toeic\be\unittest\bin\debug\net6.0\unittest.dll" id="e0ac479f-c66d-f996-e8e6-2768689eb883">
      <Execution id="011fb7b4-0272-47fe-b2dc-24a585dfbc6b" />
      <TestMethod codeBase="D:\Nam4HK1\DoAnTotNghiep\Documents\Source\learning-toeic\be\UnitTest\bin\Debug\net6.0\UnitTest.dll" adapterTypeName="executor://xunit/VsTestRunner2/netcoreapp" className="UnitTest.TestQuestionUnitUnitTest" name="DeleteTestQuestionUnit_ReturnsOkResult_WhenSuccessfullyDeleted" />
    </UnitTest>
    <UnitTest name="UnitTest.CommentUnitTest.Add_Comments_Success" storage="d:\nam4hk1\doantotnghiep\documents\source\learning-toeic\be\unittest\bin\debug\net6.0\unittest.dll" id="fd8b6d3f-37f0-3240-00e0-3c1fd4bf17c6">
      <Execution id="f113c71c-4498-4cf2-8b21-79f71f27e98f" />
      <TestMethod codeBase="D:\Nam4HK1\DoAnTotNghiep\Documents\Source\learning-toeic\be\UnitTest\bin\Debug\net6.0\UnitTest.dll" adapterTypeName="executor://xunit/VsTestRunner2/netcoreapp" className="UnitTest.CommentUnitTest" name="Add_Comments_Success" />
    </UnitTest>
    <UnitTest name="UnitTest.QuizUnitTest.GetAllQuizByLesson_Success" storage="d:\nam4hk1\doantotnghiep\documents\source\learning-toeic\be\unittest\bin\debug\net6.0\unittest.dll" id="12668257-7984-a89a-7997-3ed9692cd943">
      <Execution id="c39c5768-6b9e-4a91-8d41-75931fcad8f4" />
      <TestMethod codeBase="D:\Nam4HK1\DoAnTotNghiep\Documents\Source\learning-toeic\be\UnitTest\bin\Debug\net6.0\UnitTest.dll" adapterTypeName="executor://xunit/VsTestRunner2/netcoreapp" className="UnitTest.QuizUnitTest" name="GetAllQuizByLesson_Success" />
    </UnitTest>
    <UnitTest name="UnitTest.LessonUnitTest.GetById_Lesson_Success" storage="d:\nam4hk1\doantotnghiep\documents\source\learning-toeic\be\unittest\bin\debug\net6.0\unittest.dll" id="1c4832d9-120e-c56f-ed35-33e9429a6cbe">
      <Execution id="3a95d895-653a-4cab-a89d-8e128342920f" />
      <TestMethod codeBase="D:\Nam4HK1\DoAnTotNghiep\Documents\Source\learning-toeic\be\UnitTest\bin\Debug\net6.0\UnitTest.dll" adapterTypeName="executor://xunit/VsTestRunner2/netcoreapp" className="UnitTest.LessonUnitTest" name="GetById_Lesson_Success" />
    </UnitTest>
    <UnitTest name="UnitTest.TestQuestionUnitUnitTest.GetAllTestQuestionUnitByPart_ReturnsNotFound_WhenUnitsNotFound" storage="d:\nam4hk1\doantotnghiep\documents\source\learning-toeic\be\unittest\bin\debug\net6.0\unittest.dll" id="1bed9ef5-66b3-f539-b445-5f05f9aa87e0">
      <Execution id="69920632-7404-4dcf-b465-88e72ba94300" />
      <TestMethod codeBase="D:\Nam4HK1\DoAnTotNghiep\Documents\Source\learning-toeic\be\UnitTest\bin\Debug\net6.0\UnitTest.dll" adapterTypeName="executor://xunit/VsTestRunner2/netcoreapp" className="UnitTest.TestQuestionUnitUnitTest" name="GetAllTestQuestionUnitByPart_ReturnsNotFound_WhenUnitsNotFound" />
    </UnitTest>
    <UnitTest name="UnitTest.QuestionUnitTest.GetAllQuestionByQuiz_NotFound" storage="d:\nam4hk1\doantotnghiep\documents\source\learning-toeic\be\unittest\bin\debug\net6.0\unittest.dll" id="5d66dd18-434f-4e53-bf2b-2aad7fd8f216">
      <Execution id="0eb7b3f5-c440-495c-bdf8-336f620d0703" />
      <TestMethod codeBase="D:\Nam4HK1\DoAnTotNghiep\Documents\Source\learning-toeic\be\UnitTest\bin\Debug\net6.0\UnitTest.dll" adapterTypeName="executor://xunit/VsTestRunner2/netcoreapp" className="UnitTest.QuestionUnitTest" name="GetAllQuestionByQuiz_NotFound" />
    </UnitTest>
    <UnitTest name="UnitTest.RecordUnitTest.DeleteReport_Failure" storage="d:\nam4hk1\doantotnghiep\documents\source\learning-toeic\be\unittest\bin\debug\net6.0\unittest.dll" id="01d4ace8-2486-92b1-64cc-2260d5b5c8ca">
      <Execution id="249d37e9-8492-4624-b015-80eda59966e0" />
      <TestMethod codeBase="D:\Nam4HK1\DoAnTotNghiep\Documents\Source\learning-toeic\be\UnitTest\bin\Debug\net6.0\UnitTest.dll" adapterTypeName="executor://xunit/VsTestRunner2/netcoreapp" className="UnitTest.RecordUnitTest" name="DeleteReport_Failure" />
    </UnitTest>
    <UnitTest name="UnitTest.TestPartUnitTest.GetAllTestParts_ReturnsOkResult_WithListOfTestParts" storage="d:\nam4hk1\doantotnghiep\documents\source\learning-toeic\be\unittest\bin\debug\net6.0\unittest.dll" id="90a4fa5d-efce-713e-9322-3736c6e9bad9">
      <Execution id="c52ba883-e05a-4364-a883-fc1116d09ae0" />
      <TestMethod codeBase="D:\Nam4HK1\DoAnTotNghiep\Documents\Source\learning-toeic\be\UnitTest\bin\Debug\net6.0\UnitTest.dll" adapterTypeName="executor://xunit/VsTestRunner2/netcoreapp" className="UnitTest.TestPartUnitTest" name="GetAllTestParts_ReturnsOkResult_WithListOfTestParts" />
    </UnitTest>
    <UnitTest name="UnitTest.LessonUnitTest.GetAll_Lessons_Success" storage="d:\nam4hk1\doantotnghiep\documents\source\learning-toeic\be\unittest\bin\debug\net6.0\unittest.dll" id="5d8d5e52-822e-9f81-9224-fee3d1b172d8">
      <Execution id="d80d07ef-8020-4feb-9d2a-ff51eafb1edd" />
      <TestMethod codeBase="D:\Nam4HK1\DoAnTotNghiep\Documents\Source\learning-toeic\be\UnitTest\bin\Debug\net6.0\UnitTest.dll" adapterTypeName="executor://xunit/VsTestRunner2/netcoreapp" className="UnitTest.LessonUnitTest" name="GetAll_Lessons_Success" />
    </UnitTest>
    <UnitTest name="UnitTest.TestTypeUnitTest.GetAllTestTypes_ReturnsOkResult_WithListOfTestTypes" storage="d:\nam4hk1\doantotnghiep\documents\source\learning-toeic\be\unittest\bin\debug\net6.0\unittest.dll" id="5eae56cf-57d3-7112-90ef-26224638d159">
      <Execution id="81fa377a-72d7-43e0-b3af-81867e2d35ea" />
      <TestMethod codeBase="D:\Nam4HK1\DoAnTotNghiep\Documents\Source\learning-toeic\be\UnitTest\bin\Debug\net6.0\UnitTest.dll" adapterTypeName="executor://xunit/VsTestRunner2/netcoreapp" className="UnitTest.TestTypeUnitTest" name="GetAllTestTypes_ReturnsOkResult_WithListOfTestTypes" />
    </UnitTest>
    <UnitTest name="UnitTest.QuestionUnitTest.GetAllQuestionByProfessor_Success" storage="d:\nam4hk1\doantotnghiep\documents\source\learning-toeic\be\unittest\bin\debug\net6.0\unittest.dll" id="0c4feb14-c872-49c5-6c0e-e75bdd68c694">
      <Execution id="3e6c314f-be67-4024-ab3c-9b629ffcfc00" />
      <TestMethod codeBase="D:\Nam4HK1\DoAnTotNghiep\Documents\Source\learning-toeic\be\UnitTest\bin\Debug\net6.0\UnitTest.dll" adapterTypeName="executor://xunit/VsTestRunner2/netcoreapp" className="UnitTest.QuestionUnitTest" name="GetAllQuestionByProfessor_Success" />
    </UnitTest>
    <UnitTest name="UnitTest.StudentUnitTest.CheckFreeTest_ValidUserId_ReturnsOkResult" storage="d:\nam4hk1\doantotnghiep\documents\source\learning-toeic\be\unittest\bin\debug\net6.0\unittest.dll" id="50a0c1b4-c210-c492-73a4-709b1ef19d3b">
      <Execution id="e76e240e-af9e-4c06-8fef-16f4c65ec9a4" />
      <TestMethod codeBase="D:\Nam4HK1\DoAnTotNghiep\Documents\Source\learning-toeic\be\UnitTest\bin\Debug\net6.0\UnitTest.dll" adapterTypeName="executor://xunit/VsTestRunner2/netcoreapp" className="UnitTest.StudentUnitTest" name="CheckFreeTest_ValidUserId_ReturnsOkResult" />
    </UnitTest>
    <UnitTest name="UnitTest.QuizUnitTest.UpdateQuiz_Failed" storage="d:\nam4hk1\doantotnghiep\documents\source\learning-toeic\be\unittest\bin\debug\net6.0\unittest.dll" id="5510b881-d000-1442-5ca9-1ecc5340a12c">
      <Execution id="16394233-8145-48e0-9c0c-b7202e41c1a7" />
      <TestMethod codeBase="D:\Nam4HK1\DoAnTotNghiep\Documents\Source\learning-toeic\be\UnitTest\bin\Debug\net6.0\UnitTest.dll" adapterTypeName="executor://xunit/VsTestRunner2/netcoreapp" className="UnitTest.QuizUnitTest" name="UpdateQuiz_Failed" />
    </UnitTest>
    <UnitTest name="UnitTest.TestUnitTest.GetAllTestByProfessor_ReturnsNotFound" storage="d:\nam4hk1\doantotnghiep\documents\source\learning-toeic\be\unittest\bin\debug\net6.0\unittest.dll" id="b510f914-3ed3-1d0c-931b-9136a97f9d1b">
      <Execution id="495478a3-0fc7-4c57-a053-b558d81a1184" />
      <TestMethod codeBase="D:\Nam4HK1\DoAnTotNghiep\Documents\Source\learning-toeic\be\UnitTest\bin\Debug\net6.0\UnitTest.dll" adapterTypeName="executor://xunit/VsTestRunner2/netcoreapp" className="UnitTest.TestUnitTest" name="GetAllTestByProfessor_ReturnsNotFound" />
    </UnitTest>
    <UnitTest name="UnitTest.QuizUnitTest.GetAllQuizzes_NotFound" storage="d:\nam4hk1\doantotnghiep\documents\source\learning-toeic\be\unittest\bin\debug\net6.0\unittest.dll" id="8a4150ce-a4b9-871d-127b-28170e7f612e">
      <Execution id="abd820a6-a06e-44b3-bff4-27bfb759676c" />
      <TestMethod codeBase="D:\Nam4HK1\DoAnTotNghiep\Documents\Source\learning-toeic\be\UnitTest\bin\Debug\net6.0\UnitTest.dll" adapterTypeName="executor://xunit/VsTestRunner2/netcoreapp" className="UnitTest.QuizUnitTest" name="GetAllQuizzes_NotFound" />
    </UnitTest>
    <UnitTest name="UnitTest.TestUnitTest.GetAllTestByType_ReturnsOkResult" storage="d:\nam4hk1\doantotnghiep\documents\source\learning-toeic\be\unittest\bin\debug\net6.0\unittest.dll" id="8e492d2b-8902-5bd6-ab18-f7cfa1feb6b9">
      <Execution id="df250e01-d3e0-43f4-ab75-5454f633553a" />
      <TestMethod codeBase="D:\Nam4HK1\DoAnTotNghiep\Documents\Source\learning-toeic\be\UnitTest\bin\Debug\net6.0\UnitTest.dll" adapterTypeName="executor://xunit/VsTestRunner2/netcoreapp" className="UnitTest.TestUnitTest" name="GetAllTestByType_ReturnsOkResult" />
    </UnitTest>
    <UnitTest name="UnitTest.StudentUnitTest.CheckFreeTest_InvalidUserId_ReturnsOkResultWithFalse" storage="d:\nam4hk1\doantotnghiep\documents\source\learning-toeic\be\unittest\bin\debug\net6.0\unittest.dll" id="49e25ceb-49cf-97f4-2656-417a2efddf4e">
      <Execution id="2bcf1102-7feb-4036-9b10-c1864db44870" />
      <TestMethod codeBase="D:\Nam4HK1\DoAnTotNghiep\Documents\Source\learning-toeic\be\UnitTest\bin\Debug\net6.0\UnitTest.dll" adapterTypeName="executor://xunit/VsTestRunner2/netcoreapp" className="UnitTest.StudentUnitTest" name="CheckFreeTest_InvalidUserId_ReturnsOkResultWithFalse" />
    </UnitTest>
    <UnitTest name="UnitTest.UserAnswerUnitTest.GetUserAnswerByRecord_ReturnsOkResult_WithAnswer" storage="d:\nam4hk1\doantotnghiep\documents\source\learning-toeic\be\unittest\bin\debug\net6.0\unittest.dll" id="67ab1dac-7d76-a376-8ddc-925bb5b904de">
      <Execution id="80594248-0e46-4483-9c4d-7262ce6dfc3b" />
      <TestMethod codeBase="D:\Nam4HK1\DoAnTotNghiep\Documents\Source\learning-toeic\be\UnitTest\bin\Debug\net6.0\UnitTest.dll" adapterTypeName="executor://xunit/VsTestRunner2/netcoreapp" className="UnitTest.UserAnswerUnitTest" name="GetUserAnswerByRecord_ReturnsOkResult_WithAnswer" />
    </UnitTest>
    <UnitTest name="UnitTest.RecordUnitTest.UpdateReport_Success" storage="d:\nam4hk1\doantotnghiep\documents\source\learning-toeic\be\unittest\bin\debug\net6.0\unittest.dll" id="7d2c6b1c-5d6a-a748-0576-8db5c31d541d">
      <Execution id="f4ebaa7a-5d70-4b0f-b4f0-5680b740fc1b" />
      <TestMethod codeBase="D:\Nam4HK1\DoAnTotNghiep\Documents\Source\learning-toeic\be\UnitTest\bin\Debug\net6.0\UnitTest.dll" adapterTypeName="executor://xunit/VsTestRunner2/netcoreapp" className="UnitTest.RecordUnitTest" name="UpdateReport_Success" />
    </UnitTest>
    <UnitTest name="UnitTest.CourseUnitTest.Add_Courses_Success" storage="d:\nam4hk1\doantotnghiep\documents\source\learning-toeic\be\unittest\bin\debug\net6.0\unittest.dll" id="c4b0a66a-9550-6a6d-b7db-54b55c253494">
      <Execution id="99fdd4d3-2f9e-4c1c-8995-676f7c91b8e3" />
      <TestMethod codeBase="D:\Nam4HK1\DoAnTotNghiep\Documents\Source\learning-toeic\be\UnitTest\bin\Debug\net6.0\UnitTest.dll" adapterTypeName="executor://xunit/VsTestRunner2/netcoreapp" className="UnitTest.CourseUnitTest" name="Add_Courses_Success" />
    </UnitTest>
    <UnitTest name="UnitTest.TestPartUnitTest.GetAllTestParts_ReturnsNotFound" storage="d:\nam4hk1\doantotnghiep\documents\source\learning-toeic\be\unittest\bin\debug\net6.0\unittest.dll" id="c880452d-8feb-af0c-f9c1-20f8084b53c5">
      <Execution id="2b452909-d4bd-4a55-a314-615f9363dce9" />
      <TestMethod codeBase="D:\Nam4HK1\DoAnTotNghiep\Documents\Source\learning-toeic\be\UnitTest\bin\Debug\net6.0\UnitTest.dll" adapterTypeName="executor://xunit/VsTestRunner2/netcoreapp" className="UnitTest.TestPartUnitTest" name="GetAllTestParts_ReturnsNotFound" />
    </UnitTest>
    <UnitTest name="UnitTest.TestUnitTest.GetAllTestByType_ReturnsNotFound" storage="d:\nam4hk1\doantotnghiep\documents\source\learning-toeic\be\unittest\bin\debug\net6.0\unittest.dll" id="64bdeb8b-614f-d653-39a7-398590e81e71">
      <Execution id="56e25aef-f695-4d69-9f34-848aa37e79a0" />
      <TestMethod codeBase="D:\Nam4HK1\DoAnTotNghiep\Documents\Source\learning-toeic\be\UnitTest\bin\Debug\net6.0\UnitTest.dll" adapterTypeName="executor://xunit/VsTestRunner2/netcoreapp" className="UnitTest.TestUnitTest" name="GetAllTestByType_ReturnsNotFound" />
    </UnitTest>
    <UnitTest name="UnitTest.TestQuestionUnitUnitTest.UpdateTestQuestionUnit_ReturnsInternalServerError_WhenUpdateFails" storage="d:\nam4hk1\doantotnghiep\documents\source\learning-toeic\be\unittest\bin\debug\net6.0\unittest.dll" id="7d38ba59-b353-4cca-28fb-f779651103a7">
      <Execution id="54277471-560f-4ea8-afa2-7950ddb80737" />
      <TestMethod codeBase="D:\Nam4HK1\DoAnTotNghiep\Documents\Source\learning-toeic\be\UnitTest\bin\Debug\net6.0\UnitTest.dll" adapterTypeName="executor://xunit/VsTestRunner2/netcoreapp" className="UnitTest.TestQuestionUnitUnitTest" name="UpdateTestQuestionUnit_ReturnsInternalServerError_WhenUpdateFails" />
    </UnitTest>
    <UnitTest name="UnitTest.TestQuestionUnitUnitTest.AddTestQuestionUnit_ReturnsOkResult_WhenSuccessfullyAdded" storage="d:\nam4hk1\doantotnghiep\documents\source\learning-toeic\be\unittest\bin\debug\net6.0\unittest.dll" id="c4b78c64-1e38-fae4-a964-5f1a9d093411">
      <Execution id="ece342a8-1a51-4591-857e-6ef1d0736d68" />
      <TestMethod codeBase="D:\Nam4HK1\DoAnTotNghiep\Documents\Source\learning-toeic\be\UnitTest\bin\Debug\net6.0\UnitTest.dll" adapterTypeName="executor://xunit/VsTestRunner2/netcoreapp" className="UnitTest.TestQuestionUnitUnitTest" name="AddTestQuestionUnit_ReturnsOkResult_WhenSuccessfullyAdded" />
    </UnitTest>
    <UnitTest name="UnitTest.RecordUnitTest.GetAllFalseReports_Success" storage="d:\nam4hk1\doantotnghiep\documents\source\learning-toeic\be\unittest\bin\debug\net6.0\unittest.dll" id="3aa4c10e-6ed3-e6bf-7617-897db35487f7">
      <Execution id="19904d38-29ca-4608-bb04-1a6a8b7d8fed" />
      <TestMethod codeBase="D:\Nam4HK1\DoAnTotNghiep\Documents\Source\learning-toeic\be\UnitTest\bin\Debug\net6.0\UnitTest.dll" adapterTypeName="executor://xunit/VsTestRunner2/netcoreapp" className="UnitTest.RecordUnitTest" name="GetAllFalseReports_Success" />
    </UnitTest>
    <UnitTest name="UnitTest.QuizUnitTest.GetAllQuizByLesson_NotFound" storage="d:\nam4hk1\doantotnghiep\documents\source\learning-toeic\be\unittest\bin\debug\net6.0\unittest.dll" id="8497a0c1-6128-c052-aae9-d69e9abd45b6">
      <Execution id="82bb3535-5ce9-41b1-99a7-c5d2a4eeedc3" />
      <TestMethod codeBase="D:\Nam4HK1\DoAnTotNghiep\Documents\Source\learning-toeic\be\UnitTest\bin\Debug\net6.0\UnitTest.dll" adapterTypeName="executor://xunit/VsTestRunner2/netcoreapp" className="UnitTest.QuizUnitTest" name="GetAllQuizByLesson_NotFound" />
    </UnitTest>
    <UnitTest name="UnitTest.CourseUnitTest.Delete_Courses_Success" storage="d:\nam4hk1\doantotnghiep\documents\source\learning-toeic\be\unittest\bin\debug\net6.0\unittest.dll" id="73b645e6-0a3b-7d86-625a-e4b1aebcf7e1">
      <Execution id="2edd2bed-73ee-4708-8709-cb03d618f0b4" />
      <TestMethod codeBase="D:\Nam4HK1\DoAnTotNghiep\Documents\Source\learning-toeic\be\UnitTest\bin\Debug\net6.0\UnitTest.dll" adapterTypeName="executor://xunit/VsTestRunner2/netcoreapp" className="UnitTest.CourseUnitTest" name="Delete_Courses_Success" />
    </UnitTest>
    <UnitTest name="UnitTest.TestUnitTest.AddTest_ReturnsInternalServerError" storage="d:\nam4hk1\doantotnghiep\documents\source\learning-toeic\be\unittest\bin\debug\net6.0\unittest.dll" id="d7585462-878f-0acd-cce0-99a40cc2e78e">
      <Execution id="d10a16b5-398b-44b1-b040-a6009a427325" />
      <TestMethod codeBase="D:\Nam4HK1\DoAnTotNghiep\Documents\Source\learning-toeic\be\UnitTest\bin\Debug\net6.0\UnitTest.dll" adapterTypeName="executor://xunit/VsTestRunner2/netcoreapp" className="UnitTest.TestUnitTest" name="AddTest_ReturnsInternalServerError" />
    </UnitTest>
    <UnitTest name="UnitTest.TestQuestionUnitUnitTest.GetAllTestQuestionUnitByTest_ReturnsOkResult_WithListOfTestQuestionUnits" storage="d:\nam4hk1\doantotnghiep\documents\source\learning-toeic\be\unittest\bin\debug\net6.0\unittest.dll" id="b19ba2bf-e230-e1f8-12a6-89e3f367e7b8">
      <Execution id="64ee1be5-ae52-4676-a2d3-ce22f72088ea" />
      <TestMethod codeBase="D:\Nam4HK1\DoAnTotNghiep\Documents\Source\learning-toeic\be\UnitTest\bin\Debug\net6.0\UnitTest.dll" adapterTypeName="executor://xunit/VsTestRunner2/netcoreapp" className="UnitTest.TestQuestionUnitUnitTest" name="GetAllTestQuestionUnitByTest_ReturnsOkResult_WithListOfTestQuestionUnits" />
    </UnitTest>
    <UnitTest name="UnitTest.QuestionUnitTest.GetAll_Questions_NotFound" storage="d:\nam4hk1\doantotnghiep\documents\source\learning-toeic\be\unittest\bin\debug\net6.0\unittest.dll" id="ee7d3197-6b3d-6a14-5487-614fafda04d6">
      <Execution id="58b0a86a-01b8-4324-a48a-487fa8b6601d" />
      <TestMethod codeBase="D:\Nam4HK1\DoAnTotNghiep\Documents\Source\learning-toeic\be\UnitTest\bin\Debug\net6.0\UnitTest.dll" adapterTypeName="executor://xunit/VsTestRunner2/netcoreapp" className="UnitTest.QuestionUnitTest" name="GetAll_Questions_NotFound" />
    </UnitTest>
    <UnitTest name="UnitTest.RecordUnitTest.UpdateReport_Failure" storage="d:\nam4hk1\doantotnghiep\documents\source\learning-toeic\be\unittest\bin\debug\net6.0\unittest.dll" id="4087e5cb-4f26-c584-ba9f-9ec22e38d03d">
      <Execution id="6317b785-78de-4b2b-bf8f-cadc2ab8d74a" />
      <TestMethod codeBase="D:\Nam4HK1\DoAnTotNghiep\Documents\Source\learning-toeic\be\UnitTest\bin\Debug\net6.0\UnitTest.dll" adapterTypeName="executor://xunit/VsTestRunner2/netcoreapp" className="UnitTest.RecordUnitTest" name="UpdateReport_Failure" />
    </UnitTest>
    <UnitTest name="UnitTest.TestTypeUnitTest.GetTypeNameByTest_ReturnsNotFoundResult_WhenTypeNameNotFound" storage="d:\nam4hk1\doantotnghiep\documents\source\learning-toeic\be\unittest\bin\debug\net6.0\unittest.dll" id="d966d3d7-cd86-2ec6-1cab-810d8b2cf19e">
      <Execution id="c2f12477-6e6a-4e51-a7ab-2d8aa7edaf73" />
      <TestMethod codeBase="D:\Nam4HK1\DoAnTotNghiep\Documents\Source\learning-toeic\be\UnitTest\bin\Debug\net6.0\UnitTest.dll" adapterTypeName="executor://xunit/VsTestRunner2/netcoreapp" className="UnitTest.TestTypeUnitTest" name="GetTypeNameByTest_ReturnsNotFoundResult_WhenTypeNameNotFound" />
    </UnitTest>
    <UnitTest name="UnitTest.LessonUnitTest.Update_Lesson_Failed" storage="d:\nam4hk1\doantotnghiep\documents\source\learning-toeic\be\unittest\bin\debug\net6.0\unittest.dll" id="f2f2b981-c8cc-af37-05af-ac8174d8f85c">
      <Execution id="c8a781b9-1e3b-4bc3-ac84-76b58979bca7" />
      <TestMethod codeBase="D:\Nam4HK1\DoAnTotNghiep\Documents\Source\learning-toeic\be\UnitTest\bin\Debug\net6.0\UnitTest.dll" adapterTypeName="executor://xunit/VsTestRunner2/netcoreapp" className="UnitTest.LessonUnitTest" name="Update_Lesson_Failed" />
    </UnitTest>
[...]
      <Execution id="57ef8fde-fbc4-4c84-ad1a-e65699cadbc2" />
      <TestMethod codeBase="D:\Nam4HK1\DoAnTotNghiep\Documents\Source\learning-toeic\be\UnitTest\bin\Debug\net6.0\UnitTest.dll" adapterTypeName="executor://xunit/VsTestRunner2/netcoreapp" className="UnitTest.QuizUnitTest" name="GetQuizById_Success" />
    </UnitTest>
    <UnitTest name="UnitTest.TestQuestionUnitUnitTest.GetAllTestQuestionUnits_ReturnsOkResult_WithListOfTestQuestionUnits" storage="d:\nam4hk1\doantotnghiep\documents\source\learning-toeic\be\unittest\bin\debug\net6.0\unittest.dll" id="92d33082-0b7b-aae1-0f16-d4507b2896da">
      <Execution id="88692542-9589-4a24-a3d4-33072a2284ea" />
      <TestMethod codeBase="D:\Nam4HK1\DoAnTotNghiep\Documents\Source\learning-toeic\be\UnitTest\bin\Debug\net6.0\UnitTest.dll" adapterTypeName="executor://xunit/VsTestRunner2/netcoreapp" className="UnitTest.TestQuestionUnitUnitTest" name="GetAllTestQuestionUnits_ReturnsOkResult_WithListOfTestQuestionUnits" />
    </UnitTest>
    <UnitTest name="UnitTest.TestQuestionUnitUnitTest.AddTestQuestionUnit_ReturnsInternalServerError_WhenAddFails" storage="d:\nam4hk1\doantotnghiep\documents\source\learning-toeic\be\unittest\bin\debug\net6.0\unittest.dll" id="2a56740d-a5e8-c3d2-0689-21179d437ea6">
      <Execution id="b9c1f42b-05a9-4e08-ab35-655c16151400" />
      <TestMethod codeBase="D:\Nam4HK1\DoAnTotNghiep\Documents\Source\learning-toeic\be\UnitTest\bin\Debug\net6.0\UnitTest.dll" adapterTypeName="executor://xunit/VsTestRunner2/netcoreapp" className="UnitTest.TestQuestionUnitUnitTest" name="AddTestQuestionUnit_ReturnsInternalServerError_WhenAddFails" />
    </UnitTest>
  </TestDefinitions>
  <TestEntries>
    <TestEntry testId="12b7dc3a-266a-52db-d22a-8a248baba0c8" executionId="2d2c54b3-30d6-4fce-8f84-df34df1d669c" testListId="8c84fa94-04c1-424b-9868-57a2d4851a1d" />
    <TestEntry testId="8497a0c1-6128-c052-aae9-d69e9abd45b6" executionId="82bb3535-5ce9-41b1-99a7-c5d2a4eeedc3" testListId="8c84fa94-04c1-424b-9868-57a2d4851a1d" />
    <TestEntry testId="bce6502d-23dd-969c-c7c7-c85a27c6a35f" executionId="b15c440c-a3fe-47d8-a082-50c1acb985f2" testListId="8c84fa94-04c1-424b-9868-57a2d4851a1d" />
    <TestEntry testId="c4b0a66a-9550-6a6d-b7db-54b55c253494" executionId="99fdd4d3-2f9e-4c1c-8995-676f7c91b8e3" testListId="8c84fa94-04c1-424b-9868-57a2d4851a1d" />
    <TestEntry testId="9d66add9-aacc-f69a-3f33-de5f73818d9f" executionId="c5af2955-0756-4d04-b997-b7bdba237cbb" testListId="8c84fa94-04c1-424b-9868-57a2d4851a1d" />
    <TestEntry testId="9a20be72-f145-05ca-7779-62c7f33e7f3a" executionId="f5bfeebe-3465-4385-a39b-6c2c43a68051" testListId="8c84fa94-04c1-424b-9868-57a2d4851a1d" />
    <TestEntry testId="81a5e282-03d3-a5aa-5ab0-58569da0358f" executionId="ccb56305-43f1-46eb-835a-8aa4cc81dbc4" testListId="8c84fa94-04c1-424b-9868-57a2d4851a1d" />
    <TestEntry testId="2d764e76-ad26-266e-8149-a5ad8bceaf21" executionId="e40dba26-0394-4b40-9739-3b0237eae016" testListId="8c84fa94-04c1-424b-9868-57a2d4851a1d" />
    <TestEntry testId="0c8d7cf3-df8c-0cf2-983f-8bd75be01d18" executionId="7e349666-02ba-4300-8638-ad0415d8700e" testListId="8c84fa94-04c1-424b-9868-57a2d4851a1d" />
    <TestEntry testId="67ab1dac-7d76-a376-8ddc-925bb5b904de" executionId="80594248-0e46-4483-9c4d-7262ce6dfc3b" testListId="8c84fa94-04c1-424b-9868-57a2d4851a1d" />
    <TestEntry testId="e0ac479f-c66d-f996-e8e6-2768689eb883" executionId="011fb7b4-0272-47fe-b2dc-24a585dfbc6b" testListId="8c84fa94-04c1-424b-9868-57a2d4851a1d" />
    <TestEntry testId="aada1de5-af42-a726-cd60-eb4d345d6b44" executionId="47b050f5-7453-43d3-b0b1-448ee9b8aba5" testListId="8c84fa94-04c1-424b-9868-57a2d4851a1d" />
    <TestEntry testId="4087e5cb-4f26-c584-ba9f-9ec22e38d03d" executionId="6317b785-78de-4b2b-bf8f-cadc2ab8d74a" testListId="8c84fa94-04c1-424b-9868-57a2d4851a1d" />
    <TestEntry testId="4b1c78f2-d537-cfcc-2f00-046023f2c8e8" executionId="df9db2db-a1cb-432b-92c8-99598e44d716" testListId="8c84fa94-04c1-424b-9868-57a2d4851a1d" />
    <TestEntry testId="e3d233ac-78b6-99a9-e9d6-0fec3bf024a1" executionId="abc39abb-f7ef-49a3-8d7c-74be5a4d6587" testListId="8c84fa94-04c1-424b-9868-57a2d4851a1d" />
    <TestEntry testId="7f56a069-a01c-5690-80f2-9bd8c23840cb" executionId="9a301baa-2cf4-4aaf-b3e3-a61d1dd5ed29" testListId="8c84fa94-04c1-424b-9868-57a2d4851a1d" />
    <TestEntry testId="e4d539aa-953b-7b08-21a0-b7abdfce4091" executionId="999839b5-00c5-4483-a633-2f970d26574a" testListId="8c84fa94-04c1-424b-9868-57a2d4851a1d" />
    <TestEntry testId="b7d326d1-b0c4-6b27-9175-0922ad719a07" executionId="2b035fcf-9b2c-4e25-b7cf-d7b0f48489f5" testListId="8c84fa94-04c1-424b-9868-57a2d4851a1d" />
    <TestEntry testId="2b05ddfe-79ff-4d22-ab9b-ff05b2ebdc10" executionId="2a8cbdc6-ee79-43de-9cf1-6b28c74295d0" testListId="8c84fa94-04c1-424b-9868-57a2d4851a1d" />
    <TestEntry testId="7b0203af-9ee4-0515-8ada-ea2887c5b90a" executionId="e0f82792-6142-427b-949d-06b472261870" testListId="8c84fa94-04c1-424b-9868-57a2d4851a1d" />
    <TestEntry testId="2a56740d-a5e8-c3d2-0689-21179d437ea6" executionId="b9c1f42b-05a9-4e08-ab35-655c16151400" testListId="8c84fa94-04c1-424b-9868-57a2d4851a1d" />
    <TestEntry testId="cf168dff-b183-f82e-7ebd-cccb9a12af8b" executionId="642fd151-2951-4777-a43d-5c29a2bebe9a" testListId="8c84fa94-04c1-424b-9868-57a2d4851a1d" />
    <TestEntry testId="b19ba2bf-e230-e1f8-12a6-89e3f367e7b8" executionId="64ee1be5-ae52-4676-a2d3-ce22f72088ea" testListId="8c84fa94-04c1-424b-9868-57a2d4851a1d" />
    <TestEntry testId="50a0c1b4-c210-c492-73a4-709b1ef19d3b" executionId="e76e240e-af9e-4c06-8fef-16f4c65ec9a4" testListId="8c84fa94-04c1-424b-9868-57a2d4851a1d" />
    <TestEntry testId="265ef14a-1574-9041-7cd2-b7d87bacc4ce" executionId="aeb90743-ab3d-42a3-9263-622addc1c82d" testListId="8c84fa94-04c1-424b-9868-57a2d4851a1d" />
    <TestEntry testId="4a214040-096c-c561-b4fe-0bdbe26a33de" executionId="98f36ce0-0151-4d41-882c-ef748281b6bf" testListId="8c84fa94-04c1-424b-9868-57a2d4851a1d" />
    <TestEntry testId="14b13b4c-a2b8-ad3a-2c9d-d76dd1137089" executionId="b231c698-8521-4baf-8ed6-7f7efb1821ec" testListId="8c84fa94-04c1-424b-9868-57a2d4851a1d" />
    <TestEntry testId="cbb6c916-fc36-c782-cee0-b70f18c23c55" executionId="2d14d6f6-a767-4b81-8597-0bd1f5b75353" testListId="8c84fa94-04c1-424b-9868-57a2d4851a1d" />
    <TestEntry testId="e16d370d-9fd6-13a6-0ecd-f274d691ea6e" executionId="c59f2d00-4a73-4a1f-b341-4644aad4f8c0" testListId="8c84fa94-04c1-424b-9868-57a2d4851a1d" />
    <TestEntry testId="1e60cf71-ef36-ed70-2bcd-a4a0acd001de" executionId="76984ebd-0652-4877-bf13-8c120478a8a5" testListId="8c84fa94-04c1-424b-9868-57a2d4851a1d" />
    <TestEntry testId="ebbeb6cd-448e-c527-b4e9-2a57d2c1da5b" executionId="3db018aa-e7b6-4bfd-9b26-29001edeb020" testListId="8c84fa94-04c1-424b-9868-57a2d4851a1d" />
    <TestEntry testId="f610fffe-a6d4-005d-8fb7-9f29c3794c0c" executionId="b58da6c6-258d-4d82-8381-f8a07176190d" testListId="8c84fa94-04c1-424b-9868-57a2d4851a1d" />
    <TestEntry testId="b93f0022-3d85-d0ad-376d-cc059ec28496" executionId="3eeb0c11-c165-4cee-9e7a-5f15e340c612" testListId="8c84fa94-04c1-424b-9868-57a2d4851a1d" />
    <TestEntry testId="696dd1cf-9993-aeb3-86b7-d34305da9ec7" executionId="9e2c9de9-a6a2-4572-bb4c-d52aae190843" testListId="8c84fa94-04c1-424b-9868-57a2d4851a1d" />
    <TestEntry testId="f2f2b981-c8cc-af37-05af-ac8174d8f85c" executionId="c8a781b9-1e3b-4bc3-ac84-76b58979bca7" testListId="8c84fa94-04c1-424b-9868-57a2d4851a1d" />
    <TestEntry testId="01d4ace8-2486-92b1-64cc-2260d5b5c8ca" executionId="249d37e9-8492-4624-b015-80eda59966e0" testListId="8c84fa94-04c1-424b-9868-57a2d4851a1d" />
    <TestEntry testId="1ffb53d8-5525-0651-a2af-9387b01c4be8" executionId="30ac71a9-a5d9-4a2e-97c5-5c9833acd4e6" testListId="8c84fa94-04c1-424b-9868-57a2d4851a1d" />
    <TestEntry testId="185297d2-d068-2245-db73-5fa9b015dd43" executionId="12869b39-2e15-4c2b-b63f-f0a3f05aaa65" testListId="8c84fa94-04c1-424b-9868-57a2d4851a1d" />
    <TestEntry testId="ee7d3197-6b3d-6a14-5487-614fafda04d6" executionId="58b0a86a-01b8-4324-a48a-487fa8b6601d" testListId="8c84fa94-04c1-424b-9868-57a2d4851a1d" />
    <TestEntry testId="1bed9ef5-66b3-f539-b445-5f05f9aa87e0" executionId="69920632-7404-4dcf-b465-88e72ba94300" testListId="8c84fa94-04c1-424b-9868-57a2d4851a1d" />
    <TestEntry testId="7d2d1c5a-da2f-9802-2701-7bd96d7e34c0" executionId="2ec2a770-53c2-4473-bc46-009754270918" testListId="8c84fa94-04c1-424b-9868-57a2d4851a1d" />
    <TestEntry testId="fb0b934a-ecfa-69b2-6b5e-1312365abd30" executionId="69b18231-6f86-4205-a22a-cebf197feee1" testListId="8c84fa94-04c1-424b-9868-57a2d4851a1d" />
    <TestEntry testId="65379a46-f205-793d-1ff5-436af43790d7" executionId="c0f38987-1826-4181-adbf-9067e214c48d" testListId="8c84fa94-04c1-424b-9868-57a2d4851a1d" />
    <TestEntry testId="c4b78c64-1e38-fae4-a964-5f1a9d093411" executionId="ece342a8-1a51-4591-857e-6ef1d0736d68" testListId="8c84fa94-04c1-424b-9868-57a2d4851a1d" />
    <TestEntry testId="49e25ceb-49cf-97f4-2656-417a2efddf4e" executionId="2bcf1102-7feb-4036-9b10-c1864db44870" testListId="8c84fa94-04c1-424b-9868-57a2d4851a1d" />
    <TestEntry testId="dbaa6a56-bb0e-ac39-ae0c-39373a7da8bb" executionId="0492e111-2fef-4ce6-9c0a-c90d77ee2ab2" testListId="8c84fa94-04c1-424b-9868-57a2d4851a1d" />
    <TestEntry testId="73b645e6-0a3b-7d86-625a-e4b1aebcf7e1" executionId="2edd2bed-73ee-4708-8709-cb03d618f0b4" testListId="8c84fa94-04c1-424b-9868-57a2d4851a1d" />
    <TestEntry testId="9eb8ca5b-561b-4839-16de-254d64ccc9c0" executionId="d234418c-d48f-4af2-8787-bc2840fb580b" testListId="8c84fa94-04c1-424b-9868-57a2d4851a1d" />
    <TestEntry testId="e9cc7271-1312-f6e3-dd59-d9974801435c" executionId="ca89998e-135f-47a7-b0c9-2322870f0050" testListId="8c84fa94-04c1-424b-9868-57a2d4851a1d" />
    <TestEntry testId="95cf026c-d7c0-ce4e-5604-75b9ee6bb00e" executionId="8fcda4a2-96a9-4a85-b7c3-beae7adbfb23" testListId="8c84fa94-04c1-424b-9868-57a2d4851a1d" />
    <TestEntry testId="6bddcb6c-5b28-8a1c-b7bb-ee7e8b390dbd" executionId="4c48a2cb-c6fd-4328-8a37-e7a42b9a9ad5" testListId="8c84fa94-04c1-424b-9868-57a2d4851a1d" />
    <TestEntry testId="f99daf59-1831-9f8d-ffdd-e80cde415387" executionId="192c52e5-08e7-4440-86f5-4b216784305c" testListId="8c84fa94-04c1-424b-9868-57a2d4851a1d" />
    <TestEntry testId="5eae56cf-57d3-7112-90ef-26224638d159" executionId="81fa377a-72d7-43e0-b3af-81867e2d35ea" testListId="8c84fa94-04c1-424b-9868-57a2d4851a1d" />
    <TestEntry testId="3aa4c10e-6ed3-e6bf-7617-897db35487f7" executionId="19904d38-29ca-4608-bb04-1a6a8b7d8fed" testListId="8c84fa94-04c1-424b-9868-57a2d4851a1d" />
    <TestEntry testId="598acd0e-fd59-92c9-717e-1755905f768e" executionId="c86fd7b9-0516-4678-a7b3-987e8c447349" testListId="8c84fa94-04c1-424b-9868-57a2d4851a1d" />
    <TestEntry testId="4cea5854-131d-bf5d-d76e-b6a6fe273450" executionId="24b67e68-bc43-496f-9934-1049d268d679" testListId="8c84fa94-04c1-424b-9868-57a2d4851a1d" />
    <TestEntry testId="52f3bb53-584e-f539-a34a-f8b620082c84" executionId="b776e1d8-6340-4ba1-a038-531d7b7e2cf7" testListId="8c84fa94-04c1-424b-9868-57a2d4851a1d" />
    <TestEntry testId="47ddc28f-6d7f-dcba-998b-1fcdc067eedd" executionId="7226ff6c-4e29-46d6-9bc9-1d2f5258aa89" testListId="8c84fa94-04c1-424b-9868-57a2d4851a1d" />
    <TestEntry testId="0e3d9331-ed77-4d44-0397-b2a24095482f" executionId="648c6390-51bc-4709-bd7a-09bfe87f72c4" testListId="8c84fa94-04c1-424b-9868-57a2d4851a1d" />
    <TestEntry testId="6d718b62-edfb-a214-2975-88bc8dcff2e5" executionId="b651c2d0-26e4-4117-824c-55e73970682f" testListId="8c84fa94-04c1-424b-9868-57a2d4851a1d" />
    <TestEntry testId="5cd404f5-7831-cfe3-3177-fc060c6aeb72" executionId="966a69d5-ac4b-4737-8121-13bff7144b8a" testListId="8c84fa94-04c1-424b-9868-57a2d4851a1d" />
    <TestEntry testId="b510f914-3ed3-1d0c-931b-9136a97f9d1b" executionId="495478a3-0fc7-4c57-a053-b558d81a1184" testListId="8c84fa94-04c1-424b-9868-57a2d4851a1d" />
    <TestEntry testId="12668257-7984-a89a-7997-3ed9692cd943" executionId="c39c5768-6b9e-4a91-8d41-75931fcad8f4" testListId="8c84fa94-04c1-424b-9868-57a2d4851a1d" />
    <TestEntry testId="921c6b28-a4ec-9d42-aad2-9715c01c6594" executionId="59d362c0-4388-40ac-8e3e-7b16d889ee43" testListId="8c84fa94-04c1-424b-9868-57a2d4851a1d" />
    <TestEntry testId="dbc7e35a-9cce-dcaa-b472-3d4a37c59def" executionId="e6ac52e9-0790-483d-b4d4-3a0407446ffd" testListId="8c84fa94-04c1-424b-9868-57a2d4851a1d" />
    <TestEntry testId="fd8b6d3f-37f0-3240-00e0-3c1fd4bf17c6" executionId="f113c71c-4498-4cf2-8b21-79f71f27e98f" testListId="8c84fa94-04c1-424b-9868-57a2d4851a1d" />
    <TestEntry testId="7d38ba59-b353-4cca-28fb-f779651103a7" executionId="54277471-560f-4ea8-afa2-7950ddb80737" testListId="8c84fa94-04c1-424b-9868-57a2d4851a1d" />
    <TestEntry testId="c8986e31-a077-73b0-6d27-e4a9f88ca1c3" executionId="f92552e9-7b0e-4d4c-a0cb-e27636a0f412" testListId="8c84fa94-04c1-424b-9868-57a2d4851a1d" />
    <TestEntry testId="fe913582-2fa8-9272-8143-729de2544086" executionId="cb34b682-b850-4b19-b2e3-fb53e43c40dc" testListId="8c84fa94-04c1-424b-9868-57a2d4851a1d" />
    <TestEntry testId="92d33082-0b7b-aae1-0f16-d4507b2896da" executionId="88692542-9589-4a24-a3d4-33072a2284ea" testListId="8c84fa94-04c1-424b-9868-57a2d4851a1d" />
    <TestEntry testId="60882d0b-67eb-48f8-fe14-ef020251209f" executionId="5402e225-491b-4299-b7ac-060ee3e19f41" testListId="8c84fa94-04c1-424b-9868-57a2d4851a1d" />
    <TestEntry testId="aaa7b708-3546-4383-347f-4aa8ed7e3f27" executionId="bb2c8587-1547-48b0-9126-863cd5d9aeea" testListId="8c84fa94-04c1-424b-9868-57a2d4851a1d" />
    <TestEntry testId="1c4832d9-120e-c56f-ed35-33e9429a6cbe" executionId="3a95d895-653a-4cab-a89d-8e128342920f" testListId="8c84fa94-04c1-424b-9868-57a2d4851a1d" />
    <TestEntry testId="bddf7689-06c5-a518-4ffc-d9f44438c48b" executionId="20b93d4f-49b2-490f-8772-3b78917ce361" testListId="8c84fa94-04c1-424b-9868-57a2d4851a1d" />
    <TestEntry testId="7d2c6b1c-5d6a-a748-0576-8db5c31d541d" executionId="f4ebaa7a-5d70-4b0f-b4f0-5680b740fc1b" testListId="8c84fa94-04c1-424b-9868-57a2d4851a1d" />
    <TestEntry testId="b4ea235a-0d4c-ba3c-0acc-5639225b8c33" executionId="7322a222-4e19-438c-a7b5-c6561b6d3b1b" testListId="8c84fa94-04c1-424b-9868-57a2d4851a1d" />
    <TestEntry testId="3803fbce-c684-1cb7-127b-185f2799d806" executionId="c5ec49f6-391e-45ee-8e5f-552b72af4a5c" testListId="8c84fa94-04c1-424b-9868-57a2d4851a1d" />
    <TestEntry testId="eac753ae-668f-dbe8-4a65-e96ef0a90439" executionId="c1a03efa-0e13-4072-a3e8-d9b20afbf9ad" testListId="8c84fa94-04c1-424b-9868-57a2d4851a1d" />
    <TestEntry testId="25cedd1e-b3b4-44d5-d6c8-54673664a2e5" executionId="145f2fa3-4911-4e3c-91fa-7d21f95c14d0" testListId="8c84fa94-04c1-424b-9868-57a2d4851a1d" />
    <TestEntry testId="0c4feb14-c872-49c5-6c0e-e75bdd68c694" executionId="3e6c314f-be67-4024-ab3c-9b629ffcfc00" testListId="8c84fa94-04c1-424b-9868-57a2d4851a1d" />
    <TestEntry testId="bcf87596-7cda-546e-4e21-3a0a2da8d51c" executionId="a705e155-af15-485f-b84a-af3282f8c934" testListId="8c84fa94-04c1-424b-9868-57a2d4851a1d" />
    <TestEntry testId="3d64daf1-0f63-30eb-a797-0fe64cead45f" executionId="6bd50cd2-c85e-42e4-96a5-697d7df68039" testListId="8c84fa94-04c1-424b-9868-57a2d4851a1d" />
    <TestEntry testId="c880452d-8feb-af0c-f9c1-20f8084b53c5" executionId="2b452909-d4bd-4a55-a314-615f9363dce9" testListId="8c84fa94-04c1-424b-9868-57a2d4851a1d" />
    <TestEntry testId="5d8d5e52-822e-9f81-9224-fee3d1b172d8" executionId="d80d07ef-8020-4feb-9d2a-ff51eafb1edd" testListId="8c84fa94-04c1-424b-9868-57a2d4851a1d" />
    <TestEntry testId="8ea2eb8e-88a4-12b3-72f2-59ffe28fdafc" executionId="57ef8fde-fbc4-4c84-ad1a-e65699cadbc2" testListId="8c84fa94-04c1-424b-9868-57a2d4851a1d" />
    <TestEntry testId="86e4d756-386d-06ab-63cc-edbbc4623125" executionId="a5b0fae0-522e-4bf2-9f04-74ae62e4de73" testListId="8c84fa94-04c1-424b-9868-57a2d4851a1d" />
    <TestEntry testId="d7585462-878f-0acd-cce0-99a40cc2e78e" executionId="d10a16b5-398b-44b1-b040-a6009a427325" testListId="8c84fa94-04c1-424b-9868-57a2d4851a1d" />
    <TestEntry testId="b6111566-d7ba-0dbd-70e2-629ef9ddb6c6" executionId="b92eac1e-b1bc-46df-89a0-783f72b2d10b" testListId="8c84fa94-04c1-424b-9868-57a2d4851a1d" />
    <TestEntry testId="cacaf7dc-6e3e-9138-39d3-a52e0ca73746" executionId="867c50a2-5c92-4d7c-8a38-c7b05d710ff9" testListId="8c84fa94-04c1-424b-9868-57a2d4851a1d" />
    <TestEntry testId="8e492d2b-8902-5bd6-ab18-f7cfa1feb6b9" executionId="df250e01-d3e0-43f4-ab75-5454f633553a" testListId="8c84fa94-04c1-424b-9868-57a2d4851a1d" />
    <TestEntry testId="64bdeb8b-614f-d653-39a7-398590e81e71" executionId="56e25aef-f695-4d69-9f34-848aa37e79a0" testListId="8c84fa94-04c1-424b-9868-57a2d4851a1d" />
    <TestEntry testId="5d66dd18-434f-4e53-bf2b-2aad7fd8f216" executionId="0eb7b3f5-c440-495c-bdf8-336f620d0703" testListId="8c84fa94-04c1-424b-9868-57a2d4851a1d" />
    <TestEntry testId="d4db0384-4ac5-4996-fa32-52ca49f39ef6" executionId="6b85bbff-9852-4b2c-b27a-234b6183296b" testListId="8c84fa94-04c1-424b-9868-57a2d4851a1d" />
    <TestEntry testId="3d43da51-c128-49da-8512-ee0462bf2cdd" executionId="40ac5e6e-2bbd-4e4d-be46-9aa45348d4f8" testListId="8c84fa94-04c1-424b-9868-57a2d4851a1d" />
    <TestEntry testId="faed0550-ed58-2904-da86-32d5f82d8637" executionId="16c06f57-11a0-474f-ba38-600b877ff123" testListId="8c84fa94-04c1-424b-9868-57a2d4851a1d" />
    <TestEntry testId="8a4150ce-a4b9-871d-127b-28170e7f612e" executionId="abd820a6-a06e-44b3-bff4-27bfb759676c" testListId="8c84fa94-04c1-424b-9868-57a2d4851a1d" />
    <TestEntry testId="4a76f1c0-d1c6-8618-e6e8-ad2a03baf8c7" executionId="9b92ecdb-d854-48df-b200-a09873e9a995" testListId="8c84fa94-04c1-424b-9868-57a2d4851a1d" />
    <TestEntry testId="5510b881-d000-1442-5ca9-1ecc5340a12c" executionId="16394233-8145-48e0-9c0c-b7202e41c1a7" testListId="8c84fa94-04c1-424b-9868-57a2d4851a1d" />
    <TestEntry testId="90a4fa5d-efce-713e-9322-3736c6e9bad9" executionId="c52ba883-e05a-4364-a883-fc1116d09ae0" testListId="8c84fa94-04c1-424b-9868-57a2d4851a1d" />
    <TestEntry testId="d915455a-6bfb-c113-6276-c22da17bd526" executionId="4d936d16-498d-49ad-9cbf-926c603ba83c" testListId="8c84fa94-04c1-424b-9868-57a2d4851a1d" />
    <TestEntry testId="c496b7fa-fff3-b6bf-5140-52a27da15d3c" executionId="a1eaa40d-86e4-4e7a-88ae-398e77dc5570" testListId="8c84fa94-04c1-424b-9868-57a2d4851a1d" />
    <TestEntry testId="acc636f7-1379-d335-8d87-736903123764" executionId="278583c9-45d6-442f-9ae2-636bc923bd14" testListId="8c84fa94-04c1-424b-9868-57a2d4851a1d" />
    <TestEntry testId="d966d3d7-cd86-2ec6-1cab-810d8b2cf19e" executionId="c2f12477-6e6a-4e51-a7ab-2d8aa7edaf73" testListId="8c84fa94-04c1-424b-9868-57a2d4851a1d" />
    <TestEntry testId="f1c5ca59-6331-2b6e-da8e-e9776befaaed" executionId="21d6d205-d92d-470b-bafe-3c72fefd08ff" testListId="8c84fa94-04c1-424b-9868-57a2d4851a1d" />
    <TestEntry testId="3a12d930-df43-2eb9-ed8c-005834112eb3" executionId="53197c53-8e1a-4433-872a-26f31e61e865" testListId="8c84fa94-04c1-424b-9868-57a2d4851a1d" />
  </TestEntries>
  <TestLists>
    <TestList name="Results Not in a List" id="8c84fa94-04c1-424b-9868-57a2d4851a1d" />
    <TestList name="All Loaded Results" id="19431567-8539-422a-85d7-44ee4e166bda" />
  </TestLists>
  <ResultSummary outcome="Completed">
    <Counters total="105" executed="105" passed="105" failed="0" error="0" timeout="0" aborted="0" inconclusive="0" passedButRunAborted="0" notRunnable="0" notExecuted="0" disconnected="0" warning="0" completed="0" inProgress="0" pending="0" />
    <Output>
      <StdOut>[xUnit.net 00:00:00.00] xUnit.net VSTest Adapter v2.5.5+28b46ff510 (64-bit .NET 6.0.29)&#xD;
[xUnit.net 00:00:00.11]   Discovering: UnitTest&#xD;
[xUnit.net 00:00:00.17]   Discovered:  UnitTest&#xD;
[xUnit.net 00:00:00.17]   Starting:    UnitTest&#xD;
[xUnit.net 00:00:00.66]   Finished:    UnitTest&#xD;
</StdOut>
    </Output>
  </ResultSummary>
</TestRun>